[2018-11-27 17:55:11] local.ERROR: SQLSTATE[42703]: Undefined column: 7 ERROR:  column "name" of relation "vehicles" does not exist
LINE 1: update "vehicles" set "updated_at" = $1, "name" = $2, "regio...
                                                 ^ (SQL: update "vehicles" set "updated_at" = 2018-11-27 17:55:10, "name" = The Durham Club, "region" = Durham, "description" = For those from Durham where "id" = 1) {"userId":1,"email":"canamavrick@gmail.com","exception":"[object] (Illuminate\\Database\\QueryException(code: 42703): SQLSTATE[42703]: Undefined column: 7 ERROR:  column \"name\" of relation \"vehicles\" does not exist
LINE 1: update \"vehicles\" set \"updated_at\" = $1, \"name\" = $2, \"regio...
                                                 ^ (SQL: update \"vehicles\" set \"updated_at\" = 2018-11-27 17:55:10, \"name\" = The Durham Club, \"region\" = Durham, \"description\" = For those from Durham where \"id\" = 1) at C:\\Users\\canam\\Dropbox\\DC\\Semester 5\\DBAS\\Hot Rides Software\\hotridesapp\\vendor\\laravel\\framework\\src\\Illuminate\\Database\\Connection.php:664, PDOException(code: 42703): SQLSTATE[42703]: Undefined column: 7 ERROR:  column \"name\" of relation \"vehicles\" does not exist
LINE 1: update \"vehicles\" set \"updated_at\" = $1, \"name\" = $2, \"regio...
                                                 ^ at C:\\Users\\canam\\Dropbox\\DC\\Semester 5\\DBAS\\Hot Rides Software\\hotridesapp\\vendor\\laravel\\framework\\src\\Illuminate\\Database\\Connection.php:483)
[stacktrace]
#0 C:\\Users\\canam\\Dropbox\\DC\\Semester 5\\DBAS\\Hot Rides Software\\hotridesapp\\vendor\\laravel\\framework\\src\\Illuminate\\Database\\Connection.php(624): Illuminate\\Database\\Connection->runQueryCallback('update \"vehicle...', Array, Object(Closure))
#1 C:\\Users\\canam\\Dropbox\\DC\\Semester 5\\DBAS\\Hot Rides Software\\hotridesapp\\vendor\\laravel\\framework\\src\\Illuminate\\Database\\Connection.php(490): Illuminate\\Database\\Connection->run('update \"vehicle...', Array, Object(Closure))
#2 C:\\Users\\canam\\Dropbox\\DC\\Semester 5\\DBAS\\Hot Rides Software\\hotridesapp\\vendor\\laravel\\framework\\src\\Illuminate\\Database\\Connection.php(423): Illuminate\\Database\\Connection->affectingStatement('update \"vehicle...', Array)
#3 C:\\Users\\canam\\Dropbox\\DC\\Semester 5\\DBAS\\Hot Rides Software\\hotridesapp\\vendor\\laravel\\framework\\src\\Illuminate\\Database\\Query\\Builder.php(2572): Illuminate\\Database\\Connection->update('update \"vehicle...', Array)
#4 C:\\Users\\canam\\Dropbox\\DC\\Semester 5\\DBAS\\Hot Rides Software\\hotridesapp\\vendor\\laravel\\framework\\src\\Illuminate\\Database\\Eloquent\\Builder.php(815): Illuminate\\Database\\Query\\Builder->update(Array)
#5 C:\\Users\\canam\\Dropbox\\DC\\Semester 5\\DBAS\\Hot Rides Software\\hotridesapp\\vendor\\laravel\\framework\\src\\Illuminate\\Database\\Eloquent\\Model.php(729): Illuminate\\Database\\Eloquent\\Builder->update(Array)
#6 C:\\Users\\canam\\Dropbox\\DC\\Semester 5\\DBAS\\Hot Rides Software\\hotridesapp\\vendor\\laravel\\framework\\src\\Illuminate\\Database\\Eloquent\\Model.php(644): Illuminate\\Database\\Eloquent\\Model->performUpdate(Object(Illuminate\\Database\\Eloquent\\Builder))
#7 C:\\Users\\canam\\Dropbox\\DC\\Semester 5\\DBAS\\Hot Rides Software\\hotridesapp\\app\\Http\\Controllers\\ClubController.php(46): Illuminate\\Database\\Eloquent\\Model->save()
#8 [internal function]: App\\Http\\Controllers\\ClubController->update(Object(Illuminate\\Http\\Request), '1')
#9 C:\\Users\\canam\\Dropbox\\DC\\Semester 5\\DBAS\\Hot Rides Software\\hotridesapp\\vendor\\laravel\\framework\\src\\Illuminate\\Routing\\Controller.php(54): call_user_func_array(Array, Array)
#10 C:\\Users\\canam\\Dropbox\\DC\\Semester 5\\DBAS\\Hot Rides Software\\hotridesapp\\vendor\\laravel\\framework\\src\\Illuminate\\Routing\\ControllerDispatcher.php(45): Illuminate\\Routing\\Controller->callAction('update', Array)
#11 C:\\Users\\canam\\Dropbox\\DC\\Semester 5\\DBAS\\Hot Rides Software\\hotridesapp\\vendor\\laravel\\framework\\src\\Illuminate\\Routing\\Route.php(212): Illuminate\\Routing\\ControllerDispatcher->dispatch(Object(Illuminate\\Routing\\Route), Object(App\\Http\\Controllers\\ClubController), 'update')
#12 C:\\Users\\canam\\Dropbox\\DC\\Semester 5\\DBAS\\Hot Rides Software\\hotridesapp\\vendor\\laravel\\framework\\src\\Illuminate\\Routing\\Route.php(169): Illuminate\\Routing\\Route->runController()
#13 C:\\Users\\canam\\Dropbox\\DC\\Semester 5\\DBAS\\Hot Rides Software\\hotridesapp\\vendor\\laravel\\framework\\src\\Illuminate\\Routing\\Router.php(679): Illuminate\\Routing\\Route->run()
#14 C:\\Users\\canam\\Dropbox\\DC\\Semester 5\\DBAS\\Hot Rides Software\\hotridesapp\\vendor\\laravel\\framework\\src\\Illuminate\\Routing\\Pipeline.php(30): Illuminate\\Routing\\Router->Illuminate\\Routing\\{closure}(Object(Illuminate\\Http\\Request))
#15 C:\\Users\\canam\\Dropbox\\DC\\Semester 5\\DBAS\\Hot Rides Software\\hotridesapp\\vendor\\laravel\\framework\\src\\Illuminate\\Routing\\Middleware\\SubstituteBindings.php(41): Illuminate\\Routing\\Pipeline->Illuminate\\Routing\\{closure}(Object(Illuminate\\Http\\Request))
#16 C:\\Users\\canam\\Dropbox\\DC\\Semester 5\\DBAS\\Hot Rides Software\\hotridesapp\\vendor\\laravel\\framework\\src\\Illuminate\\Pipeline\\Pipeline.php(151): Illuminate\\Routing\\Middleware\\SubstituteBindings->handle(Object(Illuminate\\Http\\Request), Object(Closure))
#17 C:\\Users\\canam\\Dropbox\\DC\\Semester 5\\DBAS\\Hot Rides Software\\hotridesapp\\vendor\\laravel\\framework\\src\\Illuminate\\Routing\\Pipeline.php(53): Illuminate\\Pipeline\\Pipeline->Illuminate\\Pipeline\\{closure}(Object(Illuminate\\Http\\Request))
#18 C:\\Users\\canam\\Dropbox\\DC\\Semester 5\\DBAS\\Hot Rides Software\\hotridesapp\\vendor\\laravel\\framework\\src\\Illuminate\\Foundation\\Http\\Middleware\\VerifyCsrfToken.php(75): Illuminate\\Routing\\Pipeline->Illuminate\\Routing\\{closure}(Object(Illuminate\\Http\\Request))
#19 C:\\Users\\canam\\Dropbox\\DC\\Semester 5\\DBAS\\Hot Rides Software\\hotridesapp\\vendor\\laravel\\framework\\src\\Illuminate\\Pipeline\\Pipeline.php(151): Illuminate\\Foundation\\Http\\Middleware\\VerifyCsrfToken->handle(Object(Illuminate\\Http\\Request), Object(Closure))
#20 C:\\Users\\canam\\Dropbox\\DC\\Semester 5\\DBAS\\Hot Rides Software\\hotridesapp\\vendor\\laravel\\framework\\src\\Illuminate\\Routing\\Pipeline.php(53): Illuminate\\Pipeline\\Pipeline->Illuminate\\Pipeline\\{closure}(Object(Illuminate\\Http\\Request))
#21 C:\\Users\\canam\\Dropbox\\DC\\Semester 5\\DBAS\\Hot Rides Software\\hotridesapp\\vendor\\laravel\\framework\\src\\Illuminate\\View\\Middleware\\ShareErrorsFromSession.php(49): Illuminate\\Routing\\Pipeline->Illuminate\\Routing\\{closure}(Object(Illuminate\\Http\\Request))
#22 C:\\Users\\canam\\Dropbox\\DC\\Semester 5\\DBAS\\Hot Rides Software\\hotridesapp\\vendor\\laravel\\framework\\src\\Illuminate\\Pipeline\\Pipeline.php(151): Illuminate\\View\\Middleware\\ShareErrorsFromSession->handle(Object(Illuminate\\Http\\Request), Object(Closure))
#23 C:\\Users\\canam\\Dropbox\\DC\\Semester 5\\DBAS\\Hot Rides Software\\hotridesapp\\vendor\\laravel\\framework\\src\\Illuminate\\Routing\\Pipeline.php(53): Illuminate\\Pipeline\\Pipeline->Illuminate\\Pipeline\\{closure}(Object(Illuminate\\Http\\Request))
#24 C:\\Users\\canam\\Dropbox\\DC\\Semester 5\\DBAS\\Hot Rides Software\\hotridesapp\\vendor\\laravel\\framework\\src\\Illuminate\\Session\\Middleware\\StartSession.php(63): Illuminate\\Routing\\Pipeline->Illuminate\\Routing\\{closure}(Object(Illuminate\\Http\\Request))
#25 C:\\Users\\canam\\Dropbox\\DC\\Semester 5\\DBAS\\Hot Rides Software\\hotridesapp\\vendor\\laravel\\framework\\src\\Illuminate\\Pipeline\\Pipeline.php(151): Illuminate\\Session\\Middleware\\StartSession->handle(Object(Illuminate\\Http\\Request), Object(Closure))
#26 C:\\Users\\canam\\Dropbox\\DC\\Semester 5\\DBAS\\Hot Rides Software\\hotridesapp\\vendor\\laravel\\framework\\src\\Illuminate\\Routing\\Pipeline.php(53): Illuminate\\Pipeline\\Pipeline->Illuminate\\Pipeline\\{closure}(Object(Illuminate\\Http\\Request))
#27 C:\\Users\\canam\\Dropbox\\DC\\Semester 5\\DBAS\\Hot Rides Software\\hotridesapp\\vendor\\laravel\\framework\\src\\Illuminate\\Cookie\\Middleware\\AddQueuedCookiesToResponse.php(37): Illuminate\\Routing\\Pipeline->Illuminate\\Routing\\{closure}(Object(Illuminate\\Http\\Request))
#28 C:\\Users\\canam\\Dropbox\\DC\\Semester 5\\DBAS\\Hot Rides Software\\hotridesapp\\vendor\\laravel\\framework\\src\\Illuminate\\Pipeline\\Pipeline.php(151): Illuminate\\Cookie\\Middleware\\AddQueuedCookiesToResponse->handle(Object(Illuminate\\Http\\Request), Object(Closure))
#29 C:\\Users\\canam\\Dropbox\\DC\\Semester 5\\DBAS\\Hot Rides Software\\hotridesapp\\vendor\\laravel\\framework\\src\\Illuminate\\Routing\\Pipeline.php(53): Illuminate\\Pipeline\\Pipeline->Illuminate\\Pipeline\\{closure}(Object(Illuminate\\Http\\Request))
#30 C:\\Users\\canam\\Dropbox\\DC\\Semester 5\\DBAS\\Hot Rides Software\\hotridesapp\\vendor\\laravel\\framework\\src\\Illuminate\\Cookie\\Middleware\\EncryptCookies.php(66): Illuminate\\Routing\\Pipeline->Illuminate\\Routing\\{closure}(Object(Illuminate\\Http\\Request))
#31 C:\\Users\\canam\\Dropbox\\DC\\Semester 5\\DBAS\\Hot Rides Software\\hotridesapp\\vendor\\laravel\\framework\\src\\Illuminate\\Pipeline\\Pipeline.php(151): Illuminate\\Cookie\\Middleware\\EncryptCookies->handle(Object(Illuminate\\Http\\Request), Object(Closure))
#32 C:\\Users\\canam\\Dropbox\\DC\\Semester 5\\DBAS\\Hot Rides Software\\hotridesapp\\vendor\\laravel\\framework\\src\\Illuminate\\Routing\\Pipeline.php(53): Illuminate\\Pipeline\\Pipeline->Illuminate\\Pipeline\\{closure}(Object(Illuminate\\Http\\Request))
#33 C:\\Users\\canam\\Dropbox\\DC\\Semester 5\\DBAS\\Hot Rides Software\\hotridesapp\\vendor\\laravel\\framework\\src\\Illuminate\\Pipeline\\Pipeline.php(104): Illuminate\\Routing\\Pipeline->Illuminate\\Routing\\{closure}(Object(Illuminate\\Http\\Request))
#34 C:\\Users\\canam\\Dropbox\\DC\\Semester 5\\DBAS\\Hot Rides Software\\hotridesapp\\vendor\\laravel\\framework\\src\\Illuminate\\Routing\\Router.php(681): Illuminate\\Pipeline\\Pipeline->then(Object(Closure))
#35 C:\\Users\\canam\\Dropbox\\DC\\Semester 5\\DBAS\\Hot Rides Software\\hotridesapp\\vendor\\laravel\\framework\\src\\Illuminate\\Routing\\Router.php(656): Illuminate\\Routing\\Router->runRouteWithinStack(Object(Illuminate\\Routing\\Route), Object(Illuminate\\Http\\Request))
#36 C:\\Users\\canam\\Dropbox\\DC\\Semester 5\\DBAS\\Hot Rides Software\\hotridesapp\\vendor\\laravel\\framework\\src\\Illuminate\\Routing\\Router.php(622): Illuminate\\Routing\\Router->runRoute(Object(Illuminate\\Http\\Request), Object(Illuminate\\Routing\\Route))
#37 C:\\Users\\canam\\Dropbox\\DC\\Semester 5\\DBAS\\Hot Rides Software\\hotridesapp\\vendor\\laravel\\framework\\src\\Illuminate\\Routing\\Router.php(611): Illuminate\\Routing\\Router->dispatchToRoute(Object(Illuminate\\Http\\Request))
#38 C:\\Users\\canam\\Dropbox\\DC\\Semester 5\\DBAS\\Hot Rides Software\\hotridesapp\\vendor\\laravel\\framework\\src\\Illuminate\\Foundation\\Http\\Kernel.php(176): Illuminate\\Routing\\Router->dispatch(Object(Illuminate\\Http\\Request))
#39 C:\\Users\\canam\\Dropbox\\DC\\Semester 5\\DBAS\\Hot Rides Software\\hotridesapp\\vendor\\laravel\\framework\\src\\Illuminate\\Routing\\Pipeline.php(30): Illuminate\\Foundation\\Http\\Kernel->Illuminate\\Foundation\\Http\\{closure}(Object(Illuminate\\Http\\Request))
#40 C:\\Users\\canam\\Dropbox\\DC\\Semester 5\\DBAS\\Hot Rides Software\\hotridesapp\\vendor\\fideloper\\proxy\\src\\TrustProxies.php(57): Illuminate\\Routing\\Pipeline->Illuminate\\Routing\\{closure}(Object(Illuminate\\Http\\Request))
#41 C:\\Users\\canam\\Dropbox\\DC\\Semester 5\\DBAS\\Hot Rides Software\\hotridesapp\\vendor\\laravel\\framework\\src\\Illuminate\\Pipeline\\Pipeline.php(151): Fideloper\\Proxy\\TrustProxies->handle(Object(Illuminate\\Http\\Request), Object(Closure))
#42 C:\\Users\\canam\\Dropbox\\DC\\Semester 5\\DBAS\\Hot Rides Software\\hotridesapp\\vendor\\laravel\\framework\\src\\Illuminate\\Routing\\Pipeline.php(53): Illuminate\\Pipeline\\Pipeline->Illuminate\\Pipeline\\{closure}(Object(Illuminate\\Http\\Request))
#43 C:\\Users\\canam\\Dropbox\\DC\\Semester 5\\DBAS\\Hot Rides Software\\hotridesapp\\vendor\\laravel\\framework\\src\\Illuminate\\Foundation\\Http\\Middleware\\TransformsRequest.php(31): Illuminate\\Routing\\Pipeline->Illuminate\\Routing\\{closure}(Object(Illuminate\\Http\\Request))
#44 C:\\Users\\canam\\Dropbox\\DC\\Semester 5\\DBAS\\Hot Rides Software\\hotridesapp\\vendor\\laravel\\framework\\src\\Illuminate\\Pipeline\\Pipeline.php(151): Illuminate\\Foundation\\Http\\Middleware\\TransformsRequest->handle(Object(Illuminate\\Http\\Request), Object(Closure))
#45 C:\\Users\\canam\\Dropbox\\DC\\Semester 5\\DBAS\\Hot Rides Software\\hotridesapp\\vendor\\laravel\\framework\\src\\Illuminate\\Routing\\Pipeline.php(53): Illuminate\\Pipeline\\Pipeline->Illuminate\\Pipeline\\{closure}(Object(Illuminate\\Http\\Request))
#46 C:\\Users\\canam\\Dropbox\\DC\\Semester 5\\DBAS\\Hot Rides Software\\hotridesapp\\vendor\\laravel\\framework\\src\\Illuminate\\Foundation\\Http\\Middleware\\TransformsRequest.php(31): Illuminate\\Routing\\Pipeline->Illuminate\\Routing\\{closure}(Object(Illuminate\\Http\\Request))
#47 C:\\Users\\canam\\Dropbox\\DC\\Semester 5\\DBAS\\Hot Rides Software\\hotridesapp\\vendor\\laravel\\framework\\src\\Illuminate\\Pipeline\\Pipeline.php(151): Illuminate\\Foundation\\Http\\Middleware\\TransformsRequest->handle(Object(Illuminate\\Http\\Request), Object(Closure))
#48 C:\\Users\\canam\\Dropbox\\DC\\Semester 5\\DBAS\\Hot Rides Software\\hotridesapp\\vendor\\laravel\\framework\\src\\Illuminate\\Routing\\Pipeline.php(53): Illuminate\\Pipeline\\Pipeline->Illuminate\\Pipeline\\{closure}(Object(Illuminate\\Http\\Request))
#49 C:\\Users\\canam\\Dropbox\\DC\\Semester 5\\DBAS\\Hot Rides Software\\hotridesapp\\vendor\\laravel\\framework\\src\\Illuminate\\Foundation\\Http\\Middleware\\ValidatePostSize.php(27): Illuminate\\Routing\\Pipeline->Illuminate\\Routing\\{closure}(Object(Illuminate\\Http\\Request))
#50 C:\\Users\\canam\\Dropbox\\DC\\Semester 5\\DBAS\\Hot Rides Software\\hotridesapp\\vendor\\laravel\\framework\\src\\Illuminate\\Pipeline\\Pipeline.php(151): Illuminate\\Foundation\\Http\\Middleware\\ValidatePostSize->handle(Object(Illuminate\\Http\\Request), Object(Closure))
#51 C:\\Users\\canam\\Dropbox\\DC\\Semester 5\\DBAS\\Hot Rides Software\\hotridesapp\\vendor\\laravel\\framework\\src\\Illuminate\\Routing\\Pipeline.php(53): Illuminate\\Pipeline\\Pipeline->Illuminate\\Pipeline\\{closure}(Object(Illuminate\\Http\\Request))
#52 C:\\Users\\canam\\Dropbox\\DC\\Semester 5\\DBAS\\Hot Rides Software\\hotridesapp\\vendor\\laravel\\framework\\src\\Illuminate\\Foundation\\Http\\Middleware\\CheckForMaintenanceMode.php(62): Illuminate\\Routing\\Pipeline->Illuminate\\Routing\\{closure}(Object(Illuminate\\Http\\Request))
#53 C:\\Users\\canam\\Dropbox\\DC\\Semester 5\\DBAS\\Hot Rides Software\\hotridesapp\\vendor\\laravel\\framework\\src\\Illuminate\\Pipeline\\Pipeline.php(151): Illuminate\\Foundation\\Http\\Middleware\\CheckForMaintenanceMode->handle(Object(Illuminate\\Http\\Request), Object(Closure))
#54 C:\\Users\\canam\\Dropbox\\DC\\Semester 5\\DBAS\\Hot Rides Software\\hotridesapp\\vendor\\laravel\\framework\\src\\Illuminate\\Routing\\Pipeline.php(53): Illuminate\\Pipeline\\Pipeline->Illuminate\\Pipeline\\{closure}(Object(Illuminate\\Http\\Request))
#55 C:\\Users\\canam\\Dropbox\\DC\\Semester 5\\DBAS\\Hot Rides Software\\hotridesapp\\vendor\\laravel\\framework\\src\\Illuminate\\Pipeline\\Pipeline.php(104): Illuminate\\Routing\\Pipeline->Illuminate\\Routing\\{closure}(Object(Illuminate\\Http\\Request))
#56 C:\\Users\\canam\\Dropbox\\DC\\Semester 5\\DBAS\\Hot Rides Software\\hotridesapp\\vendor\\laravel\\framework\\src\\Illuminate\\Foundation\\Http\\Kernel.php(151): Illuminate\\Pipeline\\Pipeline->then(Object(Closure))
#57 C:\\Users\\canam\\Dropbox\\DC\\Semester 5\\DBAS\\Hot Rides Software\\hotridesapp\\vendor\\laravel\\framework\\src\\Illuminate\\Foundation\\Http\\Kernel.php(116): Illuminate\\Foundation\\Http\\Kernel->sendRequestThroughRouter(Object(Illuminate\\Http\\Request))
#58 C:\\Users\\canam\\Dropbox\\DC\\Semester 5\\DBAS\\Hot Rides Software\\hotridesapp\\public\\index.php(55): Illuminate\\Foundation\\Http\\Kernel->handle(Object(Illuminate\\Http\\Request))
#59 C:\\Users\\canam\\Dropbox\\DC\\Semester 5\\DBAS\\Hot Rides Software\\hotridesapp\\server.php(21): require_once('C:\\\\Users\\\\canam\\\\...')
#60 {main}
"} 
[2018-11-27 18:18:29] local.ERROR: SQLSTATE[22P02]: Invalid text representation: 7 ERROR:  invalid input syntax for integer: "The Main Event" (SQL: insert into "sponsors" ("event_id", "name", "description", "charge", "updated_at", "created_at") values (The Main Event, RustEase, 1$ per car, $500, 2018-11-27 18:18:28, 2018-11-27 18:18:28) returning "id") {"userId":1,"email":"canamavrick@gmail.com","exception":"[object] (Illuminate\\Database\\QueryException(code: 22P02): SQLSTATE[22P02]: Invalid text representation: 7 ERROR:  invalid input syntax for integer: \"The Main Event\" (SQL: insert into \"sponsors\" (\"event_id\", \"name\", \"description\", \"charge\", \"updated_at\", \"created_at\") values (The Main Event, RustEase, 1$ per car, $500, 2018-11-27 18:18:28, 2018-11-27 18:18:28) returning \"id\") at C:\\Users\\canam\\Dropbox\\DC\\Semester 5\\DBAS\\Hot Rides Software\\hotridesapp\\vendor\\laravel\\framework\\src\\Illuminate\\Database\\Connection.php:664, PDOException(code: 22P02): SQLSTATE[22P02]: Invalid text representation: 7 ERROR:  invalid input syntax for integer: \"The Main Event\" at C:\\Users\\canam\\Dropbox\\DC\\Semester 5\\DBAS\\Hot Rides Software\\hotridesapp\\vendor\\laravel\\framework\\src\\Illuminate\\Database\\Connection.php:330)
[stacktrace]
#0 C:\\Users\\canam\\Dropbox\\DC\\Semester 5\\DBAS\\Hot Rides Software\\hotridesapp\\vendor\\laravel\\framework\\src\\Illuminate\\Database\\Connection.php(624): Illuminate\\Database\\Connection->runQueryCallback('insert into \"sp...', Array, Object(Closure))
#1 C:\\Users\\canam\\Dropbox\\DC\\Semester 5\\DBAS\\Hot Rides Software\\hotridesapp\\vendor\\laravel\\framework\\src\\Illuminate\\Database\\Connection.php(333): Illuminate\\Database\\Connection->run('insert into \"sp...', Array, Object(Closure))
#2 C:\\Users\\canam\\Dropbox\\DC\\Semester 5\\DBAS\\Hot Rides Software\\hotridesapp\\vendor\\laravel\\framework\\src\\Illuminate\\Database\\Connection.php(304): Illuminate\\Database\\Connection->select('insert into \"sp...', Array, false)
#3 C:\\Users\\canam\\Dropbox\\DC\\Semester 5\\DBAS\\Hot Rides Software\\hotridesapp\\vendor\\laravel\\framework\\src\\Illuminate\\Database\\Query\\Processors\\PostgresProcessor.php(20): Illuminate\\Database\\Connection->selectFromWriteConnection('insert into \"sp...', Array)
#4 C:\\Users\\canam\\Dropbox\\DC\\Semester 5\\DBAS\\Hot Rides Software\\hotridesapp\\vendor\\laravel\\framework\\src\\Illuminate\\Database\\Query\\Builder.php(2558): Illuminate\\Database\\Query\\Processors\\PostgresProcessor->processInsertGetId(Object(Illuminate\\Database\\Query\\Builder), 'insert into \"sp...', Array, 'id')
#5 C:\\Users\\canam\\Dropbox\\DC\\Semester 5\\DBAS\\Hot Rides Software\\hotridesapp\\vendor\\laravel\\framework\\src\\Illuminate\\Database\\Eloquent\\Builder.php(1318): Illuminate\\Database\\Query\\Builder->insertGetId(Array, 'id')
#6 C:\\Users\\canam\\Dropbox\\DC\\Semester 5\\DBAS\\Hot Rides Software\\hotridesapp\\vendor\\laravel\\framework\\src\\Illuminate\\Database\\Eloquent\\Model.php(823): Illuminate\\Database\\Eloquent\\Builder->__call('insertGetId', Array)
#7 C:\\Users\\canam\\Dropbox\\DC\\Semester 5\\DBAS\\Hot Rides Software\\hotridesapp\\vendor\\laravel\\framework\\src\\Illuminate\\Database\\Eloquent\\Model.php(788): Illuminate\\Database\\Eloquent\\Model->insertAndSetId(Object(Illuminate\\Database\\Eloquent\\Builder), Array)
#8 C:\\Users\\canam\\Dropbox\\DC\\Semester 5\\DBAS\\Hot Rides Software\\hotridesapp\\vendor\\laravel\\framework\\src\\Illuminate\\Database\\Eloquent\\Model.php(651): Illuminate\\Database\\Eloquent\\Model->performInsert(Object(Illuminate\\Database\\Eloquent\\Builder))
#9 C:\\Users\\canam\\Dropbox\\DC\\Semester 5\\DBAS\\Hot Rides Software\\hotridesapp\\app\\Http\\Controllers\\SponsorController.php(31): Illuminate\\Database\\Eloquent\\Model->save()
#10 [internal function]: App\\Http\\Controllers\\SponsorController->store(Object(Illuminate\\Http\\Request))
#11 C:\\Users\\canam\\Dropbox\\DC\\Semester 5\\DBAS\\Hot Rides Software\\hotridesapp\\vendor\\laravel\\framework\\src\\Illuminate\\Routing\\Controller.php(54): call_user_func_array(Array, Array)
#12 C:\\Users\\canam\\Dropbox\\DC\\Semester 5\\DBAS\\Hot Rides Software\\hotridesapp\\vendor\\laravel\\framework\\src\\Illuminate\\Routing\\ControllerDispatcher.php(45): Illuminate\\Routing\\Controller->callAction('store', Array)
#13 C:\\Users\\canam\\Dropbox\\DC\\Semester 5\\DBAS\\Hot Rides Software\\hotridesapp\\vendor\\laravel\\framework\\src\\Illuminate\\Routing\\Route.php(212): Illuminate\\Routing\\ControllerDispatcher->dispatch(Object(Illuminate\\Routing\\Route), Object(App\\Http\\Controllers\\SponsorController), 'store')
#14 C:\\Users\\canam\\Dropbox\\DC\\Semester 5\\DBAS\\Hot Rides Software\\hotridesapp\\vendor\\laravel\\framework\\src\\Illuminate\\Routing\\Route.php(169): Illuminate\\Routing\\Route->runController()
#15 C:\\Users\\canam\\Dropbox\\DC\\Semester 5\\DBAS\\Hot Rides Software\\hotridesapp\\vendor\\laravel\\framework\\src\\Illuminate\\Routing\\Router.php(679): Illuminate\\Routing\\Route->run()
#16 C:\\Users\\canam\\Dropbox\\DC\\Semester 5\\DBAS\\Hot Rides Software\\hotridesapp\\vendor\\laravel\\framework\\src\\Illuminate\\Routing\\Pipeline.php(30): Illuminate\\Routing\\Router->Illuminate\\Routing\\{closure}(Object(Illuminate\\Http\\Request))
#17 C:\\Users\\canam\\Dropbox\\DC\\Semester 5\\DBAS\\Hot Rides Software\\hotridesapp\\vendor\\laravel\\framework\\src\\Illuminate\\Routing\\Middleware\\SubstituteBindings.php(41): Illuminate\\Routing\\Pipeline->Illuminate\\Routing\\{closure}(Object(Illuminate\\Http\\Request))
#18 C:\\Users\\canam\\Dropbox\\DC\\Semester 5\\DBAS\\Hot Rides Software\\hotridesapp\\vendor\\laravel\\framework\\src\\Illuminate\\Pipeline\\Pipeline.php(151): Illuminate\\Routing\\Middleware\\SubstituteBindings->handle(Object(Illuminate\\Http\\Request), Object(Closure))
#19 C:\\Users\\canam\\Dropbox\\DC\\Semester 5\\DBAS\\Hot Rides Software\\hotridesapp\\vendor\\laravel\\framework\\src\\Illuminate\\Routing\\Pipeline.php(53): Illuminate\\Pipeline\\Pipeline->Illuminate\\Pipeline\\{closure}(Object(Illuminate\\Http\\Request))
#20 C:\\Users\\canam\\Dropbox\\DC\\Semester 5\\DBAS\\Hot Rides Software\\hotridesapp\\vendor\\laravel\\framework\\src\\Illuminate\\Foundation\\Http\\Middleware\\VerifyCsrfToken.php(75): Illuminate\\Routing\\Pipeline->Illuminate\\Routing\\{closure}(Object(Illuminate\\Http\\Request))
#21 C:\\Users\\canam\\Dropbox\\DC\\Semester 5\\DBAS\\Hot Rides Software\\hotridesapp\\vendor\\laravel\\framework\\src\\Illuminate\\Pipeline\\Pipeline.php(151): Illuminate\\Foundation\\Http\\Middleware\\VerifyCsrfToken->handle(Object(Illuminate\\Http\\Request), Object(Closure))
#22 C:\\Users\\canam\\Dropbox\\DC\\Semester 5\\DBAS\\Hot Rides Software\\hotridesapp\\vendor\\laravel\\framework\\src\\Illuminate\\Routing\\Pipeline.php(53): Illuminate\\Pipeline\\Pipeline->Illuminate\\Pipeline\\{closure}(Object(Illuminate\\Http\\Request))
#23 C:\\Users\\canam\\Dropbox\\DC\\Semester 5\\DBAS\\Hot Rides Software\\hotridesapp\\vendor\\laravel\\framework\\src\\Illuminate\\View\\Middleware\\ShareErrorsFromSession.php(49): Illuminate\\Routing\\Pipeline->Illuminate\\Routing\\{closure}(Object(Illuminate\\Http\\Request))
#24 C:\\Users\\canam\\Dropbox\\DC\\Semester 5\\DBAS\\Hot Rides Software\\hotridesapp\\vendor\\laravel\\framework\\src\\Illuminate\\Pipeline\\Pipeline.php(151): Illuminate\\View\\Middleware\\ShareErrorsFromSession->handle(Object(Illuminate\\Http\\Request), Object(Closure))
#25 C:\\Users\\canam\\Dropbox\\DC\\Semester 5\\DBAS\\Hot Rides Software\\hotridesapp\\vendor\\laravel\\framework\\src\\Illuminate\\Routing\\Pipeline.php(53): Illuminate\\Pipeline\\Pipeline->Illuminate\\Pipeline\\{closure}(Object(Illuminate\\Http\\Request))
#26 C:\\Users\\canam\\Dropbox\\DC\\Semester 5\\DBAS\\Hot Rides Software\\hotridesapp\\vendor\\laravel\\framework\\src\\Illuminate\\Session\\Middleware\\StartSession.php(63): Illuminate\\Routing\\Pipeline->Illuminate\\Routing\\{closure}(Object(Illuminate\\Http\\Request))
#27 C:\\Users\\canam\\Dropbox\\DC\\Semester 5\\DBAS\\Hot Rides Software\\hotridesapp\\vendor\\laravel\\framework\\src\\Illuminate\\Pipeline\\Pipeline.php(151): Illuminate\\Session\\Middleware\\StartSession->handle(Object(Illuminate\\Http\\Request), Object(Closure))
#28 C:\\Users\\canam\\Dropbox\\DC\\Semester 5\\DBAS\\Hot Rides Software\\hotridesapp\\vendor\\laravel\\framework\\src\\Illuminate\\Routing\\Pipeline.php(53): Illuminate\\Pipeline\\Pipeline->Illuminate\\Pipeline\\{closure}(Object(Illuminate\\Http\\Request))
#29 C:\\Users\\canam\\Dropbox\\DC\\Semester 5\\DBAS\\Hot Rides Software\\hotridesapp\\vendor\\laravel\\framework\\src\\Illuminate\\Cookie\\Middleware\\AddQueuedCookiesToResponse.php(37): Illuminate\\Routing\\Pipeline->Illuminate\\Routing\\{closure}(Object(Illuminate\\Http\\Request))
#30 C:\\Users\\canam\\Dropbox\\DC\\Semester 5\\DBAS\\Hot Rides Software\\hotridesapp\\vendor\\laravel\\framework\\src\\Illuminate\\Pipeline\\Pipeline.php(151): Illuminate\\Cookie\\Middleware\\AddQueuedCookiesToResponse->handle(Object(Illuminate\\Http\\Request), Object(Closure))
#31 C:\\Users\\canam\\Dropbox\\DC\\Semester 5\\DBAS\\Hot Rides Software\\hotridesapp\\vendor\\laravel\\framework\\src\\Illuminate\\Routing\\Pipeline.php(53): Illuminate\\Pipeline\\Pipeline->Illuminate\\Pipeline\\{closure}(Object(Illuminate\\Http\\Request))
#32 C:\\Users\\canam\\Dropbox\\DC\\Semester 5\\DBAS\\Hot Rides Software\\hotridesapp\\vendor\\laravel\\framework\\src\\Illuminate\\Cookie\\Middleware\\EncryptCookies.php(66): Illuminate\\Routing\\Pipeline->Illuminate\\Routing\\{closure}(Object(Illuminate\\Http\\Request))
#33 C:\\Users\\canam\\Dropbox\\DC\\Semester 5\\DBAS\\Hot Rides Software\\hotridesapp\\vendor\\laravel\\framework\\src\\Illuminate\\Pipeline\\Pipeline.php(151): Illuminate\\Cookie\\Middleware\\EncryptCookies->handle(Object(Illuminate\\Http\\Request), Object(Closure))
#34 C:\\Users\\canam\\Dropbox\\DC\\Semester 5\\DBAS\\Hot Rides Software\\hotridesapp\\vendor\\laravel\\framework\\src\\Illuminate\\Routing\\Pipeline.php(53): Illuminate\\Pipeline\\Pipeline->Illuminate\\Pipeline\\{closure}(Object(Illuminate\\Http\\Request))
#35 C:\\Users\\canam\\Dropbox\\DC\\Semester 5\\DBAS\\Hot Rides Software\\hotridesapp\\vendor\\laravel\\framework\\src\\Illuminate\\Pipeline\\Pipeline.php(104): Illuminate\\Routing\\Pipeline->Illuminate\\Routing\\{closure}(Object(Illuminate\\Http\\Request))
#36 C:\\Users\\canam\\Dropbox\\DC\\Semester 5\\DBAS\\Hot Rides Software\\hotridesapp\\vendor\\laravel\\framework\\src\\Illuminate\\Routing\\Router.php(681): Illuminate\\Pipeline\\Pipeline->then(Object(Closure))
#37 C:\\Users\\canam\\Dropbox\\DC\\Semester 5\\DBAS\\Hot Rides Software\\hotridesapp\\vendor\\laravel\\framework\\src\\Illuminate\\Routing\\Router.php(656): Illuminate\\Routing\\Router->runRouteWithinStack(Object(Illuminate\\Routing\\Route), Object(Illuminate\\Http\\Request))
#38 C:\\Users\\canam\\Dropbox\\DC\\Semester 5\\DBAS\\Hot Rides Software\\hotridesapp\\vendor\\laravel\\framework\\src\\Illuminate\\Routing\\Router.php(622): Illuminate\\Routing\\Router->runRoute(Object(Illuminate\\Http\\Request), Object(Illuminate\\Routing\\Route))
#39 C:\\Users\\canam\\Dropbox\\DC\\Semester 5\\DBAS\\Hot Rides Software\\hotridesapp\\vendor\\laravel\\framework\\src\\Illuminate\\Routing\\Router.php(611): Illuminate\\Routing\\Router->dispatchToRoute(Object(Illuminate\\Http\\Request))
#40 C:\\Users\\canam\\Dropbox\\DC\\Semester 5\\DBAS\\Hot Rides Software\\hotridesapp\\vendor\\laravel\\framework\\src\\Illuminate\\Foundation\\Http\\Kernel.php(176): Illuminate\\Routing\\Router->dispatch(Object(Illuminate\\Http\\Request))
#41 C:\\Users\\canam\\Dropbox\\DC\\Semester 5\\DBAS\\Hot Rides Software\\hotridesapp\\vendor\\laravel\\framework\\src\\Illuminate\\Routing\\Pipeline.php(30): Illuminate\\Foundation\\Http\\Kernel->Illuminate\\Foundation\\Http\\{closure}(Object(Illuminate\\Http\\Request))
#42 C:\\Users\\canam\\Dropbox\\DC\\Semester 5\\DBAS\\Hot Rides Software\\hotridesapp\\vendor\\fideloper\\proxy\\src\\TrustProxies.php(57): Illuminate\\Routing\\Pipeline->Illuminate\\Routing\\{closure}(Object(Illuminate\\Http\\Request))
#43 C:\\Users\\canam\\Dropbox\\DC\\Semester 5\\DBAS\\Hot Rides Software\\hotridesapp\\vendor\\laravel\\framework\\src\\Illuminate\\Pipeline\\Pipeline.php(151): Fideloper\\Proxy\\TrustProxies->handle(Object(Illuminate\\Http\\Request), Object(Closure))
#44 C:\\Users\\canam\\Dropbox\\DC\\Semester 5\\DBAS\\Hot Rides Software\\hotridesapp\\vendor\\laravel\\framework\\src\\Illuminate\\Routing\\Pipeline.php(53): Illuminate\\Pipeline\\Pipeline->Illuminate\\Pipeline\\{closure}(Object(Illuminate\\Http\\Request))
#45 C:\\Users\\canam\\Dropbox\\DC\\Semester 5\\DBAS\\Hot Rides Software\\hotridesapp\\vendor\\laravel\\framework\\src\\Illuminate\\Foundation\\Http\\Middleware\\TransformsRequest.php(31): Illuminate\\Routing\\Pipeline->Illuminate\\Routing\\{closure}(Object(Illuminate\\Http\\Request))
#46 C:\\Users\\canam\\Dropbox\\DC\\Semester 5\\DBAS\\Hot Rides Software\\hotridesapp\\vendor\\laravel\\framework\\src\\Illuminate\\Pipeline\\Pipeline.php(151): Illuminate\\Foundation\\Http\\Middleware\\TransformsRequest->handle(Object(Illuminate\\Http\\Request), Object(Closure))
#47 C:\\Users\\canam\\Dropbox\\DC\\Semester 5\\DBAS\\Hot Rides Software\\hotridesapp\\vendor\\laravel\\framework\\src\\Illuminate\\Routing\\Pipeline.php(53): Illuminate\\Pipeline\\Pipeline->Illuminate\\Pipeline\\{closure}(Object(Illuminate\\Http\\Request))
#48 C:\\Users\\canam\\Dropbox\\DC\\Semester 5\\DBAS\\Hot Rides Software\\hotridesapp\\vendor\\laravel\\framework\\src\\Illuminate\\Foundation\\Http\\Middleware\\TransformsRequest.php(31): Illuminate\\Routing\\Pipeline->Illuminate\\Routing\\{closure}(Object(Illuminate\\Http\\Request))
#49 C:\\Users\\canam\\Dropbox\\DC\\Semester 5\\DBAS\\Hot Rides Software\\hotridesapp\\vendor\\laravel\\framework\\src\\Illuminate\\Pipeline\\Pipeline.php(151): Illuminate\\Foundation\\Http\\Middleware\\TransformsRequest->handle(Object(Illuminate\\Http\\Request), Object(Closure))
#50 C:\\Users\\canam\\Dropbox\\DC\\Semester 5\\DBAS\\Hot Rides Software\\hotridesapp\\vendor\\laravel\\framework\\src\\Illuminate\\Routing\\Pipeline.php(53): Illuminate\\Pipeline\\Pipeline->Illuminate\\Pipeline\\{closure}(Object(Illuminate\\Http\\Request))
#51 C:\\Users\\canam\\Dropbox\\DC\\Semester 5\\DBAS\\Hot Rides Software\\hotridesapp\\vendor\\laravel\\framework\\src\\Illuminate\\Foundation\\Http\\Middleware\\ValidatePostSize.php(27): Illuminate\\Routing\\Pipeline->Illuminate\\Routing\\{closure}(Object(Illuminate\\Http\\Request))
#52 C:\\Users\\canam\\Dropbox\\DC\\Semester 5\\DBAS\\Hot Rides Software\\hotridesapp\\vendor\\laravel\\framework\\src\\Illuminate\\Pipeline\\Pipeline.php(151): Illuminate\\Foundation\\Http\\Middleware\\ValidatePostSize->handle(Object(Illuminate\\Http\\Request), Object(Closure))
#53 C:\\Users\\canam\\Dropbox\\DC\\Semester 5\\DBAS\\Hot Rides Software\\hotridesapp\\vendor\\laravel\\framework\\src\\Illuminate\\Routing\\Pipeline.php(53): Illuminate\\Pipeline\\Pipeline->Illuminate\\Pipeline\\{closure}(Object(Illuminate\\Http\\Request))
#54 C:\\Users\\canam\\Dropbox\\DC\\Semester 5\\DBAS\\Hot Rides Software\\hotridesapp\\vendor\\laravel\\framework\\src\\Illuminate\\Foundation\\Http\\Middleware\\CheckForMaintenanceMode.php(62): Illuminate\\Routing\\Pipeline->Illuminate\\Routing\\{closure}(Object(Illuminate\\Http\\Request))
#55 C:\\Users\\canam\\Dropbox\\DC\\Semester 5\\DBAS\\Hot Rides Software\\hotridesapp\\vendor\\laravel\\framework\\src\\Illuminate\\Pipeline\\Pipeline.php(151): Illuminate\\Foundation\\Http\\Middleware\\CheckForMaintenanceMode->handle(Object(Illuminate\\Http\\Request), Object(Closure))
#56 C:\\Users\\canam\\Dropbox\\DC\\Semester 5\\DBAS\\Hot Rides Software\\hotridesapp\\vendor\\laravel\\framework\\src\\Illuminate\\Routing\\Pipeline.php(53): Illuminate\\Pipeline\\Pipeline->Illuminate\\Pipeline\\{closure}(Object(Illuminate\\Http\\Request))
#57 C:\\Users\\canam\\Dropbox\\DC\\Semester 5\\DBAS\\Hot Rides Software\\hotridesapp\\vendor\\laravel\\framework\\src\\Illuminate\\Pipeline\\Pipeline.php(104): Illuminate\\Routing\\Pipeline->Illuminate\\Routing\\{closure}(Object(Illuminate\\Http\\Request))
#58 C:\\Users\\canam\\Dropbox\\DC\\Semester 5\\DBAS\\Hot Rides Software\\hotridesapp\\vendor\\laravel\\framework\\src\\Illuminate\\Foundation\\Http\\Kernel.php(151): Illuminate\\Pipeline\\Pipeline->then(Object(Closure))
#59 C:\\Users\\canam\\Dropbox\\DC\\Semester 5\\DBAS\\Hot Rides Software\\hotridesapp\\vendor\\laravel\\framework\\src\\Illuminate\\Foundation\\Http\\Kernel.php(116): Illuminate\\Foundation\\Http\\Kernel->sendRequestThroughRouter(Object(Illuminate\\Http\\Request))
#60 C:\\Users\\canam\\Dropbox\\DC\\Semester 5\\DBAS\\Hot Rides Software\\hotridesapp\\public\\index.php(55): Illuminate\\Foundation\\Http\\Kernel->handle(Object(Illuminate\\Http\\Request))
#61 C:\\Users\\canam\\Dropbox\\DC\\Semester 5\\DBAS\\Hot Rides Software\\hotridesapp\\server.php(21): require_once('C:\\\\Users\\\\canam\\\\...')
#62 {main}
"} 
[2018-11-27 18:35:08] local.ERROR: SQLSTATE[22P02]: Invalid text representation: 7 ERROR:  invalid input syntax for integer: "1234-5678-9010" (SQL: insert into "donations" ("type", "number", "expiry", "name", "charge", "updated_at", "created_at") values (Master, 1234-5678-9010, 2023-11-21, Johnny John, $15, 2018-11-27 18:35:08, 2018-11-27 18:35:08) returning "id") {"userId":1,"email":"canamavrick@gmail.com","exception":"[object] (Illuminate\\Database\\QueryException(code: 22P02): SQLSTATE[22P02]: Invalid text representation: 7 ERROR:  invalid input syntax for integer: \"1234-5678-9010\" (SQL: insert into \"donations\" (\"type\", \"number\", \"expiry\", \"name\", \"charge\", \"updated_at\", \"created_at\") values (Master, 1234-5678-9010, 2023-11-21, Johnny John, $15, 2018-11-27 18:35:08, 2018-11-27 18:35:08) returning \"id\") at C:\\Users\\canam\\Dropbox\\DC\\Semester 5\\DBAS\\Hot Rides Software\\hotridesapp\\vendor\\laravel\\framework\\src\\Illuminate\\Database\\Connection.php:664, PDOException(code: 22P02): SQLSTATE[22P02]: Invalid text representation: 7 ERROR:  invalid input syntax for integer: \"1234-5678-9010\" at C:\\Users\\canam\\Dropbox\\DC\\Semester 5\\DBAS\\Hot Rides Software\\hotridesapp\\vendor\\laravel\\framework\\src\\Illuminate\\Database\\Connection.php:330)
[stacktrace]
#0 C:\\Users\\canam\\Dropbox\\DC\\Semester 5\\DBAS\\Hot Rides Software\\hotridesapp\\vendor\\laravel\\framework\\src\\Illuminate\\Database\\Connection.php(624): Illuminate\\Database\\Connection->runQueryCallback('insert into \"do...', Array, Object(Closure))
#1 C:\\Users\\canam\\Dropbox\\DC\\Semester 5\\DBAS\\Hot Rides Software\\hotridesapp\\vendor\\laravel\\framework\\src\\Illuminate\\Database\\Connection.php(333): Illuminate\\Database\\Connection->run('insert into \"do...', Array, Object(Closure))
#2 C:\\Users\\canam\\Dropbox\\DC\\Semester 5\\DBAS\\Hot Rides Software\\hotridesapp\\vendor\\laravel\\framework\\src\\Illuminate\\Database\\Connection.php(304): Illuminate\\Database\\Connection->select('insert into \"do...', Array, false)
#3 C:\\Users\\canam\\Dropbox\\DC\\Semester 5\\DBAS\\Hot Rides Software\\hotridesapp\\vendor\\laravel\\framework\\src\\Illuminate\\Database\\Query\\Processors\\PostgresProcessor.php(20): Illuminate\\Database\\Connection->selectFromWriteConnection('insert into \"do...', Array)
#4 C:\\Users\\canam\\Dropbox\\DC\\Semester 5\\DBAS\\Hot Rides Software\\hotridesapp\\vendor\\laravel\\framework\\src\\Illuminate\\Database\\Query\\Builder.php(2558): Illuminate\\Database\\Query\\Processors\\PostgresProcessor->processInsertGetId(Object(Illuminate\\Database\\Query\\Builder), 'insert into \"do...', Array, 'id')
#5 C:\\Users\\canam\\Dropbox\\DC\\Semester 5\\DBAS\\Hot Rides Software\\hotridesapp\\vendor\\laravel\\framework\\src\\Illuminate\\Database\\Eloquent\\Builder.php(1318): Illuminate\\Database\\Query\\Builder->insertGetId(Array, 'id')
#6 C:\\Users\\canam\\Dropbox\\DC\\Semester 5\\DBAS\\Hot Rides Software\\hotridesapp\\vendor\\laravel\\framework\\src\\Illuminate\\Database\\Eloquent\\Model.php(823): Illuminate\\Database\\Eloquent\\Builder->__call('insertGetId', Array)
#7 C:\\Users\\canam\\Dropbox\\DC\\Semester 5\\DBAS\\Hot Rides Software\\hotridesapp\\vendor\\laravel\\framework\\src\\Illuminate\\Database\\Eloquent\\Model.php(788): Illuminate\\Database\\Eloquent\\Model->insertAndSetId(Object(Illuminate\\Database\\Eloquent\\Builder), Array)
#8 C:\\Users\\canam\\Dropbox\\DC\\Semester 5\\DBAS\\Hot Rides Software\\hotridesapp\\vendor\\laravel\\framework\\src\\Illuminate\\Database\\Eloquent\\Model.php(651): Illuminate\\Database\\Eloquent\\Model->performInsert(Object(Illuminate\\Database\\Eloquent\\Builder))
#9 C:\\Users\\canam\\Dropbox\\DC\\Semester 5\\DBAS\\Hot Rides Software\\hotridesapp\\app\\Http\\Controllers\\DonationController.php(36): Illuminate\\Database\\Eloquent\\Model->save()
#10 [internal function]: App\\Http\\Controllers\\DonationController->store(Object(Illuminate\\Http\\Request))
#11 C:\\Users\\canam\\Dropbox\\DC\\Semester 5\\DBAS\\Hot Rides Software\\hotridesapp\\vendor\\laravel\\framework\\src\\Illuminate\\Routing\\Controller.php(54): call_user_func_array(Array, Array)
#12 C:\\Users\\canam\\Dropbox\\DC\\Semester 5\\DBAS\\Hot Rides Software\\hotridesapp\\vendor\\laravel\\framework\\src\\Illuminate\\Routing\\ControllerDispatcher.php(45): Illuminate\\Routing\\Controller->callAction('store', Array)
#13 C:\\Users\\canam\\Dropbox\\DC\\Semester 5\\DBAS\\Hot Rides Software\\hotridesapp\\vendor\\laravel\\framework\\src\\Illuminate\\Routing\\Route.php(212): Illuminate\\Routing\\ControllerDispatcher->dispatch(Object(Illuminate\\Routing\\Route), Object(App\\Http\\Controllers\\DonationController), 'store')
#14 C:\\Users\\canam\\Dropbox\\DC\\Semester 5\\DBAS\\Hot Rides Software\\hotridesapp\\vendor\\laravel\\framework\\src\\Illuminate\\Routing\\Route.php(169): Illuminate\\Routing\\Route->runController()
#15 C:\\Users\\canam\\Dropbox\\DC\\Semester 5\\DBAS\\Hot Rides Software\\hotridesapp\\vendor\\laravel\\framework\\src\\Illuminate\\Routing\\Router.php(679): Illuminate\\Routing\\Route->run()
#16 C:\\Users\\canam\\Dropbox\\DC\\Semester 5\\DBAS\\Hot Rides Software\\hotridesapp\\vendor\\laravel\\framework\\src\\Illuminate\\Routing\\Pipeline.php(30): Illuminate\\Routing\\Router->Illuminate\\Routing\\{closure}(Object(Illuminate\\Http\\Request))
#17 C:\\Users\\canam\\Dropbox\\DC\\Semester 5\\DBAS\\Hot Rides Software\\hotridesapp\\vendor\\laravel\\framework\\src\\Illuminate\\Routing\\Middleware\\SubstituteBindings.php(41): Illuminate\\Routing\\Pipeline->Illuminate\\Routing\\{closure}(Object(Illuminate\\Http\\Request))
#18 C:\\Users\\canam\\Dropbox\\DC\\Semester 5\\DBAS\\Hot Rides Software\\hotridesapp\\vendor\\laravel\\framework\\src\\Illuminate\\Pipeline\\Pipeline.php(151): Illuminate\\Routing\\Middleware\\SubstituteBindings->handle(Object(Illuminate\\Http\\Request), Object(Closure))
#19 C:\\Users\\canam\\Dropbox\\DC\\Semester 5\\DBAS\\Hot Rides Software\\hotridesapp\\vendor\\laravel\\framework\\src\\Illuminate\\Routing\\Pipeline.php(53): Illuminate\\Pipeline\\Pipeline->Illuminate\\Pipeline\\{closure}(Object(Illuminate\\Http\\Request))
#20 C:\\Users\\canam\\Dropbox\\DC\\Semester 5\\DBAS\\Hot Rides Software\\hotridesapp\\vendor\\laravel\\framework\\src\\Illuminate\\Foundation\\Http\\Middleware\\VerifyCsrfToken.php(75): Illuminate\\Routing\\Pipeline->Illuminate\\Routing\\{closure}(Object(Illuminate\\Http\\Request))
#21 C:\\Users\\canam\\Dropbox\\DC\\Semester 5\\DBAS\\Hot Rides Software\\hotridesapp\\vendor\\laravel\\framework\\src\\Illuminate\\Pipeline\\Pipeline.php(151): Illuminate\\Foundation\\Http\\Middleware\\VerifyCsrfToken->handle(Object(Illuminate\\Http\\Request), Object(Closure))
#22 C:\\Users\\canam\\Dropbox\\DC\\Semester 5\\DBAS\\Hot Rides Software\\hotridesapp\\vendor\\laravel\\framework\\src\\Illuminate\\Routing\\Pipeline.php(53): Illuminate\\Pipeline\\Pipeline->Illuminate\\Pipeline\\{closure}(Object(Illuminate\\Http\\Request))
#23 C:\\Users\\canam\\Dropbox\\DC\\Semester 5\\DBAS\\Hot Rides Software\\hotridesapp\\vendor\\laravel\\framework\\src\\Illuminate\\View\\Middleware\\ShareErrorsFromSession.php(49): Illuminate\\Routing\\Pipeline->Illuminate\\Routing\\{closure}(Object(Illuminate\\Http\\Request))
#24 C:\\Users\\canam\\Dropbox\\DC\\Semester 5\\DBAS\\Hot Rides Software\\hotridesapp\\vendor\\laravel\\framework\\src\\Illuminate\\Pipeline\\Pipeline.php(151): Illuminate\\View\\Middleware\\ShareErrorsFromSession->handle(Object(Illuminate\\Http\\Request), Object(Closure))
#25 C:\\Users\\canam\\Dropbox\\DC\\Semester 5\\DBAS\\Hot Rides Software\\hotridesapp\\vendor\\laravel\\framework\\src\\Illuminate\\Routing\\Pipeline.php(53): Illuminate\\Pipeline\\Pipeline->Illuminate\\Pipeline\\{closure}(Object(Illuminate\\Http\\Request))
#26 C:\\Users\\canam\\Dropbox\\DC\\Semester 5\\DBAS\\Hot Rides Software\\hotridesapp\\vendor\\laravel\\framework\\src\\Illuminate\\Session\\Middleware\\StartSession.php(63): Illuminate\\Routing\\Pipeline->Illuminate\\Routing\\{closure}(Object(Illuminate\\Http\\Request))
#27 C:\\Users\\canam\\Dropbox\\DC\\Semester 5\\DBAS\\Hot Rides Software\\hotridesapp\\vendor\\laravel\\framework\\src\\Illuminate\\Pipeline\\Pipeline.php(151): Illuminate\\Session\\Middleware\\StartSession->handle(Object(Illuminate\\Http\\Request), Object(Closure))
#28 C:\\Users\\canam\\Dropbox\\DC\\Semester 5\\DBAS\\Hot Rides Software\\hotridesapp\\vendor\\laravel\\framework\\src\\Illuminate\\Routing\\Pipeline.php(53): Illuminate\\Pipeline\\Pipeline->Illuminate\\Pipeline\\{closure}(Object(Illuminate\\Http\\Request))
#29 C:\\Users\\canam\\Dropbox\\DC\\Semester 5\\DBAS\\Hot Rides Software\\hotridesapp\\vendor\\laravel\\framework\\src\\Illuminate\\Cookie\\Middleware\\AddQueuedCookiesToResponse.php(37): Illuminate\\Routing\\Pipeline->Illuminate\\Routing\\{closure}(Object(Illuminate\\Http\\Request))
#30 C:\\Users\\canam\\Dropbox\\DC\\Semester 5\\DBAS\\Hot Rides Software\\hotridesapp\\vendor\\laravel\\framework\\src\\Illuminate\\Pipeline\\Pipeline.php(151): Illuminate\\Cookie\\Middleware\\AddQueuedCookiesToResponse->handle(Object(Illuminate\\Http\\Request), Object(Closure))
#31 C:\\Users\\canam\\Dropbox\\DC\\Semester 5\\DBAS\\Hot Rides Software\\hotridesapp\\vendor\\laravel\\framework\\src\\Illuminate\\Routing\\Pipeline.php(53): Illuminate\\Pipeline\\Pipeline->Illuminate\\Pipeline\\{closure}(Object(Illuminate\\Http\\Request))
#32 C:\\Users\\canam\\Dropbox\\DC\\Semester 5\\DBAS\\Hot Rides Software\\hotridesapp\\vendor\\laravel\\framework\\src\\Illuminate\\Cookie\\Middleware\\EncryptCookies.php(66): Illuminate\\Routing\\Pipeline->Illuminate\\Routing\\{closure}(Object(Illuminate\\Http\\Request))
#33 C:\\Users\\canam\\Dropbox\\DC\\Semester 5\\DBAS\\Hot Rides Software\\hotridesapp\\vendor\\laravel\\framework\\src\\Illuminate\\Pipeline\\Pipeline.php(151): Illuminate\\Cookie\\Middleware\\EncryptCookies->handle(Object(Illuminate\\Http\\Request), Object(Closure))
#34 C:\\Users\\canam\\Dropbox\\DC\\Semester 5\\DBAS\\Hot Rides Software\\hotridesapp\\vendor\\laravel\\framework\\src\\Illuminate\\Routing\\Pipeline.php(53): Illuminate\\Pipeline\\Pipeline->Illuminate\\Pipeline\\{closure}(Object(Illuminate\\Http\\Request))
#35 C:\\Users\\canam\\Dropbox\\DC\\Semester 5\\DBAS\\Hot Rides Software\\hotridesapp\\vendor\\laravel\\framework\\src\\Illuminate\\Pipeline\\Pipeline.php(104): Illuminate\\Routing\\Pipeline->Illuminate\\Routing\\{closure}(Object(Illuminate\\Http\\Request))
#36 C:\\Users\\canam\\Dropbox\\DC\\Semester 5\\DBAS\\Hot Rides Software\\hotridesapp\\vendor\\laravel\\framework\\src\\Illuminate\\Routing\\Router.php(681): Illuminate\\Pipeline\\Pipeline->then(Object(Closure))
#37 C:\\Users\\canam\\Dropbox\\DC\\Semester 5\\DBAS\\Hot Rides Software\\hotridesapp\\vendor\\laravel\\framework\\src\\Illuminate\\Routing\\Router.php(656): Illuminate\\Routing\\Router->runRouteWithinStack(Object(Illuminate\\Routing\\Route), Object(Illuminate\\Http\\Request))
#38 C:\\Users\\canam\\Dropbox\\DC\\Semester 5\\DBAS\\Hot Rides Software\\hotridesapp\\vendor\\laravel\\framework\\src\\Illuminate\\Routing\\Router.php(622): Illuminate\\Routing\\Router->runRoute(Object(Illuminate\\Http\\Request), Object(Illuminate\\Routing\\Route))
#39 C:\\Users\\canam\\Dropbox\\DC\\Semester 5\\DBAS\\Hot Rides Software\\hotridesapp\\vendor\\laravel\\framework\\src\\Illuminate\\Routing\\Router.php(611): Illuminate\\Routing\\Router->dispatchToRoute(Object(Illuminate\\Http\\Request))
#40 C:\\Users\\canam\\Dropbox\\DC\\Semester 5\\DBAS\\Hot Rides Software\\hotridesapp\\vendor\\laravel\\framework\\src\\Illuminate\\Foundation\\Http\\Kernel.php(176): Illuminate\\Routing\\Router->dispatch(Object(Illuminate\\Http\\Request))
#41 C:\\Users\\canam\\Dropbox\\DC\\Semester 5\\DBAS\\Hot Rides Software\\hotridesapp\\vendor\\laravel\\framework\\src\\Illuminate\\Routing\\Pipeline.php(30): Illuminate\\Foundation\\Http\\Kernel->Illuminate\\Foundation\\Http\\{closure}(Object(Illuminate\\Http\\Request))
#42 C:\\Users\\canam\\Dropbox\\DC\\Semester 5\\DBAS\\Hot Rides Software\\hotridesapp\\vendor\\fideloper\\proxy\\src\\TrustProxies.php(57): Illuminate\\Routing\\Pipeline->Illuminate\\Routing\\{closure}(Object(Illuminate\\Http\\Request))
#43 C:\\Users\\canam\\Dropbox\\DC\\Semester 5\\DBAS\\Hot Rides Software\\hotridesapp\\vendor\\laravel\\framework\\src\\Illuminate\\Pipeline\\Pipeline.php(151): Fideloper\\Proxy\\TrustProxies->handle(Object(Illuminate\\Http\\Request), Object(Closure))
#44 C:\\Users\\canam\\Dropbox\\DC\\Semester 5\\DBAS\\Hot Rides Software\\hotridesapp\\vendor\\laravel\\framework\\src\\Illuminate\\Routing\\Pipeline.php(53): Illuminate\\Pipeline\\Pipeline->Illuminate\\Pipeline\\{closure}(Object(Illuminate\\Http\\Request))
#45 C:\\Users\\canam\\Dropbox\\DC\\Semester 5\\DBAS\\Hot Rides Software\\hotridesapp\\vendor\\laravel\\framework\\src\\Illuminate\\Foundation\\Http\\Middleware\\TransformsRequest.php(31): Illuminate\\Routing\\Pipeline->Illuminate\\Routing\\{closure}(Object(Illuminate\\Http\\Request))
#46 C:\\Users\\canam\\Dropbox\\DC\\Semester 5\\DBAS\\Hot Rides Software\\hotridesapp\\vendor\\laravel\\framework\\src\\Illuminate\\Pipeline\\Pipeline.php(151): Illuminate\\Foundation\\Http\\Middleware\\TransformsRequest->handle(Object(Illuminate\\Http\\Request), Object(Closure))
#47 C:\\Users\\canam\\Dropbox\\DC\\Semester 5\\DBAS\\Hot Rides Software\\hotridesapp\\vendor\\laravel\\framework\\src\\Illuminate\\Routing\\Pipeline.php(53): Illuminate\\Pipeline\\Pipeline->Illuminate\\Pipeline\\{closure}(Object(Illuminate\\Http\\Request))
#48 C:\\Users\\canam\\Dropbox\\DC\\Semester 5\\DBAS\\Hot Rides Software\\hotridesapp\\vendor\\laravel\\framework\\src\\Illuminate\\Foundation\\Http\\Middleware\\TransformsRequest.php(31): Illuminate\\Routing\\Pipeline->Illuminate\\Routing\\{closure}(Object(Illuminate\\Http\\Request))
#49 C:\\Users\\canam\\Dropbox\\DC\\Semester 5\\DBAS\\Hot Rides Software\\hotridesapp\\vendor\\laravel\\framework\\src\\Illuminate\\Pipeline\\Pipeline.php(151): Illuminate\\Foundation\\Http\\Middleware\\TransformsRequest->handle(Object(Illuminate\\Http\\Request), Object(Closure))
#50 C:\\Users\\canam\\Dropbox\\DC\\Semester 5\\DBAS\\Hot Rides Software\\hotridesapp\\vendor\\laravel\\framework\\src\\Illuminate\\Routing\\Pipeline.php(53): Illuminate\\Pipeline\\Pipeline->Illuminate\\Pipeline\\{closure}(Object(Illuminate\\Http\\Request))
#51 C:\\Users\\canam\\Dropbox\\DC\\Semester 5\\DBAS\\Hot Rides Software\\hotridesapp\\vendor\\laravel\\framework\\src\\Illuminate\\Foundation\\Http\\Middleware\\ValidatePostSize.php(27): Illuminate\\Routing\\Pipeline->Illuminate\\Routing\\{closure}(Object(Illuminate\\Http\\Request))
#52 C:\\Users\\canam\\Dropbox\\DC\\Semester 5\\DBAS\\Hot Rides Software\\hotridesapp\\vendor\\laravel\\framework\\src\\Illuminate\\Pipeline\\Pipeline.php(151): Illuminate\\Foundation\\Http\\Middleware\\ValidatePostSize->handle(Object(Illuminate\\Http\\Request), Object(Closure))
#53 C:\\Users\\canam\\Dropbox\\DC\\Semester 5\\DBAS\\Hot Rides Software\\hotridesapp\\vendor\\laravel\\framework\\src\\Illuminate\\Routing\\Pipeline.php(53): Illuminate\\Pipeline\\Pipeline->Illuminate\\Pipeline\\{closure}(Object(Illuminate\\Http\\Request))
#54 C:\\Users\\canam\\Dropbox\\DC\\Semester 5\\DBAS\\Hot Rides Software\\hotridesapp\\vendor\\laravel\\framework\\src\\Illuminate\\Foundation\\Http\\Middleware\\CheckForMaintenanceMode.php(62): Illuminate\\Routing\\Pipeline->Illuminate\\Routing\\{closure}(Object(Illuminate\\Http\\Request))
#55 C:\\Users\\canam\\Dropbox\\DC\\Semester 5\\DBAS\\Hot Rides Software\\hotridesapp\\vendor\\laravel\\framework\\src\\Illuminate\\Pipeline\\Pipeline.php(151): Illuminate\\Foundation\\Http\\Middleware\\CheckForMaintenanceMode->handle(Object(Illuminate\\Http\\Request), Object(Closure))
#56 C:\\Users\\canam\\Dropbox\\DC\\Semester 5\\DBAS\\Hot Rides Software\\hotridesapp\\vendor\\laravel\\framework\\src\\Illuminate\\Routing\\Pipeline.php(53): Illuminate\\Pipeline\\Pipeline->Illuminate\\Pipeline\\{closure}(Object(Illuminate\\Http\\Request))
#57 C:\\Users\\canam\\Dropbox\\DC\\Semester 5\\DBAS\\Hot Rides Software\\hotridesapp\\vendor\\laravel\\framework\\src\\Illuminate\\Pipeline\\Pipeline.php(104): Illuminate\\Routing\\Pipeline->Illuminate\\Routing\\{closure}(Object(Illuminate\\Http\\Request))
#58 C:\\Users\\canam\\Dropbox\\DC\\Semester 5\\DBAS\\Hot Rides Software\\hotridesapp\\vendor\\laravel\\framework\\src\\Illuminate\\Foundation\\Http\\Kernel.php(151): Illuminate\\Pipeline\\Pipeline->then(Object(Closure))
#59 C:\\Users\\canam\\Dropbox\\DC\\Semester 5\\DBAS\\Hot Rides Software\\hotridesapp\\vendor\\laravel\\framework\\src\\Illuminate\\Foundation\\Http\\Kernel.php(116): Illuminate\\Foundation\\Http\\Kernel->sendRequestThroughRouter(Object(Illuminate\\Http\\Request))
#60 C:\\Users\\canam\\Dropbox\\DC\\Semester 5\\DBAS\\Hot Rides Software\\hotridesapp\\public\\index.php(55): Illuminate\\Foundation\\Http\\Kernel->handle(Object(Illuminate\\Http\\Request))
#61 C:\\Users\\canam\\Dropbox\\DC\\Semester 5\\DBAS\\Hot Rides Software\\hotridesapp\\server.php(21): require_once('C:\\\\Users\\\\canam\\\\...')
#62 {main}
"} 
[2018-11-27 18:35:20] local.ERROR: SQLSTATE[22P02]: Invalid text representation: 7 ERROR:  invalid input syntax for type double precision: "$15" (SQL: insert into "donations" ("type", "number", "expiry", "name", "charge", "updated_at", "created_at") values (Master, 123456789010, 2023-11-21, Johnny John, $15, 2018-11-27 18:35:20, 2018-11-27 18:35:20) returning "id") {"userId":1,"email":"canamavrick@gmail.com","exception":"[object] (Illuminate\\Database\\QueryException(code: 22P02): SQLSTATE[22P02]: Invalid text representation: 7 ERROR:  invalid input syntax for type double precision: \"$15\" (SQL: insert into \"donations\" (\"type\", \"number\", \"expiry\", \"name\", \"charge\", \"updated_at\", \"created_at\") values (Master, 123456789010, 2023-11-21, Johnny John, $15, 2018-11-27 18:35:20, 2018-11-27 18:35:20) returning \"id\") at C:\\Users\\canam\\Dropbox\\DC\\Semester 5\\DBAS\\Hot Rides Software\\hotridesapp\\vendor\\laravel\\framework\\src\\Illuminate\\Database\\Connection.php:664, PDOException(code: 22P02): SQLSTATE[22P02]: Invalid text representation: 7 ERROR:  invalid input syntax for type double precision: \"$15\" at C:\\Users\\canam\\Dropbox\\DC\\Semester 5\\DBAS\\Hot Rides Software\\hotridesapp\\vendor\\laravel\\framework\\src\\Illuminate\\Database\\Connection.php:330)
[stacktrace]
#0 C:\\Users\\canam\\Dropbox\\DC\\Semester 5\\DBAS\\Hot Rides Software\\hotridesapp\\vendor\\laravel\\framework\\src\\Illuminate\\Database\\Connection.php(624): Illuminate\\Database\\Connection->runQueryCallback('insert into \"do...', Array, Object(Closure))
#1 C:\\Users\\canam\\Dropbox\\DC\\Semester 5\\DBAS\\Hot Rides Software\\hotridesapp\\vendor\\laravel\\framework\\src\\Illuminate\\Database\\Connection.php(333): Illuminate\\Database\\Connection->run('insert into \"do...', Array, Object(Closure))
#2 C:\\Users\\canam\\Dropbox\\DC\\Semester 5\\DBAS\\Hot Rides Software\\hotridesapp\\vendor\\laravel\\framework\\src\\Illuminate\\Database\\Connection.php(304): Illuminate\\Database\\Connection->select('insert into \"do...', Array, false)
#3 C:\\Users\\canam\\Dropbox\\DC\\Semester 5\\DBAS\\Hot Rides Software\\hotridesapp\\vendor\\laravel\\framework\\src\\Illuminate\\Database\\Query\\Processors\\PostgresProcessor.php(20): Illuminate\\Database\\Connection->selectFromWriteConnection('insert into \"do...', Array)
#4 C:\\Users\\canam\\Dropbox\\DC\\Semester 5\\DBAS\\Hot Rides Software\\hotridesapp\\vendor\\laravel\\framework\\src\\Illuminate\\Database\\Query\\Builder.php(2558): Illuminate\\Database\\Query\\Processors\\PostgresProcessor->processInsertGetId(Object(Illuminate\\Database\\Query\\Builder), 'insert into \"do...', Array, 'id')
#5 C:\\Users\\canam\\Dropbox\\DC\\Semester 5\\DBAS\\Hot Rides Software\\hotridesapp\\vendor\\laravel\\framework\\src\\Illuminate\\Database\\Eloquent\\Builder.php(1318): Illuminate\\Database\\Query\\Builder->insertGetId(Array, 'id')
#6 C:\\Users\\canam\\Dropbox\\DC\\Semester 5\\DBAS\\Hot Rides Software\\hotridesapp\\vendor\\laravel\\framework\\src\\Illuminate\\Database\\Eloquent\\Model.php(823): Illuminate\\Database\\Eloquent\\Builder->__call('insertGetId', Array)
#7 C:\\Users\\canam\\Dropbox\\DC\\Semester 5\\DBAS\\Hot Rides Software\\hotridesapp\\vendor\\laravel\\framework\\src\\Illuminate\\Database\\Eloquent\\Model.php(788): Illuminate\\Database\\Eloquent\\Model->insertAndSetId(Object(Illuminate\\Database\\Eloquent\\Builder), Array)
#8 C:\\Users\\canam\\Dropbox\\DC\\Semester 5\\DBAS\\Hot Rides Software\\hotridesapp\\vendor\\laravel\\framework\\src\\Illuminate\\Database\\Eloquent\\Model.php(651): Illuminate\\Database\\Eloquent\\Model->performInsert(Object(Illuminate\\Database\\Eloquent\\Builder))
#9 C:\\Users\\canam\\Dropbox\\DC\\Semester 5\\DBAS\\Hot Rides Software\\hotridesapp\\app\\Http\\Controllers\\DonationController.php(36): Illuminate\\Database\\Eloquent\\Model->save()
#10 [internal function]: App\\Http\\Controllers\\DonationController->store(Object(Illuminate\\Http\\Request))
#11 C:\\Users\\canam\\Dropbox\\DC\\Semester 5\\DBAS\\Hot Rides Software\\hotridesapp\\vendor\\laravel\\framework\\src\\Illuminate\\Routing\\Controller.php(54): call_user_func_array(Array, Array)
#12 C:\\Users\\canam\\Dropbox\\DC\\Semester 5\\DBAS\\Hot Rides Software\\hotridesapp\\vendor\\laravel\\framework\\src\\Illuminate\\Routing\\ControllerDispatcher.php(45): Illuminate\\Routing\\Controller->callAction('store', Array)
#13 C:\\Users\\canam\\Dropbox\\DC\\Semester 5\\DBAS\\Hot Rides Software\\hotridesapp\\vendor\\laravel\\framework\\src\\Illuminate\\Routing\\Route.php(212): Illuminate\\Routing\\ControllerDispatcher->dispatch(Object(Illuminate\\Routing\\Route), Object(App\\Http\\Controllers\\DonationController), 'store')
#14 C:\\Users\\canam\\Dropbox\\DC\\Semester 5\\DBAS\\Hot Rides Software\\hotridesapp\\vendor\\laravel\\framework\\src\\Illuminate\\Routing\\Route.php(169): Illuminate\\Routing\\Route->runController()
#15 C:\\Users\\canam\\Dropbox\\DC\\Semester 5\\DBAS\\Hot Rides Software\\hotridesapp\\vendor\\laravel\\framework\\src\\Illuminate\\Routing\\Router.php(679): Illuminate\\Routing\\Route->run()
#16 C:\\Users\\canam\\Dropbox\\DC\\Semester 5\\DBAS\\Hot Rides Software\\hotridesapp\\vendor\\laravel\\framework\\src\\Illuminate\\Routing\\Pipeline.php(30): Illuminate\\Routing\\Router->Illuminate\\Routing\\{closure}(Object(Illuminate\\Http\\Request))
#17 C:\\Users\\canam\\Dropbox\\DC\\Semester 5\\DBAS\\Hot Rides Software\\hotridesapp\\vendor\\laravel\\framework\\src\\Illuminate\\Routing\\Middleware\\SubstituteBindings.php(41): Illuminate\\Routing\\Pipeline->Illuminate\\Routing\\{closure}(Object(Illuminate\\Http\\Request))
#18 C:\\Users\\canam\\Dropbox\\DC\\Semester 5\\DBAS\\Hot Rides Software\\hotridesapp\\vendor\\laravel\\framework\\src\\Illuminate\\Pipeline\\Pipeline.php(151): Illuminate\\Routing\\Middleware\\SubstituteBindings->handle(Object(Illuminate\\Http\\Request), Object(Closure))
#19 C:\\Users\\canam\\Dropbox\\DC\\Semester 5\\DBAS\\Hot Rides Software\\hotridesapp\\vendor\\laravel\\framework\\src\\Illuminate\\Routing\\Pipeline.php(53): Illuminate\\Pipeline\\Pipeline->Illuminate\\Pipeline\\{closure}(Object(Illuminate\\Http\\Request))
#20 C:\\Users\\canam\\Dropbox\\DC\\Semester 5\\DBAS\\Hot Rides Software\\hotridesapp\\vendor\\laravel\\framework\\src\\Illuminate\\Foundation\\Http\\Middleware\\VerifyCsrfToken.php(75): Illuminate\\Routing\\Pipeline->Illuminate\\Routing\\{closure}(Object(Illuminate\\Http\\Request))
#21 C:\\Users\\canam\\Dropbox\\DC\\Semester 5\\DBAS\\Hot Rides Software\\hotridesapp\\vendor\\laravel\\framework\\src\\Illuminate\\Pipeline\\Pipeline.php(151): Illuminate\\Foundation\\Http\\Middleware\\VerifyCsrfToken->handle(Object(Illuminate\\Http\\Request), Object(Closure))
#22 C:\\Users\\canam\\Dropbox\\DC\\Semester 5\\DBAS\\Hot Rides Software\\hotridesapp\\vendor\\laravel\\framework\\src\\Illuminate\\Routing\\Pipeline.php(53): Illuminate\\Pipeline\\Pipeline->Illuminate\\Pipeline\\{closure}(Object(Illuminate\\Http\\Request))
#23 C:\\Users\\canam\\Dropbox\\DC\\Semester 5\\DBAS\\Hot Rides Software\\hotridesapp\\vendor\\laravel\\framework\\src\\Illuminate\\View\\Middleware\\ShareErrorsFromSession.php(49): Illuminate\\Routing\\Pipeline->Illuminate\\Routing\\{closure}(Object(Illuminate\\Http\\Request))
#24 C:\\Users\\canam\\Dropbox\\DC\\Semester 5\\DBAS\\Hot Rides Software\\hotridesapp\\vendor\\laravel\\framework\\src\\Illuminate\\Pipeline\\Pipeline.php(151): Illuminate\\View\\Middleware\\ShareErrorsFromSession->handle(Object(Illuminate\\Http\\Request), Object(Closure))
#25 C:\\Users\\canam\\Dropbox\\DC\\Semester 5\\DBAS\\Hot Rides Software\\hotridesapp\\vendor\\laravel\\framework\\src\\Illuminate\\Routing\\Pipeline.php(53): Illuminate\\Pipeline\\Pipeline->Illuminate\\Pipeline\\{closure}(Object(Illuminate\\Http\\Request))
#26 C:\\Users\\canam\\Dropbox\\DC\\Semester 5\\DBAS\\Hot Rides Software\\hotridesapp\\vendor\\laravel\\framework\\src\\Illuminate\\Session\\Middleware\\StartSession.php(63): Illuminate\\Routing\\Pipeline->Illuminate\\Routing\\{closure}(Object(Illuminate\\Http\\Request))
#27 C:\\Users\\canam\\Dropbox\\DC\\Semester 5\\DBAS\\Hot Rides Software\\hotridesapp\\vendor\\laravel\\framework\\src\\Illuminate\\Pipeline\\Pipeline.php(151): Illuminate\\Session\\Middleware\\StartSession->handle(Object(Illuminate\\Http\\Request), Object(Closure))
#28 C:\\Users\\canam\\Dropbox\\DC\\Semester 5\\DBAS\\Hot Rides Software\\hotridesapp\\vendor\\laravel\\framework\\src\\Illuminate\\Routing\\Pipeline.php(53): Illuminate\\Pipeline\\Pipeline->Illuminate\\Pipeline\\{closure}(Object(Illuminate\\Http\\Request))
#29 C:\\Users\\canam\\Dropbox\\DC\\Semester 5\\DBAS\\Hot Rides Software\\hotridesapp\\vendor\\laravel\\framework\\src\\Illuminate\\Cookie\\Middleware\\AddQueuedCookiesToResponse.php(37): Illuminate\\Routing\\Pipeline->Illuminate\\Routing\\{closure}(Object(Illuminate\\Http\\Request))
#30 C:\\Users\\canam\\Dropbox\\DC\\Semester 5\\DBAS\\Hot Rides Software\\hotridesapp\\vendor\\laravel\\framework\\src\\Illuminate\\Pipeline\\Pipeline.php(151): Illuminate\\Cookie\\Middleware\\AddQueuedCookiesToResponse->handle(Object(Illuminate\\Http\\Request), Object(Closure))
#31 C:\\Users\\canam\\Dropbox\\DC\\Semester 5\\DBAS\\Hot Rides Software\\hotridesapp\\vendor\\laravel\\framework\\src\\Illuminate\\Routing\\Pipeline.php(53): Illuminate\\Pipeline\\Pipeline->Illuminate\\Pipeline\\{closure}(Object(Illuminate\\Http\\Request))
#32 C:\\Users\\canam\\Dropbox\\DC\\Semester 5\\DBAS\\Hot Rides Software\\hotridesapp\\vendor\\laravel\\framework\\src\\Illuminate\\Cookie\\Middleware\\EncryptCookies.php(66): Illuminate\\Routing\\Pipeline->Illuminate\\Routing\\{closure}(Object(Illuminate\\Http\\Request))
#33 C:\\Users\\canam\\Dropbox\\DC\\Semester 5\\DBAS\\Hot Rides Software\\hotridesapp\\vendor\\laravel\\framework\\src\\Illuminate\\Pipeline\\Pipeline.php(151): Illuminate\\Cookie\\Middleware\\EncryptCookies->handle(Object(Illuminate\\Http\\Request), Object(Closure))
#34 C:\\Users\\canam\\Dropbox\\DC\\Semester 5\\DBAS\\Hot Rides Software\\hotridesapp\\vendor\\laravel\\framework\\src\\Illuminate\\Routing\\Pipeline.php(53): Illuminate\\Pipeline\\Pipeline->Illuminate\\Pipeline\\{closure}(Object(Illuminate\\Http\\Request))
#35 C:\\Users\\canam\\Dropbox\\DC\\Semester 5\\DBAS\\Hot Rides Software\\hotridesapp\\vendor\\laravel\\framework\\src\\Illuminate\\Pipeline\\Pipeline.php(104): Illuminate\\Routing\\Pipeline->Illuminate\\Routing\\{closure}(Object(Illuminate\\Http\\Request))
#36 C:\\Users\\canam\\Dropbox\\DC\\Semester 5\\DBAS\\Hot Rides Software\\hotridesapp\\vendor\\laravel\\framework\\src\\Illuminate\\Routing\\Router.php(681): Illuminate\\Pipeline\\Pipeline->then(Object(Closure))
#37 C:\\Users\\canam\\Dropbox\\DC\\Semester 5\\DBAS\\Hot Rides Software\\hotridesapp\\vendor\\laravel\\framework\\src\\Illuminate\\Routing\\Router.php(656): Illuminate\\Routing\\Router->runRouteWithinStack(Object(Illuminate\\Routing\\Route), Object(Illuminate\\Http\\Request))
#38 C:\\Users\\canam\\Dropbox\\DC\\Semester 5\\DBAS\\Hot Rides Software\\hotridesapp\\vendor\\laravel\\framework\\src\\Illuminate\\Routing\\Router.php(622): Illuminate\\Routing\\Router->runRoute(Object(Illuminate\\Http\\Request), Object(Illuminate\\Routing\\Route))
#39 C:\\Users\\canam\\Dropbox\\DC\\Semester 5\\DBAS\\Hot Rides Software\\hotridesapp\\vendor\\laravel\\framework\\src\\Illuminate\\Routing\\Router.php(611): Illuminate\\Routing\\Router->dispatchToRoute(Object(Illuminate\\Http\\Request))
#40 C:\\Users\\canam\\Dropbox\\DC\\Semester 5\\DBAS\\Hot Rides Software\\hotridesapp\\vendor\\laravel\\framework\\src\\Illuminate\\Foundation\\Http\\Kernel.php(176): Illuminate\\Routing\\Router->dispatch(Object(Illuminate\\Http\\Request))
#41 C:\\Users\\canam\\Dropbox\\DC\\Semester 5\\DBAS\\Hot Rides Software\\hotridesapp\\vendor\\laravel\\framework\\src\\Illuminate\\Routing\\Pipeline.php(30): Illuminate\\Foundation\\Http\\Kernel->Illuminate\\Foundation\\Http\\{closure}(Object(Illuminate\\Http\\Request))
#42 C:\\Users\\canam\\Dropbox\\DC\\Semester 5\\DBAS\\Hot Rides Software\\hotridesapp\\vendor\\fideloper\\proxy\\src\\TrustProxies.php(57): Illuminate\\Routing\\Pipeline->Illuminate\\Routing\\{closure}(Object(Illuminate\\Http\\Request))
#43 C:\\Users\\canam\\Dropbox\\DC\\Semester 5\\DBAS\\Hot Rides Software\\hotridesapp\\vendor\\laravel\\framework\\src\\Illuminate\\Pipeline\\Pipeline.php(151): Fideloper\\Proxy\\TrustProxies->handle(Object(Illuminate\\Http\\Request), Object(Closure))
#44 C:\\Users\\canam\\Dropbox\\DC\\Semester 5\\DBAS\\Hot Rides Software\\hotridesapp\\vendor\\laravel\\framework\\src\\Illuminate\\Routing\\Pipeline.php(53): Illuminate\\Pipeline\\Pipeline->Illuminate\\Pipeline\\{closure}(Object(Illuminate\\Http\\Request))
#45 C:\\Users\\canam\\Dropbox\\DC\\Semester 5\\DBAS\\Hot Rides Software\\hotridesapp\\vendor\\laravel\\framework\\src\\Illuminate\\Foundation\\Http\\Middleware\\TransformsRequest.php(31): Illuminate\\Routing\\Pipeline->Illuminate\\Routing\\{closure}(Object(Illuminate\\Http\\Request))
#46 C:\\Users\\canam\\Dropbox\\DC\\Semester 5\\DBAS\\Hot Rides Software\\hotridesapp\\vendor\\laravel\\framework\\src\\Illuminate\\Pipeline\\Pipeline.php(151): Illuminate\\Foundation\\Http\\Middleware\\TransformsRequest->handle(Object(Illuminate\\Http\\Request), Object(Closure))
#47 C:\\Users\\canam\\Dropbox\\DC\\Semester 5\\DBAS\\Hot Rides Software\\hotridesapp\\vendor\\laravel\\framework\\src\\Illuminate\\Routing\\Pipeline.php(53): Illuminate\\Pipeline\\Pipeline->Illuminate\\Pipeline\\{closure}(Object(Illuminate\\Http\\Request))
#48 C:\\Users\\canam\\Dropbox\\DC\\Semester 5\\DBAS\\Hot Rides Software\\hotridesapp\\vendor\\laravel\\framework\\src\\Illuminate\\Foundation\\Http\\Middleware\\TransformsRequest.php(31): Illuminate\\Routing\\Pipeline->Illuminate\\Routing\\{closure}(Object(Illuminate\\Http\\Request))
#49 C:\\Users\\canam\\Dropbox\\DC\\Semester 5\\DBAS\\Hot Rides Software\\hotridesapp\\vendor\\laravel\\framework\\src\\Illuminate\\Pipeline\\Pipeline.php(151): Illuminate\\Foundation\\Http\\Middleware\\TransformsRequest->handle(Object(Illuminate\\Http\\Request), Object(Closure))
#50 C:\\Users\\canam\\Dropbox\\DC\\Semester 5\\DBAS\\Hot Rides Software\\hotridesapp\\vendor\\laravel\\framework\\src\\Illuminate\\Routing\\Pipeline.php(53): Illuminate\\Pipeline\\Pipeline->Illuminate\\Pipeline\\{closure}(Object(Illuminate\\Http\\Request))
#51 C:\\Users\\canam\\Dropbox\\DC\\Semester 5\\DBAS\\Hot Rides Software\\hotridesapp\\vendor\\laravel\\framework\\src\\Illuminate\\Foundation\\Http\\Middleware\\ValidatePostSize.php(27): Illuminate\\Routing\\Pipeline->Illuminate\\Routing\\{closure}(Object(Illuminate\\Http\\Request))
#52 C:\\Users\\canam\\Dropbox\\DC\\Semester 5\\DBAS\\Hot Rides Software\\hotridesapp\\vendor\\laravel\\framework\\src\\Illuminate\\Pipeline\\Pipeline.php(151): Illuminate\\Foundation\\Http\\Middleware\\ValidatePostSize->handle(Object(Illuminate\\Http\\Request), Object(Closure))
#53 C:\\Users\\canam\\Dropbox\\DC\\Semester 5\\DBAS\\Hot Rides Software\\hotridesapp\\vendor\\laravel\\framework\\src\\Illuminate\\Routing\\Pipeline.php(53): Illuminate\\Pipeline\\Pipeline->Illuminate\\Pipeline\\{closure}(Object(Illuminate\\Http\\Request))
#54 C:\\Users\\canam\\Dropbox\\DC\\Semester 5\\DBAS\\Hot Rides Software\\hotridesapp\\vendor\\laravel\\framework\\src\\Illuminate\\Foundation\\Http\\Middleware\\CheckForMaintenanceMode.php(62): Illuminate\\Routing\\Pipeline->Illuminate\\Routing\\{closure}(Object(Illuminate\\Http\\Request))
#55 C:\\Users\\canam\\Dropbox\\DC\\Semester 5\\DBAS\\Hot Rides Software\\hotridesapp\\vendor\\laravel\\framework\\src\\Illuminate\\Pipeline\\Pipeline.php(151): Illuminate\\Foundation\\Http\\Middleware\\CheckForMaintenanceMode->handle(Object(Illuminate\\Http\\Request), Object(Closure))
#56 C:\\Users\\canam\\Dropbox\\DC\\Semester 5\\DBAS\\Hot Rides Software\\hotridesapp\\vendor\\laravel\\framework\\src\\Illuminate\\Routing\\Pipeline.php(53): Illuminate\\Pipeline\\Pipeline->Illuminate\\Pipeline\\{closure}(Object(Illuminate\\Http\\Request))
#57 C:\\Users\\canam\\Dropbox\\DC\\Semester 5\\DBAS\\Hot Rides Software\\hotridesapp\\vendor\\laravel\\framework\\src\\Illuminate\\Pipeline\\Pipeline.php(104): Illuminate\\Routing\\Pipeline->Illuminate\\Routing\\{closure}(Object(Illuminate\\Http\\Request))
#58 C:\\Users\\canam\\Dropbox\\DC\\Semester 5\\DBAS\\Hot Rides Software\\hotridesapp\\vendor\\laravel\\framework\\src\\Illuminate\\Foundation\\Http\\Kernel.php(151): Illuminate\\Pipeline\\Pipeline->then(Object(Closure))
#59 C:\\Users\\canam\\Dropbox\\DC\\Semester 5\\DBAS\\Hot Rides Software\\hotridesapp\\vendor\\laravel\\framework\\src\\Illuminate\\Foundation\\Http\\Kernel.php(116): Illuminate\\Foundation\\Http\\Kernel->sendRequestThroughRouter(Object(Illuminate\\Http\\Request))
#60 C:\\Users\\canam\\Dropbox\\DC\\Semester 5\\DBAS\\Hot Rides Software\\hotridesapp\\public\\index.php(55): Illuminate\\Foundation\\Http\\Kernel->handle(Object(Illuminate\\Http\\Request))
#61 C:\\Users\\canam\\Dropbox\\DC\\Semester 5\\DBAS\\Hot Rides Software\\hotridesapp\\server.php(21): require_once('C:\\\\Users\\\\canam\\\\...')
#62 {main}
"} 
[2018-11-27 18:49:47] local.ERROR: Class App\Http\Controllers\UsersController does not exist {"exception":"[object] (ReflectionException(code: -1): Class App\\Http\\Controllers\\UsersController does not exist at C:\\Users\\canam\\Dropbox\\DC\\Semester 5\\DBAS\\Hot Rides Software\\hotridesapp\\vendor\\laravel\\framework\\src\\Illuminate\\Container\\Container.php:779)
[stacktrace]
#0 C:\\Users\\canam\\Dropbox\\DC\\Semester 5\\DBAS\\Hot Rides Software\\hotridesapp\\vendor\\laravel\\framework\\src\\Illuminate\\Container\\Container.php(779): ReflectionClass->__construct('App\\\\Http\\\\Contro...')
#1 C:\\Users\\canam\\Dropbox\\DC\\Semester 5\\DBAS\\Hot Rides Software\\hotridesapp\\vendor\\laravel\\framework\\src\\Illuminate\\Container\\Container.php(658): Illuminate\\Container\\Container->build('App\\\\Http\\\\Contro...')
#2 C:\\Users\\canam\\Dropbox\\DC\\Semester 5\\DBAS\\Hot Rides Software\\hotridesapp\\vendor\\laravel\\framework\\src\\Illuminate\\Container\\Container.php(609): Illuminate\\Container\\Container->resolve('App\\\\Http\\\\Contro...', Array)
#3 C:\\Users\\canam\\Dropbox\\DC\\Semester 5\\DBAS\\Hot Rides Software\\hotridesapp\\vendor\\laravel\\framework\\src\\Illuminate\\Foundation\\Application.php(733): Illuminate\\Container\\Container->make('App\\\\Http\\\\Contro...', Array)
#4 C:\\Users\\canam\\Dropbox\\DC\\Semester 5\\DBAS\\Hot Rides Software\\hotridesapp\\vendor\\laravel\\framework\\src\\Illuminate\\Routing\\Route.php(226): Illuminate\\Foundation\\Application->make('App\\\\Http\\\\Contro...')
#5 C:\\Users\\canam\\Dropbox\\DC\\Semester 5\\DBAS\\Hot Rides Software\\hotridesapp\\vendor\\laravel\\framework\\src\\Illuminate\\Routing\\Route.php(796): Illuminate\\Routing\\Route->getController()
#6 C:\\Users\\canam\\Dropbox\\DC\\Semester 5\\DBAS\\Hot Rides Software\\hotridesapp\\vendor\\laravel\\framework\\src\\Illuminate\\Routing\\Route.php(757): Illuminate\\Routing\\Route->controllerMiddleware()
#7 C:\\Users\\canam\\Dropbox\\DC\\Semester 5\\DBAS\\Hot Rides Software\\hotridesapp\\vendor\\laravel\\framework\\src\\Illuminate\\Routing\\Router.php(692): Illuminate\\Routing\\Route->gatherMiddleware()
#8 C:\\Users\\canam\\Dropbox\\DC\\Semester 5\\DBAS\\Hot Rides Software\\hotridesapp\\vendor\\laravel\\framework\\src\\Illuminate\\Routing\\Router.php(672): Illuminate\\Routing\\Router->gatherRouteMiddleware(Object(Illuminate\\Routing\\Route))
#9 C:\\Users\\canam\\Dropbox\\DC\\Semester 5\\DBAS\\Hot Rides Software\\hotridesapp\\vendor\\laravel\\framework\\src\\Illuminate\\Routing\\Router.php(656): Illuminate\\Routing\\Router->runRouteWithinStack(Object(Illuminate\\Routing\\Route), Object(Illuminate\\Http\\Request))
#10 C:\\Users\\canam\\Dropbox\\DC\\Semester 5\\DBAS\\Hot Rides Software\\hotridesapp\\vendor\\laravel\\framework\\src\\Illuminate\\Routing\\Router.php(622): Illuminate\\Routing\\Router->runRoute(Object(Illuminate\\Http\\Request), Object(Illuminate\\Routing\\Route))
#11 C:\\Users\\canam\\Dropbox\\DC\\Semester 5\\DBAS\\Hot Rides Software\\hotridesapp\\vendor\\laravel\\framework\\src\\Illuminate\\Routing\\Router.php(611): Illuminate\\Routing\\Router->dispatchToRoute(Object(Illuminate\\Http\\Request))
#12 C:\\Users\\canam\\Dropbox\\DC\\Semester 5\\DBAS\\Hot Rides Software\\hotridesapp\\vendor\\laravel\\framework\\src\\Illuminate\\Foundation\\Http\\Kernel.php(176): Illuminate\\Routing\\Router->dispatch(Object(Illuminate\\Http\\Request))
#13 C:\\Users\\canam\\Dropbox\\DC\\Semester 5\\DBAS\\Hot Rides Software\\hotridesapp\\vendor\\laravel\\framework\\src\\Illuminate\\Routing\\Pipeline.php(30): Illuminate\\Foundation\\Http\\Kernel->Illuminate\\Foundation\\Http\\{closure}(Object(Illuminate\\Http\\Request))
#14 C:\\Users\\canam\\Dropbox\\DC\\Semester 5\\DBAS\\Hot Rides Software\\hotridesapp\\vendor\\fideloper\\proxy\\src\\TrustProxies.php(57): Illuminate\\Routing\\Pipeline->Illuminate\\Routing\\{closure}(Object(Illuminate\\Http\\Request))
#15 C:\\Users\\canam\\Dropbox\\DC\\Semester 5\\DBAS\\Hot Rides Software\\hotridesapp\\vendor\\laravel\\framework\\src\\Illuminate\\Pipeline\\Pipeline.php(151): Fideloper\\Proxy\\TrustProxies->handle(Object(Illuminate\\Http\\Request), Object(Closure))
#16 C:\\Users\\canam\\Dropbox\\DC\\Semester 5\\DBAS\\Hot Rides Software\\hotridesapp\\vendor\\laravel\\framework\\src\\Illuminate\\Routing\\Pipeline.php(53): Illuminate\\Pipeline\\Pipeline->Illuminate\\Pipeline\\{closure}(Object(Illuminate\\Http\\Request))
#17 C:\\Users\\canam\\Dropbox\\DC\\Semester 5\\DBAS\\Hot Rides Software\\hotridesapp\\vendor\\laravel\\framework\\src\\Illuminate\\Foundation\\Http\\Middleware\\TransformsRequest.php(31): Illuminate\\Routing\\Pipeline->Illuminate\\Routing\\{closure}(Object(Illuminate\\Http\\Request))
#18 C:\\Users\\canam\\Dropbox\\DC\\Semester 5\\DBAS\\Hot Rides Software\\hotridesapp\\vendor\\laravel\\framework\\src\\Illuminate\\Pipeline\\Pipeline.php(151): Illuminate\\Foundation\\Http\\Middleware\\TransformsRequest->handle(Object(Illuminate\\Http\\Request), Object(Closure))
#19 C:\\Users\\canam\\Dropbox\\DC\\Semester 5\\DBAS\\Hot Rides Software\\hotridesapp\\vendor\\laravel\\framework\\src\\Illuminate\\Routing\\Pipeline.php(53): Illuminate\\Pipeline\\Pipeline->Illuminate\\Pipeline\\{closure}(Object(Illuminate\\Http\\Request))
#20 C:\\Users\\canam\\Dropbox\\DC\\Semester 5\\DBAS\\Hot Rides Software\\hotridesapp\\vendor\\laravel\\framework\\src\\Illuminate\\Foundation\\Http\\Middleware\\TransformsRequest.php(31): Illuminate\\Routing\\Pipeline->Illuminate\\Routing\\{closure}(Object(Illuminate\\Http\\Request))
#21 C:\\Users\\canam\\Dropbox\\DC\\Semester 5\\DBAS\\Hot Rides Software\\hotridesapp\\vendor\\laravel\\framework\\src\\Illuminate\\Pipeline\\Pipeline.php(151): Illuminate\\Foundation\\Http\\Middleware\\TransformsRequest->handle(Object(Illuminate\\Http\\Request), Object(Closure))
#22 C:\\Users\\canam\\Dropbox\\DC\\Semester 5\\DBAS\\Hot Rides Software\\hotridesapp\\vendor\\laravel\\framework\\src\\Illuminate\\Routing\\Pipeline.php(53): Illuminate\\Pipeline\\Pipeline->Illuminate\\Pipeline\\{closure}(Object(Illuminate\\Http\\Request))
#23 C:\\Users\\canam\\Dropbox\\DC\\Semester 5\\DBAS\\Hot Rides Software\\hotridesapp\\vendor\\laravel\\framework\\src\\Illuminate\\Foundation\\Http\\Middleware\\ValidatePostSize.php(27): Illuminate\\Routing\\Pipeline->Illuminate\\Routing\\{closure}(Object(Illuminate\\Http\\Request))
#24 C:\\Users\\canam\\Dropbox\\DC\\Semester 5\\DBAS\\Hot Rides Software\\hotridesapp\\vendor\\laravel\\framework\\src\\Illuminate\\Pipeline\\Pipeline.php(151): Illuminate\\Foundation\\Http\\Middleware\\ValidatePostSize->handle(Object(Illuminate\\Http\\Request), Object(Closure))
#25 C:\\Users\\canam\\Dropbox\\DC\\Semester 5\\DBAS\\Hot Rides Software\\hotridesapp\\vendor\\laravel\\framework\\src\\Illuminate\\Routing\\Pipeline.php(53): Illuminate\\Pipeline\\Pipeline->Illuminate\\Pipeline\\{closure}(Object(Illuminate\\Http\\Request))
#26 C:\\Users\\canam\\Dropbox\\DC\\Semester 5\\DBAS\\Hot Rides Software\\hotridesapp\\vendor\\laravel\\framework\\src\\Illuminate\\Foundation\\Http\\Middleware\\CheckForMaintenanceMode.php(62): Illuminate\\Routing\\Pipeline->Illuminate\\Routing\\{closure}(Object(Illuminate\\Http\\Request))
#27 C:\\Users\\canam\\Dropbox\\DC\\Semester 5\\DBAS\\Hot Rides Software\\hotridesapp\\vendor\\laravel\\framework\\src\\Illuminate\\Pipeline\\Pipeline.php(151): Illuminate\\Foundation\\Http\\Middleware\\CheckForMaintenanceMode->handle(Object(Illuminate\\Http\\Request), Object(Closure))
#28 C:\\Users\\canam\\Dropbox\\DC\\Semester 5\\DBAS\\Hot Rides Software\\hotridesapp\\vendor\\laravel\\framework\\src\\Illuminate\\Routing\\Pipeline.php(53): Illuminate\\Pipeline\\Pipeline->Illuminate\\Pipeline\\{closure}(Object(Illuminate\\Http\\Request))
#29 C:\\Users\\canam\\Dropbox\\DC\\Semester 5\\DBAS\\Hot Rides Software\\hotridesapp\\vendor\\laravel\\framework\\src\\Illuminate\\Pipeline\\Pipeline.php(104): Illuminate\\Routing\\Pipeline->Illuminate\\Routing\\{closure}(Object(Illuminate\\Http\\Request))
#30 C:\\Users\\canam\\Dropbox\\DC\\Semester 5\\DBAS\\Hot Rides Software\\hotridesapp\\vendor\\laravel\\framework\\src\\Illuminate\\Foundation\\Http\\Kernel.php(151): Illuminate\\Pipeline\\Pipeline->then(Object(Closure))
#31 C:\\Users\\canam\\Dropbox\\DC\\Semester 5\\DBAS\\Hot Rides Software\\hotridesapp\\vendor\\laravel\\framework\\src\\Illuminate\\Foundation\\Http\\Kernel.php(116): Illuminate\\Foundation\\Http\\Kernel->sendRequestThroughRouter(Object(Illuminate\\Http\\Request))
#32 C:\\Users\\canam\\Dropbox\\DC\\Semester 5\\DBAS\\Hot Rides Software\\hotridesapp\\public\\index.php(55): Illuminate\\Foundation\\Http\\Kernel->handle(Object(Illuminate\\Http\\Request))
#33 C:\\Users\\canam\\Dropbox\\DC\\Semester 5\\DBAS\\Hot Rides Software\\hotridesapp\\server.php(21): require_once('C:\\\\Users\\\\canam\\\\...')
#34 {main}
"} 
[2018-11-27 18:50:17] local.ERROR: Class App\Http\Controllers\UsersController does not exist {"exception":"[object] (ReflectionException(code: -1): Class App\\Http\\Controllers\\UsersController does not exist at C:\\Users\\canam\\Dropbox\\DC\\Semester 5\\DBAS\\Hot Rides Software\\hotridesapp\\vendor\\laravel\\framework\\src\\Illuminate\\Container\\Container.php:779)
[stacktrace]
#0 C:\\Users\\canam\\Dropbox\\DC\\Semester 5\\DBAS\\Hot Rides Software\\hotridesapp\\vendor\\laravel\\framework\\src\\Illuminate\\Container\\Container.php(779): ReflectionClass->__construct('App\\\\Http\\\\Contro...')
#1 C:\\Users\\canam\\Dropbox\\DC\\Semester 5\\DBAS\\Hot Rides Software\\hotridesapp\\vendor\\laravel\\framework\\src\\Illuminate\\Container\\Container.php(658): Illuminate\\Container\\Container->build('App\\\\Http\\\\Contro...')
#2 C:\\Users\\canam\\Dropbox\\DC\\Semester 5\\DBAS\\Hot Rides Software\\hotridesapp\\vendor\\laravel\\framework\\src\\Illuminate\\Container\\Container.php(609): Illuminate\\Container\\Container->resolve('App\\\\Http\\\\Contro...', Array)
#3 C:\\Users\\canam\\Dropbox\\DC\\Semester 5\\DBAS\\Hot Rides Software\\hotridesapp\\vendor\\laravel\\framework\\src\\Illuminate\\Foundation\\Application.php(733): Illuminate\\Container\\Container->make('App\\\\Http\\\\Contro...', Array)
#4 C:\\Users\\canam\\Dropbox\\DC\\Semester 5\\DBAS\\Hot Rides Software\\hotridesapp\\vendor\\laravel\\framework\\src\\Illuminate\\Routing\\Route.php(226): Illuminate\\Foundation\\Application->make('App\\\\Http\\\\Contro...')
#5 C:\\Users\\canam\\Dropbox\\DC\\Semester 5\\DBAS\\Hot Rides Software\\hotridesapp\\vendor\\laravel\\framework\\src\\Illuminate\\Routing\\Route.php(796): Illuminate\\Routing\\Route->getController()
#6 C:\\Users\\canam\\Dropbox\\DC\\Semester 5\\DBAS\\Hot Rides Software\\hotridesapp\\vendor\\laravel\\framework\\src\\Illuminate\\Routing\\Route.php(757): Illuminate\\Routing\\Route->controllerMiddleware()
#7 C:\\Users\\canam\\Dropbox\\DC\\Semester 5\\DBAS\\Hot Rides Software\\hotridesapp\\vendor\\laravel\\framework\\src\\Illuminate\\Routing\\Router.php(692): Illuminate\\Routing\\Route->gatherMiddleware()
#8 C:\\Users\\canam\\Dropbox\\DC\\Semester 5\\DBAS\\Hot Rides Software\\hotridesapp\\vendor\\laravel\\framework\\src\\Illuminate\\Routing\\Router.php(672): Illuminate\\Routing\\Router->gatherRouteMiddleware(Object(Illuminate\\Routing\\Route))
#9 C:\\Users\\canam\\Dropbox\\DC\\Semester 5\\DBAS\\Hot Rides Software\\hotridesapp\\vendor\\laravel\\framework\\src\\Illuminate\\Routing\\Router.php(656): Illuminate\\Routing\\Router->runRouteWithinStack(Object(Illuminate\\Routing\\Route), Object(Illuminate\\Http\\Request))
#10 C:\\Users\\canam\\Dropbox\\DC\\Semester 5\\DBAS\\Hot Rides Software\\hotridesapp\\vendor\\laravel\\framework\\src\\Illuminate\\Routing\\Router.php(622): Illuminate\\Routing\\Router->runRoute(Object(Illuminate\\Http\\Request), Object(Illuminate\\Routing\\Route))
#11 C:\\Users\\canam\\Dropbox\\DC\\Semester 5\\DBAS\\Hot Rides Software\\hotridesapp\\vendor\\laravel\\framework\\src\\Illuminate\\Routing\\Router.php(611): Illuminate\\Routing\\Router->dispatchToRoute(Object(Illuminate\\Http\\Request))
#12 C:\\Users\\canam\\Dropbox\\DC\\Semester 5\\DBAS\\Hot Rides Software\\hotridesapp\\vendor\\laravel\\framework\\src\\Illuminate\\Foundation\\Http\\Kernel.php(176): Illuminate\\Routing\\Router->dispatch(Object(Illuminate\\Http\\Request))
#13 C:\\Users\\canam\\Dropbox\\DC\\Semester 5\\DBAS\\Hot Rides Software\\hotridesapp\\vendor\\laravel\\framework\\src\\Illuminate\\Routing\\Pipeline.php(30): Illuminate\\Foundation\\Http\\Kernel->Illuminate\\Foundation\\Http\\{closure}(Object(Illuminate\\Http\\Request))
#14 C:\\Users\\canam\\Dropbox\\DC\\Semester 5\\DBAS\\Hot Rides Software\\hotridesapp\\vendor\\fideloper\\proxy\\src\\TrustProxies.php(57): Illuminate\\Routing\\Pipeline->Illuminate\\Routing\\{closure}(Object(Illuminate\\Http\\Request))
#15 C:\\Users\\canam\\Dropbox\\DC\\Semester 5\\DBAS\\Hot Rides Software\\hotridesapp\\vendor\\laravel\\framework\\src\\Illuminate\\Pipeline\\Pipeline.php(151): Fideloper\\Proxy\\TrustProxies->handle(Object(Illuminate\\Http\\Request), Object(Closure))
#16 C:\\Users\\canam\\Dropbox\\DC\\Semester 5\\DBAS\\Hot Rides Software\\hotridesapp\\vendor\\laravel\\framework\\src\\Illuminate\\Routing\\Pipeline.php(53): Illuminate\\Pipeline\\Pipeline->Illuminate\\Pipeline\\{closure}(Object(Illuminate\\Http\\Request))
#17 C:\\Users\\canam\\Dropbox\\DC\\Semester 5\\DBAS\\Hot Rides Software\\hotridesapp\\vendor\\laravel\\framework\\src\\Illuminate\\Foundation\\Http\\Middleware\\TransformsRequest.php(31): Illuminate\\Routing\\Pipeline->Illuminate\\Routing\\{closure}(Object(Illuminate\\Http\\Request))
#18 C:\\Users\\canam\\Dropbox\\DC\\Semester 5\\DBAS\\Hot Rides Software\\hotridesapp\\vendor\\laravel\\framework\\src\\Illuminate\\Pipeline\\Pipeline.php(151): Illuminate\\Foundation\\Http\\Middleware\\TransformsRequest->handle(Object(Illuminate\\Http\\Request), Object(Closure))
#19 C:\\Users\\canam\\Dropbox\\DC\\Semester 5\\DBAS\\Hot Rides Software\\hotridesapp\\vendor\\laravel\\framework\\src\\Illuminate\\Routing\\Pipeline.php(53): Illuminate\\Pipeline\\Pipeline->Illuminate\\Pipeline\\{closure}(Object(Illuminate\\Http\\Request))
#20 C:\\Users\\canam\\Dropbox\\DC\\Semester 5\\DBAS\\Hot Rides Software\\hotridesapp\\vendor\\laravel\\framework\\src\\Illuminate\\Foundation\\Http\\Middleware\\TransformsRequest.php(31): Illuminate\\Routing\\Pipeline->Illuminate\\Routing\\{closure}(Object(Illuminate\\Http\\Request))
#21 C:\\Users\\canam\\Dropbox\\DC\\Semester 5\\DBAS\\Hot Rides Software\\hotridesapp\\vendor\\laravel\\framework\\src\\Illuminate\\Pipeline\\Pipeline.php(151): Illuminate\\Foundation\\Http\\Middleware\\TransformsRequest->handle(Object(Illuminate\\Http\\Request), Object(Closure))
#22 C:\\Users\\canam\\Dropbox\\DC\\Semester 5\\DBAS\\Hot Rides Software\\hotridesapp\\vendor\\laravel\\framework\\src\\Illuminate\\Routing\\Pipeline.php(53): Illuminate\\Pipeline\\Pipeline->Illuminate\\Pipeline\\{closure}(Object(Illuminate\\Http\\Request))
#23 C:\\Users\\canam\\Dropbox\\DC\\Semester 5\\DBAS\\Hot Rides Software\\hotridesapp\\vendor\\laravel\\framework\\src\\Illuminate\\Foundation\\Http\\Middleware\\ValidatePostSize.php(27): Illuminate\\Routing\\Pipeline->Illuminate\\Routing\\{closure}(Object(Illuminate\\Http\\Request))
#24 C:\\Users\\canam\\Dropbox\\DC\\Semester 5\\DBAS\\Hot Rides Software\\hotridesapp\\vendor\\laravel\\framework\\src\\Illuminate\\Pipeline\\Pipeline.php(151): Illuminate\\Foundation\\Http\\Middleware\\ValidatePostSize->handle(Object(Illuminate\\Http\\Request), Object(Closure))
#25 C:\\Users\\canam\\Dropbox\\DC\\Semester 5\\DBAS\\Hot Rides Software\\hotridesapp\\vendor\\laravel\\framework\\src\\Illuminate\\Routing\\Pipeline.php(53): Illuminate\\Pipeline\\Pipeline->Illuminate\\Pipeline\\{closure}(Object(Illuminate\\Http\\Request))
#26 C:\\Users\\canam\\Dropbox\\DC\\Semester 5\\DBAS\\Hot Rides Software\\hotridesapp\\vendor\\laravel\\framework\\src\\Illuminate\\Foundation\\Http\\Middleware\\CheckForMaintenanceMode.php(62): Illuminate\\Routing\\Pipeline->Illuminate\\Routing\\{closure}(Object(Illuminate\\Http\\Request))
#27 C:\\Users\\canam\\Dropbox\\DC\\Semester 5\\DBAS\\Hot Rides Software\\hotridesapp\\vendor\\laravel\\framework\\src\\Illuminate\\Pipeline\\Pipeline.php(151): Illuminate\\Foundation\\Http\\Middleware\\CheckForMaintenanceMode->handle(Object(Illuminate\\Http\\Request), Object(Closure))
#28 C:\\Users\\canam\\Dropbox\\DC\\Semester 5\\DBAS\\Hot Rides Software\\hotridesapp\\vendor\\laravel\\framework\\src\\Illuminate\\Routing\\Pipeline.php(53): Illuminate\\Pipeline\\Pipeline->Illuminate\\Pipeline\\{closure}(Object(Illuminate\\Http\\Request))
#29 C:\\Users\\canam\\Dropbox\\DC\\Semester 5\\DBAS\\Hot Rides Software\\hotridesapp\\vendor\\laravel\\framework\\src\\Illuminate\\Pipeline\\Pipeline.php(104): Illuminate\\Routing\\Pipeline->Illuminate\\Routing\\{closure}(Object(Illuminate\\Http\\Request))
#30 C:\\Users\\canam\\Dropbox\\DC\\Semester 5\\DBAS\\Hot Rides Software\\hotridesapp\\vendor\\laravel\\framework\\src\\Illuminate\\Foundation\\Http\\Kernel.php(151): Illuminate\\Pipeline\\Pipeline->then(Object(Closure))
#31 C:\\Users\\canam\\Dropbox\\DC\\Semester 5\\DBAS\\Hot Rides Software\\hotridesapp\\vendor\\laravel\\framework\\src\\Illuminate\\Foundation\\Http\\Kernel.php(116): Illuminate\\Foundation\\Http\\Kernel->sendRequestThroughRouter(Object(Illuminate\\Http\\Request))
#32 C:\\Users\\canam\\Dropbox\\DC\\Semester 5\\DBAS\\Hot Rides Software\\hotridesapp\\public\\index.php(55): Illuminate\\Foundation\\Http\\Kernel->handle(Object(Illuminate\\Http\\Request))
#33 C:\\Users\\canam\\Dropbox\\DC\\Semester 5\\DBAS\\Hot Rides Software\\hotridesapp\\server.php(21): require_once('C:\\\\Users\\\\canam\\\\...')
#34 {main}
"} 
