[2018-11-12 18:21:18] local.ERROR: SQLSTATE[08006] [7] FATAL:  password authentication failed for user "binniecormierk" (SQL: select count(*) as aggregate from "users" where "email" = test@email.com) {"exception":"[object] (Illuminate\\Database\\QueryException(code: 7): SQLSTATE[08006] [7] FATAL:  password authentication failed for user \"binniecormierk\" (SQL: select count(*) as aggregate from \"users\" where \"email\" = test@email.com) at C:\\Users\\canam\\Dropbox\\DC\\Semester 5\\DBAS\\Hot Rides Software\\hotridesapp\\vendor\\laravel\\framework\\src\\Illuminate\\Database\\Connection.php:664, PDOException(code: 7): SQLSTATE[08006] [7] FATAL:  password authentication failed for user \"binniecormierk\" at C:\\Users\\canam\\Dropbox\\DC\\Semester 5\\DBAS\\Hot Rides Software\\hotridesapp\\vendor\\laravel\\framework\\src\\Illuminate\\Database\\Connectors\\Connector.php:70)
[stacktrace]
#0 C:\\Users\\canam\\Dropbox\\DC\\Semester 5\\DBAS\\Hot Rides Software\\hotridesapp\\vendor\\laravel\\framework\\src\\Illuminate\\Database\\Connection.php(624): Illuminate\\Database\\Connection->runQueryCallback('select count(*)...', Array, Object(Closure))
#1 C:\\Users\\canam\\Dropbox\\DC\\Semester 5\\DBAS\\Hot Rides Software\\hotridesapp\\vendor\\laravel\\framework\\src\\Illuminate\\Database\\Connection.php(333): Illuminate\\Database\\Connection->run('select count(*)...', Array, Object(Closure))
#2 C:\\Users\\canam\\Dropbox\\DC\\Semester 5\\DBAS\\Hot Rides Software\\hotridesapp\\vendor\\laravel\\framework\\src\\Illuminate\\Database\\Query\\Builder.php(2027): Illuminate\\Database\\Connection->select('select count(*)...', Array, false)
#3 C:\\Users\\canam\\Dropbox\\DC\\Semester 5\\DBAS\\Hot Rides Software\\hotridesapp\\vendor\\laravel\\framework\\src\\Illuminate\\Database\\Query\\Builder.php(2015): Illuminate\\Database\\Query\\Builder->runSelect()
#4 C:\\Users\\canam\\Dropbox\\DC\\Semester 5\\DBAS\\Hot Rides Software\\hotridesapp\\vendor\\laravel\\framework\\src\\Illuminate\\Database\\Query\\Builder.php(2499): Illuminate\\Database\\Query\\Builder->Illuminate\\Database\\Query\\{closure}()
#5 C:\\Users\\canam\\Dropbox\\DC\\Semester 5\\DBAS\\Hot Rides Software\\hotridesapp\\vendor\\laravel\\framework\\src\\Illuminate\\Database\\Query\\Builder.php(2016): Illuminate\\Database\\Query\\Builder->onceWithColumns(Array, Object(Closure))
#6 C:\\Users\\canam\\Dropbox\\DC\\Semester 5\\DBAS\\Hot Rides Software\\hotridesapp\\vendor\\laravel\\framework\\src\\Illuminate\\Database\\Query\\Builder.php(2426): Illuminate\\Database\\Query\\Builder->get(Array)
#7 C:\\Users\\canam\\Dropbox\\DC\\Semester 5\\DBAS\\Hot Rides Software\\hotridesapp\\vendor\\laravel\\framework\\src\\Illuminate\\Database\\Query\\Builder.php(2354): Illuminate\\Database\\Query\\Builder->aggregate('count', Array)
#8 C:\\Users\\canam\\Dropbox\\DC\\Semester 5\\DBAS\\Hot Rides Software\\hotridesapp\\vendor\\laravel\\framework\\src\\Illuminate\\Validation\\DatabasePresenceVerifier.php(55): Illuminate\\Database\\Query\\Builder->count()
#9 C:\\Users\\canam\\Dropbox\\DC\\Semester 5\\DBAS\\Hot Rides Software\\hotridesapp\\vendor\\laravel\\framework\\src\\Illuminate\\Validation\\Concerns\\ValidatesAttributes.php(687): Illuminate\\Validation\\DatabasePresenceVerifier->getCount('users', 'email', 'test@email.com', NULL, NULL, Array)
#10 C:\\Users\\canam\\Dropbox\\DC\\Semester 5\\DBAS\\Hot Rides Software\\hotridesapp\\vendor\\laravel\\framework\\src\\Illuminate\\Validation\\Validator.php(373): Illuminate\\Validation\\Validator->validateUnique('email', 'test@email.com', Array, Object(Illuminate\\Validation\\Validator))
#11 C:\\Users\\canam\\Dropbox\\DC\\Semester 5\\DBAS\\Hot Rides Software\\hotridesapp\\vendor\\laravel\\framework\\src\\Illuminate\\Validation\\Validator.php(268): Illuminate\\Validation\\Validator->validateAttribute('email', 'Unique')
#12 C:\\Users\\canam\\Dropbox\\DC\\Semester 5\\DBAS\\Hot Rides Software\\hotridesapp\\vendor\\laravel\\framework\\src\\Illuminate\\Validation\\Validator.php(293): Illuminate\\Validation\\Validator->passes()
#13 C:\\Users\\canam\\Dropbox\\DC\\Semester 5\\DBAS\\Hot Rides Software\\hotridesapp\\vendor\\laravel\\framework\\src\\Illuminate\\Validation\\Validator.php(305): Illuminate\\Validation\\Validator->fails()
#14 C:\\Users\\canam\\Dropbox\\DC\\Semester 5\\DBAS\\Hot Rides Software\\hotridesapp\\vendor\\laravel\\framework\\src\\Illuminate\\Foundation\\Auth\\RegistersUsers.php(31): Illuminate\\Validation\\Validator->validate()
#15 [internal function]: App\\Http\\Controllers\\Auth\\RegisterController->register(Object(Illuminate\\Http\\Request))
#16 C:\\Users\\canam\\Dropbox\\DC\\Semester 5\\DBAS\\Hot Rides Software\\hotridesapp\\vendor\\laravel\\framework\\src\\Illuminate\\Routing\\Controller.php(54): call_user_func_array(Array, Array)
#17 C:\\Users\\canam\\Dropbox\\DC\\Semester 5\\DBAS\\Hot Rides Software\\hotridesapp\\vendor\\laravel\\framework\\src\\Illuminate\\Routing\\ControllerDispatcher.php(45): Illuminate\\Routing\\Controller->callAction('register', Array)
#18 C:\\Users\\canam\\Dropbox\\DC\\Semester 5\\DBAS\\Hot Rides Software\\hotridesapp\\vendor\\laravel\\framework\\src\\Illuminate\\Routing\\Route.php(212): Illuminate\\Routing\\ControllerDispatcher->dispatch(Object(Illuminate\\Routing\\Route), Object(App\\Http\\Controllers\\Auth\\RegisterController), 'register')
#19 C:\\Users\\canam\\Dropbox\\DC\\Semester 5\\DBAS\\Hot Rides Software\\hotridesapp\\vendor\\laravel\\framework\\src\\Illuminate\\Routing\\Route.php(169): Illuminate\\Routing\\Route->runController()
#20 C:\\Users\\canam\\Dropbox\\DC\\Semester 5\\DBAS\\Hot Rides Software\\hotridesapp\\vendor\\laravel\\framework\\src\\Illuminate\\Routing\\Router.php(679): Illuminate\\Routing\\Route->run()
#21 C:\\Users\\canam\\Dropbox\\DC\\Semester 5\\DBAS\\Hot Rides Software\\hotridesapp\\vendor\\laravel\\framework\\src\\Illuminate\\Routing\\Pipeline.php(30): Illuminate\\Routing\\Router->Illuminate\\Routing\\{closure}(Object(Illuminate\\Http\\Request))
#22 C:\\Users\\canam\\Dropbox\\DC\\Semester 5\\DBAS\\Hot Rides Software\\hotridesapp\\app\\Http\\Middleware\\RedirectIfAuthenticated.php(24): Illuminate\\Routing\\Pipeline->Illuminate\\Routing\\{closure}(Object(Illuminate\\Http\\Request))
#23 C:\\Users\\canam\\Dropbox\\DC\\Semester 5\\DBAS\\Hot Rides Software\\hotridesapp\\vendor\\laravel\\framework\\src\\Illuminate\\Pipeline\\Pipeline.php(151): App\\Http\\Middleware\\RedirectIfAuthenticated->handle(Object(Illuminate\\Http\\Request), Object(Closure))
#24 C:\\Users\\canam\\Dropbox\\DC\\Semester 5\\DBAS\\Hot Rides Software\\hotridesapp\\vendor\\laravel\\framework\\src\\Illuminate\\Routing\\Pipeline.php(53): Illuminate\\Pipeline\\Pipeline->Illuminate\\Pipeline\\{closure}(Object(Illuminate\\Http\\Request))
#25 C:\\Users\\canam\\Dropbox\\DC\\Semester 5\\DBAS\\Hot Rides Software\\hotridesapp\\vendor\\laravel\\framework\\src\\Illuminate\\Routing\\Middleware\\SubstituteBindings.php(41): Illuminate\\Routing\\Pipeline->Illuminate\\Routing\\{closure}(Object(Illuminate\\Http\\Request))
#26 C:\\Users\\canam\\Dropbox\\DC\\Semester 5\\DBAS\\Hot Rides Software\\hotridesapp\\vendor\\laravel\\framework\\src\\Illuminate\\Pipeline\\Pipeline.php(151): Illuminate\\Routing\\Middleware\\SubstituteBindings->handle(Object(Illuminate\\Http\\Request), Object(Closure))
#27 C:\\Users\\canam\\Dropbox\\DC\\Semester 5\\DBAS\\Hot Rides Software\\hotridesapp\\vendor\\laravel\\framework\\src\\Illuminate\\Routing\\Pipeline.php(53): Illuminate\\Pipeline\\Pipeline->Illuminate\\Pipeline\\{closure}(Object(Illuminate\\Http\\Request))
#28 C:\\Users\\canam\\Dropbox\\DC\\Semester 5\\DBAS\\Hot Rides Software\\hotridesapp\\vendor\\laravel\\framework\\src\\Illuminate\\Foundation\\Http\\Middleware\\VerifyCsrfToken.php(75): Illuminate\\Routing\\Pipeline->Illuminate\\Routing\\{closure}(Object(Illuminate\\Http\\Request))
#29 C:\\Users\\canam\\Dropbox\\DC\\Semester 5\\DBAS\\Hot Rides Software\\hotridesapp\\vendor\\laravel\\framework\\src\\Illuminate\\Pipeline\\Pipeline.php(151): Illuminate\\Foundation\\Http\\Middleware\\VerifyCsrfToken->handle(Object(Illuminate\\Http\\Request), Object(Closure))
#30 C:\\Users\\canam\\Dropbox\\DC\\Semester 5\\DBAS\\Hot Rides Software\\hotridesapp\\vendor\\laravel\\framework\\src\\Illuminate\\Routing\\Pipeline.php(53): Illuminate\\Pipeline\\Pipeline->Illuminate\\Pipeline\\{closure}(Object(Illuminate\\Http\\Request))
#31 C:\\Users\\canam\\Dropbox\\DC\\Semester 5\\DBAS\\Hot Rides Software\\hotridesapp\\vendor\\laravel\\framework\\src\\Illuminate\\View\\Middleware\\ShareErrorsFromSession.php(49): Illuminate\\Routing\\Pipeline->Illuminate\\Routing\\{closure}(Object(Illuminate\\Http\\Request))
#32 C:\\Users\\canam\\Dropbox\\DC\\Semester 5\\DBAS\\Hot Rides Software\\hotridesapp\\vendor\\laravel\\framework\\src\\Illuminate\\Pipeline\\Pipeline.php(151): Illuminate\\View\\Middleware\\ShareErrorsFromSession->handle(Object(Illuminate\\Http\\Request), Object(Closure))
#33 C:\\Users\\canam\\Dropbox\\DC\\Semester 5\\DBAS\\Hot Rides Software\\hotridesapp\\vendor\\laravel\\framework\\src\\Illuminate\\Routing\\Pipeline.php(53): Illuminate\\Pipeline\\Pipeline->Illuminate\\Pipeline\\{closure}(Object(Illuminate\\Http\\Request))
#34 C:\\Users\\canam\\Dropbox\\DC\\Semester 5\\DBAS\\Hot Rides Software\\hotridesapp\\vendor\\laravel\\framework\\src\\Illuminate\\Session\\Middleware\\StartSession.php(63): Illuminate\\Routing\\Pipeline->Illuminate\\Routing\\{closure}(Object(Illuminate\\Http\\Request))
#35 C:\\Users\\canam\\Dropbox\\DC\\Semester 5\\DBAS\\Hot Rides Software\\hotridesapp\\vendor\\laravel\\framework\\src\\Illuminate\\Pipeline\\Pipeline.php(151): Illuminate\\Session\\Middleware\\StartSession->handle(Object(Illuminate\\Http\\Request), Object(Closure))
#36 C:\\Users\\canam\\Dropbox\\DC\\Semester 5\\DBAS\\Hot Rides Software\\hotridesapp\\vendor\\laravel\\framework\\src\\Illuminate\\Routing\\Pipeline.php(53): Illuminate\\Pipeline\\Pipeline->Illuminate\\Pipeline\\{closure}(Object(Illuminate\\Http\\Request))
#37 C:\\Users\\canam\\Dropbox\\DC\\Semester 5\\DBAS\\Hot Rides Software\\hotridesapp\\vendor\\laravel\\framework\\src\\Illuminate\\Cookie\\Middleware\\AddQueuedCookiesToResponse.php(37): Illuminate\\Routing\\Pipeline->Illuminate\\Routing\\{closure}(Object(Illuminate\\Http\\Request))
#38 C:\\Users\\canam\\Dropbox\\DC\\Semester 5\\DBAS\\Hot Rides Software\\hotridesapp\\vendor\\laravel\\framework\\src\\Illuminate\\Pipeline\\Pipeline.php(151): Illuminate\\Cookie\\Middleware\\AddQueuedCookiesToResponse->handle(Object(Illuminate\\Http\\Request), Object(Closure))
#39 C:\\Users\\canam\\Dropbox\\DC\\Semester 5\\DBAS\\Hot Rides Software\\hotridesapp\\vendor\\laravel\\framework\\src\\Illuminate\\Routing\\Pipeline.php(53): Illuminate\\Pipeline\\Pipeline->Illuminate\\Pipeline\\{closure}(Object(Illuminate\\Http\\Request))
#40 C:\\Users\\canam\\Dropbox\\DC\\Semester 5\\DBAS\\Hot Rides Software\\hotridesapp\\vendor\\laravel\\framework\\src\\Illuminate\\Cookie\\Middleware\\EncryptCookies.php(66): Illuminate\\Routing\\Pipeline->Illuminate\\Routing\\{closure}(Object(Illuminate\\Http\\Request))
#41 C:\\Users\\canam\\Dropbox\\DC\\Semester 5\\DBAS\\Hot Rides Software\\hotridesapp\\vendor\\laravel\\framework\\src\\Illuminate\\Pipeline\\Pipeline.php(151): Illuminate\\Cookie\\Middleware\\EncryptCookies->handle(Object(Illuminate\\Http\\Request), Object(Closure))
#42 C:\\Users\\canam\\Dropbox\\DC\\Semester 5\\DBAS\\Hot Rides Software\\hotridesapp\\vendor\\laravel\\framework\\src\\Illuminate\\Routing\\Pipeline.php(53): Illuminate\\Pipeline\\Pipeline->Illuminate\\Pipeline\\{closure}(Object(Illuminate\\Http\\Request))
#43 C:\\Users\\canam\\Dropbox\\DC\\Semester 5\\DBAS\\Hot Rides Software\\hotridesapp\\vendor\\laravel\\framework\\src\\Illuminate\\Pipeline\\Pipeline.php(104): Illuminate\\Routing\\Pipeline->Illuminate\\Routing\\{closure}(Object(Illuminate\\Http\\Request))
#44 C:\\Users\\canam\\Dropbox\\DC\\Semester 5\\DBAS\\Hot Rides Software\\hotridesapp\\vendor\\laravel\\framework\\src\\Illuminate\\Routing\\Router.php(681): Illuminate\\Pipeline\\Pipeline->then(Object(Closure))
#45 C:\\Users\\canam\\Dropbox\\DC\\Semester 5\\DBAS\\Hot Rides Software\\hotridesapp\\vendor\\laravel\\framework\\src\\Illuminate\\Routing\\Router.php(656): Illuminate\\Routing\\Router->runRouteWithinStack(Object(Illuminate\\Routing\\Route), Object(Illuminate\\Http\\Request))
#46 C:\\Users\\canam\\Dropbox\\DC\\Semester 5\\DBAS\\Hot Rides Software\\hotridesapp\\vendor\\laravel\\framework\\src\\Illuminate\\Routing\\Router.php(622): Illuminate\\Routing\\Router->runRoute(Object(Illuminate\\Http\\Request), Object(Illuminate\\Routing\\Route))
#47 C:\\Users\\canam\\Dropbox\\DC\\Semester 5\\DBAS\\Hot Rides Software\\hotridesapp\\vendor\\laravel\\framework\\src\\Illuminate\\Routing\\Router.php(611): Illuminate\\Routing\\Router->dispatchToRoute(Object(Illuminate\\Http\\Request))
#48 C:\\Users\\canam\\Dropbox\\DC\\Semester 5\\DBAS\\Hot Rides Software\\hotridesapp\\vendor\\laravel\\framework\\src\\Illuminate\\Foundation\\Http\\Kernel.php(176): Illuminate\\Routing\\Router->dispatch(Object(Illuminate\\Http\\Request))
#49 C:\\Users\\canam\\Dropbox\\DC\\Semester 5\\DBAS\\Hot Rides Software\\hotridesapp\\vendor\\laravel\\framework\\src\\Illuminate\\Routing\\Pipeline.php(30): Illuminate\\Foundation\\Http\\Kernel->Illuminate\\Foundation\\Http\\{closure}(Object(Illuminate\\Http\\Request))
#50 C:\\Users\\canam\\Dropbox\\DC\\Semester 5\\DBAS\\Hot Rides Software\\hotridesapp\\vendor\\fideloper\\proxy\\src\\TrustProxies.php(57): Illuminate\\Routing\\Pipeline->Illuminate\\Routing\\{closure}(Object(Illuminate\\Http\\Request))
#51 C:\\Users\\canam\\Dropbox\\DC\\Semester 5\\DBAS\\Hot Rides Software\\hotridesapp\\vendor\\laravel\\framework\\src\\Illuminate\\Pipeline\\Pipeline.php(151): Fideloper\\Proxy\\TrustProxies->handle(Object(Illuminate\\Http\\Request), Object(Closure))
#52 C:\\Users\\canam\\Dropbox\\DC\\Semester 5\\DBAS\\Hot Rides Software\\hotridesapp\\vendor\\laravel\\framework\\src\\Illuminate\\Routing\\Pipeline.php(53): Illuminate\\Pipeline\\Pipeline->Illuminate\\Pipeline\\{closure}(Object(Illuminate\\Http\\Request))
#53 C:\\Users\\canam\\Dropbox\\DC\\Semester 5\\DBAS\\Hot Rides Software\\hotridesapp\\vendor\\laravel\\framework\\src\\Illuminate\\Foundation\\Http\\Middleware\\TransformsRequest.php(31): Illuminate\\Routing\\Pipeline->Illuminate\\Routing\\{closure}(Object(Illuminate\\Http\\Request))
#54 C:\\Users\\canam\\Dropbox\\DC\\Semester 5\\DBAS\\Hot Rides Software\\hotridesapp\\vendor\\laravel\\framework\\src\\Illuminate\\Pipeline\\Pipeline.php(151): Illuminate\\Foundation\\Http\\Middleware\\TransformsRequest->handle(Object(Illuminate\\Http\\Request), Object(Closure))
#55 C:\\Users\\canam\\Dropbox\\DC\\Semester 5\\DBAS\\Hot Rides Software\\hotridesapp\\vendor\\laravel\\framework\\src\\Illuminate\\Routing\\Pipeline.php(53): Illuminate\\Pipeline\\Pipeline->Illuminate\\Pipeline\\{closure}(Object(Illuminate\\Http\\Request))
#56 C:\\Users\\canam\\Dropbox\\DC\\Semester 5\\DBAS\\Hot Rides Software\\hotridesapp\\vendor\\laravel\\framework\\src\\Illuminate\\Foundation\\Http\\Middleware\\TransformsRequest.php(31): Illuminate\\Routing\\Pipeline->Illuminate\\Routing\\{closure}(Object(Illuminate\\Http\\Request))
#57 C:\\Users\\canam\\Dropbox\\DC\\Semester 5\\DBAS\\Hot Rides Software\\hotridesapp\\vendor\\laravel\\framework\\src\\Illuminate\\Pipeline\\Pipeline.php(151): Illuminate\\Foundation\\Http\\Middleware\\TransformsRequest->handle(Object(Illuminate\\Http\\Request), Object(Closure))
#58 C:\\Users\\canam\\Dropbox\\DC\\Semester 5\\DBAS\\Hot Rides Software\\hotridesapp\\vendor\\laravel\\framework\\src\\Illuminate\\Routing\\Pipeline.php(53): Illuminate\\Pipeline\\Pipeline->Illuminate\\Pipeline\\{closure}(Object(Illuminate\\Http\\Request))
#59 C:\\Users\\canam\\Dropbox\\DC\\Semester 5\\DBAS\\Hot Rides Software\\hotridesapp\\vendor\\laravel\\framework\\src\\Illuminate\\Foundation\\Http\\Middleware\\ValidatePostSize.php(27): Illuminate\\Routing\\Pipeline->Illuminate\\Routing\\{closure}(Object(Illuminate\\Http\\Request))
#60 C:\\Users\\canam\\Dropbox\\DC\\Semester 5\\DBAS\\Hot Rides Software\\hotridesapp\\vendor\\laravel\\framework\\src\\Illuminate\\Pipeline\\Pipeline.php(151): Illuminate\\Foundation\\Http\\Middleware\\ValidatePostSize->handle(Object(Illuminate\\Http\\Request), Object(Closure))
#61 C:\\Users\\canam\\Dropbox\\DC\\Semester 5\\DBAS\\Hot Rides Software\\hotridesapp\\vendor\\laravel\\framework\\src\\Illuminate\\Routing\\Pipeline.php(53): Illuminate\\Pipeline\\Pipeline->Illuminate\\Pipeline\\{closure}(Object(Illuminate\\Http\\Request))
#62 C:\\Users\\canam\\Dropbox\\DC\\Semester 5\\DBAS\\Hot Rides Software\\hotridesapp\\vendor\\laravel\\framework\\src\\Illuminate\\Foundation\\Http\\Middleware\\CheckForMaintenanceMode.php(62): Illuminate\\Routing\\Pipeline->Illuminate\\Routing\\{closure}(Object(Illuminate\\Http\\Request))
#63 C:\\Users\\canam\\Dropbox\\DC\\Semester 5\\DBAS\\Hot Rides Software\\hotridesapp\\vendor\\laravel\\framework\\src\\Illuminate\\Pipeline\\Pipeline.php(151): Illuminate\\Foundation\\Http\\Middleware\\CheckForMaintenanceMode->handle(Object(Illuminate\\Http\\Request), Object(Closure))
#64 C:\\Users\\canam\\Dropbox\\DC\\Semester 5\\DBAS\\Hot Rides Software\\hotridesapp\\vendor\\laravel\\framework\\src\\Illuminate\\Routing\\Pipeline.php(53): Illuminate\\Pipeline\\Pipeline->Illuminate\\Pipeline\\{closure}(Object(Illuminate\\Http\\Request))
#65 C:\\Users\\canam\\Dropbox\\DC\\Semester 5\\DBAS\\Hot Rides Software\\hotridesapp\\vendor\\laravel\\framework\\src\\Illuminate\\Pipeline\\Pipeline.php(104): Illuminate\\Routing\\Pipeline->Illuminate\\Routing\\{closure}(Object(Illuminate\\Http\\Request))
#66 C:\\Users\\canam\\Dropbox\\DC\\Semester 5\\DBAS\\Hot Rides Software\\hotridesapp\\vendor\\laravel\\framework\\src\\Illuminate\\Foundation\\Http\\Kernel.php(151): Illuminate\\Pipeline\\Pipeline->then(Object(Closure))
#67 C:\\Users\\canam\\Dropbox\\DC\\Semester 5\\DBAS\\Hot Rides Software\\hotridesapp\\vendor\\laravel\\framework\\src\\Illuminate\\Foundation\\Http\\Kernel.php(116): Illuminate\\Foundation\\Http\\Kernel->sendRequestThroughRouter(Object(Illuminate\\Http\\Request))
#68 C:\\Users\\canam\\Dropbox\\DC\\Semester 5\\DBAS\\Hot Rides Software\\hotridesapp\\public\\index.php(55): Illuminate\\Foundation\\Http\\Kernel->handle(Object(Illuminate\\Http\\Request))
#69 C:\\Users\\canam\\Dropbox\\DC\\Semester 5\\DBAS\\Hot Rides Software\\hotridesapp\\server.php(21): require_once('C:\\\\Users\\\\canam\\\\...')
#70 {main}
"} 
[2018-11-12 18:21:55] local.ERROR: SQLSTATE[08006] [7] FATAL:  password authentication failed for user "binniecormierk" (SQL: select count(*) as aggregate from "users" where "email" = test@email.com) {"exception":"[object] (Illuminate\\Database\\QueryException(code: 7): SQLSTATE[08006] [7] FATAL:  password authentication failed for user \"binniecormierk\" (SQL: select count(*) as aggregate from \"users\" where \"email\" = test@email.com) at C:\\Users\\canam\\Dropbox\\DC\\Semester 5\\DBAS\\Hot Rides Software\\hotridesapp\\vendor\\laravel\\framework\\src\\Illuminate\\Database\\Connection.php:664, PDOException(code: 7): SQLSTATE[08006] [7] FATAL:  password authentication failed for user \"binniecormierk\" at C:\\Users\\canam\\Dropbox\\DC\\Semester 5\\DBAS\\Hot Rides Software\\hotridesapp\\vendor\\laravel\\framework\\src\\Illuminate\\Database\\Connectors\\Connector.php:70)
[stacktrace]
#0 C:\\Users\\canam\\Dropbox\\DC\\Semester 5\\DBAS\\Hot Rides Software\\hotridesapp\\vendor\\laravel\\framework\\src\\Illuminate\\Database\\Connection.php(624): Illuminate\\Database\\Connection->runQueryCallback('select count(*)...', Array, Object(Closure))
#1 C:\\Users\\canam\\Dropbox\\DC\\Semester 5\\DBAS\\Hot Rides Software\\hotridesapp\\vendor\\laravel\\framework\\src\\Illuminate\\Database\\Connection.php(333): Illuminate\\Database\\Connection->run('select count(*)...', Array, Object(Closure))
#2 C:\\Users\\canam\\Dropbox\\DC\\Semester 5\\DBAS\\Hot Rides Software\\hotridesapp\\vendor\\laravel\\framework\\src\\Illuminate\\Database\\Query\\Builder.php(2027): Illuminate\\Database\\Connection->select('select count(*)...', Array, false)
#3 C:\\Users\\canam\\Dropbox\\DC\\Semester 5\\DBAS\\Hot Rides Software\\hotridesapp\\vendor\\laravel\\framework\\src\\Illuminate\\Database\\Query\\Builder.php(2015): Illuminate\\Database\\Query\\Builder->runSelect()
#4 C:\\Users\\canam\\Dropbox\\DC\\Semester 5\\DBAS\\Hot Rides Software\\hotridesapp\\vendor\\laravel\\framework\\src\\Illuminate\\Database\\Query\\Builder.php(2499): Illuminate\\Database\\Query\\Builder->Illuminate\\Database\\Query\\{closure}()
#5 C:\\Users\\canam\\Dropbox\\DC\\Semester 5\\DBAS\\Hot Rides Software\\hotridesapp\\vendor\\laravel\\framework\\src\\Illuminate\\Database\\Query\\Builder.php(2016): Illuminate\\Database\\Query\\Builder->onceWithColumns(Array, Object(Closure))
#6 C:\\Users\\canam\\Dropbox\\DC\\Semester 5\\DBAS\\Hot Rides Software\\hotridesapp\\vendor\\laravel\\framework\\src\\Illuminate\\Database\\Query\\Builder.php(2426): Illuminate\\Database\\Query\\Builder->get(Array)
#7 C:\\Users\\canam\\Dropbox\\DC\\Semester 5\\DBAS\\Hot Rides Software\\hotridesapp\\vendor\\laravel\\framework\\src\\Illuminate\\Database\\Query\\Builder.php(2354): Illuminate\\Database\\Query\\Builder->aggregate('count', Array)
#8 C:\\Users\\canam\\Dropbox\\DC\\Semester 5\\DBAS\\Hot Rides Software\\hotridesapp\\vendor\\laravel\\framework\\src\\Illuminate\\Validation\\DatabasePresenceVerifier.php(55): Illuminate\\Database\\Query\\Builder->count()
#9 C:\\Users\\canam\\Dropbox\\DC\\Semester 5\\DBAS\\Hot Rides Software\\hotridesapp\\vendor\\laravel\\framework\\src\\Illuminate\\Validation\\Concerns\\ValidatesAttributes.php(687): Illuminate\\Validation\\DatabasePresenceVerifier->getCount('users', 'email', 'test@email.com', NULL, NULL, Array)
#10 C:\\Users\\canam\\Dropbox\\DC\\Semester 5\\DBAS\\Hot Rides Software\\hotridesapp\\vendor\\laravel\\framework\\src\\Illuminate\\Validation\\Validator.php(373): Illuminate\\Validation\\Validator->validateUnique('email', 'test@email.com', Array, Object(Illuminate\\Validation\\Validator))
#11 C:\\Users\\canam\\Dropbox\\DC\\Semester 5\\DBAS\\Hot Rides Software\\hotridesapp\\vendor\\laravel\\framework\\src\\Illuminate\\Validation\\Validator.php(268): Illuminate\\Validation\\Validator->validateAttribute('email', 'Unique')
#12 C:\\Users\\canam\\Dropbox\\DC\\Semester 5\\DBAS\\Hot Rides Software\\hotridesapp\\vendor\\laravel\\framework\\src\\Illuminate\\Validation\\Validator.php(293): Illuminate\\Validation\\Validator->passes()
#13 C:\\Users\\canam\\Dropbox\\DC\\Semester 5\\DBAS\\Hot Rides Software\\hotridesapp\\vendor\\laravel\\framework\\src\\Illuminate\\Validation\\Validator.php(305): Illuminate\\Validation\\Validator->fails()
#14 C:\\Users\\canam\\Dropbox\\DC\\Semester 5\\DBAS\\Hot Rides Software\\hotridesapp\\vendor\\laravel\\framework\\src\\Illuminate\\Foundation\\Auth\\RegistersUsers.php(31): Illuminate\\Validation\\Validator->validate()
#15 [internal function]: App\\Http\\Controllers\\Auth\\RegisterController->register(Object(Illuminate\\Http\\Request))
#16 C:\\Users\\canam\\Dropbox\\DC\\Semester 5\\DBAS\\Hot Rides Software\\hotridesapp\\vendor\\laravel\\framework\\src\\Illuminate\\Routing\\Controller.php(54): call_user_func_array(Array, Array)
#17 C:\\Users\\canam\\Dropbox\\DC\\Semester 5\\DBAS\\Hot Rides Software\\hotridesapp\\vendor\\laravel\\framework\\src\\Illuminate\\Routing\\ControllerDispatcher.php(45): Illuminate\\Routing\\Controller->callAction('register', Array)
#18 C:\\Users\\canam\\Dropbox\\DC\\Semester 5\\DBAS\\Hot Rides Software\\hotridesapp\\vendor\\laravel\\framework\\src\\Illuminate\\Routing\\Route.php(212): Illuminate\\Routing\\ControllerDispatcher->dispatch(Object(Illuminate\\Routing\\Route), Object(App\\Http\\Controllers\\Auth\\RegisterController), 'register')
#19 C:\\Users\\canam\\Dropbox\\DC\\Semester 5\\DBAS\\Hot Rides Software\\hotridesapp\\vendor\\laravel\\framework\\src\\Illuminate\\Routing\\Route.php(169): Illuminate\\Routing\\Route->runController()
#20 C:\\Users\\canam\\Dropbox\\DC\\Semester 5\\DBAS\\Hot Rides Software\\hotridesapp\\vendor\\laravel\\framework\\src\\Illuminate\\Routing\\Router.php(679): Illuminate\\Routing\\Route->run()
#21 C:\\Users\\canam\\Dropbox\\DC\\Semester 5\\DBAS\\Hot Rides Software\\hotridesapp\\vendor\\laravel\\framework\\src\\Illuminate\\Routing\\Pipeline.php(30): Illuminate\\Routing\\Router->Illuminate\\Routing\\{closure}(Object(Illuminate\\Http\\Request))
#22 C:\\Users\\canam\\Dropbox\\DC\\Semester 5\\DBAS\\Hot Rides Software\\hotridesapp\\app\\Http\\Middleware\\RedirectIfAuthenticated.php(24): Illuminate\\Routing\\Pipeline->Illuminate\\Routing\\{closure}(Object(Illuminate\\Http\\Request))
#23 C:\\Users\\canam\\Dropbox\\DC\\Semester 5\\DBAS\\Hot Rides Software\\hotridesapp\\vendor\\laravel\\framework\\src\\Illuminate\\Pipeline\\Pipeline.php(151): App\\Http\\Middleware\\RedirectIfAuthenticated->handle(Object(Illuminate\\Http\\Request), Object(Closure))
#24 C:\\Users\\canam\\Dropbox\\DC\\Semester 5\\DBAS\\Hot Rides Software\\hotridesapp\\vendor\\laravel\\framework\\src\\Illuminate\\Routing\\Pipeline.php(53): Illuminate\\Pipeline\\Pipeline->Illuminate\\Pipeline\\{closure}(Object(Illuminate\\Http\\Request))
#25 C:\\Users\\canam\\Dropbox\\DC\\Semester 5\\DBAS\\Hot Rides Software\\hotridesapp\\vendor\\laravel\\framework\\src\\Illuminate\\Routing\\Middleware\\SubstituteBindings.php(41): Illuminate\\Routing\\Pipeline->Illuminate\\Routing\\{closure}(Object(Illuminate\\Http\\Request))
#26 C:\\Users\\canam\\Dropbox\\DC\\Semester 5\\DBAS\\Hot Rides Software\\hotridesapp\\vendor\\laravel\\framework\\src\\Illuminate\\Pipeline\\Pipeline.php(151): Illuminate\\Routing\\Middleware\\SubstituteBindings->handle(Object(Illuminate\\Http\\Request), Object(Closure))
#27 C:\\Users\\canam\\Dropbox\\DC\\Semester 5\\DBAS\\Hot Rides Software\\hotridesapp\\vendor\\laravel\\framework\\src\\Illuminate\\Routing\\Pipeline.php(53): Illuminate\\Pipeline\\Pipeline->Illuminate\\Pipeline\\{closure}(Object(Illuminate\\Http\\Request))
#28 C:\\Users\\canam\\Dropbox\\DC\\Semester 5\\DBAS\\Hot Rides Software\\hotridesapp\\vendor\\laravel\\framework\\src\\Illuminate\\Foundation\\Http\\Middleware\\VerifyCsrfToken.php(75): Illuminate\\Routing\\Pipeline->Illuminate\\Routing\\{closure}(Object(Illuminate\\Http\\Request))
#29 C:\\Users\\canam\\Dropbox\\DC\\Semester 5\\DBAS\\Hot Rides Software\\hotridesapp\\vendor\\laravel\\framework\\src\\Illuminate\\Pipeline\\Pipeline.php(151): Illuminate\\Foundation\\Http\\Middleware\\VerifyCsrfToken->handle(Object(Illuminate\\Http\\Request), Object(Closure))
#30 C:\\Users\\canam\\Dropbox\\DC\\Semester 5\\DBAS\\Hot Rides Software\\hotridesapp\\vendor\\laravel\\framework\\src\\Illuminate\\Routing\\Pipeline.php(53): Illuminate\\Pipeline\\Pipeline->Illuminate\\Pipeline\\{closure}(Object(Illuminate\\Http\\Request))
#31 C:\\Users\\canam\\Dropbox\\DC\\Semester 5\\DBAS\\Hot Rides Software\\hotridesapp\\vendor\\laravel\\framework\\src\\Illuminate\\View\\Middleware\\ShareErrorsFromSession.php(49): Illuminate\\Routing\\Pipeline->Illuminate\\Routing\\{closure}(Object(Illuminate\\Http\\Request))
#32 C:\\Users\\canam\\Dropbox\\DC\\Semester 5\\DBAS\\Hot Rides Software\\hotridesapp\\vendor\\laravel\\framework\\src\\Illuminate\\Pipeline\\Pipeline.php(151): Illuminate\\View\\Middleware\\ShareErrorsFromSession->handle(Object(Illuminate\\Http\\Request), Object(Closure))
#33 C:\\Users\\canam\\Dropbox\\DC\\Semester 5\\DBAS\\Hot Rides Software\\hotridesapp\\vendor\\laravel\\framework\\src\\Illuminate\\Routing\\Pipeline.php(53): Illuminate\\Pipeline\\Pipeline->Illuminate\\Pipeline\\{closure}(Object(Illuminate\\Http\\Request))
#34 C:\\Users\\canam\\Dropbox\\DC\\Semester 5\\DBAS\\Hot Rides Software\\hotridesapp\\vendor\\laravel\\framework\\src\\Illuminate\\Session\\Middleware\\StartSession.php(63): Illuminate\\Routing\\Pipeline->Illuminate\\Routing\\{closure}(Object(Illuminate\\Http\\Request))
#35 C:\\Users\\canam\\Dropbox\\DC\\Semester 5\\DBAS\\Hot Rides Software\\hotridesapp\\vendor\\laravel\\framework\\src\\Illuminate\\Pipeline\\Pipeline.php(151): Illuminate\\Session\\Middleware\\StartSession->handle(Object(Illuminate\\Http\\Request), Object(Closure))
#36 C:\\Users\\canam\\Dropbox\\DC\\Semester 5\\DBAS\\Hot Rides Software\\hotridesapp\\vendor\\laravel\\framework\\src\\Illuminate\\Routing\\Pipeline.php(53): Illuminate\\Pipeline\\Pipeline->Illuminate\\Pipeline\\{closure}(Object(Illuminate\\Http\\Request))
#37 C:\\Users\\canam\\Dropbox\\DC\\Semester 5\\DBAS\\Hot Rides Software\\hotridesapp\\vendor\\laravel\\framework\\src\\Illuminate\\Cookie\\Middleware\\AddQueuedCookiesToResponse.php(37): Illuminate\\Routing\\Pipeline->Illuminate\\Routing\\{closure}(Object(Illuminate\\Http\\Request))
#38 C:\\Users\\canam\\Dropbox\\DC\\Semester 5\\DBAS\\Hot Rides Software\\hotridesapp\\vendor\\laravel\\framework\\src\\Illuminate\\Pipeline\\Pipeline.php(151): Illuminate\\Cookie\\Middleware\\AddQueuedCookiesToResponse->handle(Object(Illuminate\\Http\\Request), Object(Closure))
#39 C:\\Users\\canam\\Dropbox\\DC\\Semester 5\\DBAS\\Hot Rides Software\\hotridesapp\\vendor\\laravel\\framework\\src\\Illuminate\\Routing\\Pipeline.php(53): Illuminate\\Pipeline\\Pipeline->Illuminate\\Pipeline\\{closure}(Object(Illuminate\\Http\\Request))
#40 C:\\Users\\canam\\Dropbox\\DC\\Semester 5\\DBAS\\Hot Rides Software\\hotridesapp\\vendor\\laravel\\framework\\src\\Illuminate\\Cookie\\Middleware\\EncryptCookies.php(66): Illuminate\\Routing\\Pipeline->Illuminate\\Routing\\{closure}(Object(Illuminate\\Http\\Request))
#41 C:\\Users\\canam\\Dropbox\\DC\\Semester 5\\DBAS\\Hot Rides Software\\hotridesapp\\vendor\\laravel\\framework\\src\\Illuminate\\Pipeline\\Pipeline.php(151): Illuminate\\Cookie\\Middleware\\EncryptCookies->handle(Object(Illuminate\\Http\\Request), Object(Closure))
#42 C:\\Users\\canam\\Dropbox\\DC\\Semester 5\\DBAS\\Hot Rides Software\\hotridesapp\\vendor\\laravel\\framework\\src\\Illuminate\\Routing\\Pipeline.php(53): Illuminate\\Pipeline\\Pipeline->Illuminate\\Pipeline\\{closure}(Object(Illuminate\\Http\\Request))
#43 C:\\Users\\canam\\Dropbox\\DC\\Semester 5\\DBAS\\Hot Rides Software\\hotridesapp\\vendor\\laravel\\framework\\src\\Illuminate\\Pipeline\\Pipeline.php(104): Illuminate\\Routing\\Pipeline->Illuminate\\Routing\\{closure}(Object(Illuminate\\Http\\Request))
#44 C:\\Users\\canam\\Dropbox\\DC\\Semester 5\\DBAS\\Hot Rides Software\\hotridesapp\\vendor\\laravel\\framework\\src\\Illuminate\\Routing\\Router.php(681): Illuminate\\Pipeline\\Pipeline->then(Object(Closure))
#45 C:\\Users\\canam\\Dropbox\\DC\\Semester 5\\DBAS\\Hot Rides Software\\hotridesapp\\vendor\\laravel\\framework\\src\\Illuminate\\Routing\\Router.php(656): Illuminate\\Routing\\Router->runRouteWithinStack(Object(Illuminate\\Routing\\Route), Object(Illuminate\\Http\\Request))
#46 C:\\Users\\canam\\Dropbox\\DC\\Semester 5\\DBAS\\Hot Rides Software\\hotridesapp\\vendor\\laravel\\framework\\src\\Illuminate\\Routing\\Router.php(622): Illuminate\\Routing\\Router->runRoute(Object(Illuminate\\Http\\Request), Object(Illuminate\\Routing\\Route))
#47 C:\\Users\\canam\\Dropbox\\DC\\Semester 5\\DBAS\\Hot Rides Software\\hotridesapp\\vendor\\laravel\\framework\\src\\Illuminate\\Routing\\Router.php(611): Illuminate\\Routing\\Router->dispatchToRoute(Object(Illuminate\\Http\\Request))
#48 C:\\Users\\canam\\Dropbox\\DC\\Semester 5\\DBAS\\Hot Rides Software\\hotridesapp\\vendor\\laravel\\framework\\src\\Illuminate\\Foundation\\Http\\Kernel.php(176): Illuminate\\Routing\\Router->dispatch(Object(Illuminate\\Http\\Request))
#49 C:\\Users\\canam\\Dropbox\\DC\\Semester 5\\DBAS\\Hot Rides Software\\hotridesapp\\vendor\\laravel\\framework\\src\\Illuminate\\Routing\\Pipeline.php(30): Illuminate\\Foundation\\Http\\Kernel->Illuminate\\Foundation\\Http\\{closure}(Object(Illuminate\\Http\\Request))
#50 C:\\Users\\canam\\Dropbox\\DC\\Semester 5\\DBAS\\Hot Rides Software\\hotridesapp\\vendor\\fideloper\\proxy\\src\\TrustProxies.php(57): Illuminate\\Routing\\Pipeline->Illuminate\\Routing\\{closure}(Object(Illuminate\\Http\\Request))
#51 C:\\Users\\canam\\Dropbox\\DC\\Semester 5\\DBAS\\Hot Rides Software\\hotridesapp\\vendor\\laravel\\framework\\src\\Illuminate\\Pipeline\\Pipeline.php(151): Fideloper\\Proxy\\TrustProxies->handle(Object(Illuminate\\Http\\Request), Object(Closure))
#52 C:\\Users\\canam\\Dropbox\\DC\\Semester 5\\DBAS\\Hot Rides Software\\hotridesapp\\vendor\\laravel\\framework\\src\\Illuminate\\Routing\\Pipeline.php(53): Illuminate\\Pipeline\\Pipeline->Illuminate\\Pipeline\\{closure}(Object(Illuminate\\Http\\Request))
#53 C:\\Users\\canam\\Dropbox\\DC\\Semester 5\\DBAS\\Hot Rides Software\\hotridesapp\\vendor\\laravel\\framework\\src\\Illuminate\\Foundation\\Http\\Middleware\\TransformsRequest.php(31): Illuminate\\Routing\\Pipeline->Illuminate\\Routing\\{closure}(Object(Illuminate\\Http\\Request))
#54 C:\\Users\\canam\\Dropbox\\DC\\Semester 5\\DBAS\\Hot Rides Software\\hotridesapp\\vendor\\laravel\\framework\\src\\Illuminate\\Pipeline\\Pipeline.php(151): Illuminate\\Foundation\\Http\\Middleware\\TransformsRequest->handle(Object(Illuminate\\Http\\Request), Object(Closure))
#55 C:\\Users\\canam\\Dropbox\\DC\\Semester 5\\DBAS\\Hot Rides Software\\hotridesapp\\vendor\\laravel\\framework\\src\\Illuminate\\Routing\\Pipeline.php(53): Illuminate\\Pipeline\\Pipeline->Illuminate\\Pipeline\\{closure}(Object(Illuminate\\Http\\Request))
#56 C:\\Users\\canam\\Dropbox\\DC\\Semester 5\\DBAS\\Hot Rides Software\\hotridesapp\\vendor\\laravel\\framework\\src\\Illuminate\\Foundation\\Http\\Middleware\\TransformsRequest.php(31): Illuminate\\Routing\\Pipeline->Illuminate\\Routing\\{closure}(Object(Illuminate\\Http\\Request))
#57 C:\\Users\\canam\\Dropbox\\DC\\Semester 5\\DBAS\\Hot Rides Software\\hotridesapp\\vendor\\laravel\\framework\\src\\Illuminate\\Pipeline\\Pipeline.php(151): Illuminate\\Foundation\\Http\\Middleware\\TransformsRequest->handle(Object(Illuminate\\Http\\Request), Object(Closure))
#58 C:\\Users\\canam\\Dropbox\\DC\\Semester 5\\DBAS\\Hot Rides Software\\hotridesapp\\vendor\\laravel\\framework\\src\\Illuminate\\Routing\\Pipeline.php(53): Illuminate\\Pipeline\\Pipeline->Illuminate\\Pipeline\\{closure}(Object(Illuminate\\Http\\Request))
#59 C:\\Users\\canam\\Dropbox\\DC\\Semester 5\\DBAS\\Hot Rides Software\\hotridesapp\\vendor\\laravel\\framework\\src\\Illuminate\\Foundation\\Http\\Middleware\\ValidatePostSize.php(27): Illuminate\\Routing\\Pipeline->Illuminate\\Routing\\{closure}(Object(Illuminate\\Http\\Request))
#60 C:\\Users\\canam\\Dropbox\\DC\\Semester 5\\DBAS\\Hot Rides Software\\hotridesapp\\vendor\\laravel\\framework\\src\\Illuminate\\Pipeline\\Pipeline.php(151): Illuminate\\Foundation\\Http\\Middleware\\ValidatePostSize->handle(Object(Illuminate\\Http\\Request), Object(Closure))
#61 C:\\Users\\canam\\Dropbox\\DC\\Semester 5\\DBAS\\Hot Rides Software\\hotridesapp\\vendor\\laravel\\framework\\src\\Illuminate\\Routing\\Pipeline.php(53): Illuminate\\Pipeline\\Pipeline->Illuminate\\Pipeline\\{closure}(Object(Illuminate\\Http\\Request))
#62 C:\\Users\\canam\\Dropbox\\DC\\Semester 5\\DBAS\\Hot Rides Software\\hotridesapp\\vendor\\laravel\\framework\\src\\Illuminate\\Foundation\\Http\\Middleware\\CheckForMaintenanceMode.php(62): Illuminate\\Routing\\Pipeline->Illuminate\\Routing\\{closure}(Object(Illuminate\\Http\\Request))
#63 C:\\Users\\canam\\Dropbox\\DC\\Semester 5\\DBAS\\Hot Rides Software\\hotridesapp\\vendor\\laravel\\framework\\src\\Illuminate\\Pipeline\\Pipeline.php(151): Illuminate\\Foundation\\Http\\Middleware\\CheckForMaintenanceMode->handle(Object(Illuminate\\Http\\Request), Object(Closure))
#64 C:\\Users\\canam\\Dropbox\\DC\\Semester 5\\DBAS\\Hot Rides Software\\hotridesapp\\vendor\\laravel\\framework\\src\\Illuminate\\Routing\\Pipeline.php(53): Illuminate\\Pipeline\\Pipeline->Illuminate\\Pipeline\\{closure}(Object(Illuminate\\Http\\Request))
#65 C:\\Users\\canam\\Dropbox\\DC\\Semester 5\\DBAS\\Hot Rides Software\\hotridesapp\\vendor\\laravel\\framework\\src\\Illuminate\\Pipeline\\Pipeline.php(104): Illuminate\\Routing\\Pipeline->Illuminate\\Routing\\{closure}(Object(Illuminate\\Http\\Request))
#66 C:\\Users\\canam\\Dropbox\\DC\\Semester 5\\DBAS\\Hot Rides Software\\hotridesapp\\vendor\\laravel\\framework\\src\\Illuminate\\Foundation\\Http\\Kernel.php(151): Illuminate\\Pipeline\\Pipeline->then(Object(Closure))
#67 C:\\Users\\canam\\Dropbox\\DC\\Semester 5\\DBAS\\Hot Rides Software\\hotridesapp\\vendor\\laravel\\framework\\src\\Illuminate\\Foundation\\Http\\Kernel.php(116): Illuminate\\Foundation\\Http\\Kernel->sendRequestThroughRouter(Object(Illuminate\\Http\\Request))
#68 C:\\Users\\canam\\Dropbox\\DC\\Semester 5\\DBAS\\Hot Rides Software\\hotridesapp\\public\\index.php(55): Illuminate\\Foundation\\Http\\Kernel->handle(Object(Illuminate\\Http\\Request))
#69 C:\\Users\\canam\\Dropbox\\DC\\Semester 5\\DBAS\\Hot Rides Software\\hotridesapp\\server.php(21): require_once('C:\\\\Users\\\\canam\\\\...')
#70 {main}
"} 
[2018-11-12 18:22:17] local.ERROR: SQLSTATE[08006] [7] FATAL:  password authentication failed for user "binniecormierk" (SQL: select count(*) as aggregate from "users" where "email" = test@test.com) {"exception":"[object] (Illuminate\\Database\\QueryException(code: 7): SQLSTATE[08006] [7] FATAL:  password authentication failed for user \"binniecormierk\" (SQL: select count(*) as aggregate from \"users\" where \"email\" = test@test.com) at C:\\Users\\canam\\Dropbox\\DC\\Semester 5\\DBAS\\Hot Rides Software\\hotridesapp\\vendor\\laravel\\framework\\src\\Illuminate\\Database\\Connection.php:664, PDOException(code: 7): SQLSTATE[08006] [7] FATAL:  password authentication failed for user \"binniecormierk\" at C:\\Users\\canam\\Dropbox\\DC\\Semester 5\\DBAS\\Hot Rides Software\\hotridesapp\\vendor\\laravel\\framework\\src\\Illuminate\\Database\\Connectors\\Connector.php:70)
[stacktrace]
#0 C:\\Users\\canam\\Dropbox\\DC\\Semester 5\\DBAS\\Hot Rides Software\\hotridesapp\\vendor\\laravel\\framework\\src\\Illuminate\\Database\\Connection.php(624): Illuminate\\Database\\Connection->runQueryCallback('select count(*)...', Array, Object(Closure))
#1 C:\\Users\\canam\\Dropbox\\DC\\Semester 5\\DBAS\\Hot Rides Software\\hotridesapp\\vendor\\laravel\\framework\\src\\Illuminate\\Database\\Connection.php(333): Illuminate\\Database\\Connection->run('select count(*)...', Array, Object(Closure))
#2 C:\\Users\\canam\\Dropbox\\DC\\Semester 5\\DBAS\\Hot Rides Software\\hotridesapp\\vendor\\laravel\\framework\\src\\Illuminate\\Database\\Query\\Builder.php(2027): Illuminate\\Database\\Connection->select('select count(*)...', Array, false)
#3 C:\\Users\\canam\\Dropbox\\DC\\Semester 5\\DBAS\\Hot Rides Software\\hotridesapp\\vendor\\laravel\\framework\\src\\Illuminate\\Database\\Query\\Builder.php(2015): Illuminate\\Database\\Query\\Builder->runSelect()
#4 C:\\Users\\canam\\Dropbox\\DC\\Semester 5\\DBAS\\Hot Rides Software\\hotridesapp\\vendor\\laravel\\framework\\src\\Illuminate\\Database\\Query\\Builder.php(2499): Illuminate\\Database\\Query\\Builder->Illuminate\\Database\\Query\\{closure}()
#5 C:\\Users\\canam\\Dropbox\\DC\\Semester 5\\DBAS\\Hot Rides Software\\hotridesapp\\vendor\\laravel\\framework\\src\\Illuminate\\Database\\Query\\Builder.php(2016): Illuminate\\Database\\Query\\Builder->onceWithColumns(Array, Object(Closure))
#6 C:\\Users\\canam\\Dropbox\\DC\\Semester 5\\DBAS\\Hot Rides Software\\hotridesapp\\vendor\\laravel\\framework\\src\\Illuminate\\Database\\Query\\Builder.php(2426): Illuminate\\Database\\Query\\Builder->get(Array)
#7 C:\\Users\\canam\\Dropbox\\DC\\Semester 5\\DBAS\\Hot Rides Software\\hotridesapp\\vendor\\laravel\\framework\\src\\Illuminate\\Database\\Query\\Builder.php(2354): Illuminate\\Database\\Query\\Builder->aggregate('count', Array)
#8 C:\\Users\\canam\\Dropbox\\DC\\Semester 5\\DBAS\\Hot Rides Software\\hotridesapp\\vendor\\laravel\\framework\\src\\Illuminate\\Validation\\DatabasePresenceVerifier.php(55): Illuminate\\Database\\Query\\Builder->count()
#9 C:\\Users\\canam\\Dropbox\\DC\\Semester 5\\DBAS\\Hot Rides Software\\hotridesapp\\vendor\\laravel\\framework\\src\\Illuminate\\Validation\\Concerns\\ValidatesAttributes.php(687): Illuminate\\Validation\\DatabasePresenceVerifier->getCount('users', 'email', 'test@test.com', NULL, NULL, Array)
#10 C:\\Users\\canam\\Dropbox\\DC\\Semester 5\\DBAS\\Hot Rides Software\\hotridesapp\\vendor\\laravel\\framework\\src\\Illuminate\\Validation\\Validator.php(373): Illuminate\\Validation\\Validator->validateUnique('email', 'test@test.com', Array, Object(Illuminate\\Validation\\Validator))
#11 C:\\Users\\canam\\Dropbox\\DC\\Semester 5\\DBAS\\Hot Rides Software\\hotridesapp\\vendor\\laravel\\framework\\src\\Illuminate\\Validation\\Validator.php(268): Illuminate\\Validation\\Validator->validateAttribute('email', 'Unique')
#12 C:\\Users\\canam\\Dropbox\\DC\\Semester 5\\DBAS\\Hot Rides Software\\hotridesapp\\vendor\\laravel\\framework\\src\\Illuminate\\Validation\\Validator.php(293): Illuminate\\Validation\\Validator->passes()
#13 C:\\Users\\canam\\Dropbox\\DC\\Semester 5\\DBAS\\Hot Rides Software\\hotridesapp\\vendor\\laravel\\framework\\src\\Illuminate\\Validation\\Validator.php(305): Illuminate\\Validation\\Validator->fails()
#14 C:\\Users\\canam\\Dropbox\\DC\\Semester 5\\DBAS\\Hot Rides Software\\hotridesapp\\vendor\\laravel\\framework\\src\\Illuminate\\Foundation\\Auth\\RegistersUsers.php(31): Illuminate\\Validation\\Validator->validate()
#15 [internal function]: App\\Http\\Controllers\\Auth\\RegisterController->register(Object(Illuminate\\Http\\Request))
#16 C:\\Users\\canam\\Dropbox\\DC\\Semester 5\\DBAS\\Hot Rides Software\\hotridesapp\\vendor\\laravel\\framework\\src\\Illuminate\\Routing\\Controller.php(54): call_user_func_array(Array, Array)
#17 C:\\Users\\canam\\Dropbox\\DC\\Semester 5\\DBAS\\Hot Rides Software\\hotridesapp\\vendor\\laravel\\framework\\src\\Illuminate\\Routing\\ControllerDispatcher.php(45): Illuminate\\Routing\\Controller->callAction('register', Array)
#18 C:\\Users\\canam\\Dropbox\\DC\\Semester 5\\DBAS\\Hot Rides Software\\hotridesapp\\vendor\\laravel\\framework\\src\\Illuminate\\Routing\\Route.php(212): Illuminate\\Routing\\ControllerDispatcher->dispatch(Object(Illuminate\\Routing\\Route), Object(App\\Http\\Controllers\\Auth\\RegisterController), 'register')
#19 C:\\Users\\canam\\Dropbox\\DC\\Semester 5\\DBAS\\Hot Rides Software\\hotridesapp\\vendor\\laravel\\framework\\src\\Illuminate\\Routing\\Route.php(169): Illuminate\\Routing\\Route->runController()
#20 C:\\Users\\canam\\Dropbox\\DC\\Semester 5\\DBAS\\Hot Rides Software\\hotridesapp\\vendor\\laravel\\framework\\src\\Illuminate\\Routing\\Router.php(679): Illuminate\\Routing\\Route->run()
#21 C:\\Users\\canam\\Dropbox\\DC\\Semester 5\\DBAS\\Hot Rides Software\\hotridesapp\\vendor\\laravel\\framework\\src\\Illuminate\\Routing\\Pipeline.php(30): Illuminate\\Routing\\Router->Illuminate\\Routing\\{closure}(Object(Illuminate\\Http\\Request))
#22 C:\\Users\\canam\\Dropbox\\DC\\Semester 5\\DBAS\\Hot Rides Software\\hotridesapp\\app\\Http\\Middleware\\RedirectIfAuthenticated.php(24): Illuminate\\Routing\\Pipeline->Illuminate\\Routing\\{closure}(Object(Illuminate\\Http\\Request))
#23 C:\\Users\\canam\\Dropbox\\DC\\Semester 5\\DBAS\\Hot Rides Software\\hotridesapp\\vendor\\laravel\\framework\\src\\Illuminate\\Pipeline\\Pipeline.php(151): App\\Http\\Middleware\\RedirectIfAuthenticated->handle(Object(Illuminate\\Http\\Request), Object(Closure))
#24 C:\\Users\\canam\\Dropbox\\DC\\Semester 5\\DBAS\\Hot Rides Software\\hotridesapp\\vendor\\laravel\\framework\\src\\Illuminate\\Routing\\Pipeline.php(53): Illuminate\\Pipeline\\Pipeline->Illuminate\\Pipeline\\{closure}(Object(Illuminate\\Http\\Request))
#25 C:\\Users\\canam\\Dropbox\\DC\\Semester 5\\DBAS\\Hot Rides Software\\hotridesapp\\vendor\\laravel\\framework\\src\\Illuminate\\Routing\\Middleware\\SubstituteBindings.php(41): Illuminate\\Routing\\Pipeline->Illuminate\\Routing\\{closure}(Object(Illuminate\\Http\\Request))
#26 C:\\Users\\canam\\Dropbox\\DC\\Semester 5\\DBAS\\Hot Rides Software\\hotridesapp\\vendor\\laravel\\framework\\src\\Illuminate\\Pipeline\\Pipeline.php(151): Illuminate\\Routing\\Middleware\\SubstituteBindings->handle(Object(Illuminate\\Http\\Request), Object(Closure))
#27 C:\\Users\\canam\\Dropbox\\DC\\Semester 5\\DBAS\\Hot Rides Software\\hotridesapp\\vendor\\laravel\\framework\\src\\Illuminate\\Routing\\Pipeline.php(53): Illuminate\\Pipeline\\Pipeline->Illuminate\\Pipeline\\{closure}(Object(Illuminate\\Http\\Request))
#28 C:\\Users\\canam\\Dropbox\\DC\\Semester 5\\DBAS\\Hot Rides Software\\hotridesapp\\vendor\\laravel\\framework\\src\\Illuminate\\Foundation\\Http\\Middleware\\VerifyCsrfToken.php(75): Illuminate\\Routing\\Pipeline->Illuminate\\Routing\\{closure}(Object(Illuminate\\Http\\Request))
#29 C:\\Users\\canam\\Dropbox\\DC\\Semester 5\\DBAS\\Hot Rides Software\\hotridesapp\\vendor\\laravel\\framework\\src\\Illuminate\\Pipeline\\Pipeline.php(151): Illuminate\\Foundation\\Http\\Middleware\\VerifyCsrfToken->handle(Object(Illuminate\\Http\\Request), Object(Closure))
#30 C:\\Users\\canam\\Dropbox\\DC\\Semester 5\\DBAS\\Hot Rides Software\\hotridesapp\\vendor\\laravel\\framework\\src\\Illuminate\\Routing\\Pipeline.php(53): Illuminate\\Pipeline\\Pipeline->Illuminate\\Pipeline\\{closure}(Object(Illuminate\\Http\\Request))
#31 C:\\Users\\canam\\Dropbox\\DC\\Semester 5\\DBAS\\Hot Rides Software\\hotridesapp\\vendor\\laravel\\framework\\src\\Illuminate\\View\\Middleware\\ShareErrorsFromSession.php(49): Illuminate\\Routing\\Pipeline->Illuminate\\Routing\\{closure}(Object(Illuminate\\Http\\Request))
#32 C:\\Users\\canam\\Dropbox\\DC\\Semester 5\\DBAS\\Hot Rides Software\\hotridesapp\\vendor\\laravel\\framework\\src\\Illuminate\\Pipeline\\Pipeline.php(151): Illuminate\\View\\Middleware\\ShareErrorsFromSession->handle(Object(Illuminate\\Http\\Request), Object(Closure))
#33 C:\\Users\\canam\\Dropbox\\DC\\Semester 5\\DBAS\\Hot Rides Software\\hotridesapp\\vendor\\laravel\\framework\\src\\Illuminate\\Routing\\Pipeline.php(53): Illuminate\\Pipeline\\Pipeline->Illuminate\\Pipeline\\{closure}(Object(Illuminate\\Http\\Request))
#34 C:\\Users\\canam\\Dropbox\\DC\\Semester 5\\DBAS\\Hot Rides Software\\hotridesapp\\vendor\\laravel\\framework\\src\\Illuminate\\Session\\Middleware\\StartSession.php(63): Illuminate\\Routing\\Pipeline->Illuminate\\Routing\\{closure}(Object(Illuminate\\Http\\Request))
#35 C:\\Users\\canam\\Dropbox\\DC\\Semester 5\\DBAS\\Hot Rides Software\\hotridesapp\\vendor\\laravel\\framework\\src\\Illuminate\\Pipeline\\Pipeline.php(151): Illuminate\\Session\\Middleware\\StartSession->handle(Object(Illuminate\\Http\\Request), Object(Closure))
#36 C:\\Users\\canam\\Dropbox\\DC\\Semester 5\\DBAS\\Hot Rides Software\\hotridesapp\\vendor\\laravel\\framework\\src\\Illuminate\\Routing\\Pipeline.php(53): Illuminate\\Pipeline\\Pipeline->Illuminate\\Pipeline\\{closure}(Object(Illuminate\\Http\\Request))
#37 C:\\Users\\canam\\Dropbox\\DC\\Semester 5\\DBAS\\Hot Rides Software\\hotridesapp\\vendor\\laravel\\framework\\src\\Illuminate\\Cookie\\Middleware\\AddQueuedCookiesToResponse.php(37): Illuminate\\Routing\\Pipeline->Illuminate\\Routing\\{closure}(Object(Illuminate\\Http\\Request))
#38 C:\\Users\\canam\\Dropbox\\DC\\Semester 5\\DBAS\\Hot Rides Software\\hotridesapp\\vendor\\laravel\\framework\\src\\Illuminate\\Pipeline\\Pipeline.php(151): Illuminate\\Cookie\\Middleware\\AddQueuedCookiesToResponse->handle(Object(Illuminate\\Http\\Request), Object(Closure))
#39 C:\\Users\\canam\\Dropbox\\DC\\Semester 5\\DBAS\\Hot Rides Software\\hotridesapp\\vendor\\laravel\\framework\\src\\Illuminate\\Routing\\Pipeline.php(53): Illuminate\\Pipeline\\Pipeline->Illuminate\\Pipeline\\{closure}(Object(Illuminate\\Http\\Request))
#40 C:\\Users\\canam\\Dropbox\\DC\\Semester 5\\DBAS\\Hot Rides Software\\hotridesapp\\vendor\\laravel\\framework\\src\\Illuminate\\Cookie\\Middleware\\EncryptCookies.php(66): Illuminate\\Routing\\Pipeline->Illuminate\\Routing\\{closure}(Object(Illuminate\\Http\\Request))
#41 C:\\Users\\canam\\Dropbox\\DC\\Semester 5\\DBAS\\Hot Rides Software\\hotridesapp\\vendor\\laravel\\framework\\src\\Illuminate\\Pipeline\\Pipeline.php(151): Illuminate\\Cookie\\Middleware\\EncryptCookies->handle(Object(Illuminate\\Http\\Request), Object(Closure))
#42 C:\\Users\\canam\\Dropbox\\DC\\Semester 5\\DBAS\\Hot Rides Software\\hotridesapp\\vendor\\laravel\\framework\\src\\Illuminate\\Routing\\Pipeline.php(53): Illuminate\\Pipeline\\Pipeline->Illuminate\\Pipeline\\{closure}(Object(Illuminate\\Http\\Request))
#43 C:\\Users\\canam\\Dropbox\\DC\\Semester 5\\DBAS\\Hot Rides Software\\hotridesapp\\vendor\\laravel\\framework\\src\\Illuminate\\Pipeline\\Pipeline.php(104): Illuminate\\Routing\\Pipeline->Illuminate\\Routing\\{closure}(Object(Illuminate\\Http\\Request))
#44 C:\\Users\\canam\\Dropbox\\DC\\Semester 5\\DBAS\\Hot Rides Software\\hotridesapp\\vendor\\laravel\\framework\\src\\Illuminate\\Routing\\Router.php(681): Illuminate\\Pipeline\\Pipeline->then(Object(Closure))
#45 C:\\Users\\canam\\Dropbox\\DC\\Semester 5\\DBAS\\Hot Rides Software\\hotridesapp\\vendor\\laravel\\framework\\src\\Illuminate\\Routing\\Router.php(656): Illuminate\\Routing\\Router->runRouteWithinStack(Object(Illuminate\\Routing\\Route), Object(Illuminate\\Http\\Request))
#46 C:\\Users\\canam\\Dropbox\\DC\\Semester 5\\DBAS\\Hot Rides Software\\hotridesapp\\vendor\\laravel\\framework\\src\\Illuminate\\Routing\\Router.php(622): Illuminate\\Routing\\Router->runRoute(Object(Illuminate\\Http\\Request), Object(Illuminate\\Routing\\Route))
#47 C:\\Users\\canam\\Dropbox\\DC\\Semester 5\\DBAS\\Hot Rides Software\\hotridesapp\\vendor\\laravel\\framework\\src\\Illuminate\\Routing\\Router.php(611): Illuminate\\Routing\\Router->dispatchToRoute(Object(Illuminate\\Http\\Request))
#48 C:\\Users\\canam\\Dropbox\\DC\\Semester 5\\DBAS\\Hot Rides Software\\hotridesapp\\vendor\\laravel\\framework\\src\\Illuminate\\Foundation\\Http\\Kernel.php(176): Illuminate\\Routing\\Router->dispatch(Object(Illuminate\\Http\\Request))
#49 C:\\Users\\canam\\Dropbox\\DC\\Semester 5\\DBAS\\Hot Rides Software\\hotridesapp\\vendor\\laravel\\framework\\src\\Illuminate\\Routing\\Pipeline.php(30): Illuminate\\Foundation\\Http\\Kernel->Illuminate\\Foundation\\Http\\{closure}(Object(Illuminate\\Http\\Request))
#50 C:\\Users\\canam\\Dropbox\\DC\\Semester 5\\DBAS\\Hot Rides Software\\hotridesapp\\vendor\\fideloper\\proxy\\src\\TrustProxies.php(57): Illuminate\\Routing\\Pipeline->Illuminate\\Routing\\{closure}(Object(Illuminate\\Http\\Request))
#51 C:\\Users\\canam\\Dropbox\\DC\\Semester 5\\DBAS\\Hot Rides Software\\hotridesapp\\vendor\\laravel\\framework\\src\\Illuminate\\Pipeline\\Pipeline.php(151): Fideloper\\Proxy\\TrustProxies->handle(Object(Illuminate\\Http\\Request), Object(Closure))
#52 C:\\Users\\canam\\Dropbox\\DC\\Semester 5\\DBAS\\Hot Rides Software\\hotridesapp\\vendor\\laravel\\framework\\src\\Illuminate\\Routing\\Pipeline.php(53): Illuminate\\Pipeline\\Pipeline->Illuminate\\Pipeline\\{closure}(Object(Illuminate\\Http\\Request))
#53 C:\\Users\\canam\\Dropbox\\DC\\Semester 5\\DBAS\\Hot Rides Software\\hotridesapp\\vendor\\laravel\\framework\\src\\Illuminate\\Foundation\\Http\\Middleware\\TransformsRequest.php(31): Illuminate\\Routing\\Pipeline->Illuminate\\Routing\\{closure}(Object(Illuminate\\Http\\Request))
#54 C:\\Users\\canam\\Dropbox\\DC\\Semester 5\\DBAS\\Hot Rides Software\\hotridesapp\\vendor\\laravel\\framework\\src\\Illuminate\\Pipeline\\Pipeline.php(151): Illuminate\\Foundation\\Http\\Middleware\\TransformsRequest->handle(Object(Illuminate\\Http\\Request), Object(Closure))
#55 C:\\Users\\canam\\Dropbox\\DC\\Semester 5\\DBAS\\Hot Rides Software\\hotridesapp\\vendor\\laravel\\framework\\src\\Illuminate\\Routing\\Pipeline.php(53): Illuminate\\Pipeline\\Pipeline->Illuminate\\Pipeline\\{closure}(Object(Illuminate\\Http\\Request))
#56 C:\\Users\\canam\\Dropbox\\DC\\Semester 5\\DBAS\\Hot Rides Software\\hotridesapp\\vendor\\laravel\\framework\\src\\Illuminate\\Foundation\\Http\\Middleware\\TransformsRequest.php(31): Illuminate\\Routing\\Pipeline->Illuminate\\Routing\\{closure}(Object(Illuminate\\Http\\Request))
#57 C:\\Users\\canam\\Dropbox\\DC\\Semester 5\\DBAS\\Hot Rides Software\\hotridesapp\\vendor\\laravel\\framework\\src\\Illuminate\\Pipeline\\Pipeline.php(151): Illuminate\\Foundation\\Http\\Middleware\\TransformsRequest->handle(Object(Illuminate\\Http\\Request), Object(Closure))
#58 C:\\Users\\canam\\Dropbox\\DC\\Semester 5\\DBAS\\Hot Rides Software\\hotridesapp\\vendor\\laravel\\framework\\src\\Illuminate\\Routing\\Pipeline.php(53): Illuminate\\Pipeline\\Pipeline->Illuminate\\Pipeline\\{closure}(Object(Illuminate\\Http\\Request))
#59 C:\\Users\\canam\\Dropbox\\DC\\Semester 5\\DBAS\\Hot Rides Software\\hotridesapp\\vendor\\laravel\\framework\\src\\Illuminate\\Foundation\\Http\\Middleware\\ValidatePostSize.php(27): Illuminate\\Routing\\Pipeline->Illuminate\\Routing\\{closure}(Object(Illuminate\\Http\\Request))
#60 C:\\Users\\canam\\Dropbox\\DC\\Semester 5\\DBAS\\Hot Rides Software\\hotridesapp\\vendor\\laravel\\framework\\src\\Illuminate\\Pipeline\\Pipeline.php(151): Illuminate\\Foundation\\Http\\Middleware\\ValidatePostSize->handle(Object(Illuminate\\Http\\Request), Object(Closure))
#61 C:\\Users\\canam\\Dropbox\\DC\\Semester 5\\DBAS\\Hot Rides Software\\hotridesapp\\vendor\\laravel\\framework\\src\\Illuminate\\Routing\\Pipeline.php(53): Illuminate\\Pipeline\\Pipeline->Illuminate\\Pipeline\\{closure}(Object(Illuminate\\Http\\Request))
#62 C:\\Users\\canam\\Dropbox\\DC\\Semester 5\\DBAS\\Hot Rides Software\\hotridesapp\\vendor\\laravel\\framework\\src\\Illuminate\\Foundation\\Http\\Middleware\\CheckForMaintenanceMode.php(62): Illuminate\\Routing\\Pipeline->Illuminate\\Routing\\{closure}(Object(Illuminate\\Http\\Request))
#63 C:\\Users\\canam\\Dropbox\\DC\\Semester 5\\DBAS\\Hot Rides Software\\hotridesapp\\vendor\\laravel\\framework\\src\\Illuminate\\Pipeline\\Pipeline.php(151): Illuminate\\Foundation\\Http\\Middleware\\CheckForMaintenanceMode->handle(Object(Illuminate\\Http\\Request), Object(Closure))
#64 C:\\Users\\canam\\Dropbox\\DC\\Semester 5\\DBAS\\Hot Rides Software\\hotridesapp\\vendor\\laravel\\framework\\src\\Illuminate\\Routing\\Pipeline.php(53): Illuminate\\Pipeline\\Pipeline->Illuminate\\Pipeline\\{closure}(Object(Illuminate\\Http\\Request))
#65 C:\\Users\\canam\\Dropbox\\DC\\Semester 5\\DBAS\\Hot Rides Software\\hotridesapp\\vendor\\laravel\\framework\\src\\Illuminate\\Pipeline\\Pipeline.php(104): Illuminate\\Routing\\Pipeline->Illuminate\\Routing\\{closure}(Object(Illuminate\\Http\\Request))
#66 C:\\Users\\canam\\Dropbox\\DC\\Semester 5\\DBAS\\Hot Rides Software\\hotridesapp\\vendor\\laravel\\framework\\src\\Illuminate\\Foundation\\Http\\Kernel.php(151): Illuminate\\Pipeline\\Pipeline->then(Object(Closure))
#67 C:\\Users\\canam\\Dropbox\\DC\\Semester 5\\DBAS\\Hot Rides Software\\hotridesapp\\vendor\\laravel\\framework\\src\\Illuminate\\Foundation\\Http\\Kernel.php(116): Illuminate\\Foundation\\Http\\Kernel->sendRequestThroughRouter(Object(Illuminate\\Http\\Request))
#68 C:\\Users\\canam\\Dropbox\\DC\\Semester 5\\DBAS\\Hot Rides Software\\hotridesapp\\public\\index.php(55): Illuminate\\Foundation\\Http\\Kernel->handle(Object(Illuminate\\Http\\Request))
#69 C:\\Users\\canam\\Dropbox\\DC\\Semester 5\\DBAS\\Hot Rides Software\\hotridesapp\\server.php(21): require_once('C:\\\\Users\\\\canam\\\\...')
#70 {main}
"} 
