[2018-11-20 21:40:29] local.ERROR: Too few arguments to function Illuminate\Routing\PendingResourceRegistration::name(), 1 passed in C:\Users\canam\Dropbox\DC\Semester 5\DBAS\Hot Rides Software\hotridesapp\routes\web.php on line 27 and exactly 2 expected {"exception":"[object] (Symfony\\Component\\Debug\\Exception\\FatalThrowableError(code: 0): Too few arguments to function Illuminate\\Routing\\PendingResourceRegistration::name(), 1 passed in C:\\Users\\canam\\Dropbox\\DC\\Semester 5\\DBAS\\Hot Rides Software\\hotridesapp\outes\\web.php on line 27 and exactly 2 expected at C:\\Users\\canam\\Dropbox\\DC\\Semester 5\\DBAS\\Hot Rides Software\\hotridesapp\\vendor\\laravel\\framework\\src\\Illuminate\\Routing\\PendingResourceRegistration.php:109)
[stacktrace]
#0 C:\\Users\\canam\\Dropbox\\DC\\Semester 5\\DBAS\\Hot Rides Software\\hotridesapp\outes\\web.php(27): Illuminate\\Routing\\PendingResourceRegistration->name('events')
#1 C:\\Users\\canam\\Dropbox\\DC\\Semester 5\\DBAS\\Hot Rides Software\\hotridesapp\\vendor\\laravel\\framework\\src\\Illuminate\\Routing\\Router.php(414): require('C:\\\\Users\\\\canam\\\\...')
#2 C:\\Users\\canam\\Dropbox\\DC\\Semester 5\\DBAS\\Hot Rides Software\\hotridesapp\\vendor\\laravel\\framework\\src\\Illuminate\\Routing\\Router.php(370): Illuminate\\Routing\\Router->loadRoutes('C:\\\\Users\\\\canam\\\\...')
#3 C:\\Users\\canam\\Dropbox\\DC\\Semester 5\\DBAS\\Hot Rides Software\\hotridesapp\\vendor\\laravel\\framework\\src\\Illuminate\\Routing\\RouteRegistrar.php(121): Illuminate\\Routing\\Router->group(Array, 'C:\\\\Users\\\\canam\\\\...')
#4 C:\\Users\\canam\\Dropbox\\DC\\Semester 5\\DBAS\\Hot Rides Software\\hotridesapp\\app\\Providers\\RouteServiceProvider.php(56): Illuminate\\Routing\\RouteRegistrar->group('C:\\\\Users\\\\canam\\\\...')
#5 C:\\Users\\canam\\Dropbox\\DC\\Semester 5\\DBAS\\Hot Rides Software\\hotridesapp\\app\\Providers\\RouteServiceProvider.php(40): App\\Providers\\RouteServiceProvider->mapWebRoutes()
#6 [internal function]: App\\Providers\\RouteServiceProvider->map()
#7 C:\\Users\\canam\\Dropbox\\DC\\Semester 5\\DBAS\\Hot Rides Software\\hotridesapp\\vendor\\laravel\\framework\\src\\Illuminate\\Container\\BoundMethod.php(29): call_user_func_array(Array, Array)
#8 C:\\Users\\canam\\Dropbox\\DC\\Semester 5\\DBAS\\Hot Rides Software\\hotridesapp\\vendor\\laravel\\framework\\src\\Illuminate\\Container\\BoundMethod.php(87): Illuminate\\Container\\BoundMethod::Illuminate\\Container\\{closure}()
#9 C:\\Users\\canam\\Dropbox\\DC\\Semester 5\\DBAS\\Hot Rides Software\\hotridesapp\\vendor\\laravel\\framework\\src\\Illuminate\\Container\\BoundMethod.php(31): Illuminate\\Container\\BoundMethod::callBoundMethod(Object(Illuminate\\Foundation\\Application), Array, Object(Closure))
#10 C:\\Users\\canam\\Dropbox\\DC\\Semester 5\\DBAS\\Hot Rides Software\\hotridesapp\\vendor\\laravel\\framework\\src\\Illuminate\\Container\\Container.php(572): Illuminate\\Container\\BoundMethod::call(Object(Illuminate\\Foundation\\Application), Array, Array, NULL)
#11 C:\\Users\\canam\\Dropbox\\DC\\Semester 5\\DBAS\\Hot Rides Software\\hotridesapp\\vendor\\laravel\\framework\\src\\Illuminate\\Foundation\\Support\\Providers\\RouteServiceProvider.php(77): Illuminate\\Container\\Container->call(Array)
#12 C:\\Users\\canam\\Dropbox\\DC\\Semester 5\\DBAS\\Hot Rides Software\\hotridesapp\\vendor\\laravel\\framework\\src\\Illuminate\\Foundation\\Support\\Providers\\RouteServiceProvider.php(36): Illuminate\\Foundation\\Support\\Providers\\RouteServiceProvider->loadRoutes()
#13 C:\\Users\\canam\\Dropbox\\DC\\Semester 5\\DBAS\\Hot Rides Software\\hotridesapp\\app\\Providers\\RouteServiceProvider.php(28): Illuminate\\Foundation\\Support\\Providers\\RouteServiceProvider->boot()
#14 [internal function]: App\\Providers\\RouteServiceProvider->boot()
#15 C:\\Users\\canam\\Dropbox\\DC\\Semester 5\\DBAS\\Hot Rides Software\\hotridesapp\\vendor\\laravel\\framework\\src\\Illuminate\\Container\\BoundMethod.php(29): call_user_func_array(Array, Array)
#16 C:\\Users\\canam\\Dropbox\\DC\\Semester 5\\DBAS\\Hot Rides Software\\hotridesapp\\vendor\\laravel\\framework\\src\\Illuminate\\Container\\BoundMethod.php(87): Illuminate\\Container\\BoundMethod::Illuminate\\Container\\{closure}()
#17 C:\\Users\\canam\\Dropbox\\DC\\Semester 5\\DBAS\\Hot Rides Software\\hotridesapp\\vendor\\laravel\\framework\\src\\Illuminate\\Container\\BoundMethod.php(31): Illuminate\\Container\\BoundMethod::callBoundMethod(Object(Illuminate\\Foundation\\Application), Array, Object(Closure))
#18 C:\\Users\\canam\\Dropbox\\DC\\Semester 5\\DBAS\\Hot Rides Software\\hotridesapp\\vendor\\laravel\\framework\\src\\Illuminate\\Container\\Container.php(572): Illuminate\\Container\\BoundMethod::call(Object(Illuminate\\Foundation\\Application), Array, Array, NULL)
#19 C:\\Users\\canam\\Dropbox\\DC\\Semester 5\\DBAS\\Hot Rides Software\\hotridesapp\\vendor\\laravel\\framework\\src\\Illuminate\\Foundation\\Application.php(793): Illuminate\\Container\\Container->call(Array)
#20 C:\\Users\\canam\\Dropbox\\DC\\Semester 5\\DBAS\\Hot Rides Software\\hotridesapp\\vendor\\laravel\\framework\\src\\Illuminate\\Foundation\\Application.php(776): Illuminate\\Foundation\\Application->bootProvider(Object(App\\Providers\\RouteServiceProvider))
#21 [internal function]: Illuminate\\Foundation\\Application->Illuminate\\Foundation\\{closure}(Object(App\\Providers\\RouteServiceProvider), 20)
#22 C:\\Users\\canam\\Dropbox\\DC\\Semester 5\\DBAS\\Hot Rides Software\\hotridesapp\\vendor\\laravel\\framework\\src\\Illuminate\\Foundation\\Application.php(777): array_walk(Array, Object(Closure))
#23 C:\\Users\\canam\\Dropbox\\DC\\Semester 5\\DBAS\\Hot Rides Software\\hotridesapp\\vendor\\laravel\\framework\\src\\Illuminate\\Foundation\\Bootstrap\\BootProviders.php(17): Illuminate\\Foundation\\Application->boot()
#24 C:\\Users\\canam\\Dropbox\\DC\\Semester 5\\DBAS\\Hot Rides Software\\hotridesapp\\vendor\\laravel\\framework\\src\\Illuminate\\Foundation\\Application.php(206): Illuminate\\Foundation\\Bootstrap\\BootProviders->bootstrap(Object(Illuminate\\Foundation\\Application))
#25 C:\\Users\\canam\\Dropbox\\DC\\Semester 5\\DBAS\\Hot Rides Software\\hotridesapp\\vendor\\laravel\\framework\\src\\Illuminate\\Foundation\\Http\\Kernel.php(162): Illuminate\\Foundation\\Application->bootstrapWith(Array)
#26 C:\\Users\\canam\\Dropbox\\DC\\Semester 5\\DBAS\\Hot Rides Software\\hotridesapp\\vendor\\laravel\\framework\\src\\Illuminate\\Foundation\\Http\\Kernel.php(146): Illuminate\\Foundation\\Http\\Kernel->bootstrap()
#27 C:\\Users\\canam\\Dropbox\\DC\\Semester 5\\DBAS\\Hot Rides Software\\hotridesapp\\vendor\\laravel\\framework\\src\\Illuminate\\Foundation\\Http\\Kernel.php(116): Illuminate\\Foundation\\Http\\Kernel->sendRequestThroughRouter(Object(Illuminate\\Http\\Request))
#28 C:\\Users\\canam\\Dropbox\\DC\\Semester 5\\DBAS\\Hot Rides Software\\hotridesapp\\public\\index.php(55): Illuminate\\Foundation\\Http\\Kernel->handle(Object(Illuminate\\Http\\Request))
#29 C:\\Users\\canam\\Dropbox\\DC\\Semester 5\\DBAS\\Hot Rides Software\\hotridesapp\\server.php(21): require_once('C:\\\\Users\\\\canam\\\\...')
#30 {main}
"} 
[2018-11-20 21:40:57] local.ERROR: Too few arguments to function Illuminate\Routing\PendingResourceRegistration::name(), 1 passed in C:\Users\canam\Dropbox\DC\Semester 5\DBAS\Hot Rides Software\hotridesapp\routes\web.php on line 27 and exactly 2 expected {"exception":"[object] (Symfony\\Component\\Debug\\Exception\\FatalThrowableError(code: 0): Too few arguments to function Illuminate\\Routing\\PendingResourceRegistration::name(), 1 passed in C:\\Users\\canam\\Dropbox\\DC\\Semester 5\\DBAS\\Hot Rides Software\\hotridesapp\outes\\web.php on line 27 and exactly 2 expected at C:\\Users\\canam\\Dropbox\\DC\\Semester 5\\DBAS\\Hot Rides Software\\hotridesapp\\vendor\\laravel\\framework\\src\\Illuminate\\Routing\\PendingResourceRegistration.php:109)
[stacktrace]
#0 C:\\Users\\canam\\Dropbox\\DC\\Semester 5\\DBAS\\Hot Rides Software\\hotridesapp\outes\\web.php(27): Illuminate\\Routing\\PendingResourceRegistration->name('events')
#1 C:\\Users\\canam\\Dropbox\\DC\\Semester 5\\DBAS\\Hot Rides Software\\hotridesapp\\vendor\\laravel\\framework\\src\\Illuminate\\Routing\\Router.php(414): require('C:\\\\Users\\\\canam\\\\...')
#2 C:\\Users\\canam\\Dropbox\\DC\\Semester 5\\DBAS\\Hot Rides Software\\hotridesapp\\vendor\\laravel\\framework\\src\\Illuminate\\Routing\\Router.php(370): Illuminate\\Routing\\Router->loadRoutes('C:\\\\Users\\\\canam\\\\...')
#3 C:\\Users\\canam\\Dropbox\\DC\\Semester 5\\DBAS\\Hot Rides Software\\hotridesapp\\vendor\\laravel\\framework\\src\\Illuminate\\Routing\\RouteRegistrar.php(121): Illuminate\\Routing\\Router->group(Array, 'C:\\\\Users\\\\canam\\\\...')
#4 C:\\Users\\canam\\Dropbox\\DC\\Semester 5\\DBAS\\Hot Rides Software\\hotridesapp\\app\\Providers\\RouteServiceProvider.php(56): Illuminate\\Routing\\RouteRegistrar->group('C:\\\\Users\\\\canam\\\\...')
#5 C:\\Users\\canam\\Dropbox\\DC\\Semester 5\\DBAS\\Hot Rides Software\\hotridesapp\\app\\Providers\\RouteServiceProvider.php(40): App\\Providers\\RouteServiceProvider->mapWebRoutes()
#6 [internal function]: App\\Providers\\RouteServiceProvider->map()
#7 C:\\Users\\canam\\Dropbox\\DC\\Semester 5\\DBAS\\Hot Rides Software\\hotridesapp\\vendor\\laravel\\framework\\src\\Illuminate\\Container\\BoundMethod.php(29): call_user_func_array(Array, Array)
#8 C:\\Users\\canam\\Dropbox\\DC\\Semester 5\\DBAS\\Hot Rides Software\\hotridesapp\\vendor\\laravel\\framework\\src\\Illuminate\\Container\\BoundMethod.php(87): Illuminate\\Container\\BoundMethod::Illuminate\\Container\\{closure}()
#9 C:\\Users\\canam\\Dropbox\\DC\\Semester 5\\DBAS\\Hot Rides Software\\hotridesapp\\vendor\\laravel\\framework\\src\\Illuminate\\Container\\BoundMethod.php(31): Illuminate\\Container\\BoundMethod::callBoundMethod(Object(Illuminate\\Foundation\\Application), Array, Object(Closure))
#10 C:\\Users\\canam\\Dropbox\\DC\\Semester 5\\DBAS\\Hot Rides Software\\hotridesapp\\vendor\\laravel\\framework\\src\\Illuminate\\Container\\Container.php(572): Illuminate\\Container\\BoundMethod::call(Object(Illuminate\\Foundation\\Application), Array, Array, NULL)
#11 C:\\Users\\canam\\Dropbox\\DC\\Semester 5\\DBAS\\Hot Rides Software\\hotridesapp\\vendor\\laravel\\framework\\src\\Illuminate\\Foundation\\Support\\Providers\\RouteServiceProvider.php(77): Illuminate\\Container\\Container->call(Array)
#12 C:\\Users\\canam\\Dropbox\\DC\\Semester 5\\DBAS\\Hot Rides Software\\hotridesapp\\vendor\\laravel\\framework\\src\\Illuminate\\Foundation\\Support\\Providers\\RouteServiceProvider.php(36): Illuminate\\Foundation\\Support\\Providers\\RouteServiceProvider->loadRoutes()
#13 C:\\Users\\canam\\Dropbox\\DC\\Semester 5\\DBAS\\Hot Rides Software\\hotridesapp\\app\\Providers\\RouteServiceProvider.php(28): Illuminate\\Foundation\\Support\\Providers\\RouteServiceProvider->boot()
#14 [internal function]: App\\Providers\\RouteServiceProvider->boot()
#15 C:\\Users\\canam\\Dropbox\\DC\\Semester 5\\DBAS\\Hot Rides Software\\hotridesapp\\vendor\\laravel\\framework\\src\\Illuminate\\Container\\BoundMethod.php(29): call_user_func_array(Array, Array)
#16 C:\\Users\\canam\\Dropbox\\DC\\Semester 5\\DBAS\\Hot Rides Software\\hotridesapp\\vendor\\laravel\\framework\\src\\Illuminate\\Container\\BoundMethod.php(87): Illuminate\\Container\\BoundMethod::Illuminate\\Container\\{closure}()
#17 C:\\Users\\canam\\Dropbox\\DC\\Semester 5\\DBAS\\Hot Rides Software\\hotridesapp\\vendor\\laravel\\framework\\src\\Illuminate\\Container\\BoundMethod.php(31): Illuminate\\Container\\BoundMethod::callBoundMethod(Object(Illuminate\\Foundation\\Application), Array, Object(Closure))
#18 C:\\Users\\canam\\Dropbox\\DC\\Semester 5\\DBAS\\Hot Rides Software\\hotridesapp\\vendor\\laravel\\framework\\src\\Illuminate\\Container\\Container.php(572): Illuminate\\Container\\BoundMethod::call(Object(Illuminate\\Foundation\\Application), Array, Array, NULL)
#19 C:\\Users\\canam\\Dropbox\\DC\\Semester 5\\DBAS\\Hot Rides Software\\hotridesapp\\vendor\\laravel\\framework\\src\\Illuminate\\Foundation\\Application.php(793): Illuminate\\Container\\Container->call(Array)
#20 C:\\Users\\canam\\Dropbox\\DC\\Semester 5\\DBAS\\Hot Rides Software\\hotridesapp\\vendor\\laravel\\framework\\src\\Illuminate\\Foundation\\Application.php(776): Illuminate\\Foundation\\Application->bootProvider(Object(App\\Providers\\RouteServiceProvider))
#21 [internal function]: Illuminate\\Foundation\\Application->Illuminate\\Foundation\\{closure}(Object(App\\Providers\\RouteServiceProvider), 20)
#22 C:\\Users\\canam\\Dropbox\\DC\\Semester 5\\DBAS\\Hot Rides Software\\hotridesapp\\vendor\\laravel\\framework\\src\\Illuminate\\Foundation\\Application.php(777): array_walk(Array, Object(Closure))
#23 C:\\Users\\canam\\Dropbox\\DC\\Semester 5\\DBAS\\Hot Rides Software\\hotridesapp\\vendor\\laravel\\framework\\src\\Illuminate\\Foundation\\Bootstrap\\BootProviders.php(17): Illuminate\\Foundation\\Application->boot()
#24 C:\\Users\\canam\\Dropbox\\DC\\Semester 5\\DBAS\\Hot Rides Software\\hotridesapp\\vendor\\laravel\\framework\\src\\Illuminate\\Foundation\\Application.php(206): Illuminate\\Foundation\\Bootstrap\\BootProviders->bootstrap(Object(Illuminate\\Foundation\\Application))
#25 C:\\Users\\canam\\Dropbox\\DC\\Semester 5\\DBAS\\Hot Rides Software\\hotridesapp\\vendor\\laravel\\framework\\src\\Illuminate\\Foundation\\Http\\Kernel.php(162): Illuminate\\Foundation\\Application->bootstrapWith(Array)
#26 C:\\Users\\canam\\Dropbox\\DC\\Semester 5\\DBAS\\Hot Rides Software\\hotridesapp\\vendor\\laravel\\framework\\src\\Illuminate\\Foundation\\Http\\Kernel.php(146): Illuminate\\Foundation\\Http\\Kernel->bootstrap()
#27 C:\\Users\\canam\\Dropbox\\DC\\Semester 5\\DBAS\\Hot Rides Software\\hotridesapp\\vendor\\laravel\\framework\\src\\Illuminate\\Foundation\\Http\\Kernel.php(116): Illuminate\\Foundation\\Http\\Kernel->sendRequestThroughRouter(Object(Illuminate\\Http\\Request))
#28 C:\\Users\\canam\\Dropbox\\DC\\Semester 5\\DBAS\\Hot Rides Software\\hotridesapp\\public\\index.php(55): Illuminate\\Foundation\\Http\\Kernel->handle(Object(Illuminate\\Http\\Request))
#29 C:\\Users\\canam\\Dropbox\\DC\\Semester 5\\DBAS\\Hot Rides Software\\hotridesapp\\server.php(21): require_once('C:\\\\Users\\\\canam\\\\...')
#30 {main}
"} 
[2018-11-20 21:41:03] local.ERROR: Too few arguments to function Illuminate\Routing\PendingResourceRegistration::name(), 1 passed in C:\Users\canam\Dropbox\DC\Semester 5\DBAS\Hot Rides Software\hotridesapp\routes\web.php on line 27 and exactly 2 expected {"exception":"[object] (Symfony\\Component\\Debug\\Exception\\FatalThrowableError(code: 0): Too few arguments to function Illuminate\\Routing\\PendingResourceRegistration::name(), 1 passed in C:\\Users\\canam\\Dropbox\\DC\\Semester 5\\DBAS\\Hot Rides Software\\hotridesapp\outes\\web.php on line 27 and exactly 2 expected at C:\\Users\\canam\\Dropbox\\DC\\Semester 5\\DBAS\\Hot Rides Software\\hotridesapp\\vendor\\laravel\\framework\\src\\Illuminate\\Routing\\PendingResourceRegistration.php:109)
[stacktrace]
#0 C:\\Users\\canam\\Dropbox\\DC\\Semester 5\\DBAS\\Hot Rides Software\\hotridesapp\outes\\web.php(27): Illuminate\\Routing\\PendingResourceRegistration->name('events')
#1 C:\\Users\\canam\\Dropbox\\DC\\Semester 5\\DBAS\\Hot Rides Software\\hotridesapp\\vendor\\laravel\\framework\\src\\Illuminate\\Routing\\Router.php(414): require('C:\\\\Users\\\\canam\\\\...')
#2 C:\\Users\\canam\\Dropbox\\DC\\Semester 5\\DBAS\\Hot Rides Software\\hotridesapp\\vendor\\laravel\\framework\\src\\Illuminate\\Routing\\Router.php(370): Illuminate\\Routing\\Router->loadRoutes('C:\\\\Users\\\\canam\\\\...')
#3 C:\\Users\\canam\\Dropbox\\DC\\Semester 5\\DBAS\\Hot Rides Software\\hotridesapp\\vendor\\laravel\\framework\\src\\Illuminate\\Routing\\RouteRegistrar.php(121): Illuminate\\Routing\\Router->group(Array, 'C:\\\\Users\\\\canam\\\\...')
#4 C:\\Users\\canam\\Dropbox\\DC\\Semester 5\\DBAS\\Hot Rides Software\\hotridesapp\\app\\Providers\\RouteServiceProvider.php(56): Illuminate\\Routing\\RouteRegistrar->group('C:\\\\Users\\\\canam\\\\...')
#5 C:\\Users\\canam\\Dropbox\\DC\\Semester 5\\DBAS\\Hot Rides Software\\hotridesapp\\app\\Providers\\RouteServiceProvider.php(40): App\\Providers\\RouteServiceProvider->mapWebRoutes()
#6 [internal function]: App\\Providers\\RouteServiceProvider->map()
#7 C:\\Users\\canam\\Dropbox\\DC\\Semester 5\\DBAS\\Hot Rides Software\\hotridesapp\\vendor\\laravel\\framework\\src\\Illuminate\\Container\\BoundMethod.php(29): call_user_func_array(Array, Array)
#8 C:\\Users\\canam\\Dropbox\\DC\\Semester 5\\DBAS\\Hot Rides Software\\hotridesapp\\vendor\\laravel\\framework\\src\\Illuminate\\Container\\BoundMethod.php(87): Illuminate\\Container\\BoundMethod::Illuminate\\Container\\{closure}()
#9 C:\\Users\\canam\\Dropbox\\DC\\Semester 5\\DBAS\\Hot Rides Software\\hotridesapp\\vendor\\laravel\\framework\\src\\Illuminate\\Container\\BoundMethod.php(31): Illuminate\\Container\\BoundMethod::callBoundMethod(Object(Illuminate\\Foundation\\Application), Array, Object(Closure))
#10 C:\\Users\\canam\\Dropbox\\DC\\Semester 5\\DBAS\\Hot Rides Software\\hotridesapp\\vendor\\laravel\\framework\\src\\Illuminate\\Container\\Container.php(572): Illuminate\\Container\\BoundMethod::call(Object(Illuminate\\Foundation\\Application), Array, Array, NULL)
#11 C:\\Users\\canam\\Dropbox\\DC\\Semester 5\\DBAS\\Hot Rides Software\\hotridesapp\\vendor\\laravel\\framework\\src\\Illuminate\\Foundation\\Support\\Providers\\RouteServiceProvider.php(77): Illuminate\\Container\\Container->call(Array)
#12 C:\\Users\\canam\\Dropbox\\DC\\Semester 5\\DBAS\\Hot Rides Software\\hotridesapp\\vendor\\laravel\\framework\\src\\Illuminate\\Foundation\\Support\\Providers\\RouteServiceProvider.php(36): Illuminate\\Foundation\\Support\\Providers\\RouteServiceProvider->loadRoutes()
#13 C:\\Users\\canam\\Dropbox\\DC\\Semester 5\\DBAS\\Hot Rides Software\\hotridesapp\\app\\Providers\\RouteServiceProvider.php(28): Illuminate\\Foundation\\Support\\Providers\\RouteServiceProvider->boot()
#14 [internal function]: App\\Providers\\RouteServiceProvider->boot()
#15 C:\\Users\\canam\\Dropbox\\DC\\Semester 5\\DBAS\\Hot Rides Software\\hotridesapp\\vendor\\laravel\\framework\\src\\Illuminate\\Container\\BoundMethod.php(29): call_user_func_array(Array, Array)
#16 C:\\Users\\canam\\Dropbox\\DC\\Semester 5\\DBAS\\Hot Rides Software\\hotridesapp\\vendor\\laravel\\framework\\src\\Illuminate\\Container\\BoundMethod.php(87): Illuminate\\Container\\BoundMethod::Illuminate\\Container\\{closure}()
#17 C:\\Users\\canam\\Dropbox\\DC\\Semester 5\\DBAS\\Hot Rides Software\\hotridesapp\\vendor\\laravel\\framework\\src\\Illuminate\\Container\\BoundMethod.php(31): Illuminate\\Container\\BoundMethod::callBoundMethod(Object(Illuminate\\Foundation\\Application), Array, Object(Closure))
#18 C:\\Users\\canam\\Dropbox\\DC\\Semester 5\\DBAS\\Hot Rides Software\\hotridesapp\\vendor\\laravel\\framework\\src\\Illuminate\\Container\\Container.php(572): Illuminate\\Container\\BoundMethod::call(Object(Illuminate\\Foundation\\Application), Array, Array, NULL)
#19 C:\\Users\\canam\\Dropbox\\DC\\Semester 5\\DBAS\\Hot Rides Software\\hotridesapp\\vendor\\laravel\\framework\\src\\Illuminate\\Foundation\\Application.php(793): Illuminate\\Container\\Container->call(Array)
#20 C:\\Users\\canam\\Dropbox\\DC\\Semester 5\\DBAS\\Hot Rides Software\\hotridesapp\\vendor\\laravel\\framework\\src\\Illuminate\\Foundation\\Application.php(776): Illuminate\\Foundation\\Application->bootProvider(Object(App\\Providers\\RouteServiceProvider))
#21 [internal function]: Illuminate\\Foundation\\Application->Illuminate\\Foundation\\{closure}(Object(App\\Providers\\RouteServiceProvider), 20)
#22 C:\\Users\\canam\\Dropbox\\DC\\Semester 5\\DBAS\\Hot Rides Software\\hotridesapp\\vendor\\laravel\\framework\\src\\Illuminate\\Foundation\\Application.php(777): array_walk(Array, Object(Closure))
#23 C:\\Users\\canam\\Dropbox\\DC\\Semester 5\\DBAS\\Hot Rides Software\\hotridesapp\\vendor\\laravel\\framework\\src\\Illuminate\\Foundation\\Bootstrap\\BootProviders.php(17): Illuminate\\Foundation\\Application->boot()
#24 C:\\Users\\canam\\Dropbox\\DC\\Semester 5\\DBAS\\Hot Rides Software\\hotridesapp\\vendor\\laravel\\framework\\src\\Illuminate\\Foundation\\Application.php(206): Illuminate\\Foundation\\Bootstrap\\BootProviders->bootstrap(Object(Illuminate\\Foundation\\Application))
#25 C:\\Users\\canam\\Dropbox\\DC\\Semester 5\\DBAS\\Hot Rides Software\\hotridesapp\\vendor\\laravel\\framework\\src\\Illuminate\\Foundation\\Http\\Kernel.php(162): Illuminate\\Foundation\\Application->bootstrapWith(Array)
#26 C:\\Users\\canam\\Dropbox\\DC\\Semester 5\\DBAS\\Hot Rides Software\\hotridesapp\\vendor\\laravel\\framework\\src\\Illuminate\\Foundation\\Http\\Kernel.php(146): Illuminate\\Foundation\\Http\\Kernel->bootstrap()
#27 C:\\Users\\canam\\Dropbox\\DC\\Semester 5\\DBAS\\Hot Rides Software\\hotridesapp\\vendor\\laravel\\framework\\src\\Illuminate\\Foundation\\Http\\Kernel.php(116): Illuminate\\Foundation\\Http\\Kernel->sendRequestThroughRouter(Object(Illuminate\\Http\\Request))
#28 C:\\Users\\canam\\Dropbox\\DC\\Semester 5\\DBAS\\Hot Rides Software\\hotridesapp\\public\\index.php(55): Illuminate\\Foundation\\Http\\Kernel->handle(Object(Illuminate\\Http\\Request))
#29 C:\\Users\\canam\\Dropbox\\DC\\Semester 5\\DBAS\\Hot Rides Software\\hotridesapp\\server.php(21): require_once('C:\\\\Users\\\\canam\\\\...')
#30 {main}
"} 
[2018-11-20 22:22:48] local.ERROR: Route [users] not defined. (View: C:\Users\canam\Dropbox\DC\Semester 5\DBAS\Hot Rides Software\hotridesapp\resources\views\layouts\app.blade.php) (View: C:\Users\canam\Dropbox\DC\Semester 5\DBAS\Hot Rides Software\hotridesapp\resources\views\layouts\app.blade.php) {"userId":1,"email":"canamavrick@gmail.com","exception":"[object] (ErrorException(code: 0): Route [users] not defined. (View: C:\\Users\\canam\\Dropbox\\DC\\Semester 5\\DBAS\\Hot Rides Software\\hotridesapp\esources\\views\\layouts\\app.blade.php) (View: C:\\Users\\canam\\Dropbox\\DC\\Semester 5\\DBAS\\Hot Rides Software\\hotridesapp\esources\\views\\layouts\\app.blade.php) at C:\\Users\\canam\\Dropbox\\DC\\Semester 5\\DBAS\\Hot Rides Software\\hotridesapp\\vendor\\laravel\\framework\\src\\Illuminate\\Routing\\UrlGenerator.php:377, ErrorException(code: 0): Route [users] not defined. (View: C:\\Users\\canam\\Dropbox\\DC\\Semester 5\\DBAS\\Hot Rides Software\\hotridesapp\esources\\views\\layouts\\app.blade.php) at C:\\Users\\canam\\Dropbox\\DC\\Semester 5\\DBAS\\Hot Rides Software\\hotridesapp\\vendor\\laravel\\framework\\src\\Illuminate\\Routing\\UrlGenerator.php:377, InvalidArgumentException(code: 0): Route [users] not defined. at C:\\Users\\canam\\Dropbox\\DC\\Semester 5\\DBAS\\Hot Rides Software\\hotridesapp\\vendor\\laravel\\framework\\src\\Illuminate\\Routing\\UrlGenerator.php:377)
[stacktrace]
#0 C:\\Users\\canam\\Dropbox\\DC\\Semester 5\\DBAS\\Hot Rides Software\\hotridesapp\\vendor\\laravel\\framework\\src\\Illuminate\\View\\Engines\\PhpEngine.php(45): Illuminate\\View\\Engines\\CompilerEngine->handleViewException(Object(ErrorException), 1)
#1 C:\\Users\\canam\\Dropbox\\DC\\Semester 5\\DBAS\\Hot Rides Software\\hotridesapp\\vendor\\laravel\\framework\\src\\Illuminate\\View\\Engines\\CompilerEngine.php(59): Illuminate\\View\\Engines\\PhpEngine->evaluatePath('C:\\\\Users\\\\canam\\\\...', Array)
#2 C:\\Users\\canam\\Dropbox\\DC\\Semester 5\\DBAS\\Hot Rides Software\\hotridesapp\\vendor\\laravel\\framework\\src\\Illuminate\\View\\View.php(142): Illuminate\\View\\Engines\\CompilerEngine->get('C:\\\\Users\\\\canam\\\\...', Array)
#3 C:\\Users\\canam\\Dropbox\\DC\\Semester 5\\DBAS\\Hot Rides Software\\hotridesapp\\vendor\\laravel\\framework\\src\\Illuminate\\View\\View.php(125): Illuminate\\View\\View->getContents()
#4 C:\\Users\\canam\\Dropbox\\DC\\Semester 5\\DBAS\\Hot Rides Software\\hotridesapp\\vendor\\laravel\\framework\\src\\Illuminate\\View\\View.php(90): Illuminate\\View\\View->renderContents()
#5 C:\\Users\\canam\\Dropbox\\DC\\Semester 5\\DBAS\\Hot Rides Software\\hotridesapp\\vendor\\laravel\\framework\\src\\Illuminate\\Http\\Response.php(42): Illuminate\\View\\View->render()
#6 C:\\Users\\canam\\Dropbox\\DC\\Semester 5\\DBAS\\Hot Rides Software\\hotridesapp\\vendor\\symfony\\http-foundation\\Response.php(202): Illuminate\\Http\\Response->setContent(Object(Illuminate\\View\\View))
#7 C:\\Users\\canam\\Dropbox\\DC\\Semester 5\\DBAS\\Hot Rides Software\\hotridesapp\\vendor\\laravel\\framework\\src\\Illuminate\\Routing\\Router.php(747): Symfony\\Component\\HttpFoundation\\Response->__construct(Object(Illuminate\\View\\View))
#8 C:\\Users\\canam\\Dropbox\\DC\\Semester 5\\DBAS\\Hot Rides Software\\hotridesapp\\vendor\\laravel\\framework\\src\\Illuminate\\Routing\\Router.php(719): Illuminate\\Routing\\Router::toResponse(Object(Illuminate\\Http\\Request), Object(Illuminate\\View\\View))
#9 C:\\Users\\canam\\Dropbox\\DC\\Semester 5\\DBAS\\Hot Rides Software\\hotridesapp\\vendor\\laravel\\framework\\src\\Illuminate\\Routing\\Router.php(679): Illuminate\\Routing\\Router->prepareResponse(Object(Illuminate\\Http\\Request), Object(Illuminate\\View\\View))
#10 C:\\Users\\canam\\Dropbox\\DC\\Semester 5\\DBAS\\Hot Rides Software\\hotridesapp\\vendor\\laravel\\framework\\src\\Illuminate\\Routing\\Pipeline.php(30): Illuminate\\Routing\\Router->Illuminate\\Routing\\{closure}(Object(Illuminate\\Http\\Request))
#11 C:\\Users\\canam\\Dropbox\\DC\\Semester 5\\DBAS\\Hot Rides Software\\hotridesapp\\app\\Http\\Middleware\\IsAdmin.php(16): Illuminate\\Routing\\Pipeline->Illuminate\\Routing\\{closure}(Object(Illuminate\\Http\\Request))
#12 C:\\Users\\canam\\Dropbox\\DC\\Semester 5\\DBAS\\Hot Rides Software\\hotridesapp\\vendor\\laravel\\framework\\src\\Illuminate\\Pipeline\\Pipeline.php(151): App\\Http\\Middleware\\IsAdmin->handle(Object(Illuminate\\Http\\Request), Object(Closure))
#13 C:\\Users\\canam\\Dropbox\\DC\\Semester 5\\DBAS\\Hot Rides Software\\hotridesapp\\vendor\\laravel\\framework\\src\\Illuminate\\Routing\\Pipeline.php(53): Illuminate\\Pipeline\\Pipeline->Illuminate\\Pipeline\\{closure}(Object(Illuminate\\Http\\Request))
#14 C:\\Users\\canam\\Dropbox\\DC\\Semester 5\\DBAS\\Hot Rides Software\\hotridesapp\\vendor\\laravel\\framework\\src\\Illuminate\\Routing\\Middleware\\SubstituteBindings.php(41): Illuminate\\Routing\\Pipeline->Illuminate\\Routing\\{closure}(Object(Illuminate\\Http\\Request))
#15 C:\\Users\\canam\\Dropbox\\DC\\Semester 5\\DBAS\\Hot Rides Software\\hotridesapp\\vendor\\laravel\\framework\\src\\Illuminate\\Pipeline\\Pipeline.php(151): Illuminate\\Routing\\Middleware\\SubstituteBindings->handle(Object(Illuminate\\Http\\Request), Object(Closure))
#16 C:\\Users\\canam\\Dropbox\\DC\\Semester 5\\DBAS\\Hot Rides Software\\hotridesapp\\vendor\\laravel\\framework\\src\\Illuminate\\Routing\\Pipeline.php(53): Illuminate\\Pipeline\\Pipeline->Illuminate\\Pipeline\\{closure}(Object(Illuminate\\Http\\Request))
#17 C:\\Users\\canam\\Dropbox\\DC\\Semester 5\\DBAS\\Hot Rides Software\\hotridesapp\\vendor\\laravel\\framework\\src\\Illuminate\\Auth\\Middleware\\Authenticate.php(43): Illuminate\\Routing\\Pipeline->Illuminate\\Routing\\{closure}(Object(Illuminate\\Http\\Request))
#18 C:\\Users\\canam\\Dropbox\\DC\\Semester 5\\DBAS\\Hot Rides Software\\hotridesapp\\vendor\\laravel\\framework\\src\\Illuminate\\Pipeline\\Pipeline.php(151): Illuminate\\Auth\\Middleware\\Authenticate->handle(Object(Illuminate\\Http\\Request), Object(Closure))
#19 C:\\Users\\canam\\Dropbox\\DC\\Semester 5\\DBAS\\Hot Rides Software\\hotridesapp\\vendor\\laravel\\framework\\src\\Illuminate\\Routing\\Pipeline.php(53): Illuminate\\Pipeline\\Pipeline->Illuminate\\Pipeline\\{closure}(Object(Illuminate\\Http\\Request))
#20 C:\\Users\\canam\\Dropbox\\DC\\Semester 5\\DBAS\\Hot Rides Software\\hotridesapp\\vendor\\laravel\\framework\\src\\Illuminate\\Foundation\\Http\\Middleware\\VerifyCsrfToken.php(75): Illuminate\\Routing\\Pipeline->Illuminate\\Routing\\{closure}(Object(Illuminate\\Http\\Request))
#21 C:\\Users\\canam\\Dropbox\\DC\\Semester 5\\DBAS\\Hot Rides Software\\hotridesapp\\vendor\\laravel\\framework\\src\\Illuminate\\Pipeline\\Pipeline.php(151): Illuminate\\Foundation\\Http\\Middleware\\VerifyCsrfToken->handle(Object(Illuminate\\Http\\Request), Object(Closure))
#22 C:\\Users\\canam\\Dropbox\\DC\\Semester 5\\DBAS\\Hot Rides Software\\hotridesapp\\vendor\\laravel\\framework\\src\\Illuminate\\Routing\\Pipeline.php(53): Illuminate\\Pipeline\\Pipeline->Illuminate\\Pipeline\\{closure}(Object(Illuminate\\Http\\Request))
#23 C:\\Users\\canam\\Dropbox\\DC\\Semester 5\\DBAS\\Hot Rides Software\\hotridesapp\\vendor\\laravel\\framework\\src\\Illuminate\\View\\Middleware\\ShareErrorsFromSession.php(49): Illuminate\\Routing\\Pipeline->Illuminate\\Routing\\{closure}(Object(Illuminate\\Http\\Request))
#24 C:\\Users\\canam\\Dropbox\\DC\\Semester 5\\DBAS\\Hot Rides Software\\hotridesapp\\vendor\\laravel\\framework\\src\\Illuminate\\Pipeline\\Pipeline.php(151): Illuminate\\View\\Middleware\\ShareErrorsFromSession->handle(Object(Illuminate\\Http\\Request), Object(Closure))
#25 C:\\Users\\canam\\Dropbox\\DC\\Semester 5\\DBAS\\Hot Rides Software\\hotridesapp\\vendor\\laravel\\framework\\src\\Illuminate\\Routing\\Pipeline.php(53): Illuminate\\Pipeline\\Pipeline->Illuminate\\Pipeline\\{closure}(Object(Illuminate\\Http\\Request))
#26 C:\\Users\\canam\\Dropbox\\DC\\Semester 5\\DBAS\\Hot Rides Software\\hotridesapp\\vendor\\laravel\\framework\\src\\Illuminate\\Session\\Middleware\\StartSession.php(63): Illuminate\\Routing\\Pipeline->Illuminate\\Routing\\{closure}(Object(Illuminate\\Http\\Request))
#27 C:\\Users\\canam\\Dropbox\\DC\\Semester 5\\DBAS\\Hot Rides Software\\hotridesapp\\vendor\\laravel\\framework\\src\\Illuminate\\Pipeline\\Pipeline.php(151): Illuminate\\Session\\Middleware\\StartSession->handle(Object(Illuminate\\Http\\Request), Object(Closure))
#28 C:\\Users\\canam\\Dropbox\\DC\\Semester 5\\DBAS\\Hot Rides Software\\hotridesapp\\vendor\\laravel\\framework\\src\\Illuminate\\Routing\\Pipeline.php(53): Illuminate\\Pipeline\\Pipeline->Illuminate\\Pipeline\\{closure}(Object(Illuminate\\Http\\Request))
#29 C:\\Users\\canam\\Dropbox\\DC\\Semester 5\\DBAS\\Hot Rides Software\\hotridesapp\\vendor\\laravel\\framework\\src\\Illuminate\\Cookie\\Middleware\\AddQueuedCookiesToResponse.php(37): Illuminate\\Routing\\Pipeline->Illuminate\\Routing\\{closure}(Object(Illuminate\\Http\\Request))
#30 C:\\Users\\canam\\Dropbox\\DC\\Semester 5\\DBAS\\Hot Rides Software\\hotridesapp\\vendor\\laravel\\framework\\src\\Illuminate\\Pipeline\\Pipeline.php(151): Illuminate\\Cookie\\Middleware\\AddQueuedCookiesToResponse->handle(Object(Illuminate\\Http\\Request), Object(Closure))
#31 C:\\Users\\canam\\Dropbox\\DC\\Semester 5\\DBAS\\Hot Rides Software\\hotridesapp\\vendor\\laravel\\framework\\src\\Illuminate\\Routing\\Pipeline.php(53): Illuminate\\Pipeline\\Pipeline->Illuminate\\Pipeline\\{closure}(Object(Illuminate\\Http\\Request))
#32 C:\\Users\\canam\\Dropbox\\DC\\Semester 5\\DBAS\\Hot Rides Software\\hotridesapp\\vendor\\laravel\\framework\\src\\Illuminate\\Cookie\\Middleware\\EncryptCookies.php(66): Illuminate\\Routing\\Pipeline->Illuminate\\Routing\\{closure}(Object(Illuminate\\Http\\Request))
#33 C:\\Users\\canam\\Dropbox\\DC\\Semester 5\\DBAS\\Hot Rides Software\\hotridesapp\\vendor\\laravel\\framework\\src\\Illuminate\\Pipeline\\Pipeline.php(151): Illuminate\\Cookie\\Middleware\\EncryptCookies->handle(Object(Illuminate\\Http\\Request), Object(Closure))
#34 C:\\Users\\canam\\Dropbox\\DC\\Semester 5\\DBAS\\Hot Rides Software\\hotridesapp\\vendor\\laravel\\framework\\src\\Illuminate\\Routing\\Pipeline.php(53): Illuminate\\Pipeline\\Pipeline->Illuminate\\Pipeline\\{closure}(Object(Illuminate\\Http\\Request))
#35 C:\\Users\\canam\\Dropbox\\DC\\Semester 5\\DBAS\\Hot Rides Software\\hotridesapp\\vendor\\laravel\\framework\\src\\Illuminate\\Pipeline\\Pipeline.php(104): Illuminate\\Routing\\Pipeline->Illuminate\\Routing\\{closure}(Object(Illuminate\\Http\\Request))
#36 C:\\Users\\canam\\Dropbox\\DC\\Semester 5\\DBAS\\Hot Rides Software\\hotridesapp\\vendor\\laravel\\framework\\src\\Illuminate\\Routing\\Router.php(681): Illuminate\\Pipeline\\Pipeline->then(Object(Closure))
#37 C:\\Users\\canam\\Dropbox\\DC\\Semester 5\\DBAS\\Hot Rides Software\\hotridesapp\\vendor\\laravel\\framework\\src\\Illuminate\\Routing\\Router.php(656): Illuminate\\Routing\\Router->runRouteWithinStack(Object(Illuminate\\Routing\\Route), Object(Illuminate\\Http\\Request))
#38 C:\\Users\\canam\\Dropbox\\DC\\Semester 5\\DBAS\\Hot Rides Software\\hotridesapp\\vendor\\laravel\\framework\\src\\Illuminate\\Routing\\Router.php(622): Illuminate\\Routing\\Router->runRoute(Object(Illuminate\\Http\\Request), Object(Illuminate\\Routing\\Route))
#39 C:\\Users\\canam\\Dropbox\\DC\\Semester 5\\DBAS\\Hot Rides Software\\hotridesapp\\vendor\\laravel\\framework\\src\\Illuminate\\Routing\\Router.php(611): Illuminate\\Routing\\Router->dispatchToRoute(Object(Illuminate\\Http\\Request))
#40 C:\\Users\\canam\\Dropbox\\DC\\Semester 5\\DBAS\\Hot Rides Software\\hotridesapp\\vendor\\laravel\\framework\\src\\Illuminate\\Foundation\\Http\\Kernel.php(176): Illuminate\\Routing\\Router->dispatch(Object(Illuminate\\Http\\Request))
#41 C:\\Users\\canam\\Dropbox\\DC\\Semester 5\\DBAS\\Hot Rides Software\\hotridesapp\\vendor\\laravel\\framework\\src\\Illuminate\\Routing\\Pipeline.php(30): Illuminate\\Foundation\\Http\\Kernel->Illuminate\\Foundation\\Http\\{closure}(Object(Illuminate\\Http\\Request))
#42 C:\\Users\\canam\\Dropbox\\DC\\Semester 5\\DBAS\\Hot Rides Software\\hotridesapp\\vendor\\fideloper\\proxy\\src\\TrustProxies.php(57): Illuminate\\Routing\\Pipeline->Illuminate\\Routing\\{closure}(Object(Illuminate\\Http\\Request))
#43 C:\\Users\\canam\\Dropbox\\DC\\Semester 5\\DBAS\\Hot Rides Software\\hotridesapp\\vendor\\laravel\\framework\\src\\Illuminate\\Pipeline\\Pipeline.php(151): Fideloper\\Proxy\\TrustProxies->handle(Object(Illuminate\\Http\\Request), Object(Closure))
#44 C:\\Users\\canam\\Dropbox\\DC\\Semester 5\\DBAS\\Hot Rides Software\\hotridesapp\\vendor\\laravel\\framework\\src\\Illuminate\\Routing\\Pipeline.php(53): Illuminate\\Pipeline\\Pipeline->Illuminate\\Pipeline\\{closure}(Object(Illuminate\\Http\\Request))
#45 C:\\Users\\canam\\Dropbox\\DC\\Semester 5\\DBAS\\Hot Rides Software\\hotridesapp\\vendor\\laravel\\framework\\src\\Illuminate\\Foundation\\Http\\Middleware\\TransformsRequest.php(31): Illuminate\\Routing\\Pipeline->Illuminate\\Routing\\{closure}(Object(Illuminate\\Http\\Request))
#46 C:\\Users\\canam\\Dropbox\\DC\\Semester 5\\DBAS\\Hot Rides Software\\hotridesapp\\vendor\\laravel\\framework\\src\\Illuminate\\Pipeline\\Pipeline.php(151): Illuminate\\Foundation\\Http\\Middleware\\TransformsRequest->handle(Object(Illuminate\\Http\\Request), Object(Closure))
#47 C:\\Users\\canam\\Dropbox\\DC\\Semester 5\\DBAS\\Hot Rides Software\\hotridesapp\\vendor\\laravel\\framework\\src\\Illuminate\\Routing\\Pipeline.php(53): Illuminate\\Pipeline\\Pipeline->Illuminate\\Pipeline\\{closure}(Object(Illuminate\\Http\\Request))
#48 C:\\Users\\canam\\Dropbox\\DC\\Semester 5\\DBAS\\Hot Rides Software\\hotridesapp\\vendor\\laravel\\framework\\src\\Illuminate\\Foundation\\Http\\Middleware\\TransformsRequest.php(31): Illuminate\\Routing\\Pipeline->Illuminate\\Routing\\{closure}(Object(Illuminate\\Http\\Request))
#49 C:\\Users\\canam\\Dropbox\\DC\\Semester 5\\DBAS\\Hot Rides Software\\hotridesapp\\vendor\\laravel\\framework\\src\\Illuminate\\Pipeline\\Pipeline.php(151): Illuminate\\Foundation\\Http\\Middleware\\TransformsRequest->handle(Object(Illuminate\\Http\\Request), Object(Closure))
#50 C:\\Users\\canam\\Dropbox\\DC\\Semester 5\\DBAS\\Hot Rides Software\\hotridesapp\\vendor\\laravel\\framework\\src\\Illuminate\\Routing\\Pipeline.php(53): Illuminate\\Pipeline\\Pipeline->Illuminate\\Pipeline\\{closure}(Object(Illuminate\\Http\\Request))
#51 C:\\Users\\canam\\Dropbox\\DC\\Semester 5\\DBAS\\Hot Rides Software\\hotridesapp\\vendor\\laravel\\framework\\src\\Illuminate\\Foundation\\Http\\Middleware\\ValidatePostSize.php(27): Illuminate\\Routing\\Pipeline->Illuminate\\Routing\\{closure}(Object(Illuminate\\Http\\Request))
#52 C:\\Users\\canam\\Dropbox\\DC\\Semester 5\\DBAS\\Hot Rides Software\\hotridesapp\\vendor\\laravel\\framework\\src\\Illuminate\\Pipeline\\Pipeline.php(151): Illuminate\\Foundation\\Http\\Middleware\\ValidatePostSize->handle(Object(Illuminate\\Http\\Request), Object(Closure))
#53 C:\\Users\\canam\\Dropbox\\DC\\Semester 5\\DBAS\\Hot Rides Software\\hotridesapp\\vendor\\laravel\\framework\\src\\Illuminate\\Routing\\Pipeline.php(53): Illuminate\\Pipeline\\Pipeline->Illuminate\\Pipeline\\{closure}(Object(Illuminate\\Http\\Request))
#54 C:\\Users\\canam\\Dropbox\\DC\\Semester 5\\DBAS\\Hot Rides Software\\hotridesapp\\vendor\\laravel\\framework\\src\\Illuminate\\Foundation\\Http\\Middleware\\CheckForMaintenanceMode.php(62): Illuminate\\Routing\\Pipeline->Illuminate\\Routing\\{closure}(Object(Illuminate\\Http\\Request))
#55 C:\\Users\\canam\\Dropbox\\DC\\Semester 5\\DBAS\\Hot Rides Software\\hotridesapp\\vendor\\laravel\\framework\\src\\Illuminate\\Pipeline\\Pipeline.php(151): Illuminate\\Foundation\\Http\\Middleware\\CheckForMaintenanceMode->handle(Object(Illuminate\\Http\\Request), Object(Closure))
#56 C:\\Users\\canam\\Dropbox\\DC\\Semester 5\\DBAS\\Hot Rides Software\\hotridesapp\\vendor\\laravel\\framework\\src\\Illuminate\\Routing\\Pipeline.php(53): Illuminate\\Pipeline\\Pipeline->Illuminate\\Pipeline\\{closure}(Object(Illuminate\\Http\\Request))
#57 C:\\Users\\canam\\Dropbox\\DC\\Semester 5\\DBAS\\Hot Rides Software\\hotridesapp\\vendor\\laravel\\framework\\src\\Illuminate\\Pipeline\\Pipeline.php(104): Illuminate\\Routing\\Pipeline->Illuminate\\Routing\\{closure}(Object(Illuminate\\Http\\Request))
#58 C:\\Users\\canam\\Dropbox\\DC\\Semester 5\\DBAS\\Hot Rides Software\\hotridesapp\\vendor\\laravel\\framework\\src\\Illuminate\\Foundation\\Http\\Kernel.php(151): Illuminate\\Pipeline\\Pipeline->then(Object(Closure))
#59 C:\\Users\\canam\\Dropbox\\DC\\Semester 5\\DBAS\\Hot Rides Software\\hotridesapp\\vendor\\laravel\\framework\\src\\Illuminate\\Foundation\\Http\\Kernel.php(116): Illuminate\\Foundation\\Http\\Kernel->sendRequestThroughRouter(Object(Illuminate\\Http\\Request))
#60 C:\\Users\\canam\\Dropbox\\DC\\Semester 5\\DBAS\\Hot Rides Software\\hotridesapp\\public\\index.php(55): Illuminate\\Foundation\\Http\\Kernel->handle(Object(Illuminate\\Http\\Request))
#61 C:\\Users\\canam\\Dropbox\\DC\\Semester 5\\DBAS\\Hot Rides Software\\hotridesapp\\server.php(21): require_once('C:\\\\Users\\\\canam\\\\...')
#62 {main}
"} 
