[2018-11-25 20:48:57] local.ERROR: Call to a member function isAdmin() on null (View: C:\Users\canam\Dropbox\DC\Semester 5\DBAS\Hot Rides Software\hotridesapp\resources\views\Events\show.blade.php) {"exception":"[object] (ErrorException(code: 0): Call to a member function isAdmin() on null (View: C:\\Users\\canam\\Dropbox\\DC\\Semester 5\\DBAS\\Hot Rides Software\\hotridesapp\esources\\views\\Events\\show.blade.php) at C:\\Users\\canam\\Dropbox\\DC\\Semester 5\\DBAS\\Hot Rides Software\\hotridesapp\\storage\\framework\\views\\8fa230236b6de673e4c2e5c9f10b210b653dc99b.php:27, Symfony\\Component\\Debug\\Exception\\FatalThrowableError(code: 0): Call to a member function isAdmin() on null at C:\\Users\\canam\\Dropbox\\DC\\Semester 5\\DBAS\\Hot Rides Software\\hotridesapp\\storage\\framework\\views\\8fa230236b6de673e4c2e5c9f10b210b653dc99b.php:27)
[stacktrace]
#0 C:\\Users\\canam\\Dropbox\\DC\\Semester 5\\DBAS\\Hot Rides Software\\hotridesapp\\vendor\\laravel\\framework\\src\\Illuminate\\View\\Engines\\PhpEngine.php(47): Illuminate\\View\\Engines\\CompilerEngine->handleViewException(Object(Symfony\\Component\\Debug\\Exception\\FatalThrowableError), 1)
#1 C:\\Users\\canam\\Dropbox\\DC\\Semester 5\\DBAS\\Hot Rides Software\\hotridesapp\\vendor\\laravel\\framework\\src\\Illuminate\\View\\Engines\\CompilerEngine.php(59): Illuminate\\View\\Engines\\PhpEngine->evaluatePath('C:\\\\Users\\\\canam\\\\...', Array)
#2 C:\\Users\\canam\\Dropbox\\DC\\Semester 5\\DBAS\\Hot Rides Software\\hotridesapp\\vendor\\laravel\\framework\\src\\Illuminate\\View\\View.php(142): Illuminate\\View\\Engines\\CompilerEngine->get('C:\\\\Users\\\\canam\\\\...', Array)
#3 C:\\Users\\canam\\Dropbox\\DC\\Semester 5\\DBAS\\Hot Rides Software\\hotridesapp\\vendor\\laravel\\framework\\src\\Illuminate\\View\\View.php(125): Illuminate\\View\\View->getContents()
#4 C:\\Users\\canam\\Dropbox\\DC\\Semester 5\\DBAS\\Hot Rides Software\\hotridesapp\\vendor\\laravel\\framework\\src\\Illuminate\\View\\View.php(90): Illuminate\\View\\View->renderContents()
#5 C:\\Users\\canam\\Dropbox\\DC\\Semester 5\\DBAS\\Hot Rides Software\\hotridesapp\\vendor\\laravel\\framework\\src\\Illuminate\\Http\\Response.php(42): Illuminate\\View\\View->render()
#6 C:\\Users\\canam\\Dropbox\\DC\\Semester 5\\DBAS\\Hot Rides Software\\hotridesapp\\vendor\\symfony\\http-foundation\\Response.php(202): Illuminate\\Http\\Response->setContent(Object(Illuminate\\View\\View))
#7 C:\\Users\\canam\\Dropbox\\DC\\Semester 5\\DBAS\\Hot Rides Software\\hotridesapp\\vendor\\laravel\\framework\\src\\Illuminate\\Routing\\Router.php(747): Symfony\\Component\\HttpFoundation\\Response->__construct(Object(Illuminate\\View\\View))
#8 C:\\Users\\canam\\Dropbox\\DC\\Semester 5\\DBAS\\Hot Rides Software\\hotridesapp\\vendor\\laravel\\framework\\src\\Illuminate\\Routing\\Router.php(719): Illuminate\\Routing\\Router::toResponse(Object(Illuminate\\Http\\Request), Object(Illuminate\\View\\View))
#9 C:\\Users\\canam\\Dropbox\\DC\\Semester 5\\DBAS\\Hot Rides Software\\hotridesapp\\vendor\\laravel\\framework\\src\\Illuminate\\Routing\\Router.php(679): Illuminate\\Routing\\Router->prepareResponse(Object(Illuminate\\Http\\Request), Object(Illuminate\\View\\View))
#10 C:\\Users\\canam\\Dropbox\\DC\\Semester 5\\DBAS\\Hot Rides Software\\hotridesapp\\vendor\\laravel\\framework\\src\\Illuminate\\Routing\\Pipeline.php(30): Illuminate\\Routing\\Router->Illuminate\\Routing\\{closure}(Object(Illuminate\\Http\\Request))
#11 C:\\Users\\canam\\Dropbox\\DC\\Semester 5\\DBAS\\Hot Rides Software\\hotridesapp\\vendor\\laravel\\framework\\src\\Illuminate\\Routing\\Middleware\\SubstituteBindings.php(41): Illuminate\\Routing\\Pipeline->Illuminate\\Routing\\{closure}(Object(Illuminate\\Http\\Request))
#12 C:\\Users\\canam\\Dropbox\\DC\\Semester 5\\DBAS\\Hot Rides Software\\hotridesapp\\vendor\\laravel\\framework\\src\\Illuminate\\Pipeline\\Pipeline.php(151): Illuminate\\Routing\\Middleware\\SubstituteBindings->handle(Object(Illuminate\\Http\\Request), Object(Closure))
#13 C:\\Users\\canam\\Dropbox\\DC\\Semester 5\\DBAS\\Hot Rides Software\\hotridesapp\\vendor\\laravel\\framework\\src\\Illuminate\\Routing\\Pipeline.php(53): Illuminate\\Pipeline\\Pipeline->Illuminate\\Pipeline\\{closure}(Object(Illuminate\\Http\\Request))
#14 C:\\Users\\canam\\Dropbox\\DC\\Semester 5\\DBAS\\Hot Rides Software\\hotridesapp\\vendor\\laravel\\framework\\src\\Illuminate\\Foundation\\Http\\Middleware\\VerifyCsrfToken.php(75): Illuminate\\Routing\\Pipeline->Illuminate\\Routing\\{closure}(Object(Illuminate\\Http\\Request))
#15 C:\\Users\\canam\\Dropbox\\DC\\Semester 5\\DBAS\\Hot Rides Software\\hotridesapp\\vendor\\laravel\\framework\\src\\Illuminate\\Pipeline\\Pipeline.php(151): Illuminate\\Foundation\\Http\\Middleware\\VerifyCsrfToken->handle(Object(Illuminate\\Http\\Request), Object(Closure))
#16 C:\\Users\\canam\\Dropbox\\DC\\Semester 5\\DBAS\\Hot Rides Software\\hotridesapp\\vendor\\laravel\\framework\\src\\Illuminate\\Routing\\Pipeline.php(53): Illuminate\\Pipeline\\Pipeline->Illuminate\\Pipeline\\{closure}(Object(Illuminate\\Http\\Request))
#17 C:\\Users\\canam\\Dropbox\\DC\\Semester 5\\DBAS\\Hot Rides Software\\hotridesapp\\vendor\\laravel\\framework\\src\\Illuminate\\View\\Middleware\\ShareErrorsFromSession.php(49): Illuminate\\Routing\\Pipeline->Illuminate\\Routing\\{closure}(Object(Illuminate\\Http\\Request))
#18 C:\\Users\\canam\\Dropbox\\DC\\Semester 5\\DBAS\\Hot Rides Software\\hotridesapp\\vendor\\laravel\\framework\\src\\Illuminate\\Pipeline\\Pipeline.php(151): Illuminate\\View\\Middleware\\ShareErrorsFromSession->handle(Object(Illuminate\\Http\\Request), Object(Closure))
#19 C:\\Users\\canam\\Dropbox\\DC\\Semester 5\\DBAS\\Hot Rides Software\\hotridesapp\\vendor\\laravel\\framework\\src\\Illuminate\\Routing\\Pipeline.php(53): Illuminate\\Pipeline\\Pipeline->Illuminate\\Pipeline\\{closure}(Object(Illuminate\\Http\\Request))
#20 C:\\Users\\canam\\Dropbox\\DC\\Semester 5\\DBAS\\Hot Rides Software\\hotridesapp\\vendor\\laravel\\framework\\src\\Illuminate\\Session\\Middleware\\StartSession.php(63): Illuminate\\Routing\\Pipeline->Illuminate\\Routing\\{closure}(Object(Illuminate\\Http\\Request))
#21 C:\\Users\\canam\\Dropbox\\DC\\Semester 5\\DBAS\\Hot Rides Software\\hotridesapp\\vendor\\laravel\\framework\\src\\Illuminate\\Pipeline\\Pipeline.php(151): Illuminate\\Session\\Middleware\\StartSession->handle(Object(Illuminate\\Http\\Request), Object(Closure))
#22 C:\\Users\\canam\\Dropbox\\DC\\Semester 5\\DBAS\\Hot Rides Software\\hotridesapp\\vendor\\laravel\\framework\\src\\Illuminate\\Routing\\Pipeline.php(53): Illuminate\\Pipeline\\Pipeline->Illuminate\\Pipeline\\{closure}(Object(Illuminate\\Http\\Request))
#23 C:\\Users\\canam\\Dropbox\\DC\\Semester 5\\DBAS\\Hot Rides Software\\hotridesapp\\vendor\\laravel\\framework\\src\\Illuminate\\Cookie\\Middleware\\AddQueuedCookiesToResponse.php(37): Illuminate\\Routing\\Pipeline->Illuminate\\Routing\\{closure}(Object(Illuminate\\Http\\Request))
#24 C:\\Users\\canam\\Dropbox\\DC\\Semester 5\\DBAS\\Hot Rides Software\\hotridesapp\\vendor\\laravel\\framework\\src\\Illuminate\\Pipeline\\Pipeline.php(151): Illuminate\\Cookie\\Middleware\\AddQueuedCookiesToResponse->handle(Object(Illuminate\\Http\\Request), Object(Closure))
#25 C:\\Users\\canam\\Dropbox\\DC\\Semester 5\\DBAS\\Hot Rides Software\\hotridesapp\\vendor\\laravel\\framework\\src\\Illuminate\\Routing\\Pipeline.php(53): Illuminate\\Pipeline\\Pipeline->Illuminate\\Pipeline\\{closure}(Object(Illuminate\\Http\\Request))
#26 C:\\Users\\canam\\Dropbox\\DC\\Semester 5\\DBAS\\Hot Rides Software\\hotridesapp\\vendor\\laravel\\framework\\src\\Illuminate\\Cookie\\Middleware\\EncryptCookies.php(66): Illuminate\\Routing\\Pipeline->Illuminate\\Routing\\{closure}(Object(Illuminate\\Http\\Request))
#27 C:\\Users\\canam\\Dropbox\\DC\\Semester 5\\DBAS\\Hot Rides Software\\hotridesapp\\vendor\\laravel\\framework\\src\\Illuminate\\Pipeline\\Pipeline.php(151): Illuminate\\Cookie\\Middleware\\EncryptCookies->handle(Object(Illuminate\\Http\\Request), Object(Closure))
#28 C:\\Users\\canam\\Dropbox\\DC\\Semester 5\\DBAS\\Hot Rides Software\\hotridesapp\\vendor\\laravel\\framework\\src\\Illuminate\\Routing\\Pipeline.php(53): Illuminate\\Pipeline\\Pipeline->Illuminate\\Pipeline\\{closure}(Object(Illuminate\\Http\\Request))
#29 C:\\Users\\canam\\Dropbox\\DC\\Semester 5\\DBAS\\Hot Rides Software\\hotridesapp\\vendor\\laravel\\framework\\src\\Illuminate\\Pipeline\\Pipeline.php(104): Illuminate\\Routing\\Pipeline->Illuminate\\Routing\\{closure}(Object(Illuminate\\Http\\Request))
#30 C:\\Users\\canam\\Dropbox\\DC\\Semester 5\\DBAS\\Hot Rides Software\\hotridesapp\\vendor\\laravel\\framework\\src\\Illuminate\\Routing\\Router.php(681): Illuminate\\Pipeline\\Pipeline->then(Object(Closure))
#31 C:\\Users\\canam\\Dropbox\\DC\\Semester 5\\DBAS\\Hot Rides Software\\hotridesapp\\vendor\\laravel\\framework\\src\\Illuminate\\Routing\\Router.php(656): Illuminate\\Routing\\Router->runRouteWithinStack(Object(Illuminate\\Routing\\Route), Object(Illuminate\\Http\\Request))
#32 C:\\Users\\canam\\Dropbox\\DC\\Semester 5\\DBAS\\Hot Rides Software\\hotridesapp\\vendor\\laravel\\framework\\src\\Illuminate\\Routing\\Router.php(622): Illuminate\\Routing\\Router->runRoute(Object(Illuminate\\Http\\Request), Object(Illuminate\\Routing\\Route))
#33 C:\\Users\\canam\\Dropbox\\DC\\Semester 5\\DBAS\\Hot Rides Software\\hotridesapp\\vendor\\laravel\\framework\\src\\Illuminate\\Routing\\Router.php(611): Illuminate\\Routing\\Router->dispatchToRoute(Object(Illuminate\\Http\\Request))
#34 C:\\Users\\canam\\Dropbox\\DC\\Semester 5\\DBAS\\Hot Rides Software\\hotridesapp\\vendor\\laravel\\framework\\src\\Illuminate\\Foundation\\Http\\Kernel.php(176): Illuminate\\Routing\\Router->dispatch(Object(Illuminate\\Http\\Request))
#35 C:\\Users\\canam\\Dropbox\\DC\\Semester 5\\DBAS\\Hot Rides Software\\hotridesapp\\vendor\\laravel\\framework\\src\\Illuminate\\Routing\\Pipeline.php(30): Illuminate\\Foundation\\Http\\Kernel->Illuminate\\Foundation\\Http\\{closure}(Object(Illuminate\\Http\\Request))
#36 C:\\Users\\canam\\Dropbox\\DC\\Semester 5\\DBAS\\Hot Rides Software\\hotridesapp\\vendor\\fideloper\\proxy\\src\\TrustProxies.php(57): Illuminate\\Routing\\Pipeline->Illuminate\\Routing\\{closure}(Object(Illuminate\\Http\\Request))
#37 C:\\Users\\canam\\Dropbox\\DC\\Semester 5\\DBAS\\Hot Rides Software\\hotridesapp\\vendor\\laravel\\framework\\src\\Illuminate\\Pipeline\\Pipeline.php(151): Fideloper\\Proxy\\TrustProxies->handle(Object(Illuminate\\Http\\Request), Object(Closure))
#38 C:\\Users\\canam\\Dropbox\\DC\\Semester 5\\DBAS\\Hot Rides Software\\hotridesapp\\vendor\\laravel\\framework\\src\\Illuminate\\Routing\\Pipeline.php(53): Illuminate\\Pipeline\\Pipeline->Illuminate\\Pipeline\\{closure}(Object(Illuminate\\Http\\Request))
#39 C:\\Users\\canam\\Dropbox\\DC\\Semester 5\\DBAS\\Hot Rides Software\\hotridesapp\\vendor\\laravel\\framework\\src\\Illuminate\\Foundation\\Http\\Middleware\\TransformsRequest.php(31): Illuminate\\Routing\\Pipeline->Illuminate\\Routing\\{closure}(Object(Illuminate\\Http\\Request))
#40 C:\\Users\\canam\\Dropbox\\DC\\Semester 5\\DBAS\\Hot Rides Software\\hotridesapp\\vendor\\laravel\\framework\\src\\Illuminate\\Pipeline\\Pipeline.php(151): Illuminate\\Foundation\\Http\\Middleware\\TransformsRequest->handle(Object(Illuminate\\Http\\Request), Object(Closure))
#41 C:\\Users\\canam\\Dropbox\\DC\\Semester 5\\DBAS\\Hot Rides Software\\hotridesapp\\vendor\\laravel\\framework\\src\\Illuminate\\Routing\\Pipeline.php(53): Illuminate\\Pipeline\\Pipeline->Illuminate\\Pipeline\\{closure}(Object(Illuminate\\Http\\Request))
#42 C:\\Users\\canam\\Dropbox\\DC\\Semester 5\\DBAS\\Hot Rides Software\\hotridesapp\\vendor\\laravel\\framework\\src\\Illuminate\\Foundation\\Http\\Middleware\\TransformsRequest.php(31): Illuminate\\Routing\\Pipeline->Illuminate\\Routing\\{closure}(Object(Illuminate\\Http\\Request))
#43 C:\\Users\\canam\\Dropbox\\DC\\Semester 5\\DBAS\\Hot Rides Software\\hotridesapp\\vendor\\laravel\\framework\\src\\Illuminate\\Pipeline\\Pipeline.php(151): Illuminate\\Foundation\\Http\\Middleware\\TransformsRequest->handle(Object(Illuminate\\Http\\Request), Object(Closure))
#44 C:\\Users\\canam\\Dropbox\\DC\\Semester 5\\DBAS\\Hot Rides Software\\hotridesapp\\vendor\\laravel\\framework\\src\\Illuminate\\Routing\\Pipeline.php(53): Illuminate\\Pipeline\\Pipeline->Illuminate\\Pipeline\\{closure}(Object(Illuminate\\Http\\Request))
#45 C:\\Users\\canam\\Dropbox\\DC\\Semester 5\\DBAS\\Hot Rides Software\\hotridesapp\\vendor\\laravel\\framework\\src\\Illuminate\\Foundation\\Http\\Middleware\\ValidatePostSize.php(27): Illuminate\\Routing\\Pipeline->Illuminate\\Routing\\{closure}(Object(Illuminate\\Http\\Request))
#46 C:\\Users\\canam\\Dropbox\\DC\\Semester 5\\DBAS\\Hot Rides Software\\hotridesapp\\vendor\\laravel\\framework\\src\\Illuminate\\Pipeline\\Pipeline.php(151): Illuminate\\Foundation\\Http\\Middleware\\ValidatePostSize->handle(Object(Illuminate\\Http\\Request), Object(Closure))
#47 C:\\Users\\canam\\Dropbox\\DC\\Semester 5\\DBAS\\Hot Rides Software\\hotridesapp\\vendor\\laravel\\framework\\src\\Illuminate\\Routing\\Pipeline.php(53): Illuminate\\Pipeline\\Pipeline->Illuminate\\Pipeline\\{closure}(Object(Illuminate\\Http\\Request))
#48 C:\\Users\\canam\\Dropbox\\DC\\Semester 5\\DBAS\\Hot Rides Software\\hotridesapp\\vendor\\laravel\\framework\\src\\Illuminate\\Foundation\\Http\\Middleware\\CheckForMaintenanceMode.php(62): Illuminate\\Routing\\Pipeline->Illuminate\\Routing\\{closure}(Object(Illuminate\\Http\\Request))
#49 C:\\Users\\canam\\Dropbox\\DC\\Semester 5\\DBAS\\Hot Rides Software\\hotridesapp\\vendor\\laravel\\framework\\src\\Illuminate\\Pipeline\\Pipeline.php(151): Illuminate\\Foundation\\Http\\Middleware\\CheckForMaintenanceMode->handle(Object(Illuminate\\Http\\Request), Object(Closure))
#50 C:\\Users\\canam\\Dropbox\\DC\\Semester 5\\DBAS\\Hot Rides Software\\hotridesapp\\vendor\\laravel\\framework\\src\\Illuminate\\Routing\\Pipeline.php(53): Illuminate\\Pipeline\\Pipeline->Illuminate\\Pipeline\\{closure}(Object(Illuminate\\Http\\Request))
#51 C:\\Users\\canam\\Dropbox\\DC\\Semester 5\\DBAS\\Hot Rides Software\\hotridesapp\\vendor\\laravel\\framework\\src\\Illuminate\\Pipeline\\Pipeline.php(104): Illuminate\\Routing\\Pipeline->Illuminate\\Routing\\{closure}(Object(Illuminate\\Http\\Request))
#52 C:\\Users\\canam\\Dropbox\\DC\\Semester 5\\DBAS\\Hot Rides Software\\hotridesapp\\vendor\\laravel\\framework\\src\\Illuminate\\Foundation\\Http\\Kernel.php(151): Illuminate\\Pipeline\\Pipeline->then(Object(Closure))
#53 C:\\Users\\canam\\Dropbox\\DC\\Semester 5\\DBAS\\Hot Rides Software\\hotridesapp\\vendor\\laravel\\framework\\src\\Illuminate\\Foundation\\Http\\Kernel.php(116): Illuminate\\Foundation\\Http\\Kernel->sendRequestThroughRouter(Object(Illuminate\\Http\\Request))
#54 C:\\Users\\canam\\Dropbox\\DC\\Semester 5\\DBAS\\Hot Rides Software\\hotridesapp\\public\\index.php(55): Illuminate\\Foundation\\Http\\Kernel->handle(Object(Illuminate\\Http\\Request))
#55 C:\\Users\\canam\\Dropbox\\DC\\Semester 5\\DBAS\\Hot Rides Software\\hotridesapp\\server.php(21): require_once('C:\\\\Users\\\\canam\\\\...')
#56 {main}
"} 
[2018-11-25 20:49:17] local.ERROR: Call to a member function isAdmin() on null (View: C:\Users\canam\Dropbox\DC\Semester 5\DBAS\Hot Rides Software\hotridesapp\resources\views\Events\show.blade.php) {"exception":"[object] (ErrorException(code: 0): Call to a member function isAdmin() on null (View: C:\\Users\\canam\\Dropbox\\DC\\Semester 5\\DBAS\\Hot Rides Software\\hotridesapp\esources\\views\\Events\\show.blade.php) at C:\\Users\\canam\\Dropbox\\DC\\Semester 5\\DBAS\\Hot Rides Software\\hotridesapp\\storage\\framework\\views\\8fa230236b6de673e4c2e5c9f10b210b653dc99b.php:27, Symfony\\Component\\Debug\\Exception\\FatalThrowableError(code: 0): Call to a member function isAdmin() on null at C:\\Users\\canam\\Dropbox\\DC\\Semester 5\\DBAS\\Hot Rides Software\\hotridesapp\\storage\\framework\\views\\8fa230236b6de673e4c2e5c9f10b210b653dc99b.php:27)
[stacktrace]
#0 C:\\Users\\canam\\Dropbox\\DC\\Semester 5\\DBAS\\Hot Rides Software\\hotridesapp\\vendor\\laravel\\framework\\src\\Illuminate\\View\\Engines\\PhpEngine.php(47): Illuminate\\View\\Engines\\CompilerEngine->handleViewException(Object(Symfony\\Component\\Debug\\Exception\\FatalThrowableError), 1)
#1 C:\\Users\\canam\\Dropbox\\DC\\Semester 5\\DBAS\\Hot Rides Software\\hotridesapp\\vendor\\laravel\\framework\\src\\Illuminate\\View\\Engines\\CompilerEngine.php(59): Illuminate\\View\\Engines\\PhpEngine->evaluatePath('C:\\\\Users\\\\canam\\\\...', Array)
#2 C:\\Users\\canam\\Dropbox\\DC\\Semester 5\\DBAS\\Hot Rides Software\\hotridesapp\\vendor\\laravel\\framework\\src\\Illuminate\\View\\View.php(142): Illuminate\\View\\Engines\\CompilerEngine->get('C:\\\\Users\\\\canam\\\\...', Array)
#3 C:\\Users\\canam\\Dropbox\\DC\\Semester 5\\DBAS\\Hot Rides Software\\hotridesapp\\vendor\\laravel\\framework\\src\\Illuminate\\View\\View.php(125): Illuminate\\View\\View->getContents()
#4 C:\\Users\\canam\\Dropbox\\DC\\Semester 5\\DBAS\\Hot Rides Software\\hotridesapp\\vendor\\laravel\\framework\\src\\Illuminate\\View\\View.php(90): Illuminate\\View\\View->renderContents()
#5 C:\\Users\\canam\\Dropbox\\DC\\Semester 5\\DBAS\\Hot Rides Software\\hotridesapp\\vendor\\laravel\\framework\\src\\Illuminate\\Http\\Response.php(42): Illuminate\\View\\View->render()
#6 C:\\Users\\canam\\Dropbox\\DC\\Semester 5\\DBAS\\Hot Rides Software\\hotridesapp\\vendor\\symfony\\http-foundation\\Response.php(202): Illuminate\\Http\\Response->setContent(Object(Illuminate\\View\\View))
#7 C:\\Users\\canam\\Dropbox\\DC\\Semester 5\\DBAS\\Hot Rides Software\\hotridesapp\\vendor\\laravel\\framework\\src\\Illuminate\\Routing\\Router.php(747): Symfony\\Component\\HttpFoundation\\Response->__construct(Object(Illuminate\\View\\View))
#8 C:\\Users\\canam\\Dropbox\\DC\\Semester 5\\DBAS\\Hot Rides Software\\hotridesapp\\vendor\\laravel\\framework\\src\\Illuminate\\Routing\\Router.php(719): Illuminate\\Routing\\Router::toResponse(Object(Illuminate\\Http\\Request), Object(Illuminate\\View\\View))
#9 C:\\Users\\canam\\Dropbox\\DC\\Semester 5\\DBAS\\Hot Rides Software\\hotridesapp\\vendor\\laravel\\framework\\src\\Illuminate\\Routing\\Router.php(679): Illuminate\\Routing\\Router->prepareResponse(Object(Illuminate\\Http\\Request), Object(Illuminate\\View\\View))
#10 C:\\Users\\canam\\Dropbox\\DC\\Semester 5\\DBAS\\Hot Rides Software\\hotridesapp\\vendor\\laravel\\framework\\src\\Illuminate\\Routing\\Pipeline.php(30): Illuminate\\Routing\\Router->Illuminate\\Routing\\{closure}(Object(Illuminate\\Http\\Request))
#11 C:\\Users\\canam\\Dropbox\\DC\\Semester 5\\DBAS\\Hot Rides Software\\hotridesapp\\vendor\\laravel\\framework\\src\\Illuminate\\Routing\\Middleware\\SubstituteBindings.php(41): Illuminate\\Routing\\Pipeline->Illuminate\\Routing\\{closure}(Object(Illuminate\\Http\\Request))
#12 C:\\Users\\canam\\Dropbox\\DC\\Semester 5\\DBAS\\Hot Rides Software\\hotridesapp\\vendor\\laravel\\framework\\src\\Illuminate\\Pipeline\\Pipeline.php(151): Illuminate\\Routing\\Middleware\\SubstituteBindings->handle(Object(Illuminate\\Http\\Request), Object(Closure))
#13 C:\\Users\\canam\\Dropbox\\DC\\Semester 5\\DBAS\\Hot Rides Software\\hotridesapp\\vendor\\laravel\\framework\\src\\Illuminate\\Routing\\Pipeline.php(53): Illuminate\\Pipeline\\Pipeline->Illuminate\\Pipeline\\{closure}(Object(Illuminate\\Http\\Request))
#14 C:\\Users\\canam\\Dropbox\\DC\\Semester 5\\DBAS\\Hot Rides Software\\hotridesapp\\vendor\\laravel\\framework\\src\\Illuminate\\Foundation\\Http\\Middleware\\VerifyCsrfToken.php(75): Illuminate\\Routing\\Pipeline->Illuminate\\Routing\\{closure}(Object(Illuminate\\Http\\Request))
#15 C:\\Users\\canam\\Dropbox\\DC\\Semester 5\\DBAS\\Hot Rides Software\\hotridesapp\\vendor\\laravel\\framework\\src\\Illuminate\\Pipeline\\Pipeline.php(151): Illuminate\\Foundation\\Http\\Middleware\\VerifyCsrfToken->handle(Object(Illuminate\\Http\\Request), Object(Closure))
#16 C:\\Users\\canam\\Dropbox\\DC\\Semester 5\\DBAS\\Hot Rides Software\\hotridesapp\\vendor\\laravel\\framework\\src\\Illuminate\\Routing\\Pipeline.php(53): Illuminate\\Pipeline\\Pipeline->Illuminate\\Pipeline\\{closure}(Object(Illuminate\\Http\\Request))
#17 C:\\Users\\canam\\Dropbox\\DC\\Semester 5\\DBAS\\Hot Rides Software\\hotridesapp\\vendor\\laravel\\framework\\src\\Illuminate\\View\\Middleware\\ShareErrorsFromSession.php(49): Illuminate\\Routing\\Pipeline->Illuminate\\Routing\\{closure}(Object(Illuminate\\Http\\Request))
#18 C:\\Users\\canam\\Dropbox\\DC\\Semester 5\\DBAS\\Hot Rides Software\\hotridesapp\\vendor\\laravel\\framework\\src\\Illuminate\\Pipeline\\Pipeline.php(151): Illuminate\\View\\Middleware\\ShareErrorsFromSession->handle(Object(Illuminate\\Http\\Request), Object(Closure))
#19 C:\\Users\\canam\\Dropbox\\DC\\Semester 5\\DBAS\\Hot Rides Software\\hotridesapp\\vendor\\laravel\\framework\\src\\Illuminate\\Routing\\Pipeline.php(53): Illuminate\\Pipeline\\Pipeline->Illuminate\\Pipeline\\{closure}(Object(Illuminate\\Http\\Request))
#20 C:\\Users\\canam\\Dropbox\\DC\\Semester 5\\DBAS\\Hot Rides Software\\hotridesapp\\vendor\\laravel\\framework\\src\\Illuminate\\Session\\Middleware\\StartSession.php(63): Illuminate\\Routing\\Pipeline->Illuminate\\Routing\\{closure}(Object(Illuminate\\Http\\Request))
#21 C:\\Users\\canam\\Dropbox\\DC\\Semester 5\\DBAS\\Hot Rides Software\\hotridesapp\\vendor\\laravel\\framework\\src\\Illuminate\\Pipeline\\Pipeline.php(151): Illuminate\\Session\\Middleware\\StartSession->handle(Object(Illuminate\\Http\\Request), Object(Closure))
#22 C:\\Users\\canam\\Dropbox\\DC\\Semester 5\\DBAS\\Hot Rides Software\\hotridesapp\\vendor\\laravel\\framework\\src\\Illuminate\\Routing\\Pipeline.php(53): Illuminate\\Pipeline\\Pipeline->Illuminate\\Pipeline\\{closure}(Object(Illuminate\\Http\\Request))
#23 C:\\Users\\canam\\Dropbox\\DC\\Semester 5\\DBAS\\Hot Rides Software\\hotridesapp\\vendor\\laravel\\framework\\src\\Illuminate\\Cookie\\Middleware\\AddQueuedCookiesToResponse.php(37): Illuminate\\Routing\\Pipeline->Illuminate\\Routing\\{closure}(Object(Illuminate\\Http\\Request))
#24 C:\\Users\\canam\\Dropbox\\DC\\Semester 5\\DBAS\\Hot Rides Software\\hotridesapp\\vendor\\laravel\\framework\\src\\Illuminate\\Pipeline\\Pipeline.php(151): Illuminate\\Cookie\\Middleware\\AddQueuedCookiesToResponse->handle(Object(Illuminate\\Http\\Request), Object(Closure))
#25 C:\\Users\\canam\\Dropbox\\DC\\Semester 5\\DBAS\\Hot Rides Software\\hotridesapp\\vendor\\laravel\\framework\\src\\Illuminate\\Routing\\Pipeline.php(53): Illuminate\\Pipeline\\Pipeline->Illuminate\\Pipeline\\{closure}(Object(Illuminate\\Http\\Request))
#26 C:\\Users\\canam\\Dropbox\\DC\\Semester 5\\DBAS\\Hot Rides Software\\hotridesapp\\vendor\\laravel\\framework\\src\\Illuminate\\Cookie\\Middleware\\EncryptCookies.php(66): Illuminate\\Routing\\Pipeline->Illuminate\\Routing\\{closure}(Object(Illuminate\\Http\\Request))
#27 C:\\Users\\canam\\Dropbox\\DC\\Semester 5\\DBAS\\Hot Rides Software\\hotridesapp\\vendor\\laravel\\framework\\src\\Illuminate\\Pipeline\\Pipeline.php(151): Illuminate\\Cookie\\Middleware\\EncryptCookies->handle(Object(Illuminate\\Http\\Request), Object(Closure))
#28 C:\\Users\\canam\\Dropbox\\DC\\Semester 5\\DBAS\\Hot Rides Software\\hotridesapp\\vendor\\laravel\\framework\\src\\Illuminate\\Routing\\Pipeline.php(53): Illuminate\\Pipeline\\Pipeline->Illuminate\\Pipeline\\{closure}(Object(Illuminate\\Http\\Request))
#29 C:\\Users\\canam\\Dropbox\\DC\\Semester 5\\DBAS\\Hot Rides Software\\hotridesapp\\vendor\\laravel\\framework\\src\\Illuminate\\Pipeline\\Pipeline.php(104): Illuminate\\Routing\\Pipeline->Illuminate\\Routing\\{closure}(Object(Illuminate\\Http\\Request))
#30 C:\\Users\\canam\\Dropbox\\DC\\Semester 5\\DBAS\\Hot Rides Software\\hotridesapp\\vendor\\laravel\\framework\\src\\Illuminate\\Routing\\Router.php(681): Illuminate\\Pipeline\\Pipeline->then(Object(Closure))
#31 C:\\Users\\canam\\Dropbox\\DC\\Semester 5\\DBAS\\Hot Rides Software\\hotridesapp\\vendor\\laravel\\framework\\src\\Illuminate\\Routing\\Router.php(656): Illuminate\\Routing\\Router->runRouteWithinStack(Object(Illuminate\\Routing\\Route), Object(Illuminate\\Http\\Request))
#32 C:\\Users\\canam\\Dropbox\\DC\\Semester 5\\DBAS\\Hot Rides Software\\hotridesapp\\vendor\\laravel\\framework\\src\\Illuminate\\Routing\\Router.php(622): Illuminate\\Routing\\Router->runRoute(Object(Illuminate\\Http\\Request), Object(Illuminate\\Routing\\Route))
#33 C:\\Users\\canam\\Dropbox\\DC\\Semester 5\\DBAS\\Hot Rides Software\\hotridesapp\\vendor\\laravel\\framework\\src\\Illuminate\\Routing\\Router.php(611): Illuminate\\Routing\\Router->dispatchToRoute(Object(Illuminate\\Http\\Request))
#34 C:\\Users\\canam\\Dropbox\\DC\\Semester 5\\DBAS\\Hot Rides Software\\hotridesapp\\vendor\\laravel\\framework\\src\\Illuminate\\Foundation\\Http\\Kernel.php(176): Illuminate\\Routing\\Router->dispatch(Object(Illuminate\\Http\\Request))
#35 C:\\Users\\canam\\Dropbox\\DC\\Semester 5\\DBAS\\Hot Rides Software\\hotridesapp\\vendor\\laravel\\framework\\src\\Illuminate\\Routing\\Pipeline.php(30): Illuminate\\Foundation\\Http\\Kernel->Illuminate\\Foundation\\Http\\{closure}(Object(Illuminate\\Http\\Request))
#36 C:\\Users\\canam\\Dropbox\\DC\\Semester 5\\DBAS\\Hot Rides Software\\hotridesapp\\vendor\\fideloper\\proxy\\src\\TrustProxies.php(57): Illuminate\\Routing\\Pipeline->Illuminate\\Routing\\{closure}(Object(Illuminate\\Http\\Request))
#37 C:\\Users\\canam\\Dropbox\\DC\\Semester 5\\DBAS\\Hot Rides Software\\hotridesapp\\vendor\\laravel\\framework\\src\\Illuminate\\Pipeline\\Pipeline.php(151): Fideloper\\Proxy\\TrustProxies->handle(Object(Illuminate\\Http\\Request), Object(Closure))
#38 C:\\Users\\canam\\Dropbox\\DC\\Semester 5\\DBAS\\Hot Rides Software\\hotridesapp\\vendor\\laravel\\framework\\src\\Illuminate\\Routing\\Pipeline.php(53): Illuminate\\Pipeline\\Pipeline->Illuminate\\Pipeline\\{closure}(Object(Illuminate\\Http\\Request))
#39 C:\\Users\\canam\\Dropbox\\DC\\Semester 5\\DBAS\\Hot Rides Software\\hotridesapp\\vendor\\laravel\\framework\\src\\Illuminate\\Foundation\\Http\\Middleware\\TransformsRequest.php(31): Illuminate\\Routing\\Pipeline->Illuminate\\Routing\\{closure}(Object(Illuminate\\Http\\Request))
#40 C:\\Users\\canam\\Dropbox\\DC\\Semester 5\\DBAS\\Hot Rides Software\\hotridesapp\\vendor\\laravel\\framework\\src\\Illuminate\\Pipeline\\Pipeline.php(151): Illuminate\\Foundation\\Http\\Middleware\\TransformsRequest->handle(Object(Illuminate\\Http\\Request), Object(Closure))
#41 C:\\Users\\canam\\Dropbox\\DC\\Semester 5\\DBAS\\Hot Rides Software\\hotridesapp\\vendor\\laravel\\framework\\src\\Illuminate\\Routing\\Pipeline.php(53): Illuminate\\Pipeline\\Pipeline->Illuminate\\Pipeline\\{closure}(Object(Illuminate\\Http\\Request))
#42 C:\\Users\\canam\\Dropbox\\DC\\Semester 5\\DBAS\\Hot Rides Software\\hotridesapp\\vendor\\laravel\\framework\\src\\Illuminate\\Foundation\\Http\\Middleware\\TransformsRequest.php(31): Illuminate\\Routing\\Pipeline->Illuminate\\Routing\\{closure}(Object(Illuminate\\Http\\Request))
#43 C:\\Users\\canam\\Dropbox\\DC\\Semester 5\\DBAS\\Hot Rides Software\\hotridesapp\\vendor\\laravel\\framework\\src\\Illuminate\\Pipeline\\Pipeline.php(151): Illuminate\\Foundation\\Http\\Middleware\\TransformsRequest->handle(Object(Illuminate\\Http\\Request), Object(Closure))
#44 C:\\Users\\canam\\Dropbox\\DC\\Semester 5\\DBAS\\Hot Rides Software\\hotridesapp\\vendor\\laravel\\framework\\src\\Illuminate\\Routing\\Pipeline.php(53): Illuminate\\Pipeline\\Pipeline->Illuminate\\Pipeline\\{closure}(Object(Illuminate\\Http\\Request))
#45 C:\\Users\\canam\\Dropbox\\DC\\Semester 5\\DBAS\\Hot Rides Software\\hotridesapp\\vendor\\laravel\\framework\\src\\Illuminate\\Foundation\\Http\\Middleware\\ValidatePostSize.php(27): Illuminate\\Routing\\Pipeline->Illuminate\\Routing\\{closure}(Object(Illuminate\\Http\\Request))
#46 C:\\Users\\canam\\Dropbox\\DC\\Semester 5\\DBAS\\Hot Rides Software\\hotridesapp\\vendor\\laravel\\framework\\src\\Illuminate\\Pipeline\\Pipeline.php(151): Illuminate\\Foundation\\Http\\Middleware\\ValidatePostSize->handle(Object(Illuminate\\Http\\Request), Object(Closure))
#47 C:\\Users\\canam\\Dropbox\\DC\\Semester 5\\DBAS\\Hot Rides Software\\hotridesapp\\vendor\\laravel\\framework\\src\\Illuminate\\Routing\\Pipeline.php(53): Illuminate\\Pipeline\\Pipeline->Illuminate\\Pipeline\\{closure}(Object(Illuminate\\Http\\Request))
#48 C:\\Users\\canam\\Dropbox\\DC\\Semester 5\\DBAS\\Hot Rides Software\\hotridesapp\\vendor\\laravel\\framework\\src\\Illuminate\\Foundation\\Http\\Middleware\\CheckForMaintenanceMode.php(62): Illuminate\\Routing\\Pipeline->Illuminate\\Routing\\{closure}(Object(Illuminate\\Http\\Request))
#49 C:\\Users\\canam\\Dropbox\\DC\\Semester 5\\DBAS\\Hot Rides Software\\hotridesapp\\vendor\\laravel\\framework\\src\\Illuminate\\Pipeline\\Pipeline.php(151): Illuminate\\Foundation\\Http\\Middleware\\CheckForMaintenanceMode->handle(Object(Illuminate\\Http\\Request), Object(Closure))
#50 C:\\Users\\canam\\Dropbox\\DC\\Semester 5\\DBAS\\Hot Rides Software\\hotridesapp\\vendor\\laravel\\framework\\src\\Illuminate\\Routing\\Pipeline.php(53): Illuminate\\Pipeline\\Pipeline->Illuminate\\Pipeline\\{closure}(Object(Illuminate\\Http\\Request))
#51 C:\\Users\\canam\\Dropbox\\DC\\Semester 5\\DBAS\\Hot Rides Software\\hotridesapp\\vendor\\laravel\\framework\\src\\Illuminate\\Pipeline\\Pipeline.php(104): Illuminate\\Routing\\Pipeline->Illuminate\\Routing\\{closure}(Object(Illuminate\\Http\\Request))
#52 C:\\Users\\canam\\Dropbox\\DC\\Semester 5\\DBAS\\Hot Rides Software\\hotridesapp\\vendor\\laravel\\framework\\src\\Illuminate\\Foundation\\Http\\Kernel.php(151): Illuminate\\Pipeline\\Pipeline->then(Object(Closure))
#53 C:\\Users\\canam\\Dropbox\\DC\\Semester 5\\DBAS\\Hot Rides Software\\hotridesapp\\vendor\\laravel\\framework\\src\\Illuminate\\Foundation\\Http\\Kernel.php(116): Illuminate\\Foundation\\Http\\Kernel->sendRequestThroughRouter(Object(Illuminate\\Http\\Request))
#54 C:\\Users\\canam\\Dropbox\\DC\\Semester 5\\DBAS\\Hot Rides Software\\hotridesapp\\public\\index.php(55): Illuminate\\Foundation\\Http\\Kernel->handle(Object(Illuminate\\Http\\Request))
#55 C:\\Users\\canam\\Dropbox\\DC\\Semester 5\\DBAS\\Hot Rides Software\\hotridesapp\\server.php(21): require_once('C:\\\\Users\\\\canam\\\\...')
#56 {main}
"} 
[2018-11-25 20:49:46] local.ERROR: Call to a member function isAdmin() on null (View: C:\Users\canam\Dropbox\DC\Semester 5\DBAS\Hot Rides Software\hotridesapp\resources\views\Events\show.blade.php) {"exception":"[object] (ErrorException(code: 0): Call to a member function isAdmin() on null (View: C:\\Users\\canam\\Dropbox\\DC\\Semester 5\\DBAS\\Hot Rides Software\\hotridesapp\esources\\views\\Events\\show.blade.php) at C:\\Users\\canam\\Dropbox\\DC\\Semester 5\\DBAS\\Hot Rides Software\\hotridesapp\\storage\\framework\\views\\8fa230236b6de673e4c2e5c9f10b210b653dc99b.php:27, Symfony\\Component\\Debug\\Exception\\FatalThrowableError(code: 0): Call to a member function isAdmin() on null at C:\\Users\\canam\\Dropbox\\DC\\Semester 5\\DBAS\\Hot Rides Software\\hotridesapp\\storage\\framework\\views\\8fa230236b6de673e4c2e5c9f10b210b653dc99b.php:27)
[stacktrace]
#0 C:\\Users\\canam\\Dropbox\\DC\\Semester 5\\DBAS\\Hot Rides Software\\hotridesapp\\vendor\\laravel\\framework\\src\\Illuminate\\View\\Engines\\PhpEngine.php(47): Illuminate\\View\\Engines\\CompilerEngine->handleViewException(Object(Symfony\\Component\\Debug\\Exception\\FatalThrowableError), 1)
#1 C:\\Users\\canam\\Dropbox\\DC\\Semester 5\\DBAS\\Hot Rides Software\\hotridesapp\\vendor\\laravel\\framework\\src\\Illuminate\\View\\Engines\\CompilerEngine.php(59): Illuminate\\View\\Engines\\PhpEngine->evaluatePath('C:\\\\Users\\\\canam\\\\...', Array)
#2 C:\\Users\\canam\\Dropbox\\DC\\Semester 5\\DBAS\\Hot Rides Software\\hotridesapp\\vendor\\laravel\\framework\\src\\Illuminate\\View\\View.php(142): Illuminate\\View\\Engines\\CompilerEngine->get('C:\\\\Users\\\\canam\\\\...', Array)
#3 C:\\Users\\canam\\Dropbox\\DC\\Semester 5\\DBAS\\Hot Rides Software\\hotridesapp\\vendor\\laravel\\framework\\src\\Illuminate\\View\\View.php(125): Illuminate\\View\\View->getContents()
#4 C:\\Users\\canam\\Dropbox\\DC\\Semester 5\\DBAS\\Hot Rides Software\\hotridesapp\\vendor\\laravel\\framework\\src\\Illuminate\\View\\View.php(90): Illuminate\\View\\View->renderContents()
#5 C:\\Users\\canam\\Dropbox\\DC\\Semester 5\\DBAS\\Hot Rides Software\\hotridesapp\\vendor\\laravel\\framework\\src\\Illuminate\\Http\\Response.php(42): Illuminate\\View\\View->render()
#6 C:\\Users\\canam\\Dropbox\\DC\\Semester 5\\DBAS\\Hot Rides Software\\hotridesapp\\vendor\\symfony\\http-foundation\\Response.php(202): Illuminate\\Http\\Response->setContent(Object(Illuminate\\View\\View))
#7 C:\\Users\\canam\\Dropbox\\DC\\Semester 5\\DBAS\\Hot Rides Software\\hotridesapp\\vendor\\laravel\\framework\\src\\Illuminate\\Routing\\Router.php(747): Symfony\\Component\\HttpFoundation\\Response->__construct(Object(Illuminate\\View\\View))
#8 C:\\Users\\canam\\Dropbox\\DC\\Semester 5\\DBAS\\Hot Rides Software\\hotridesapp\\vendor\\laravel\\framework\\src\\Illuminate\\Routing\\Router.php(719): Illuminate\\Routing\\Router::toResponse(Object(Illuminate\\Http\\Request), Object(Illuminate\\View\\View))
#9 C:\\Users\\canam\\Dropbox\\DC\\Semester 5\\DBAS\\Hot Rides Software\\hotridesapp\\vendor\\laravel\\framework\\src\\Illuminate\\Routing\\Router.php(679): Illuminate\\Routing\\Router->prepareResponse(Object(Illuminate\\Http\\Request), Object(Illuminate\\View\\View))
#10 C:\\Users\\canam\\Dropbox\\DC\\Semester 5\\DBAS\\Hot Rides Software\\hotridesapp\\vendor\\laravel\\framework\\src\\Illuminate\\Routing\\Pipeline.php(30): Illuminate\\Routing\\Router->Illuminate\\Routing\\{closure}(Object(Illuminate\\Http\\Request))
#11 C:\\Users\\canam\\Dropbox\\DC\\Semester 5\\DBAS\\Hot Rides Software\\hotridesapp\\vendor\\laravel\\framework\\src\\Illuminate\\Routing\\Middleware\\SubstituteBindings.php(41): Illuminate\\Routing\\Pipeline->Illuminate\\Routing\\{closure}(Object(Illuminate\\Http\\Request))
#12 C:\\Users\\canam\\Dropbox\\DC\\Semester 5\\DBAS\\Hot Rides Software\\hotridesapp\\vendor\\laravel\\framework\\src\\Illuminate\\Pipeline\\Pipeline.php(151): Illuminate\\Routing\\Middleware\\SubstituteBindings->handle(Object(Illuminate\\Http\\Request), Object(Closure))
#13 C:\\Users\\canam\\Dropbox\\DC\\Semester 5\\DBAS\\Hot Rides Software\\hotridesapp\\vendor\\laravel\\framework\\src\\Illuminate\\Routing\\Pipeline.php(53): Illuminate\\Pipeline\\Pipeline->Illuminate\\Pipeline\\{closure}(Object(Illuminate\\Http\\Request))
#14 C:\\Users\\canam\\Dropbox\\DC\\Semester 5\\DBAS\\Hot Rides Software\\hotridesapp\\vendor\\laravel\\framework\\src\\Illuminate\\Foundation\\Http\\Middleware\\VerifyCsrfToken.php(75): Illuminate\\Routing\\Pipeline->Illuminate\\Routing\\{closure}(Object(Illuminate\\Http\\Request))
#15 C:\\Users\\canam\\Dropbox\\DC\\Semester 5\\DBAS\\Hot Rides Software\\hotridesapp\\vendor\\laravel\\framework\\src\\Illuminate\\Pipeline\\Pipeline.php(151): Illuminate\\Foundation\\Http\\Middleware\\VerifyCsrfToken->handle(Object(Illuminate\\Http\\Request), Object(Closure))
#16 C:\\Users\\canam\\Dropbox\\DC\\Semester 5\\DBAS\\Hot Rides Software\\hotridesapp\\vendor\\laravel\\framework\\src\\Illuminate\\Routing\\Pipeline.php(53): Illuminate\\Pipeline\\Pipeline->Illuminate\\Pipeline\\{closure}(Object(Illuminate\\Http\\Request))
#17 C:\\Users\\canam\\Dropbox\\DC\\Semester 5\\DBAS\\Hot Rides Software\\hotridesapp\\vendor\\laravel\\framework\\src\\Illuminate\\View\\Middleware\\ShareErrorsFromSession.php(49): Illuminate\\Routing\\Pipeline->Illuminate\\Routing\\{closure}(Object(Illuminate\\Http\\Request))
#18 C:\\Users\\canam\\Dropbox\\DC\\Semester 5\\DBAS\\Hot Rides Software\\hotridesapp\\vendor\\laravel\\framework\\src\\Illuminate\\Pipeline\\Pipeline.php(151): Illuminate\\View\\Middleware\\ShareErrorsFromSession->handle(Object(Illuminate\\Http\\Request), Object(Closure))
#19 C:\\Users\\canam\\Dropbox\\DC\\Semester 5\\DBAS\\Hot Rides Software\\hotridesapp\\vendor\\laravel\\framework\\src\\Illuminate\\Routing\\Pipeline.php(53): Illuminate\\Pipeline\\Pipeline->Illuminate\\Pipeline\\{closure}(Object(Illuminate\\Http\\Request))
#20 C:\\Users\\canam\\Dropbox\\DC\\Semester 5\\DBAS\\Hot Rides Software\\hotridesapp\\vendor\\laravel\\framework\\src\\Illuminate\\Session\\Middleware\\StartSession.php(63): Illuminate\\Routing\\Pipeline->Illuminate\\Routing\\{closure}(Object(Illuminate\\Http\\Request))
#21 C:\\Users\\canam\\Dropbox\\DC\\Semester 5\\DBAS\\Hot Rides Software\\hotridesapp\\vendor\\laravel\\framework\\src\\Illuminate\\Pipeline\\Pipeline.php(151): Illuminate\\Session\\Middleware\\StartSession->handle(Object(Illuminate\\Http\\Request), Object(Closure))
#22 C:\\Users\\canam\\Dropbox\\DC\\Semester 5\\DBAS\\Hot Rides Software\\hotridesapp\\vendor\\laravel\\framework\\src\\Illuminate\\Routing\\Pipeline.php(53): Illuminate\\Pipeline\\Pipeline->Illuminate\\Pipeline\\{closure}(Object(Illuminate\\Http\\Request))
#23 C:\\Users\\canam\\Dropbox\\DC\\Semester 5\\DBAS\\Hot Rides Software\\hotridesapp\\vendor\\laravel\\framework\\src\\Illuminate\\Cookie\\Middleware\\AddQueuedCookiesToResponse.php(37): Illuminate\\Routing\\Pipeline->Illuminate\\Routing\\{closure}(Object(Illuminate\\Http\\Request))
#24 C:\\Users\\canam\\Dropbox\\DC\\Semester 5\\DBAS\\Hot Rides Software\\hotridesapp\\vendor\\laravel\\framework\\src\\Illuminate\\Pipeline\\Pipeline.php(151): Illuminate\\Cookie\\Middleware\\AddQueuedCookiesToResponse->handle(Object(Illuminate\\Http\\Request), Object(Closure))
#25 C:\\Users\\canam\\Dropbox\\DC\\Semester 5\\DBAS\\Hot Rides Software\\hotridesapp\\vendor\\laravel\\framework\\src\\Illuminate\\Routing\\Pipeline.php(53): Illuminate\\Pipeline\\Pipeline->Illuminate\\Pipeline\\{closure}(Object(Illuminate\\Http\\Request))
#26 C:\\Users\\canam\\Dropbox\\DC\\Semester 5\\DBAS\\Hot Rides Software\\hotridesapp\\vendor\\laravel\\framework\\src\\Illuminate\\Cookie\\Middleware\\EncryptCookies.php(66): Illuminate\\Routing\\Pipeline->Illuminate\\Routing\\{closure}(Object(Illuminate\\Http\\Request))
#27 C:\\Users\\canam\\Dropbox\\DC\\Semester 5\\DBAS\\Hot Rides Software\\hotridesapp\\vendor\\laravel\\framework\\src\\Illuminate\\Pipeline\\Pipeline.php(151): Illuminate\\Cookie\\Middleware\\EncryptCookies->handle(Object(Illuminate\\Http\\Request), Object(Closure))
#28 C:\\Users\\canam\\Dropbox\\DC\\Semester 5\\DBAS\\Hot Rides Software\\hotridesapp\\vendor\\laravel\\framework\\src\\Illuminate\\Routing\\Pipeline.php(53): Illuminate\\Pipeline\\Pipeline->Illuminate\\Pipeline\\{closure}(Object(Illuminate\\Http\\Request))
#29 C:\\Users\\canam\\Dropbox\\DC\\Semester 5\\DBAS\\Hot Rides Software\\hotridesapp\\vendor\\laravel\\framework\\src\\Illuminate\\Pipeline\\Pipeline.php(104): Illuminate\\Routing\\Pipeline->Illuminate\\Routing\\{closure}(Object(Illuminate\\Http\\Request))
#30 C:\\Users\\canam\\Dropbox\\DC\\Semester 5\\DBAS\\Hot Rides Software\\hotridesapp\\vendor\\laravel\\framework\\src\\Illuminate\\Routing\\Router.php(681): Illuminate\\Pipeline\\Pipeline->then(Object(Closure))
#31 C:\\Users\\canam\\Dropbox\\DC\\Semester 5\\DBAS\\Hot Rides Software\\hotridesapp\\vendor\\laravel\\framework\\src\\Illuminate\\Routing\\Router.php(656): Illuminate\\Routing\\Router->runRouteWithinStack(Object(Illuminate\\Routing\\Route), Object(Illuminate\\Http\\Request))
#32 C:\\Users\\canam\\Dropbox\\DC\\Semester 5\\DBAS\\Hot Rides Software\\hotridesapp\\vendor\\laravel\\framework\\src\\Illuminate\\Routing\\Router.php(622): Illuminate\\Routing\\Router->runRoute(Object(Illuminate\\Http\\Request), Object(Illuminate\\Routing\\Route))
#33 C:\\Users\\canam\\Dropbox\\DC\\Semester 5\\DBAS\\Hot Rides Software\\hotridesapp\\vendor\\laravel\\framework\\src\\Illuminate\\Routing\\Router.php(611): Illuminate\\Routing\\Router->dispatchToRoute(Object(Illuminate\\Http\\Request))
#34 C:\\Users\\canam\\Dropbox\\DC\\Semester 5\\DBAS\\Hot Rides Software\\hotridesapp\\vendor\\laravel\\framework\\src\\Illuminate\\Foundation\\Http\\Kernel.php(176): Illuminate\\Routing\\Router->dispatch(Object(Illuminate\\Http\\Request))
#35 C:\\Users\\canam\\Dropbox\\DC\\Semester 5\\DBAS\\Hot Rides Software\\hotridesapp\\vendor\\laravel\\framework\\src\\Illuminate\\Routing\\Pipeline.php(30): Illuminate\\Foundation\\Http\\Kernel->Illuminate\\Foundation\\Http\\{closure}(Object(Illuminate\\Http\\Request))
#36 C:\\Users\\canam\\Dropbox\\DC\\Semester 5\\DBAS\\Hot Rides Software\\hotridesapp\\vendor\\fideloper\\proxy\\src\\TrustProxies.php(57): Illuminate\\Routing\\Pipeline->Illuminate\\Routing\\{closure}(Object(Illuminate\\Http\\Request))
#37 C:\\Users\\canam\\Dropbox\\DC\\Semester 5\\DBAS\\Hot Rides Software\\hotridesapp\\vendor\\laravel\\framework\\src\\Illuminate\\Pipeline\\Pipeline.php(151): Fideloper\\Proxy\\TrustProxies->handle(Object(Illuminate\\Http\\Request), Object(Closure))
#38 C:\\Users\\canam\\Dropbox\\DC\\Semester 5\\DBAS\\Hot Rides Software\\hotridesapp\\vendor\\laravel\\framework\\src\\Illuminate\\Routing\\Pipeline.php(53): Illuminate\\Pipeline\\Pipeline->Illuminate\\Pipeline\\{closure}(Object(Illuminate\\Http\\Request))
#39 C:\\Users\\canam\\Dropbox\\DC\\Semester 5\\DBAS\\Hot Rides Software\\hotridesapp\\vendor\\laravel\\framework\\src\\Illuminate\\Foundation\\Http\\Middleware\\TransformsRequest.php(31): Illuminate\\Routing\\Pipeline->Illuminate\\Routing\\{closure}(Object(Illuminate\\Http\\Request))
#40 C:\\Users\\canam\\Dropbox\\DC\\Semester 5\\DBAS\\Hot Rides Software\\hotridesapp\\vendor\\laravel\\framework\\src\\Illuminate\\Pipeline\\Pipeline.php(151): Illuminate\\Foundation\\Http\\Middleware\\TransformsRequest->handle(Object(Illuminate\\Http\\Request), Object(Closure))
#41 C:\\Users\\canam\\Dropbox\\DC\\Semester 5\\DBAS\\Hot Rides Software\\hotridesapp\\vendor\\laravel\\framework\\src\\Illuminate\\Routing\\Pipeline.php(53): Illuminate\\Pipeline\\Pipeline->Illuminate\\Pipeline\\{closure}(Object(Illuminate\\Http\\Request))
#42 C:\\Users\\canam\\Dropbox\\DC\\Semester 5\\DBAS\\Hot Rides Software\\hotridesapp\\vendor\\laravel\\framework\\src\\Illuminate\\Foundation\\Http\\Middleware\\TransformsRequest.php(31): Illuminate\\Routing\\Pipeline->Illuminate\\Routing\\{closure}(Object(Illuminate\\Http\\Request))
#43 C:\\Users\\canam\\Dropbox\\DC\\Semester 5\\DBAS\\Hot Rides Software\\hotridesapp\\vendor\\laravel\\framework\\src\\Illuminate\\Pipeline\\Pipeline.php(151): Illuminate\\Foundation\\Http\\Middleware\\TransformsRequest->handle(Object(Illuminate\\Http\\Request), Object(Closure))
#44 C:\\Users\\canam\\Dropbox\\DC\\Semester 5\\DBAS\\Hot Rides Software\\hotridesapp\\vendor\\laravel\\framework\\src\\Illuminate\\Routing\\Pipeline.php(53): Illuminate\\Pipeline\\Pipeline->Illuminate\\Pipeline\\{closure}(Object(Illuminate\\Http\\Request))
#45 C:\\Users\\canam\\Dropbox\\DC\\Semester 5\\DBAS\\Hot Rides Software\\hotridesapp\\vendor\\laravel\\framework\\src\\Illuminate\\Foundation\\Http\\Middleware\\ValidatePostSize.php(27): Illuminate\\Routing\\Pipeline->Illuminate\\Routing\\{closure}(Object(Illuminate\\Http\\Request))
#46 C:\\Users\\canam\\Dropbox\\DC\\Semester 5\\DBAS\\Hot Rides Software\\hotridesapp\\vendor\\laravel\\framework\\src\\Illuminate\\Pipeline\\Pipeline.php(151): Illuminate\\Foundation\\Http\\Middleware\\ValidatePostSize->handle(Object(Illuminate\\Http\\Request), Object(Closure))
#47 C:\\Users\\canam\\Dropbox\\DC\\Semester 5\\DBAS\\Hot Rides Software\\hotridesapp\\vendor\\laravel\\framework\\src\\Illuminate\\Routing\\Pipeline.php(53): Illuminate\\Pipeline\\Pipeline->Illuminate\\Pipeline\\{closure}(Object(Illuminate\\Http\\Request))
#48 C:\\Users\\canam\\Dropbox\\DC\\Semester 5\\DBAS\\Hot Rides Software\\hotridesapp\\vendor\\laravel\\framework\\src\\Illuminate\\Foundation\\Http\\Middleware\\CheckForMaintenanceMode.php(62): Illuminate\\Routing\\Pipeline->Illuminate\\Routing\\{closure}(Object(Illuminate\\Http\\Request))
#49 C:\\Users\\canam\\Dropbox\\DC\\Semester 5\\DBAS\\Hot Rides Software\\hotridesapp\\vendor\\laravel\\framework\\src\\Illuminate\\Pipeline\\Pipeline.php(151): Illuminate\\Foundation\\Http\\Middleware\\CheckForMaintenanceMode->handle(Object(Illuminate\\Http\\Request), Object(Closure))
#50 C:\\Users\\canam\\Dropbox\\DC\\Semester 5\\DBAS\\Hot Rides Software\\hotridesapp\\vendor\\laravel\\framework\\src\\Illuminate\\Routing\\Pipeline.php(53): Illuminate\\Pipeline\\Pipeline->Illuminate\\Pipeline\\{closure}(Object(Illuminate\\Http\\Request))
#51 C:\\Users\\canam\\Dropbox\\DC\\Semester 5\\DBAS\\Hot Rides Software\\hotridesapp\\vendor\\laravel\\framework\\src\\Illuminate\\Pipeline\\Pipeline.php(104): Illuminate\\Routing\\Pipeline->Illuminate\\Routing\\{closure}(Object(Illuminate\\Http\\Request))
#52 C:\\Users\\canam\\Dropbox\\DC\\Semester 5\\DBAS\\Hot Rides Software\\hotridesapp\\vendor\\laravel\\framework\\src\\Illuminate\\Foundation\\Http\\Kernel.php(151): Illuminate\\Pipeline\\Pipeline->then(Object(Closure))
#53 C:\\Users\\canam\\Dropbox\\DC\\Semester 5\\DBAS\\Hot Rides Software\\hotridesapp\\vendor\\laravel\\framework\\src\\Illuminate\\Foundation\\Http\\Kernel.php(116): Illuminate\\Foundation\\Http\\Kernel->sendRequestThroughRouter(Object(Illuminate\\Http\\Request))
#54 C:\\Users\\canam\\Dropbox\\DC\\Semester 5\\DBAS\\Hot Rides Software\\hotridesapp\\public\\index.php(55): Illuminate\\Foundation\\Http\\Kernel->handle(Object(Illuminate\\Http\\Request))
#55 C:\\Users\\canam\\Dropbox\\DC\\Semester 5\\DBAS\\Hot Rides Software\\hotridesapp\\server.php(21): require_once('C:\\\\Users\\\\canam\\\\...')
#56 {main}
"} 
[2018-11-25 21:10:59] local.ERROR: Call to a member function isAdmin() on null (View: C:\Users\canam\Dropbox\DC\Semester 5\DBAS\Hot Rides Software\hotridesapp\resources\views\Events\show.blade.php) {"exception":"[object] (ErrorException(code: 0): Call to a member function isAdmin() on null (View: C:\\Users\\canam\\Dropbox\\DC\\Semester 5\\DBAS\\Hot Rides Software\\hotridesapp\esources\\views\\Events\\show.blade.php) at C:\\Users\\canam\\Dropbox\\DC\\Semester 5\\DBAS\\Hot Rides Software\\hotridesapp\\storage\\framework\\views\\8fa230236b6de673e4c2e5c9f10b210b653dc99b.php:28, Symfony\\Component\\Debug\\Exception\\FatalThrowableError(code: 0): Call to a member function isAdmin() on null at C:\\Users\\canam\\Dropbox\\DC\\Semester 5\\DBAS\\Hot Rides Software\\hotridesapp\\storage\\framework\\views\\8fa230236b6de673e4c2e5c9f10b210b653dc99b.php:28)
[stacktrace]
#0 C:\\Users\\canam\\Dropbox\\DC\\Semester 5\\DBAS\\Hot Rides Software\\hotridesapp\\vendor\\laravel\\framework\\src\\Illuminate\\View\\Engines\\PhpEngine.php(47): Illuminate\\View\\Engines\\CompilerEngine->handleViewException(Object(Symfony\\Component\\Debug\\Exception\\FatalThrowableError), 1)
#1 C:\\Users\\canam\\Dropbox\\DC\\Semester 5\\DBAS\\Hot Rides Software\\hotridesapp\\vendor\\laravel\\framework\\src\\Illuminate\\View\\Engines\\CompilerEngine.php(59): Illuminate\\View\\Engines\\PhpEngine->evaluatePath('C:\\\\Users\\\\canam\\\\...', Array)
#2 C:\\Users\\canam\\Dropbox\\DC\\Semester 5\\DBAS\\Hot Rides Software\\hotridesapp\\vendor\\laravel\\framework\\src\\Illuminate\\View\\View.php(142): Illuminate\\View\\Engines\\CompilerEngine->get('C:\\\\Users\\\\canam\\\\...', Array)
#3 C:\\Users\\canam\\Dropbox\\DC\\Semester 5\\DBAS\\Hot Rides Software\\hotridesapp\\vendor\\laravel\\framework\\src\\Illuminate\\View\\View.php(125): Illuminate\\View\\View->getContents()
#4 C:\\Users\\canam\\Dropbox\\DC\\Semester 5\\DBAS\\Hot Rides Software\\hotridesapp\\vendor\\laravel\\framework\\src\\Illuminate\\View\\View.php(90): Illuminate\\View\\View->renderContents()
#5 C:\\Users\\canam\\Dropbox\\DC\\Semester 5\\DBAS\\Hot Rides Software\\hotridesapp\\vendor\\laravel\\framework\\src\\Illuminate\\Http\\Response.php(42): Illuminate\\View\\View->render()
#6 C:\\Users\\canam\\Dropbox\\DC\\Semester 5\\DBAS\\Hot Rides Software\\hotridesapp\\vendor\\symfony\\http-foundation\\Response.php(202): Illuminate\\Http\\Response->setContent(Object(Illuminate\\View\\View))
#7 C:\\Users\\canam\\Dropbox\\DC\\Semester 5\\DBAS\\Hot Rides Software\\hotridesapp\\vendor\\laravel\\framework\\src\\Illuminate\\Routing\\Router.php(747): Symfony\\Component\\HttpFoundation\\Response->__construct(Object(Illuminate\\View\\View))
#8 C:\\Users\\canam\\Dropbox\\DC\\Semester 5\\DBAS\\Hot Rides Software\\hotridesapp\\vendor\\laravel\\framework\\src\\Illuminate\\Routing\\Router.php(719): Illuminate\\Routing\\Router::toResponse(Object(Illuminate\\Http\\Request), Object(Illuminate\\View\\View))
#9 C:\\Users\\canam\\Dropbox\\DC\\Semester 5\\DBAS\\Hot Rides Software\\hotridesapp\\vendor\\laravel\\framework\\src\\Illuminate\\Routing\\Router.php(679): Illuminate\\Routing\\Router->prepareResponse(Object(Illuminate\\Http\\Request), Object(Illuminate\\View\\View))
#10 C:\\Users\\canam\\Dropbox\\DC\\Semester 5\\DBAS\\Hot Rides Software\\hotridesapp\\vendor\\laravel\\framework\\src\\Illuminate\\Routing\\Pipeline.php(30): Illuminate\\Routing\\Router->Illuminate\\Routing\\{closure}(Object(Illuminate\\Http\\Request))
#11 C:\\Users\\canam\\Dropbox\\DC\\Semester 5\\DBAS\\Hot Rides Software\\hotridesapp\\vendor\\laravel\\framework\\src\\Illuminate\\Routing\\Middleware\\SubstituteBindings.php(41): Illuminate\\Routing\\Pipeline->Illuminate\\Routing\\{closure}(Object(Illuminate\\Http\\Request))
#12 C:\\Users\\canam\\Dropbox\\DC\\Semester 5\\DBAS\\Hot Rides Software\\hotridesapp\\vendor\\laravel\\framework\\src\\Illuminate\\Pipeline\\Pipeline.php(151): Illuminate\\Routing\\Middleware\\SubstituteBindings->handle(Object(Illuminate\\Http\\Request), Object(Closure))
#13 C:\\Users\\canam\\Dropbox\\DC\\Semester 5\\DBAS\\Hot Rides Software\\hotridesapp\\vendor\\laravel\\framework\\src\\Illuminate\\Routing\\Pipeline.php(53): Illuminate\\Pipeline\\Pipeline->Illuminate\\Pipeline\\{closure}(Object(Illuminate\\Http\\Request))
#14 C:\\Users\\canam\\Dropbox\\DC\\Semester 5\\DBAS\\Hot Rides Software\\hotridesapp\\vendor\\laravel\\framework\\src\\Illuminate\\Foundation\\Http\\Middleware\\VerifyCsrfToken.php(75): Illuminate\\Routing\\Pipeline->Illuminate\\Routing\\{closure}(Object(Illuminate\\Http\\Request))
#15 C:\\Users\\canam\\Dropbox\\DC\\Semester 5\\DBAS\\Hot Rides Software\\hotridesapp\\vendor\\laravel\\framework\\src\\Illuminate\\Pipeline\\Pipeline.php(151): Illuminate\\Foundation\\Http\\Middleware\\VerifyCsrfToken->handle(Object(Illuminate\\Http\\Request), Object(Closure))
#16 C:\\Users\\canam\\Dropbox\\DC\\Semester 5\\DBAS\\Hot Rides Software\\hotridesapp\\vendor\\laravel\\framework\\src\\Illuminate\\Routing\\Pipeline.php(53): Illuminate\\Pipeline\\Pipeline->Illuminate\\Pipeline\\{closure}(Object(Illuminate\\Http\\Request))
#17 C:\\Users\\canam\\Dropbox\\DC\\Semester 5\\DBAS\\Hot Rides Software\\hotridesapp\\vendor\\laravel\\framework\\src\\Illuminate\\View\\Middleware\\ShareErrorsFromSession.php(49): Illuminate\\Routing\\Pipeline->Illuminate\\Routing\\{closure}(Object(Illuminate\\Http\\Request))
#18 C:\\Users\\canam\\Dropbox\\DC\\Semester 5\\DBAS\\Hot Rides Software\\hotridesapp\\vendor\\laravel\\framework\\src\\Illuminate\\Pipeline\\Pipeline.php(151): Illuminate\\View\\Middleware\\ShareErrorsFromSession->handle(Object(Illuminate\\Http\\Request), Object(Closure))
#19 C:\\Users\\canam\\Dropbox\\DC\\Semester 5\\DBAS\\Hot Rides Software\\hotridesapp\\vendor\\laravel\\framework\\src\\Illuminate\\Routing\\Pipeline.php(53): Illuminate\\Pipeline\\Pipeline->Illuminate\\Pipeline\\{closure}(Object(Illuminate\\Http\\Request))
#20 C:\\Users\\canam\\Dropbox\\DC\\Semester 5\\DBAS\\Hot Rides Software\\hotridesapp\\vendor\\laravel\\framework\\src\\Illuminate\\Session\\Middleware\\StartSession.php(63): Illuminate\\Routing\\Pipeline->Illuminate\\Routing\\{closure}(Object(Illuminate\\Http\\Request))
#21 C:\\Users\\canam\\Dropbox\\DC\\Semester 5\\DBAS\\Hot Rides Software\\hotridesapp\\vendor\\laravel\\framework\\src\\Illuminate\\Pipeline\\Pipeline.php(151): Illuminate\\Session\\Middleware\\StartSession->handle(Object(Illuminate\\Http\\Request), Object(Closure))
#22 C:\\Users\\canam\\Dropbox\\DC\\Semester 5\\DBAS\\Hot Rides Software\\hotridesapp\\vendor\\laravel\\framework\\src\\Illuminate\\Routing\\Pipeline.php(53): Illuminate\\Pipeline\\Pipeline->Illuminate\\Pipeline\\{closure}(Object(Illuminate\\Http\\Request))
#23 C:\\Users\\canam\\Dropbox\\DC\\Semester 5\\DBAS\\Hot Rides Software\\hotridesapp\\vendor\\laravel\\framework\\src\\Illuminate\\Cookie\\Middleware\\AddQueuedCookiesToResponse.php(37): Illuminate\\Routing\\Pipeline->Illuminate\\Routing\\{closure}(Object(Illuminate\\Http\\Request))
#24 C:\\Users\\canam\\Dropbox\\DC\\Semester 5\\DBAS\\Hot Rides Software\\hotridesapp\\vendor\\laravel\\framework\\src\\Illuminate\\Pipeline\\Pipeline.php(151): Illuminate\\Cookie\\Middleware\\AddQueuedCookiesToResponse->handle(Object(Illuminate\\Http\\Request), Object(Closure))
#25 C:\\Users\\canam\\Dropbox\\DC\\Semester 5\\DBAS\\Hot Rides Software\\hotridesapp\\vendor\\laravel\\framework\\src\\Illuminate\\Routing\\Pipeline.php(53): Illuminate\\Pipeline\\Pipeline->Illuminate\\Pipeline\\{closure}(Object(Illuminate\\Http\\Request))
#26 C:\\Users\\canam\\Dropbox\\DC\\Semester 5\\DBAS\\Hot Rides Software\\hotridesapp\\vendor\\laravel\\framework\\src\\Illuminate\\Cookie\\Middleware\\EncryptCookies.php(66): Illuminate\\Routing\\Pipeline->Illuminate\\Routing\\{closure}(Object(Illuminate\\Http\\Request))
#27 C:\\Users\\canam\\Dropbox\\DC\\Semester 5\\DBAS\\Hot Rides Software\\hotridesapp\\vendor\\laravel\\framework\\src\\Illuminate\\Pipeline\\Pipeline.php(151): Illuminate\\Cookie\\Middleware\\EncryptCookies->handle(Object(Illuminate\\Http\\Request), Object(Closure))
#28 C:\\Users\\canam\\Dropbox\\DC\\Semester 5\\DBAS\\Hot Rides Software\\hotridesapp\\vendor\\laravel\\framework\\src\\Illuminate\\Routing\\Pipeline.php(53): Illuminate\\Pipeline\\Pipeline->Illuminate\\Pipeline\\{closure}(Object(Illuminate\\Http\\Request))
#29 C:\\Users\\canam\\Dropbox\\DC\\Semester 5\\DBAS\\Hot Rides Software\\hotridesapp\\vendor\\laravel\\framework\\src\\Illuminate\\Pipeline\\Pipeline.php(104): Illuminate\\Routing\\Pipeline->Illuminate\\Routing\\{closure}(Object(Illuminate\\Http\\Request))
#30 C:\\Users\\canam\\Dropbox\\DC\\Semester 5\\DBAS\\Hot Rides Software\\hotridesapp\\vendor\\laravel\\framework\\src\\Illuminate\\Routing\\Router.php(681): Illuminate\\Pipeline\\Pipeline->then(Object(Closure))
#31 C:\\Users\\canam\\Dropbox\\DC\\Semester 5\\DBAS\\Hot Rides Software\\hotridesapp\\vendor\\laravel\\framework\\src\\Illuminate\\Routing\\Router.php(656): Illuminate\\Routing\\Router->runRouteWithinStack(Object(Illuminate\\Routing\\Route), Object(Illuminate\\Http\\Request))
#32 C:\\Users\\canam\\Dropbox\\DC\\Semester 5\\DBAS\\Hot Rides Software\\hotridesapp\\vendor\\laravel\\framework\\src\\Illuminate\\Routing\\Router.php(622): Illuminate\\Routing\\Router->runRoute(Object(Illuminate\\Http\\Request), Object(Illuminate\\Routing\\Route))
#33 C:\\Users\\canam\\Dropbox\\DC\\Semester 5\\DBAS\\Hot Rides Software\\hotridesapp\\vendor\\laravel\\framework\\src\\Illuminate\\Routing\\Router.php(611): Illuminate\\Routing\\Router->dispatchToRoute(Object(Illuminate\\Http\\Request))
#34 C:\\Users\\canam\\Dropbox\\DC\\Semester 5\\DBAS\\Hot Rides Software\\hotridesapp\\vendor\\laravel\\framework\\src\\Illuminate\\Foundation\\Http\\Kernel.php(176): Illuminate\\Routing\\Router->dispatch(Object(Illuminate\\Http\\Request))
#35 C:\\Users\\canam\\Dropbox\\DC\\Semester 5\\DBAS\\Hot Rides Software\\hotridesapp\\vendor\\laravel\\framework\\src\\Illuminate\\Routing\\Pipeline.php(30): Illuminate\\Foundation\\Http\\Kernel->Illuminate\\Foundation\\Http\\{closure}(Object(Illuminate\\Http\\Request))
#36 C:\\Users\\canam\\Dropbox\\DC\\Semester 5\\DBAS\\Hot Rides Software\\hotridesapp\\vendor\\fideloper\\proxy\\src\\TrustProxies.php(57): Illuminate\\Routing\\Pipeline->Illuminate\\Routing\\{closure}(Object(Illuminate\\Http\\Request))
#37 C:\\Users\\canam\\Dropbox\\DC\\Semester 5\\DBAS\\Hot Rides Software\\hotridesapp\\vendor\\laravel\\framework\\src\\Illuminate\\Pipeline\\Pipeline.php(151): Fideloper\\Proxy\\TrustProxies->handle(Object(Illuminate\\Http\\Request), Object(Closure))
#38 C:\\Users\\canam\\Dropbox\\DC\\Semester 5\\DBAS\\Hot Rides Software\\hotridesapp\\vendor\\laravel\\framework\\src\\Illuminate\\Routing\\Pipeline.php(53): Illuminate\\Pipeline\\Pipeline->Illuminate\\Pipeline\\{closure}(Object(Illuminate\\Http\\Request))
#39 C:\\Users\\canam\\Dropbox\\DC\\Semester 5\\DBAS\\Hot Rides Software\\hotridesapp\\vendor\\laravel\\framework\\src\\Illuminate\\Foundation\\Http\\Middleware\\TransformsRequest.php(31): Illuminate\\Routing\\Pipeline->Illuminate\\Routing\\{closure}(Object(Illuminate\\Http\\Request))
#40 C:\\Users\\canam\\Dropbox\\DC\\Semester 5\\DBAS\\Hot Rides Software\\hotridesapp\\vendor\\laravel\\framework\\src\\Illuminate\\Pipeline\\Pipeline.php(151): Illuminate\\Foundation\\Http\\Middleware\\TransformsRequest->handle(Object(Illuminate\\Http\\Request), Object(Closure))
#41 C:\\Users\\canam\\Dropbox\\DC\\Semester 5\\DBAS\\Hot Rides Software\\hotridesapp\\vendor\\laravel\\framework\\src\\Illuminate\\Routing\\Pipeline.php(53): Illuminate\\Pipeline\\Pipeline->Illuminate\\Pipeline\\{closure}(Object(Illuminate\\Http\\Request))
#42 C:\\Users\\canam\\Dropbox\\DC\\Semester 5\\DBAS\\Hot Rides Software\\hotridesapp\\vendor\\laravel\\framework\\src\\Illuminate\\Foundation\\Http\\Middleware\\TransformsRequest.php(31): Illuminate\\Routing\\Pipeline->Illuminate\\Routing\\{closure}(Object(Illuminate\\Http\\Request))
#43 C:\\Users\\canam\\Dropbox\\DC\\Semester 5\\DBAS\\Hot Rides Software\\hotridesapp\\vendor\\laravel\\framework\\src\\Illuminate\\Pipeline\\Pipeline.php(151): Illuminate\\Foundation\\Http\\Middleware\\TransformsRequest->handle(Object(Illuminate\\Http\\Request), Object(Closure))
#44 C:\\Users\\canam\\Dropbox\\DC\\Semester 5\\DBAS\\Hot Rides Software\\hotridesapp\\vendor\\laravel\\framework\\src\\Illuminate\\Routing\\Pipeline.php(53): Illuminate\\Pipeline\\Pipeline->Illuminate\\Pipeline\\{closure}(Object(Illuminate\\Http\\Request))
#45 C:\\Users\\canam\\Dropbox\\DC\\Semester 5\\DBAS\\Hot Rides Software\\hotridesapp\\vendor\\laravel\\framework\\src\\Illuminate\\Foundation\\Http\\Middleware\\ValidatePostSize.php(27): Illuminate\\Routing\\Pipeline->Illuminate\\Routing\\{closure}(Object(Illuminate\\Http\\Request))
#46 C:\\Users\\canam\\Dropbox\\DC\\Semester 5\\DBAS\\Hot Rides Software\\hotridesapp\\vendor\\laravel\\framework\\src\\Illuminate\\Pipeline\\Pipeline.php(151): Illuminate\\Foundation\\Http\\Middleware\\ValidatePostSize->handle(Object(Illuminate\\Http\\Request), Object(Closure))
#47 C:\\Users\\canam\\Dropbox\\DC\\Semester 5\\DBAS\\Hot Rides Software\\hotridesapp\\vendor\\laravel\\framework\\src\\Illuminate\\Routing\\Pipeline.php(53): Illuminate\\Pipeline\\Pipeline->Illuminate\\Pipeline\\{closure}(Object(Illuminate\\Http\\Request))
#48 C:\\Users\\canam\\Dropbox\\DC\\Semester 5\\DBAS\\Hot Rides Software\\hotridesapp\\vendor\\laravel\\framework\\src\\Illuminate\\Foundation\\Http\\Middleware\\CheckForMaintenanceMode.php(62): Illuminate\\Routing\\Pipeline->Illuminate\\Routing\\{closure}(Object(Illuminate\\Http\\Request))
#49 C:\\Users\\canam\\Dropbox\\DC\\Semester 5\\DBAS\\Hot Rides Software\\hotridesapp\\vendor\\laravel\\framework\\src\\Illuminate\\Pipeline\\Pipeline.php(151): Illuminate\\Foundation\\Http\\Middleware\\CheckForMaintenanceMode->handle(Object(Illuminate\\Http\\Request), Object(Closure))
#50 C:\\Users\\canam\\Dropbox\\DC\\Semester 5\\DBAS\\Hot Rides Software\\hotridesapp\\vendor\\laravel\\framework\\src\\Illuminate\\Routing\\Pipeline.php(53): Illuminate\\Pipeline\\Pipeline->Illuminate\\Pipeline\\{closure}(Object(Illuminate\\Http\\Request))
#51 C:\\Users\\canam\\Dropbox\\DC\\Semester 5\\DBAS\\Hot Rides Software\\hotridesapp\\vendor\\laravel\\framework\\src\\Illuminate\\Pipeline\\Pipeline.php(104): Illuminate\\Routing\\Pipeline->Illuminate\\Routing\\{closure}(Object(Illuminate\\Http\\Request))
#52 C:\\Users\\canam\\Dropbox\\DC\\Semester 5\\DBAS\\Hot Rides Software\\hotridesapp\\vendor\\laravel\\framework\\src\\Illuminate\\Foundation\\Http\\Kernel.php(151): Illuminate\\Pipeline\\Pipeline->then(Object(Closure))
#53 C:\\Users\\canam\\Dropbox\\DC\\Semester 5\\DBAS\\Hot Rides Software\\hotridesapp\\vendor\\laravel\\framework\\src\\Illuminate\\Foundation\\Http\\Kernel.php(116): Illuminate\\Foundation\\Http\\Kernel->sendRequestThroughRouter(Object(Illuminate\\Http\\Request))
#54 C:\\Users\\canam\\Dropbox\\DC\\Semester 5\\DBAS\\Hot Rides Software\\hotridesapp\\public\\index.php(55): Illuminate\\Foundation\\Http\\Kernel->handle(Object(Illuminate\\Http\\Request))
#55 C:\\Users\\canam\\Dropbox\\DC\\Semester 5\\DBAS\\Hot Rides Software\\hotridesapp\\server.php(21): require_once('C:\\\\Users\\\\canam\\\\...')
#56 {main}
"} 
[2018-11-25 21:30:33] local.ERROR: syntax error, unexpected 'endforeach' (T_ENDFOREACH), expecting elseif (T_ELSEIF) or else (T_ELSE) or endif (T_ENDIF) (View: C:\Users\canam\Dropbox\DC\Semester 5\DBAS\Hot Rides Software\hotridesapp\resources\views\Sponsors\show.blade.php) {"userId":1,"email":"canamavrick@gmail.com","exception":"[object] (ErrorException(code: 0): syntax error, unexpected 'endforeach' (T_ENDFOREACH), expecting elseif (T_ELSEIF) or else (T_ELSE) or endif (T_ENDIF) (View: C:\\Users\\canam\\Dropbox\\DC\\Semester 5\\DBAS\\Hot Rides Software\\hotridesapp\esources\\views\\Sponsors\\show.blade.php) at C:\\Users\\canam\\Dropbox\\DC\\Semester 5\\DBAS\\Hot Rides Software\\hotridesapp\\storage\\framework\\views\\e2450e4b5683239b65a9fb6152cbe4a6498869b5.php:54, Symfony\\Component\\Debug\\Exception\\FatalThrowableError(code: 0): syntax error, unexpected 'endforeach' (T_ENDFOREACH), expecting elseif (T_ELSEIF) or else (T_ELSE) or endif (T_ENDIF) at C:\\Users\\canam\\Dropbox\\DC\\Semester 5\\DBAS\\Hot Rides Software\\hotridesapp\\storage\\framework\\views\\e2450e4b5683239b65a9fb6152cbe4a6498869b5.php:54)
[stacktrace]
#0 C:\\Users\\canam\\Dropbox\\DC\\Semester 5\\DBAS\\Hot Rides Software\\hotridesapp\\vendor\\laravel\\framework\\src\\Illuminate\\View\\Engines\\PhpEngine.php(47): Illuminate\\View\\Engines\\CompilerEngine->handleViewException(Object(Symfony\\Component\\Debug\\Exception\\FatalThrowableError), 1)
#1 C:\\Users\\canam\\Dropbox\\DC\\Semester 5\\DBAS\\Hot Rides Software\\hotridesapp\\vendor\\laravel\\framework\\src\\Illuminate\\View\\Engines\\CompilerEngine.php(59): Illuminate\\View\\Engines\\PhpEngine->evaluatePath('C:\\\\Users\\\\canam\\\\...', Array)
#2 C:\\Users\\canam\\Dropbox\\DC\\Semester 5\\DBAS\\Hot Rides Software\\hotridesapp\\vendor\\laravel\\framework\\src\\Illuminate\\View\\View.php(142): Illuminate\\View\\Engines\\CompilerEngine->get('C:\\\\Users\\\\canam\\\\...', Array)
#3 C:\\Users\\canam\\Dropbox\\DC\\Semester 5\\DBAS\\Hot Rides Software\\hotridesapp\\vendor\\laravel\\framework\\src\\Illuminate\\View\\View.php(125): Illuminate\\View\\View->getContents()
#4 C:\\Users\\canam\\Dropbox\\DC\\Semester 5\\DBAS\\Hot Rides Software\\hotridesapp\\vendor\\laravel\\framework\\src\\Illuminate\\View\\View.php(90): Illuminate\\View\\View->renderContents()
#5 C:\\Users\\canam\\Dropbox\\DC\\Semester 5\\DBAS\\Hot Rides Software\\hotridesapp\\vendor\\laravel\\framework\\src\\Illuminate\\Http\\Response.php(42): Illuminate\\View\\View->render()
#6 C:\\Users\\canam\\Dropbox\\DC\\Semester 5\\DBAS\\Hot Rides Software\\hotridesapp\\vendor\\symfony\\http-foundation\\Response.php(202): Illuminate\\Http\\Response->setContent(Object(Illuminate\\View\\View))
#7 C:\\Users\\canam\\Dropbox\\DC\\Semester 5\\DBAS\\Hot Rides Software\\hotridesapp\\vendor\\laravel\\framework\\src\\Illuminate\\Routing\\Router.php(747): Symfony\\Component\\HttpFoundation\\Response->__construct(Object(Illuminate\\View\\View))
#8 C:\\Users\\canam\\Dropbox\\DC\\Semester 5\\DBAS\\Hot Rides Software\\hotridesapp\\vendor\\laravel\\framework\\src\\Illuminate\\Routing\\Router.php(719): Illuminate\\Routing\\Router::toResponse(Object(Illuminate\\Http\\Request), Object(Illuminate\\View\\View))
#9 C:\\Users\\canam\\Dropbox\\DC\\Semester 5\\DBAS\\Hot Rides Software\\hotridesapp\\vendor\\laravel\\framework\\src\\Illuminate\\Routing\\Router.php(679): Illuminate\\Routing\\Router->prepareResponse(Object(Illuminate\\Http\\Request), Object(Illuminate\\View\\View))
#10 C:\\Users\\canam\\Dropbox\\DC\\Semester 5\\DBAS\\Hot Rides Software\\hotridesapp\\vendor\\laravel\\framework\\src\\Illuminate\\Routing\\Pipeline.php(30): Illuminate\\Routing\\Router->Illuminate\\Routing\\{closure}(Object(Illuminate\\Http\\Request))
#11 C:\\Users\\canam\\Dropbox\\DC\\Semester 5\\DBAS\\Hot Rides Software\\hotridesapp\\vendor\\laravel\\framework\\src\\Illuminate\\Routing\\Middleware\\SubstituteBindings.php(41): Illuminate\\Routing\\Pipeline->Illuminate\\Routing\\{closure}(Object(Illuminate\\Http\\Request))
#12 C:\\Users\\canam\\Dropbox\\DC\\Semester 5\\DBAS\\Hot Rides Software\\hotridesapp\\vendor\\laravel\\framework\\src\\Illuminate\\Pipeline\\Pipeline.php(151): Illuminate\\Routing\\Middleware\\SubstituteBindings->handle(Object(Illuminate\\Http\\Request), Object(Closure))
#13 C:\\Users\\canam\\Dropbox\\DC\\Semester 5\\DBAS\\Hot Rides Software\\hotridesapp\\vendor\\laravel\\framework\\src\\Illuminate\\Routing\\Pipeline.php(53): Illuminate\\Pipeline\\Pipeline->Illuminate\\Pipeline\\{closure}(Object(Illuminate\\Http\\Request))
#14 C:\\Users\\canam\\Dropbox\\DC\\Semester 5\\DBAS\\Hot Rides Software\\hotridesapp\\vendor\\laravel\\framework\\src\\Illuminate\\Foundation\\Http\\Middleware\\VerifyCsrfToken.php(75): Illuminate\\Routing\\Pipeline->Illuminate\\Routing\\{closure}(Object(Illuminate\\Http\\Request))
#15 C:\\Users\\canam\\Dropbox\\DC\\Semester 5\\DBAS\\Hot Rides Software\\hotridesapp\\vendor\\laravel\\framework\\src\\Illuminate\\Pipeline\\Pipeline.php(151): Illuminate\\Foundation\\Http\\Middleware\\VerifyCsrfToken->handle(Object(Illuminate\\Http\\Request), Object(Closure))
#16 C:\\Users\\canam\\Dropbox\\DC\\Semester 5\\DBAS\\Hot Rides Software\\hotridesapp\\vendor\\laravel\\framework\\src\\Illuminate\\Routing\\Pipeline.php(53): Illuminate\\Pipeline\\Pipeline->Illuminate\\Pipeline\\{closure}(Object(Illuminate\\Http\\Request))
#17 C:\\Users\\canam\\Dropbox\\DC\\Semester 5\\DBAS\\Hot Rides Software\\hotridesapp\\vendor\\laravel\\framework\\src\\Illuminate\\View\\Middleware\\ShareErrorsFromSession.php(49): Illuminate\\Routing\\Pipeline->Illuminate\\Routing\\{closure}(Object(Illuminate\\Http\\Request))
#18 C:\\Users\\canam\\Dropbox\\DC\\Semester 5\\DBAS\\Hot Rides Software\\hotridesapp\\vendor\\laravel\\framework\\src\\Illuminate\\Pipeline\\Pipeline.php(151): Illuminate\\View\\Middleware\\ShareErrorsFromSession->handle(Object(Illuminate\\Http\\Request), Object(Closure))
#19 C:\\Users\\canam\\Dropbox\\DC\\Semester 5\\DBAS\\Hot Rides Software\\hotridesapp\\vendor\\laravel\\framework\\src\\Illuminate\\Routing\\Pipeline.php(53): Illuminate\\Pipeline\\Pipeline->Illuminate\\Pipeline\\{closure}(Object(Illuminate\\Http\\Request))
#20 C:\\Users\\canam\\Dropbox\\DC\\Semester 5\\DBAS\\Hot Rides Software\\hotridesapp\\vendor\\laravel\\framework\\src\\Illuminate\\Session\\Middleware\\StartSession.php(63): Illuminate\\Routing\\Pipeline->Illuminate\\Routing\\{closure}(Object(Illuminate\\Http\\Request))
#21 C:\\Users\\canam\\Dropbox\\DC\\Semester 5\\DBAS\\Hot Rides Software\\hotridesapp\\vendor\\laravel\\framework\\src\\Illuminate\\Pipeline\\Pipeline.php(151): Illuminate\\Session\\Middleware\\StartSession->handle(Object(Illuminate\\Http\\Request), Object(Closure))
#22 C:\\Users\\canam\\Dropbox\\DC\\Semester 5\\DBAS\\Hot Rides Software\\hotridesapp\\vendor\\laravel\\framework\\src\\Illuminate\\Routing\\Pipeline.php(53): Illuminate\\Pipeline\\Pipeline->Illuminate\\Pipeline\\{closure}(Object(Illuminate\\Http\\Request))
#23 C:\\Users\\canam\\Dropbox\\DC\\Semester 5\\DBAS\\Hot Rides Software\\hotridesapp\\vendor\\laravel\\framework\\src\\Illuminate\\Cookie\\Middleware\\AddQueuedCookiesToResponse.php(37): Illuminate\\Routing\\Pipeline->Illuminate\\Routing\\{closure}(Object(Illuminate\\Http\\Request))
#24 C:\\Users\\canam\\Dropbox\\DC\\Semester 5\\DBAS\\Hot Rides Software\\hotridesapp\\vendor\\laravel\\framework\\src\\Illuminate\\Pipeline\\Pipeline.php(151): Illuminate\\Cookie\\Middleware\\AddQueuedCookiesToResponse->handle(Object(Illuminate\\Http\\Request), Object(Closure))
#25 C:\\Users\\canam\\Dropbox\\DC\\Semester 5\\DBAS\\Hot Rides Software\\hotridesapp\\vendor\\laravel\\framework\\src\\Illuminate\\Routing\\Pipeline.php(53): Illuminate\\Pipeline\\Pipeline->Illuminate\\Pipeline\\{closure}(Object(Illuminate\\Http\\Request))
#26 C:\\Users\\canam\\Dropbox\\DC\\Semester 5\\DBAS\\Hot Rides Software\\hotridesapp\\vendor\\laravel\\framework\\src\\Illuminate\\Cookie\\Middleware\\EncryptCookies.php(66): Illuminate\\Routing\\Pipeline->Illuminate\\Routing\\{closure}(Object(Illuminate\\Http\\Request))
#27 C:\\Users\\canam\\Dropbox\\DC\\Semester 5\\DBAS\\Hot Rides Software\\hotridesapp\\vendor\\laravel\\framework\\src\\Illuminate\\Pipeline\\Pipeline.php(151): Illuminate\\Cookie\\Middleware\\EncryptCookies->handle(Object(Illuminate\\Http\\Request), Object(Closure))
#28 C:\\Users\\canam\\Dropbox\\DC\\Semester 5\\DBAS\\Hot Rides Software\\hotridesapp\\vendor\\laravel\\framework\\src\\Illuminate\\Routing\\Pipeline.php(53): Illuminate\\Pipeline\\Pipeline->Illuminate\\Pipeline\\{closure}(Object(Illuminate\\Http\\Request))
#29 C:\\Users\\canam\\Dropbox\\DC\\Semester 5\\DBAS\\Hot Rides Software\\hotridesapp\\vendor\\laravel\\framework\\src\\Illuminate\\Pipeline\\Pipeline.php(104): Illuminate\\Routing\\Pipeline->Illuminate\\Routing\\{closure}(Object(Illuminate\\Http\\Request))
#30 C:\\Users\\canam\\Dropbox\\DC\\Semester 5\\DBAS\\Hot Rides Software\\hotridesapp\\vendor\\laravel\\framework\\src\\Illuminate\\Routing\\Router.php(681): Illuminate\\Pipeline\\Pipeline->then(Object(Closure))
#31 C:\\Users\\canam\\Dropbox\\DC\\Semester 5\\DBAS\\Hot Rides Software\\hotridesapp\\vendor\\laravel\\framework\\src\\Illuminate\\Routing\\Router.php(656): Illuminate\\Routing\\Router->runRouteWithinStack(Object(Illuminate\\Routing\\Route), Object(Illuminate\\Http\\Request))
#32 C:\\Users\\canam\\Dropbox\\DC\\Semester 5\\DBAS\\Hot Rides Software\\hotridesapp\\vendor\\laravel\\framework\\src\\Illuminate\\Routing\\Router.php(622): Illuminate\\Routing\\Router->runRoute(Object(Illuminate\\Http\\Request), Object(Illuminate\\Routing\\Route))
#33 C:\\Users\\canam\\Dropbox\\DC\\Semester 5\\DBAS\\Hot Rides Software\\hotridesapp\\vendor\\laravel\\framework\\src\\Illuminate\\Routing\\Router.php(611): Illuminate\\Routing\\Router->dispatchToRoute(Object(Illuminate\\Http\\Request))
#34 C:\\Users\\canam\\Dropbox\\DC\\Semester 5\\DBAS\\Hot Rides Software\\hotridesapp\\vendor\\laravel\\framework\\src\\Illuminate\\Foundation\\Http\\Kernel.php(176): Illuminate\\Routing\\Router->dispatch(Object(Illuminate\\Http\\Request))
#35 C:\\Users\\canam\\Dropbox\\DC\\Semester 5\\DBAS\\Hot Rides Software\\hotridesapp\\vendor\\laravel\\framework\\src\\Illuminate\\Routing\\Pipeline.php(30): Illuminate\\Foundation\\Http\\Kernel->Illuminate\\Foundation\\Http\\{closure}(Object(Illuminate\\Http\\Request))
#36 C:\\Users\\canam\\Dropbox\\DC\\Semester 5\\DBAS\\Hot Rides Software\\hotridesapp\\vendor\\fideloper\\proxy\\src\\TrustProxies.php(57): Illuminate\\Routing\\Pipeline->Illuminate\\Routing\\{closure}(Object(Illuminate\\Http\\Request))
#37 C:\\Users\\canam\\Dropbox\\DC\\Semester 5\\DBAS\\Hot Rides Software\\hotridesapp\\vendor\\laravel\\framework\\src\\Illuminate\\Pipeline\\Pipeline.php(151): Fideloper\\Proxy\\TrustProxies->handle(Object(Illuminate\\Http\\Request), Object(Closure))
#38 C:\\Users\\canam\\Dropbox\\DC\\Semester 5\\DBAS\\Hot Rides Software\\hotridesapp\\vendor\\laravel\\framework\\src\\Illuminate\\Routing\\Pipeline.php(53): Illuminate\\Pipeline\\Pipeline->Illuminate\\Pipeline\\{closure}(Object(Illuminate\\Http\\Request))
#39 C:\\Users\\canam\\Dropbox\\DC\\Semester 5\\DBAS\\Hot Rides Software\\hotridesapp\\vendor\\laravel\\framework\\src\\Illuminate\\Foundation\\Http\\Middleware\\TransformsRequest.php(31): Illuminate\\Routing\\Pipeline->Illuminate\\Routing\\{closure}(Object(Illuminate\\Http\\Request))
#40 C:\\Users\\canam\\Dropbox\\DC\\Semester 5\\DBAS\\Hot Rides Software\\hotridesapp\\vendor\\laravel\\framework\\src\\Illuminate\\Pipeline\\Pipeline.php(151): Illuminate\\Foundation\\Http\\Middleware\\TransformsRequest->handle(Object(Illuminate\\Http\\Request), Object(Closure))
#41 C:\\Users\\canam\\Dropbox\\DC\\Semester 5\\DBAS\\Hot Rides Software\\hotridesapp\\vendor\\laravel\\framework\\src\\Illuminate\\Routing\\Pipeline.php(53): Illuminate\\Pipeline\\Pipeline->Illuminate\\Pipeline\\{closure}(Object(Illuminate\\Http\\Request))
#42 C:\\Users\\canam\\Dropbox\\DC\\Semester 5\\DBAS\\Hot Rides Software\\hotridesapp\\vendor\\laravel\\framework\\src\\Illuminate\\Foundation\\Http\\Middleware\\TransformsRequest.php(31): Illuminate\\Routing\\Pipeline->Illuminate\\Routing\\{closure}(Object(Illuminate\\Http\\Request))
#43 C:\\Users\\canam\\Dropbox\\DC\\Semester 5\\DBAS\\Hot Rides Software\\hotridesapp\\vendor\\laravel\\framework\\src\\Illuminate\\Pipeline\\Pipeline.php(151): Illuminate\\Foundation\\Http\\Middleware\\TransformsRequest->handle(Object(Illuminate\\Http\\Request), Object(Closure))
#44 C:\\Users\\canam\\Dropbox\\DC\\Semester 5\\DBAS\\Hot Rides Software\\hotridesapp\\vendor\\laravel\\framework\\src\\Illuminate\\Routing\\Pipeline.php(53): Illuminate\\Pipeline\\Pipeline->Illuminate\\Pipeline\\{closure}(Object(Illuminate\\Http\\Request))
#45 C:\\Users\\canam\\Dropbox\\DC\\Semester 5\\DBAS\\Hot Rides Software\\hotridesapp\\vendor\\laravel\\framework\\src\\Illuminate\\Foundation\\Http\\Middleware\\ValidatePostSize.php(27): Illuminate\\Routing\\Pipeline->Illuminate\\Routing\\{closure}(Object(Illuminate\\Http\\Request))
#46 C:\\Users\\canam\\Dropbox\\DC\\Semester 5\\DBAS\\Hot Rides Software\\hotridesapp\\vendor\\laravel\\framework\\src\\Illuminate\\Pipeline\\Pipeline.php(151): Illuminate\\Foundation\\Http\\Middleware\\ValidatePostSize->handle(Object(Illuminate\\Http\\Request), Object(Closure))
#47 C:\\Users\\canam\\Dropbox\\DC\\Semester 5\\DBAS\\Hot Rides Software\\hotridesapp\\vendor\\laravel\\framework\\src\\Illuminate\\Routing\\Pipeline.php(53): Illuminate\\Pipeline\\Pipeline->Illuminate\\Pipeline\\{closure}(Object(Illuminate\\Http\\Request))
#48 C:\\Users\\canam\\Dropbox\\DC\\Semester 5\\DBAS\\Hot Rides Software\\hotridesapp\\vendor\\laravel\\framework\\src\\Illuminate\\Foundation\\Http\\Middleware\\CheckForMaintenanceMode.php(62): Illuminate\\Routing\\Pipeline->Illuminate\\Routing\\{closure}(Object(Illuminate\\Http\\Request))
#49 C:\\Users\\canam\\Dropbox\\DC\\Semester 5\\DBAS\\Hot Rides Software\\hotridesapp\\vendor\\laravel\\framework\\src\\Illuminate\\Pipeline\\Pipeline.php(151): Illuminate\\Foundation\\Http\\Middleware\\CheckForMaintenanceMode->handle(Object(Illuminate\\Http\\Request), Object(Closure))
#50 C:\\Users\\canam\\Dropbox\\DC\\Semester 5\\DBAS\\Hot Rides Software\\hotridesapp\\vendor\\laravel\\framework\\src\\Illuminate\\Routing\\Pipeline.php(53): Illuminate\\Pipeline\\Pipeline->Illuminate\\Pipeline\\{closure}(Object(Illuminate\\Http\\Request))
#51 C:\\Users\\canam\\Dropbox\\DC\\Semester 5\\DBAS\\Hot Rides Software\\hotridesapp\\vendor\\laravel\\framework\\src\\Illuminate\\Pipeline\\Pipeline.php(104): Illuminate\\Routing\\Pipeline->Illuminate\\Routing\\{closure}(Object(Illuminate\\Http\\Request))
#52 C:\\Users\\canam\\Dropbox\\DC\\Semester 5\\DBAS\\Hot Rides Software\\hotridesapp\\vendor\\laravel\\framework\\src\\Illuminate\\Foundation\\Http\\Kernel.php(151): Illuminate\\Pipeline\\Pipeline->then(Object(Closure))
#53 C:\\Users\\canam\\Dropbox\\DC\\Semester 5\\DBAS\\Hot Rides Software\\hotridesapp\\vendor\\laravel\\framework\\src\\Illuminate\\Foundation\\Http\\Kernel.php(116): Illuminate\\Foundation\\Http\\Kernel->sendRequestThroughRouter(Object(Illuminate\\Http\\Request))
#54 C:\\Users\\canam\\Dropbox\\DC\\Semester 5\\DBAS\\Hot Rides Software\\hotridesapp\\public\\index.php(55): Illuminate\\Foundation\\Http\\Kernel->handle(Object(Illuminate\\Http\\Request))
#55 C:\\Users\\canam\\Dropbox\\DC\\Semester 5\\DBAS\\Hot Rides Software\\hotridesapp\\server.php(21): require_once('C:\\\\Users\\\\canam\\\\...')
#56 {main}
"} 
