[2018-12-08 20:33:02] local.ERROR: Class App\Http\Controllers\UsersController does not exist {"exception":"[object] (ReflectionException(code: -1): Class App\\Http\\Controllers\\UsersController does not exist at C:\\Users\\canam\\Dropbox\\DC\\Semester 5\\DBAS\\Hot Rides Software\\hotridesapp\\vendor\\laravel\\framework\\src\\Illuminate\\Container\\Container.php:779)
[stacktrace]
#0 C:\\Users\\canam\\Dropbox\\DC\\Semester 5\\DBAS\\Hot Rides Software\\hotridesapp\\vendor\\laravel\\framework\\src\\Illuminate\\Container\\Container.php(779): ReflectionClass->__construct('App\\\\Http\\\\Contro...')
#1 C:\\Users\\canam\\Dropbox\\DC\\Semester 5\\DBAS\\Hot Rides Software\\hotridesapp\\vendor\\laravel\\framework\\src\\Illuminate\\Container\\Container.php(658): Illuminate\\Container\\Container->build('App\\\\Http\\\\Contro...')
#2 C:\\Users\\canam\\Dropbox\\DC\\Semester 5\\DBAS\\Hot Rides Software\\hotridesapp\\vendor\\laravel\\framework\\src\\Illuminate\\Container\\Container.php(609): Illuminate\\Container\\Container->resolve('App\\\\Http\\\\Contro...', Array)
#3 C:\\Users\\canam\\Dropbox\\DC\\Semester 5\\DBAS\\Hot Rides Software\\hotridesapp\\vendor\\laravel\\framework\\src\\Illuminate\\Foundation\\Application.php(733): Illuminate\\Container\\Container->make('App\\\\Http\\\\Contro...', Array)
#4 C:\\Users\\canam\\Dropbox\\DC\\Semester 5\\DBAS\\Hot Rides Software\\hotridesapp\\vendor\\laravel\\framework\\src\\Illuminate\\Routing\\Route.php(226): Illuminate\\Foundation\\Application->make('App\\\\Http\\\\Contro...')
#5 C:\\Users\\canam\\Dropbox\\DC\\Semester 5\\DBAS\\Hot Rides Software\\hotridesapp\\vendor\\laravel\\framework\\src\\Illuminate\\Routing\\Route.php(796): Illuminate\\Routing\\Route->getController()
#6 C:\\Users\\canam\\Dropbox\\DC\\Semester 5\\DBAS\\Hot Rides Software\\hotridesapp\\vendor\\laravel\\framework\\src\\Illuminate\\Routing\\Route.php(757): Illuminate\\Routing\\Route->controllerMiddleware()
#7 C:\\Users\\canam\\Dropbox\\DC\\Semester 5\\DBAS\\Hot Rides Software\\hotridesapp\\vendor\\laravel\\framework\\src\\Illuminate\\Routing\\Router.php(692): Illuminate\\Routing\\Route->gatherMiddleware()
#8 C:\\Users\\canam\\Dropbox\\DC\\Semester 5\\DBAS\\Hot Rides Software\\hotridesapp\\vendor\\laravel\\framework\\src\\Illuminate\\Routing\\Router.php(672): Illuminate\\Routing\\Router->gatherRouteMiddleware(Object(Illuminate\\Routing\\Route))
#9 C:\\Users\\canam\\Dropbox\\DC\\Semester 5\\DBAS\\Hot Rides Software\\hotridesapp\\vendor\\laravel\\framework\\src\\Illuminate\\Routing\\Router.php(656): Illuminate\\Routing\\Router->runRouteWithinStack(Object(Illuminate\\Routing\\Route), Object(Illuminate\\Http\\Request))
#10 C:\\Users\\canam\\Dropbox\\DC\\Semester 5\\DBAS\\Hot Rides Software\\hotridesapp\\vendor\\laravel\\framework\\src\\Illuminate\\Routing\\Router.php(622): Illuminate\\Routing\\Router->runRoute(Object(Illuminate\\Http\\Request), Object(Illuminate\\Routing\\Route))
#11 C:\\Users\\canam\\Dropbox\\DC\\Semester 5\\DBAS\\Hot Rides Software\\hotridesapp\\vendor\\laravel\\framework\\src\\Illuminate\\Routing\\Router.php(611): Illuminate\\Routing\\Router->dispatchToRoute(Object(Illuminate\\Http\\Request))
#12 C:\\Users\\canam\\Dropbox\\DC\\Semester 5\\DBAS\\Hot Rides Software\\hotridesapp\\vendor\\laravel\\framework\\src\\Illuminate\\Foundation\\Http\\Kernel.php(176): Illuminate\\Routing\\Router->dispatch(Object(Illuminate\\Http\\Request))
#13 C:\\Users\\canam\\Dropbox\\DC\\Semester 5\\DBAS\\Hot Rides Software\\hotridesapp\\vendor\\laravel\\framework\\src\\Illuminate\\Routing\\Pipeline.php(30): Illuminate\\Foundation\\Http\\Kernel->Illuminate\\Foundation\\Http\\{closure}(Object(Illuminate\\Http\\Request))
#14 C:\\Users\\canam\\Dropbox\\DC\\Semester 5\\DBAS\\Hot Rides Software\\hotridesapp\\vendor\\fideloper\\proxy\\src\\TrustProxies.php(57): Illuminate\\Routing\\Pipeline->Illuminate\\Routing\\{closure}(Object(Illuminate\\Http\\Request))
#15 C:\\Users\\canam\\Dropbox\\DC\\Semester 5\\DBAS\\Hot Rides Software\\hotridesapp\\vendor\\laravel\\framework\\src\\Illuminate\\Pipeline\\Pipeline.php(151): Fideloper\\Proxy\\TrustProxies->handle(Object(Illuminate\\Http\\Request), Object(Closure))
#16 C:\\Users\\canam\\Dropbox\\DC\\Semester 5\\DBAS\\Hot Rides Software\\hotridesapp\\vendor\\laravel\\framework\\src\\Illuminate\\Routing\\Pipeline.php(53): Illuminate\\Pipeline\\Pipeline->Illuminate\\Pipeline\\{closure}(Object(Illuminate\\Http\\Request))
#17 C:\\Users\\canam\\Dropbox\\DC\\Semester 5\\DBAS\\Hot Rides Software\\hotridesapp\\vendor\\laravel\\framework\\src\\Illuminate\\Foundation\\Http\\Middleware\\TransformsRequest.php(31): Illuminate\\Routing\\Pipeline->Illuminate\\Routing\\{closure}(Object(Illuminate\\Http\\Request))
#18 C:\\Users\\canam\\Dropbox\\DC\\Semester 5\\DBAS\\Hot Rides Software\\hotridesapp\\vendor\\laravel\\framework\\src\\Illuminate\\Pipeline\\Pipeline.php(151): Illuminate\\Foundation\\Http\\Middleware\\TransformsRequest->handle(Object(Illuminate\\Http\\Request), Object(Closure))
#19 C:\\Users\\canam\\Dropbox\\DC\\Semester 5\\DBAS\\Hot Rides Software\\hotridesapp\\vendor\\laravel\\framework\\src\\Illuminate\\Routing\\Pipeline.php(53): Illuminate\\Pipeline\\Pipeline->Illuminate\\Pipeline\\{closure}(Object(Illuminate\\Http\\Request))
#20 C:\\Users\\canam\\Dropbox\\DC\\Semester 5\\DBAS\\Hot Rides Software\\hotridesapp\\vendor\\laravel\\framework\\src\\Illuminate\\Foundation\\Http\\Middleware\\TransformsRequest.php(31): Illuminate\\Routing\\Pipeline->Illuminate\\Routing\\{closure}(Object(Illuminate\\Http\\Request))
#21 C:\\Users\\canam\\Dropbox\\DC\\Semester 5\\DBAS\\Hot Rides Software\\hotridesapp\\vendor\\laravel\\framework\\src\\Illuminate\\Pipeline\\Pipeline.php(151): Illuminate\\Foundation\\Http\\Middleware\\TransformsRequest->handle(Object(Illuminate\\Http\\Request), Object(Closure))
#22 C:\\Users\\canam\\Dropbox\\DC\\Semester 5\\DBAS\\Hot Rides Software\\hotridesapp\\vendor\\laravel\\framework\\src\\Illuminate\\Routing\\Pipeline.php(53): Illuminate\\Pipeline\\Pipeline->Illuminate\\Pipeline\\{closure}(Object(Illuminate\\Http\\Request))
#23 C:\\Users\\canam\\Dropbox\\DC\\Semester 5\\DBAS\\Hot Rides Software\\hotridesapp\\vendor\\laravel\\framework\\src\\Illuminate\\Foundation\\Http\\Middleware\\ValidatePostSize.php(27): Illuminate\\Routing\\Pipeline->Illuminate\\Routing\\{closure}(Object(Illuminate\\Http\\Request))
#24 C:\\Users\\canam\\Dropbox\\DC\\Semester 5\\DBAS\\Hot Rides Software\\hotridesapp\\vendor\\laravel\\framework\\src\\Illuminate\\Pipeline\\Pipeline.php(151): Illuminate\\Foundation\\Http\\Middleware\\ValidatePostSize->handle(Object(Illuminate\\Http\\Request), Object(Closure))
#25 C:\\Users\\canam\\Dropbox\\DC\\Semester 5\\DBAS\\Hot Rides Software\\hotridesapp\\vendor\\laravel\\framework\\src\\Illuminate\\Routing\\Pipeline.php(53): Illuminate\\Pipeline\\Pipeline->Illuminate\\Pipeline\\{closure}(Object(Illuminate\\Http\\Request))
#26 C:\\Users\\canam\\Dropbox\\DC\\Semester 5\\DBAS\\Hot Rides Software\\hotridesapp\\vendor\\laravel\\framework\\src\\Illuminate\\Foundation\\Http\\Middleware\\CheckForMaintenanceMode.php(62): Illuminate\\Routing\\Pipeline->Illuminate\\Routing\\{closure}(Object(Illuminate\\Http\\Request))
#27 C:\\Users\\canam\\Dropbox\\DC\\Semester 5\\DBAS\\Hot Rides Software\\hotridesapp\\vendor\\laravel\\framework\\src\\Illuminate\\Pipeline\\Pipeline.php(151): Illuminate\\Foundation\\Http\\Middleware\\CheckForMaintenanceMode->handle(Object(Illuminate\\Http\\Request), Object(Closure))
#28 C:\\Users\\canam\\Dropbox\\DC\\Semester 5\\DBAS\\Hot Rides Software\\hotridesapp\\vendor\\laravel\\framework\\src\\Illuminate\\Routing\\Pipeline.php(53): Illuminate\\Pipeline\\Pipeline->Illuminate\\Pipeline\\{closure}(Object(Illuminate\\Http\\Request))
#29 C:\\Users\\canam\\Dropbox\\DC\\Semester 5\\DBAS\\Hot Rides Software\\hotridesapp\\vendor\\laravel\\framework\\src\\Illuminate\\Pipeline\\Pipeline.php(104): Illuminate\\Routing\\Pipeline->Illuminate\\Routing\\{closure}(Object(Illuminate\\Http\\Request))
#30 C:\\Users\\canam\\Dropbox\\DC\\Semester 5\\DBAS\\Hot Rides Software\\hotridesapp\\vendor\\laravel\\framework\\src\\Illuminate\\Foundation\\Http\\Kernel.php(151): Illuminate\\Pipeline\\Pipeline->then(Object(Closure))
#31 C:\\Users\\canam\\Dropbox\\DC\\Semester 5\\DBAS\\Hot Rides Software\\hotridesapp\\vendor\\laravel\\framework\\src\\Illuminate\\Foundation\\Http\\Kernel.php(116): Illuminate\\Foundation\\Http\\Kernel->sendRequestThroughRouter(Object(Illuminate\\Http\\Request))
#32 C:\\Users\\canam\\Dropbox\\DC\\Semester 5\\DBAS\\Hot Rides Software\\hotridesapp\\public\\index.php(55): Illuminate\\Foundation\\Http\\Kernel->handle(Object(Illuminate\\Http\\Request))
#33 C:\\Users\\canam\\Dropbox\\DC\\Semester 5\\DBAS\\Hot Rides Software\\hotridesapp\\server.php(21): require_once('C:\\\\Users\\\\canam\\\\...')
#34 {main}
"} 
[2018-12-08 20:33:40] local.ERROR: Class App\Http\Controllers\UsersController does not exist {"exception":"[object] (ReflectionException(code: -1): Class App\\Http\\Controllers\\UsersController does not exist at C:\\Users\\canam\\Dropbox\\DC\\Semester 5\\DBAS\\Hot Rides Software\\hotridesapp\\vendor\\laravel\\framework\\src\\Illuminate\\Container\\Container.php:779)
[stacktrace]
#0 C:\\Users\\canam\\Dropbox\\DC\\Semester 5\\DBAS\\Hot Rides Software\\hotridesapp\\vendor\\laravel\\framework\\src\\Illuminate\\Container\\Container.php(779): ReflectionClass->__construct('App\\\\Http\\\\Contro...')
#1 C:\\Users\\canam\\Dropbox\\DC\\Semester 5\\DBAS\\Hot Rides Software\\hotridesapp\\vendor\\laravel\\framework\\src\\Illuminate\\Container\\Container.php(658): Illuminate\\Container\\Container->build('App\\\\Http\\\\Contro...')
#2 C:\\Users\\canam\\Dropbox\\DC\\Semester 5\\DBAS\\Hot Rides Software\\hotridesapp\\vendor\\laravel\\framework\\src\\Illuminate\\Container\\Container.php(609): Illuminate\\Container\\Container->resolve('App\\\\Http\\\\Contro...', Array)
#3 C:\\Users\\canam\\Dropbox\\DC\\Semester 5\\DBAS\\Hot Rides Software\\hotridesapp\\vendor\\laravel\\framework\\src\\Illuminate\\Foundation\\Application.php(733): Illuminate\\Container\\Container->make('App\\\\Http\\\\Contro...', Array)
#4 C:\\Users\\canam\\Dropbox\\DC\\Semester 5\\DBAS\\Hot Rides Software\\hotridesapp\\vendor\\laravel\\framework\\src\\Illuminate\\Routing\\Route.php(226): Illuminate\\Foundation\\Application->make('App\\\\Http\\\\Contro...')
#5 C:\\Users\\canam\\Dropbox\\DC\\Semester 5\\DBAS\\Hot Rides Software\\hotridesapp\\vendor\\laravel\\framework\\src\\Illuminate\\Routing\\Route.php(796): Illuminate\\Routing\\Route->getController()
#6 C:\\Users\\canam\\Dropbox\\DC\\Semester 5\\DBAS\\Hot Rides Software\\hotridesapp\\vendor\\laravel\\framework\\src\\Illuminate\\Routing\\Route.php(757): Illuminate\\Routing\\Route->controllerMiddleware()
#7 C:\\Users\\canam\\Dropbox\\DC\\Semester 5\\DBAS\\Hot Rides Software\\hotridesapp\\vendor\\laravel\\framework\\src\\Illuminate\\Routing\\Router.php(692): Illuminate\\Routing\\Route->gatherMiddleware()
#8 C:\\Users\\canam\\Dropbox\\DC\\Semester 5\\DBAS\\Hot Rides Software\\hotridesapp\\vendor\\laravel\\framework\\src\\Illuminate\\Routing\\Router.php(672): Illuminate\\Routing\\Router->gatherRouteMiddleware(Object(Illuminate\\Routing\\Route))
#9 C:\\Users\\canam\\Dropbox\\DC\\Semester 5\\DBAS\\Hot Rides Software\\hotridesapp\\vendor\\laravel\\framework\\src\\Illuminate\\Routing\\Router.php(656): Illuminate\\Routing\\Router->runRouteWithinStack(Object(Illuminate\\Routing\\Route), Object(Illuminate\\Http\\Request))
#10 C:\\Users\\canam\\Dropbox\\DC\\Semester 5\\DBAS\\Hot Rides Software\\hotridesapp\\vendor\\laravel\\framework\\src\\Illuminate\\Routing\\Router.php(622): Illuminate\\Routing\\Router->runRoute(Object(Illuminate\\Http\\Request), Object(Illuminate\\Routing\\Route))
#11 C:\\Users\\canam\\Dropbox\\DC\\Semester 5\\DBAS\\Hot Rides Software\\hotridesapp\\vendor\\laravel\\framework\\src\\Illuminate\\Routing\\Router.php(611): Illuminate\\Routing\\Router->dispatchToRoute(Object(Illuminate\\Http\\Request))
#12 C:\\Users\\canam\\Dropbox\\DC\\Semester 5\\DBAS\\Hot Rides Software\\hotridesapp\\vendor\\laravel\\framework\\src\\Illuminate\\Foundation\\Http\\Kernel.php(176): Illuminate\\Routing\\Router->dispatch(Object(Illuminate\\Http\\Request))
#13 C:\\Users\\canam\\Dropbox\\DC\\Semester 5\\DBAS\\Hot Rides Software\\hotridesapp\\vendor\\laravel\\framework\\src\\Illuminate\\Routing\\Pipeline.php(30): Illuminate\\Foundation\\Http\\Kernel->Illuminate\\Foundation\\Http\\{closure}(Object(Illuminate\\Http\\Request))
#14 C:\\Users\\canam\\Dropbox\\DC\\Semester 5\\DBAS\\Hot Rides Software\\hotridesapp\\vendor\\fideloper\\proxy\\src\\TrustProxies.php(57): Illuminate\\Routing\\Pipeline->Illuminate\\Routing\\{closure}(Object(Illuminate\\Http\\Request))
#15 C:\\Users\\canam\\Dropbox\\DC\\Semester 5\\DBAS\\Hot Rides Software\\hotridesapp\\vendor\\laravel\\framework\\src\\Illuminate\\Pipeline\\Pipeline.php(151): Fideloper\\Proxy\\TrustProxies->handle(Object(Illuminate\\Http\\Request), Object(Closure))
#16 C:\\Users\\canam\\Dropbox\\DC\\Semester 5\\DBAS\\Hot Rides Software\\hotridesapp\\vendor\\laravel\\framework\\src\\Illuminate\\Routing\\Pipeline.php(53): Illuminate\\Pipeline\\Pipeline->Illuminate\\Pipeline\\{closure}(Object(Illuminate\\Http\\Request))
#17 C:\\Users\\canam\\Dropbox\\DC\\Semester 5\\DBAS\\Hot Rides Software\\hotridesapp\\vendor\\laravel\\framework\\src\\Illuminate\\Foundation\\Http\\Middleware\\TransformsRequest.php(31): Illuminate\\Routing\\Pipeline->Illuminate\\Routing\\{closure}(Object(Illuminate\\Http\\Request))
#18 C:\\Users\\canam\\Dropbox\\DC\\Semester 5\\DBAS\\Hot Rides Software\\hotridesapp\\vendor\\laravel\\framework\\src\\Illuminate\\Pipeline\\Pipeline.php(151): Illuminate\\Foundation\\Http\\Middleware\\TransformsRequest->handle(Object(Illuminate\\Http\\Request), Object(Closure))
#19 C:\\Users\\canam\\Dropbox\\DC\\Semester 5\\DBAS\\Hot Rides Software\\hotridesapp\\vendor\\laravel\\framework\\src\\Illuminate\\Routing\\Pipeline.php(53): Illuminate\\Pipeline\\Pipeline->Illuminate\\Pipeline\\{closure}(Object(Illuminate\\Http\\Request))
#20 C:\\Users\\canam\\Dropbox\\DC\\Semester 5\\DBAS\\Hot Rides Software\\hotridesapp\\vendor\\laravel\\framework\\src\\Illuminate\\Foundation\\Http\\Middleware\\TransformsRequest.php(31): Illuminate\\Routing\\Pipeline->Illuminate\\Routing\\{closure}(Object(Illuminate\\Http\\Request))
#21 C:\\Users\\canam\\Dropbox\\DC\\Semester 5\\DBAS\\Hot Rides Software\\hotridesapp\\vendor\\laravel\\framework\\src\\Illuminate\\Pipeline\\Pipeline.php(151): Illuminate\\Foundation\\Http\\Middleware\\TransformsRequest->handle(Object(Illuminate\\Http\\Request), Object(Closure))
#22 C:\\Users\\canam\\Dropbox\\DC\\Semester 5\\DBAS\\Hot Rides Software\\hotridesapp\\vendor\\laravel\\framework\\src\\Illuminate\\Routing\\Pipeline.php(53): Illuminate\\Pipeline\\Pipeline->Illuminate\\Pipeline\\{closure}(Object(Illuminate\\Http\\Request))
#23 C:\\Users\\canam\\Dropbox\\DC\\Semester 5\\DBAS\\Hot Rides Software\\hotridesapp\\vendor\\laravel\\framework\\src\\Illuminate\\Foundation\\Http\\Middleware\\ValidatePostSize.php(27): Illuminate\\Routing\\Pipeline->Illuminate\\Routing\\{closure}(Object(Illuminate\\Http\\Request))
#24 C:\\Users\\canam\\Dropbox\\DC\\Semester 5\\DBAS\\Hot Rides Software\\hotridesapp\\vendor\\laravel\\framework\\src\\Illuminate\\Pipeline\\Pipeline.php(151): Illuminate\\Foundation\\Http\\Middleware\\ValidatePostSize->handle(Object(Illuminate\\Http\\Request), Object(Closure))
#25 C:\\Users\\canam\\Dropbox\\DC\\Semester 5\\DBAS\\Hot Rides Software\\hotridesapp\\vendor\\laravel\\framework\\src\\Illuminate\\Routing\\Pipeline.php(53): Illuminate\\Pipeline\\Pipeline->Illuminate\\Pipeline\\{closure}(Object(Illuminate\\Http\\Request))
#26 C:\\Users\\canam\\Dropbox\\DC\\Semester 5\\DBAS\\Hot Rides Software\\hotridesapp\\vendor\\laravel\\framework\\src\\Illuminate\\Foundation\\Http\\Middleware\\CheckForMaintenanceMode.php(62): Illuminate\\Routing\\Pipeline->Illuminate\\Routing\\{closure}(Object(Illuminate\\Http\\Request))
#27 C:\\Users\\canam\\Dropbox\\DC\\Semester 5\\DBAS\\Hot Rides Software\\hotridesapp\\vendor\\laravel\\framework\\src\\Illuminate\\Pipeline\\Pipeline.php(151): Illuminate\\Foundation\\Http\\Middleware\\CheckForMaintenanceMode->handle(Object(Illuminate\\Http\\Request), Object(Closure))
#28 C:\\Users\\canam\\Dropbox\\DC\\Semester 5\\DBAS\\Hot Rides Software\\hotridesapp\\vendor\\laravel\\framework\\src\\Illuminate\\Routing\\Pipeline.php(53): Illuminate\\Pipeline\\Pipeline->Illuminate\\Pipeline\\{closure}(Object(Illuminate\\Http\\Request))
#29 C:\\Users\\canam\\Dropbox\\DC\\Semester 5\\DBAS\\Hot Rides Software\\hotridesapp\\vendor\\laravel\\framework\\src\\Illuminate\\Pipeline\\Pipeline.php(104): Illuminate\\Routing\\Pipeline->Illuminate\\Routing\\{closure}(Object(Illuminate\\Http\\Request))
#30 C:\\Users\\canam\\Dropbox\\DC\\Semester 5\\DBAS\\Hot Rides Software\\hotridesapp\\vendor\\laravel\\framework\\src\\Illuminate\\Foundation\\Http\\Kernel.php(151): Illuminate\\Pipeline\\Pipeline->then(Object(Closure))
#31 C:\\Users\\canam\\Dropbox\\DC\\Semester 5\\DBAS\\Hot Rides Software\\hotridesapp\\vendor\\laravel\\framework\\src\\Illuminate\\Foundation\\Http\\Kernel.php(116): Illuminate\\Foundation\\Http\\Kernel->sendRequestThroughRouter(Object(Illuminate\\Http\\Request))
#32 C:\\Users\\canam\\Dropbox\\DC\\Semester 5\\DBAS\\Hot Rides Software\\hotridesapp\\public\\index.php(55): Illuminate\\Foundation\\Http\\Kernel->handle(Object(Illuminate\\Http\\Request))
#33 C:\\Users\\canam\\Dropbox\\DC\\Semester 5\\DBAS\\Hot Rides Software\\hotridesapp\\server.php(21): require_once('C:\\\\Users\\\\canam\\\\...')
#34 {main}
"} 
[2018-12-08 21:26:31] local.ERROR: Method App\Http\Controllers\UserController::index does not exist. {"userId":1,"email":"canamavrick@gmail.com","exception":"[object] (BadMethodCallException(code: 0): Method App\\Http\\Controllers\\UserController::index does not exist. at C:\\Users\\canam\\Dropbox\\DC\\Semester 5\\DBAS\\Hot Rides Software\\hotridesapp\\vendor\\laravel\\framework\\src\\Illuminate\\Routing\\Controller.php:68)
[stacktrace]
#0 [internal function]: Illuminate\\Routing\\Controller->__call('index', Array)
#1 C:\\Users\\canam\\Dropbox\\DC\\Semester 5\\DBAS\\Hot Rides Software\\hotridesapp\\vendor\\laravel\\framework\\src\\Illuminate\\Routing\\Controller.php(54): call_user_func_array(Array, Array)
#2 C:\\Users\\canam\\Dropbox\\DC\\Semester 5\\DBAS\\Hot Rides Software\\hotridesapp\\vendor\\laravel\\framework\\src\\Illuminate\\Routing\\ControllerDispatcher.php(45): Illuminate\\Routing\\Controller->callAction('index', Array)
#3 C:\\Users\\canam\\Dropbox\\DC\\Semester 5\\DBAS\\Hot Rides Software\\hotridesapp\\vendor\\laravel\\framework\\src\\Illuminate\\Routing\\Route.php(212): Illuminate\\Routing\\ControllerDispatcher->dispatch(Object(Illuminate\\Routing\\Route), Object(App\\Http\\Controllers\\UserController), 'index')
#4 C:\\Users\\canam\\Dropbox\\DC\\Semester 5\\DBAS\\Hot Rides Software\\hotridesapp\\vendor\\laravel\\framework\\src\\Illuminate\\Routing\\Route.php(169): Illuminate\\Routing\\Route->runController()
#5 C:\\Users\\canam\\Dropbox\\DC\\Semester 5\\DBAS\\Hot Rides Software\\hotridesapp\\vendor\\laravel\\framework\\src\\Illuminate\\Routing\\Router.php(679): Illuminate\\Routing\\Route->run()
#6 C:\\Users\\canam\\Dropbox\\DC\\Semester 5\\DBAS\\Hot Rides Software\\hotridesapp\\vendor\\laravel\\framework\\src\\Illuminate\\Routing\\Pipeline.php(30): Illuminate\\Routing\\Router->Illuminate\\Routing\\{closure}(Object(Illuminate\\Http\\Request))
#7 C:\\Users\\canam\\Dropbox\\DC\\Semester 5\\DBAS\\Hot Rides Software\\hotridesapp\\vendor\\laravel\\framework\\src\\Illuminate\\Routing\\Middleware\\SubstituteBindings.php(41): Illuminate\\Routing\\Pipeline->Illuminate\\Routing\\{closure}(Object(Illuminate\\Http\\Request))
#8 C:\\Users\\canam\\Dropbox\\DC\\Semester 5\\DBAS\\Hot Rides Software\\hotridesapp\\vendor\\laravel\\framework\\src\\Illuminate\\Pipeline\\Pipeline.php(151): Illuminate\\Routing\\Middleware\\SubstituteBindings->handle(Object(Illuminate\\Http\\Request), Object(Closure))
#9 C:\\Users\\canam\\Dropbox\\DC\\Semester 5\\DBAS\\Hot Rides Software\\hotridesapp\\vendor\\laravel\\framework\\src\\Illuminate\\Routing\\Pipeline.php(53): Illuminate\\Pipeline\\Pipeline->Illuminate\\Pipeline\\{closure}(Object(Illuminate\\Http\\Request))
#10 C:\\Users\\canam\\Dropbox\\DC\\Semester 5\\DBAS\\Hot Rides Software\\hotridesapp\\vendor\\laravel\\framework\\src\\Illuminate\\Foundation\\Http\\Middleware\\VerifyCsrfToken.php(75): Illuminate\\Routing\\Pipeline->Illuminate\\Routing\\{closure}(Object(Illuminate\\Http\\Request))
#11 C:\\Users\\canam\\Dropbox\\DC\\Semester 5\\DBAS\\Hot Rides Software\\hotridesapp\\vendor\\laravel\\framework\\src\\Illuminate\\Pipeline\\Pipeline.php(151): Illuminate\\Foundation\\Http\\Middleware\\VerifyCsrfToken->handle(Object(Illuminate\\Http\\Request), Object(Closure))
#12 C:\\Users\\canam\\Dropbox\\DC\\Semester 5\\DBAS\\Hot Rides Software\\hotridesapp\\vendor\\laravel\\framework\\src\\Illuminate\\Routing\\Pipeline.php(53): Illuminate\\Pipeline\\Pipeline->Illuminate\\Pipeline\\{closure}(Object(Illuminate\\Http\\Request))
#13 C:\\Users\\canam\\Dropbox\\DC\\Semester 5\\DBAS\\Hot Rides Software\\hotridesapp\\vendor\\laravel\\framework\\src\\Illuminate\\View\\Middleware\\ShareErrorsFromSession.php(49): Illuminate\\Routing\\Pipeline->Illuminate\\Routing\\{closure}(Object(Illuminate\\Http\\Request))
#14 C:\\Users\\canam\\Dropbox\\DC\\Semester 5\\DBAS\\Hot Rides Software\\hotridesapp\\vendor\\laravel\\framework\\src\\Illuminate\\Pipeline\\Pipeline.php(151): Illuminate\\View\\Middleware\\ShareErrorsFromSession->handle(Object(Illuminate\\Http\\Request), Object(Closure))
#15 C:\\Users\\canam\\Dropbox\\DC\\Semester 5\\DBAS\\Hot Rides Software\\hotridesapp\\vendor\\laravel\\framework\\src\\Illuminate\\Routing\\Pipeline.php(53): Illuminate\\Pipeline\\Pipeline->Illuminate\\Pipeline\\{closure}(Object(Illuminate\\Http\\Request))
#16 C:\\Users\\canam\\Dropbox\\DC\\Semester 5\\DBAS\\Hot Rides Software\\hotridesapp\\vendor\\laravel\\framework\\src\\Illuminate\\Session\\Middleware\\StartSession.php(63): Illuminate\\Routing\\Pipeline->Illuminate\\Routing\\{closure}(Object(Illuminate\\Http\\Request))
#17 C:\\Users\\canam\\Dropbox\\DC\\Semester 5\\DBAS\\Hot Rides Software\\hotridesapp\\vendor\\laravel\\framework\\src\\Illuminate\\Pipeline\\Pipeline.php(151): Illuminate\\Session\\Middleware\\StartSession->handle(Object(Illuminate\\Http\\Request), Object(Closure))
#18 C:\\Users\\canam\\Dropbox\\DC\\Semester 5\\DBAS\\Hot Rides Software\\hotridesapp\\vendor\\laravel\\framework\\src\\Illuminate\\Routing\\Pipeline.php(53): Illuminate\\Pipeline\\Pipeline->Illuminate\\Pipeline\\{closure}(Object(Illuminate\\Http\\Request))
#19 C:\\Users\\canam\\Dropbox\\DC\\Semester 5\\DBAS\\Hot Rides Software\\hotridesapp\\vendor\\laravel\\framework\\src\\Illuminate\\Cookie\\Middleware\\AddQueuedCookiesToResponse.php(37): Illuminate\\Routing\\Pipeline->Illuminate\\Routing\\{closure}(Object(Illuminate\\Http\\Request))
#20 C:\\Users\\canam\\Dropbox\\DC\\Semester 5\\DBAS\\Hot Rides Software\\hotridesapp\\vendor\\laravel\\framework\\src\\Illuminate\\Pipeline\\Pipeline.php(151): Illuminate\\Cookie\\Middleware\\AddQueuedCookiesToResponse->handle(Object(Illuminate\\Http\\Request), Object(Closure))
#21 C:\\Users\\canam\\Dropbox\\DC\\Semester 5\\DBAS\\Hot Rides Software\\hotridesapp\\vendor\\laravel\\framework\\src\\Illuminate\\Routing\\Pipeline.php(53): Illuminate\\Pipeline\\Pipeline->Illuminate\\Pipeline\\{closure}(Object(Illuminate\\Http\\Request))
#22 C:\\Users\\canam\\Dropbox\\DC\\Semester 5\\DBAS\\Hot Rides Software\\hotridesapp\\vendor\\laravel\\framework\\src\\Illuminate\\Cookie\\Middleware\\EncryptCookies.php(66): Illuminate\\Routing\\Pipeline->Illuminate\\Routing\\{closure}(Object(Illuminate\\Http\\Request))
#23 C:\\Users\\canam\\Dropbox\\DC\\Semester 5\\DBAS\\Hot Rides Software\\hotridesapp\\vendor\\laravel\\framework\\src\\Illuminate\\Pipeline\\Pipeline.php(151): Illuminate\\Cookie\\Middleware\\EncryptCookies->handle(Object(Illuminate\\Http\\Request), Object(Closure))
#24 C:\\Users\\canam\\Dropbox\\DC\\Semester 5\\DBAS\\Hot Rides Software\\hotridesapp\\vendor\\laravel\\framework\\src\\Illuminate\\Routing\\Pipeline.php(53): Illuminate\\Pipeline\\Pipeline->Illuminate\\Pipeline\\{closure}(Object(Illuminate\\Http\\Request))
#25 C:\\Users\\canam\\Dropbox\\DC\\Semester 5\\DBAS\\Hot Rides Software\\hotridesapp\\vendor\\laravel\\framework\\src\\Illuminate\\Pipeline\\Pipeline.php(104): Illuminate\\Routing\\Pipeline->Illuminate\\Routing\\{closure}(Object(Illuminate\\Http\\Request))
#26 C:\\Users\\canam\\Dropbox\\DC\\Semester 5\\DBAS\\Hot Rides Software\\hotridesapp\\vendor\\laravel\\framework\\src\\Illuminate\\Routing\\Router.php(681): Illuminate\\Pipeline\\Pipeline->then(Object(Closure))
#27 C:\\Users\\canam\\Dropbox\\DC\\Semester 5\\DBAS\\Hot Rides Software\\hotridesapp\\vendor\\laravel\\framework\\src\\Illuminate\\Routing\\Router.php(656): Illuminate\\Routing\\Router->runRouteWithinStack(Object(Illuminate\\Routing\\Route), Object(Illuminate\\Http\\Request))
#28 C:\\Users\\canam\\Dropbox\\DC\\Semester 5\\DBAS\\Hot Rides Software\\hotridesapp\\vendor\\laravel\\framework\\src\\Illuminate\\Routing\\Router.php(622): Illuminate\\Routing\\Router->runRoute(Object(Illuminate\\Http\\Request), Object(Illuminate\\Routing\\Route))
#29 C:\\Users\\canam\\Dropbox\\DC\\Semester 5\\DBAS\\Hot Rides Software\\hotridesapp\\vendor\\laravel\\framework\\src\\Illuminate\\Routing\\Router.php(611): Illuminate\\Routing\\Router->dispatchToRoute(Object(Illuminate\\Http\\Request))
#30 C:\\Users\\canam\\Dropbox\\DC\\Semester 5\\DBAS\\Hot Rides Software\\hotridesapp\\vendor\\laravel\\framework\\src\\Illuminate\\Foundation\\Http\\Kernel.php(176): Illuminate\\Routing\\Router->dispatch(Object(Illuminate\\Http\\Request))
#31 C:\\Users\\canam\\Dropbox\\DC\\Semester 5\\DBAS\\Hot Rides Software\\hotridesapp\\vendor\\laravel\\framework\\src\\Illuminate\\Routing\\Pipeline.php(30): Illuminate\\Foundation\\Http\\Kernel->Illuminate\\Foundation\\Http\\{closure}(Object(Illuminate\\Http\\Request))
#32 C:\\Users\\canam\\Dropbox\\DC\\Semester 5\\DBAS\\Hot Rides Software\\hotridesapp\\vendor\\fideloper\\proxy\\src\\TrustProxies.php(57): Illuminate\\Routing\\Pipeline->Illuminate\\Routing\\{closure}(Object(Illuminate\\Http\\Request))
#33 C:\\Users\\canam\\Dropbox\\DC\\Semester 5\\DBAS\\Hot Rides Software\\hotridesapp\\vendor\\laravel\\framework\\src\\Illuminate\\Pipeline\\Pipeline.php(151): Fideloper\\Proxy\\TrustProxies->handle(Object(Illuminate\\Http\\Request), Object(Closure))
#34 C:\\Users\\canam\\Dropbox\\DC\\Semester 5\\DBAS\\Hot Rides Software\\hotridesapp\\vendor\\laravel\\framework\\src\\Illuminate\\Routing\\Pipeline.php(53): Illuminate\\Pipeline\\Pipeline->Illuminate\\Pipeline\\{closure}(Object(Illuminate\\Http\\Request))
#35 C:\\Users\\canam\\Dropbox\\DC\\Semester 5\\DBAS\\Hot Rides Software\\hotridesapp\\vendor\\laravel\\framework\\src\\Illuminate\\Foundation\\Http\\Middleware\\TransformsRequest.php(31): Illuminate\\Routing\\Pipeline->Illuminate\\Routing\\{closure}(Object(Illuminate\\Http\\Request))
#36 C:\\Users\\canam\\Dropbox\\DC\\Semester 5\\DBAS\\Hot Rides Software\\hotridesapp\\vendor\\laravel\\framework\\src\\Illuminate\\Pipeline\\Pipeline.php(151): Illuminate\\Foundation\\Http\\Middleware\\TransformsRequest->handle(Object(Illuminate\\Http\\Request), Object(Closure))
#37 C:\\Users\\canam\\Dropbox\\DC\\Semester 5\\DBAS\\Hot Rides Software\\hotridesapp\\vendor\\laravel\\framework\\src\\Illuminate\\Routing\\Pipeline.php(53): Illuminate\\Pipeline\\Pipeline->Illuminate\\Pipeline\\{closure}(Object(Illuminate\\Http\\Request))
#38 C:\\Users\\canam\\Dropbox\\DC\\Semester 5\\DBAS\\Hot Rides Software\\hotridesapp\\vendor\\laravel\\framework\\src\\Illuminate\\Foundation\\Http\\Middleware\\TransformsRequest.php(31): Illuminate\\Routing\\Pipeline->Illuminate\\Routing\\{closure}(Object(Illuminate\\Http\\Request))
#39 C:\\Users\\canam\\Dropbox\\DC\\Semester 5\\DBAS\\Hot Rides Software\\hotridesapp\\vendor\\laravel\\framework\\src\\Illuminate\\Pipeline\\Pipeline.php(151): Illuminate\\Foundation\\Http\\Middleware\\TransformsRequest->handle(Object(Illuminate\\Http\\Request), Object(Closure))
#40 C:\\Users\\canam\\Dropbox\\DC\\Semester 5\\DBAS\\Hot Rides Software\\hotridesapp\\vendor\\laravel\\framework\\src\\Illuminate\\Routing\\Pipeline.php(53): Illuminate\\Pipeline\\Pipeline->Illuminate\\Pipeline\\{closure}(Object(Illuminate\\Http\\Request))
#41 C:\\Users\\canam\\Dropbox\\DC\\Semester 5\\DBAS\\Hot Rides Software\\hotridesapp\\vendor\\laravel\\framework\\src\\Illuminate\\Foundation\\Http\\Middleware\\ValidatePostSize.php(27): Illuminate\\Routing\\Pipeline->Illuminate\\Routing\\{closure}(Object(Illuminate\\Http\\Request))
#42 C:\\Users\\canam\\Dropbox\\DC\\Semester 5\\DBAS\\Hot Rides Software\\hotridesapp\\vendor\\laravel\\framework\\src\\Illuminate\\Pipeline\\Pipeline.php(151): Illuminate\\Foundation\\Http\\Middleware\\ValidatePostSize->handle(Object(Illuminate\\Http\\Request), Object(Closure))
#43 C:\\Users\\canam\\Dropbox\\DC\\Semester 5\\DBAS\\Hot Rides Software\\hotridesapp\\vendor\\laravel\\framework\\src\\Illuminate\\Routing\\Pipeline.php(53): Illuminate\\Pipeline\\Pipeline->Illuminate\\Pipeline\\{closure}(Object(Illuminate\\Http\\Request))
#44 C:\\Users\\canam\\Dropbox\\DC\\Semester 5\\DBAS\\Hot Rides Software\\hotridesapp\\vendor\\laravel\\framework\\src\\Illuminate\\Foundation\\Http\\Middleware\\CheckForMaintenanceMode.php(62): Illuminate\\Routing\\Pipeline->Illuminate\\Routing\\{closure}(Object(Illuminate\\Http\\Request))
#45 C:\\Users\\canam\\Dropbox\\DC\\Semester 5\\DBAS\\Hot Rides Software\\hotridesapp\\vendor\\laravel\\framework\\src\\Illuminate\\Pipeline\\Pipeline.php(151): Illuminate\\Foundation\\Http\\Middleware\\CheckForMaintenanceMode->handle(Object(Illuminate\\Http\\Request), Object(Closure))
#46 C:\\Users\\canam\\Dropbox\\DC\\Semester 5\\DBAS\\Hot Rides Software\\hotridesapp\\vendor\\laravel\\framework\\src\\Illuminate\\Routing\\Pipeline.php(53): Illuminate\\Pipeline\\Pipeline->Illuminate\\Pipeline\\{closure}(Object(Illuminate\\Http\\Request))
#47 C:\\Users\\canam\\Dropbox\\DC\\Semester 5\\DBAS\\Hot Rides Software\\hotridesapp\\vendor\\laravel\\framework\\src\\Illuminate\\Pipeline\\Pipeline.php(104): Illuminate\\Routing\\Pipeline->Illuminate\\Routing\\{closure}(Object(Illuminate\\Http\\Request))
#48 C:\\Users\\canam\\Dropbox\\DC\\Semester 5\\DBAS\\Hot Rides Software\\hotridesapp\\vendor\\laravel\\framework\\src\\Illuminate\\Foundation\\Http\\Kernel.php(151): Illuminate\\Pipeline\\Pipeline->then(Object(Closure))
#49 C:\\Users\\canam\\Dropbox\\DC\\Semester 5\\DBAS\\Hot Rides Software\\hotridesapp\\vendor\\laravel\\framework\\src\\Illuminate\\Foundation\\Http\\Kernel.php(116): Illuminate\\Foundation\\Http\\Kernel->sendRequestThroughRouter(Object(Illuminate\\Http\\Request))
#50 C:\\Users\\canam\\Dropbox\\DC\\Semester 5\\DBAS\\Hot Rides Software\\hotridesapp\\public\\index.php(55): Illuminate\\Foundation\\Http\\Kernel->handle(Object(Illuminate\\Http\\Request))
#51 C:\\Users\\canam\\Dropbox\\DC\\Semester 5\\DBAS\\Hot Rides Software\\hotridesapp\\server.php(21): require_once('C:\\\\Users\\\\canam\\\\...')
#52 {main}
"} 
[2018-12-08 21:30:07] local.ERROR: Invalid route action: [App\Http\Controllers\FinancialController]. {"exception":"[object] (UnexpectedValueException(code: 0): Invalid route action: [App\\Http\\Controllers\\FinancialController]. at C:\\Users\\canam\\Dropbox\\DC\\Semester 5\\DBAS\\Hot Rides Software\\hotridesapp\\vendor\\laravel\\framework\\src\\Illuminate\\Routing\\RouteAction.php:89)
[stacktrace]
#0 C:\\Users\\canam\\Dropbox\\DC\\Semester 5\\DBAS\\Hot Rides Software\\hotridesapp\\vendor\\laravel\\framework\\src\\Illuminate\\Routing\\RouteAction.php(46): Illuminate\\Routing\\RouteAction::makeInvokable('App\\\\Http\\\\Contro...')
#1 C:\\Users\\canam\\Dropbox\\DC\\Semester 5\\DBAS\\Hot Rides Software\\hotridesapp\\vendor\\laravel\\framework\\src\\Illuminate\\Routing\\Route.php(155): Illuminate\\Routing\\RouteAction::parse('financial', Array)
#2 C:\\Users\\canam\\Dropbox\\DC\\Semester 5\\DBAS\\Hot Rides Software\\hotridesapp\\vendor\\laravel\\framework\\src\\Illuminate\\Routing\\Route.php(134): Illuminate\\Routing\\Route->parseAction(Array)
#3 C:\\Users\\canam\\Dropbox\\DC\\Semester 5\\DBAS\\Hot Rides Software\\hotridesapp\\vendor\\laravel\\framework\\src\\Illuminate\\Routing\\Router.php(546): Illuminate\\Routing\\Route->__construct(Array, 'financial', Array)
#4 C:\\Users\\canam\\Dropbox\\DC\\Semester 5\\DBAS\\Hot Rides Software\\hotridesapp\\vendor\\laravel\\framework\\src\\Illuminate\\Routing\\Router.php(465): Illuminate\\Routing\\Router->newRoute(Array, 'financial', Array)
#5 C:\\Users\\canam\\Dropbox\\DC\\Semester 5\\DBAS\\Hot Rides Software\\hotridesapp\\vendor\\laravel\\framework\\src\\Illuminate\\Routing\\Router.php(444): Illuminate\\Routing\\Router->createRoute(Array, '/financial', Array)
#6 C:\\Users\\canam\\Dropbox\\DC\\Semester 5\\DBAS\\Hot Rides Software\\hotridesapp\\vendor\\laravel\\framework\\src\\Illuminate\\Routing\\Router.php(141): Illuminate\\Routing\\Router->addRoute(Array, '/financial', 'FinancialContro...')
#7 C:\\Users\\canam\\Dropbox\\DC\\Semester 5\\DBAS\\Hot Rides Software\\hotridesapp\\vendor\\laravel\\framework\\src\\Illuminate\\Support\\Facades\\Facade.php(223): Illuminate\\Routing\\Router->get('/financial', 'FinancialContro...')
#8 C:\\Users\\canam\\Dropbox\\DC\\Semester 5\\DBAS\\Hot Rides Software\\hotridesapp\outes\\web.php(93): Illuminate\\Support\\Facades\\Facade::__callStatic('get', Array)
#9 C:\\Users\\canam\\Dropbox\\DC\\Semester 5\\DBAS\\Hot Rides Software\\hotridesapp\\vendor\\laravel\\framework\\src\\Illuminate\\Routing\\Router.php(414): require('C:\\\\Users\\\\canam\\\\...')
#10 C:\\Users\\canam\\Dropbox\\DC\\Semester 5\\DBAS\\Hot Rides Software\\hotridesapp\\vendor\\laravel\\framework\\src\\Illuminate\\Routing\\Router.php(370): Illuminate\\Routing\\Router->loadRoutes('C:\\\\Users\\\\canam\\\\...')
#11 C:\\Users\\canam\\Dropbox\\DC\\Semester 5\\DBAS\\Hot Rides Software\\hotridesapp\\vendor\\laravel\\framework\\src\\Illuminate\\Routing\\RouteRegistrar.php(121): Illuminate\\Routing\\Router->group(Array, 'C:\\\\Users\\\\canam\\\\...')
#12 C:\\Users\\canam\\Dropbox\\DC\\Semester 5\\DBAS\\Hot Rides Software\\hotridesapp\\app\\Providers\\RouteServiceProvider.php(56): Illuminate\\Routing\\RouteRegistrar->group('C:\\\\Users\\\\canam\\\\...')
#13 C:\\Users\\canam\\Dropbox\\DC\\Semester 5\\DBAS\\Hot Rides Software\\hotridesapp\\app\\Providers\\RouteServiceProvider.php(40): App\\Providers\\RouteServiceProvider->mapWebRoutes()
#14 [internal function]: App\\Providers\\RouteServiceProvider->map()
#15 C:\\Users\\canam\\Dropbox\\DC\\Semester 5\\DBAS\\Hot Rides Software\\hotridesapp\\vendor\\laravel\\framework\\src\\Illuminate\\Container\\BoundMethod.php(29): call_user_func_array(Array, Array)
#16 C:\\Users\\canam\\Dropbox\\DC\\Semester 5\\DBAS\\Hot Rides Software\\hotridesapp\\vendor\\laravel\\framework\\src\\Illuminate\\Container\\BoundMethod.php(87): Illuminate\\Container\\BoundMethod::Illuminate\\Container\\{closure}()
#17 C:\\Users\\canam\\Dropbox\\DC\\Semester 5\\DBAS\\Hot Rides Software\\hotridesapp\\vendor\\laravel\\framework\\src\\Illuminate\\Container\\BoundMethod.php(31): Illuminate\\Container\\BoundMethod::callBoundMethod(Object(Illuminate\\Foundation\\Application), Array, Object(Closure))
#18 C:\\Users\\canam\\Dropbox\\DC\\Semester 5\\DBAS\\Hot Rides Software\\hotridesapp\\vendor\\laravel\\framework\\src\\Illuminate\\Container\\Container.php(572): Illuminate\\Container\\BoundMethod::call(Object(Illuminate\\Foundation\\Application), Array, Array, NULL)
#19 C:\\Users\\canam\\Dropbox\\DC\\Semester 5\\DBAS\\Hot Rides Software\\hotridesapp\\vendor\\laravel\\framework\\src\\Illuminate\\Foundation\\Support\\Providers\\RouteServiceProvider.php(77): Illuminate\\Container\\Container->call(Array)
#20 C:\\Users\\canam\\Dropbox\\DC\\Semester 5\\DBAS\\Hot Rides Software\\hotridesapp\\vendor\\laravel\\framework\\src\\Illuminate\\Foundation\\Support\\Providers\\RouteServiceProvider.php(36): Illuminate\\Foundation\\Support\\Providers\\RouteServiceProvider->loadRoutes()
#21 C:\\Users\\canam\\Dropbox\\DC\\Semester 5\\DBAS\\Hot Rides Software\\hotridesapp\\app\\Providers\\RouteServiceProvider.php(28): Illuminate\\Foundation\\Support\\Providers\\RouteServiceProvider->boot()
#22 [internal function]: App\\Providers\\RouteServiceProvider->boot()
#23 C:\\Users\\canam\\Dropbox\\DC\\Semester 5\\DBAS\\Hot Rides Software\\hotridesapp\\vendor\\laravel\\framework\\src\\Illuminate\\Container\\BoundMethod.php(29): call_user_func_array(Array, Array)
#24 C:\\Users\\canam\\Dropbox\\DC\\Semester 5\\DBAS\\Hot Rides Software\\hotridesapp\\vendor\\laravel\\framework\\src\\Illuminate\\Container\\BoundMethod.php(87): Illuminate\\Container\\BoundMethod::Illuminate\\Container\\{closure}()
#25 C:\\Users\\canam\\Dropbox\\DC\\Semester 5\\DBAS\\Hot Rides Software\\hotridesapp\\vendor\\laravel\\framework\\src\\Illuminate\\Container\\BoundMethod.php(31): Illuminate\\Container\\BoundMethod::callBoundMethod(Object(Illuminate\\Foundation\\Application), Array, Object(Closure))
#26 C:\\Users\\canam\\Dropbox\\DC\\Semester 5\\DBAS\\Hot Rides Software\\hotridesapp\\vendor\\laravel\\framework\\src\\Illuminate\\Container\\Container.php(572): Illuminate\\Container\\BoundMethod::call(Object(Illuminate\\Foundation\\Application), Array, Array, NULL)
#27 C:\\Users\\canam\\Dropbox\\DC\\Semester 5\\DBAS\\Hot Rides Software\\hotridesapp\\vendor\\laravel\\framework\\src\\Illuminate\\Foundation\\Application.php(793): Illuminate\\Container\\Container->call(Array)
#28 C:\\Users\\canam\\Dropbox\\DC\\Semester 5\\DBAS\\Hot Rides Software\\hotridesapp\\vendor\\laravel\\framework\\src\\Illuminate\\Foundation\\Application.php(776): Illuminate\\Foundation\\Application->bootProvider(Object(App\\Providers\\RouteServiceProvider))
#29 [internal function]: Illuminate\\Foundation\\Application->Illuminate\\Foundation\\{closure}(Object(App\\Providers\\RouteServiceProvider), 20)
#30 C:\\Users\\canam\\Dropbox\\DC\\Semester 5\\DBAS\\Hot Rides Software\\hotridesapp\\vendor\\laravel\\framework\\src\\Illuminate\\Foundation\\Application.php(777): array_walk(Array, Object(Closure))
#31 C:\\Users\\canam\\Dropbox\\DC\\Semester 5\\DBAS\\Hot Rides Software\\hotridesapp\\vendor\\laravel\\framework\\src\\Illuminate\\Foundation\\Bootstrap\\BootProviders.php(17): Illuminate\\Foundation\\Application->boot()
#32 C:\\Users\\canam\\Dropbox\\DC\\Semester 5\\DBAS\\Hot Rides Software\\hotridesapp\\vendor\\laravel\\framework\\src\\Illuminate\\Foundation\\Application.php(206): Illuminate\\Foundation\\Bootstrap\\BootProviders->bootstrap(Object(Illuminate\\Foundation\\Application))
#33 C:\\Users\\canam\\Dropbox\\DC\\Semester 5\\DBAS\\Hot Rides Software\\hotridesapp\\vendor\\laravel\\framework\\src\\Illuminate\\Foundation\\Http\\Kernel.php(162): Illuminate\\Foundation\\Application->bootstrapWith(Array)
#34 C:\\Users\\canam\\Dropbox\\DC\\Semester 5\\DBAS\\Hot Rides Software\\hotridesapp\\vendor\\laravel\\framework\\src\\Illuminate\\Foundation\\Http\\Kernel.php(146): Illuminate\\Foundation\\Http\\Kernel->bootstrap()
#35 C:\\Users\\canam\\Dropbox\\DC\\Semester 5\\DBAS\\Hot Rides Software\\hotridesapp\\vendor\\laravel\\framework\\src\\Illuminate\\Foundation\\Http\\Kernel.php(116): Illuminate\\Foundation\\Http\\Kernel->sendRequestThroughRouter(Object(Illuminate\\Http\\Request))
#36 C:\\Users\\canam\\Dropbox\\DC\\Semester 5\\DBAS\\Hot Rides Software\\hotridesapp\\public\\index.php(55): Illuminate\\Foundation\\Http\\Kernel->handle(Object(Illuminate\\Http\\Request))
#37 C:\\Users\\canam\\Dropbox\\DC\\Semester 5\\DBAS\\Hot Rides Software\\hotridesapp\\server.php(21): require_once('C:\\\\Users\\\\canam\\\\...')
#38 {main}
"} 
[2018-12-08 21:30:23] local.ERROR: Route for [financial] has no action. {"userId":1,"email":"canamavrick@gmail.com","exception":"[object] (LogicException(code: 0): Route for [financial] has no action. at C:\\Users\\canam\\Dropbox\\DC\\Semester 5\\DBAS\\Hot Rides Software\\hotridesapp\\vendor\\laravel\\framework\\src\\Illuminate\\Routing\\RouteAction.php:61)
[stacktrace]
#0 C:\\Users\\canam\\Dropbox\\DC\\Semester 5\\DBAS\\Hot Rides Software\\hotridesapp\\vendor\\laravel\\framework\\src\\Illuminate\\Routing\\Route.php(198): Illuminate\\Routing\\RouteAction::Illuminate\\Routing\\{closure}()
#1 C:\\Users\\canam\\Dropbox\\DC\\Semester 5\\DBAS\\Hot Rides Software\\hotridesapp\\vendor\\laravel\\framework\\src\\Illuminate\\Routing\\Route.php(172): Illuminate\\Routing\\Route->runCallable()
#2 C:\\Users\\canam\\Dropbox\\DC\\Semester 5\\DBAS\\Hot Rides Software\\hotridesapp\\vendor\\laravel\\framework\\src\\Illuminate\\Routing\\Router.php(679): Illuminate\\Routing\\Route->run()
#3 C:\\Users\\canam\\Dropbox\\DC\\Semester 5\\DBAS\\Hot Rides Software\\hotridesapp\\vendor\\laravel\\framework\\src\\Illuminate\\Routing\\Pipeline.php(30): Illuminate\\Routing\\Router->Illuminate\\Routing\\{closure}(Object(Illuminate\\Http\\Request))
#4 C:\\Users\\canam\\Dropbox\\DC\\Semester 5\\DBAS\\Hot Rides Software\\hotridesapp\\vendor\\laravel\\framework\\src\\Illuminate\\Routing\\Middleware\\SubstituteBindings.php(41): Illuminate\\Routing\\Pipeline->Illuminate\\Routing\\{closure}(Object(Illuminate\\Http\\Request))
#5 C:\\Users\\canam\\Dropbox\\DC\\Semester 5\\DBAS\\Hot Rides Software\\hotridesapp\\vendor\\laravel\\framework\\src\\Illuminate\\Pipeline\\Pipeline.php(151): Illuminate\\Routing\\Middleware\\SubstituteBindings->handle(Object(Illuminate\\Http\\Request), Object(Closure))
#6 C:\\Users\\canam\\Dropbox\\DC\\Semester 5\\DBAS\\Hot Rides Software\\hotridesapp\\vendor\\laravel\\framework\\src\\Illuminate\\Routing\\Pipeline.php(53): Illuminate\\Pipeline\\Pipeline->Illuminate\\Pipeline\\{closure}(Object(Illuminate\\Http\\Request))
#7 C:\\Users\\canam\\Dropbox\\DC\\Semester 5\\DBAS\\Hot Rides Software\\hotridesapp\\vendor\\laravel\\framework\\src\\Illuminate\\Foundation\\Http\\Middleware\\VerifyCsrfToken.php(75): Illuminate\\Routing\\Pipeline->Illuminate\\Routing\\{closure}(Object(Illuminate\\Http\\Request))
#8 C:\\Users\\canam\\Dropbox\\DC\\Semester 5\\DBAS\\Hot Rides Software\\hotridesapp\\vendor\\laravel\\framework\\src\\Illuminate\\Pipeline\\Pipeline.php(151): Illuminate\\Foundation\\Http\\Middleware\\VerifyCsrfToken->handle(Object(Illuminate\\Http\\Request), Object(Closure))
#9 C:\\Users\\canam\\Dropbox\\DC\\Semester 5\\DBAS\\Hot Rides Software\\hotridesapp\\vendor\\laravel\\framework\\src\\Illuminate\\Routing\\Pipeline.php(53): Illuminate\\Pipeline\\Pipeline->Illuminate\\Pipeline\\{closure}(Object(Illuminate\\Http\\Request))
#10 C:\\Users\\canam\\Dropbox\\DC\\Semester 5\\DBAS\\Hot Rides Software\\hotridesapp\\vendor\\laravel\\framework\\src\\Illuminate\\View\\Middleware\\ShareErrorsFromSession.php(49): Illuminate\\Routing\\Pipeline->Illuminate\\Routing\\{closure}(Object(Illuminate\\Http\\Request))
#11 C:\\Users\\canam\\Dropbox\\DC\\Semester 5\\DBAS\\Hot Rides Software\\hotridesapp\\vendor\\laravel\\framework\\src\\Illuminate\\Pipeline\\Pipeline.php(151): Illuminate\\View\\Middleware\\ShareErrorsFromSession->handle(Object(Illuminate\\Http\\Request), Object(Closure))
#12 C:\\Users\\canam\\Dropbox\\DC\\Semester 5\\DBAS\\Hot Rides Software\\hotridesapp\\vendor\\laravel\\framework\\src\\Illuminate\\Routing\\Pipeline.php(53): Illuminate\\Pipeline\\Pipeline->Illuminate\\Pipeline\\{closure}(Object(Illuminate\\Http\\Request))
#13 C:\\Users\\canam\\Dropbox\\DC\\Semester 5\\DBAS\\Hot Rides Software\\hotridesapp\\vendor\\laravel\\framework\\src\\Illuminate\\Session\\Middleware\\StartSession.php(63): Illuminate\\Routing\\Pipeline->Illuminate\\Routing\\{closure}(Object(Illuminate\\Http\\Request))
#14 C:\\Users\\canam\\Dropbox\\DC\\Semester 5\\DBAS\\Hot Rides Software\\hotridesapp\\vendor\\laravel\\framework\\src\\Illuminate\\Pipeline\\Pipeline.php(151): Illuminate\\Session\\Middleware\\StartSession->handle(Object(Illuminate\\Http\\Request), Object(Closure))
#15 C:\\Users\\canam\\Dropbox\\DC\\Semester 5\\DBAS\\Hot Rides Software\\hotridesapp\\vendor\\laravel\\framework\\src\\Illuminate\\Routing\\Pipeline.php(53): Illuminate\\Pipeline\\Pipeline->Illuminate\\Pipeline\\{closure}(Object(Illuminate\\Http\\Request))
#16 C:\\Users\\canam\\Dropbox\\DC\\Semester 5\\DBAS\\Hot Rides Software\\hotridesapp\\vendor\\laravel\\framework\\src\\Illuminate\\Cookie\\Middleware\\AddQueuedCookiesToResponse.php(37): Illuminate\\Routing\\Pipeline->Illuminate\\Routing\\{closure}(Object(Illuminate\\Http\\Request))
#17 C:\\Users\\canam\\Dropbox\\DC\\Semester 5\\DBAS\\Hot Rides Software\\hotridesapp\\vendor\\laravel\\framework\\src\\Illuminate\\Pipeline\\Pipeline.php(151): Illuminate\\Cookie\\Middleware\\AddQueuedCookiesToResponse->handle(Object(Illuminate\\Http\\Request), Object(Closure))
#18 C:\\Users\\canam\\Dropbox\\DC\\Semester 5\\DBAS\\Hot Rides Software\\hotridesapp\\vendor\\laravel\\framework\\src\\Illuminate\\Routing\\Pipeline.php(53): Illuminate\\Pipeline\\Pipeline->Illuminate\\Pipeline\\{closure}(Object(Illuminate\\Http\\Request))
#19 C:\\Users\\canam\\Dropbox\\DC\\Semester 5\\DBAS\\Hot Rides Software\\hotridesapp\\vendor\\laravel\\framework\\src\\Illuminate\\Cookie\\Middleware\\EncryptCookies.php(66): Illuminate\\Routing\\Pipeline->Illuminate\\Routing\\{closure}(Object(Illuminate\\Http\\Request))
#20 C:\\Users\\canam\\Dropbox\\DC\\Semester 5\\DBAS\\Hot Rides Software\\hotridesapp\\vendor\\laravel\\framework\\src\\Illuminate\\Pipeline\\Pipeline.php(151): Illuminate\\Cookie\\Middleware\\EncryptCookies->handle(Object(Illuminate\\Http\\Request), Object(Closure))
#21 C:\\Users\\canam\\Dropbox\\DC\\Semester 5\\DBAS\\Hot Rides Software\\hotridesapp\\vendor\\laravel\\framework\\src\\Illuminate\\Routing\\Pipeline.php(53): Illuminate\\Pipeline\\Pipeline->Illuminate\\Pipeline\\{closure}(Object(Illuminate\\Http\\Request))
#22 C:\\Users\\canam\\Dropbox\\DC\\Semester 5\\DBAS\\Hot Rides Software\\hotridesapp\\vendor\\laravel\\framework\\src\\Illuminate\\Pipeline\\Pipeline.php(104): Illuminate\\Routing\\Pipeline->Illuminate\\Routing\\{closure}(Object(Illuminate\\Http\\Request))
#23 C:\\Users\\canam\\Dropbox\\DC\\Semester 5\\DBAS\\Hot Rides Software\\hotridesapp\\vendor\\laravel\\framework\\src\\Illuminate\\Routing\\Router.php(681): Illuminate\\Pipeline\\Pipeline->then(Object(Closure))
#24 C:\\Users\\canam\\Dropbox\\DC\\Semester 5\\DBAS\\Hot Rides Software\\hotridesapp\\vendor\\laravel\\framework\\src\\Illuminate\\Routing\\Router.php(656): Illuminate\\Routing\\Router->runRouteWithinStack(Object(Illuminate\\Routing\\Route), Object(Illuminate\\Http\\Request))
#25 C:\\Users\\canam\\Dropbox\\DC\\Semester 5\\DBAS\\Hot Rides Software\\hotridesapp\\vendor\\laravel\\framework\\src\\Illuminate\\Routing\\Router.php(622): Illuminate\\Routing\\Router->runRoute(Object(Illuminate\\Http\\Request), Object(Illuminate\\Routing\\Route))
#26 C:\\Users\\canam\\Dropbox\\DC\\Semester 5\\DBAS\\Hot Rides Software\\hotridesapp\\vendor\\laravel\\framework\\src\\Illuminate\\Routing\\Router.php(611): Illuminate\\Routing\\Router->dispatchToRoute(Object(Illuminate\\Http\\Request))
#27 C:\\Users\\canam\\Dropbox\\DC\\Semester 5\\DBAS\\Hot Rides Software\\hotridesapp\\vendor\\laravel\\framework\\src\\Illuminate\\Foundation\\Http\\Kernel.php(176): Illuminate\\Routing\\Router->dispatch(Object(Illuminate\\Http\\Request))
#28 C:\\Users\\canam\\Dropbox\\DC\\Semester 5\\DBAS\\Hot Rides Software\\hotridesapp\\vendor\\laravel\\framework\\src\\Illuminate\\Routing\\Pipeline.php(30): Illuminate\\Foundation\\Http\\Kernel->Illuminate\\Foundation\\Http\\{closure}(Object(Illuminate\\Http\\Request))
#29 C:\\Users\\canam\\Dropbox\\DC\\Semester 5\\DBAS\\Hot Rides Software\\hotridesapp\\vendor\\fideloper\\proxy\\src\\TrustProxies.php(57): Illuminate\\Routing\\Pipeline->Illuminate\\Routing\\{closure}(Object(Illuminate\\Http\\Request))
#30 C:\\Users\\canam\\Dropbox\\DC\\Semester 5\\DBAS\\Hot Rides Software\\hotridesapp\\vendor\\laravel\\framework\\src\\Illuminate\\Pipeline\\Pipeline.php(151): Fideloper\\Proxy\\TrustProxies->handle(Object(Illuminate\\Http\\Request), Object(Closure))
#31 C:\\Users\\canam\\Dropbox\\DC\\Semester 5\\DBAS\\Hot Rides Software\\hotridesapp\\vendor\\laravel\\framework\\src\\Illuminate\\Routing\\Pipeline.php(53): Illuminate\\Pipeline\\Pipeline->Illuminate\\Pipeline\\{closure}(Object(Illuminate\\Http\\Request))
#32 C:\\Users\\canam\\Dropbox\\DC\\Semester 5\\DBAS\\Hot Rides Software\\hotridesapp\\vendor\\laravel\\framework\\src\\Illuminate\\Foundation\\Http\\Middleware\\TransformsRequest.php(31): Illuminate\\Routing\\Pipeline->Illuminate\\Routing\\{closure}(Object(Illuminate\\Http\\Request))
#33 C:\\Users\\canam\\Dropbox\\DC\\Semester 5\\DBAS\\Hot Rides Software\\hotridesapp\\vendor\\laravel\\framework\\src\\Illuminate\\Pipeline\\Pipeline.php(151): Illuminate\\Foundation\\Http\\Middleware\\TransformsRequest->handle(Object(Illuminate\\Http\\Request), Object(Closure))
#34 C:\\Users\\canam\\Dropbox\\DC\\Semester 5\\DBAS\\Hot Rides Software\\hotridesapp\\vendor\\laravel\\framework\\src\\Illuminate\\Routing\\Pipeline.php(53): Illuminate\\Pipeline\\Pipeline->Illuminate\\Pipeline\\{closure}(Object(Illuminate\\Http\\Request))
#35 C:\\Users\\canam\\Dropbox\\DC\\Semester 5\\DBAS\\Hot Rides Software\\hotridesapp\\vendor\\laravel\\framework\\src\\Illuminate\\Foundation\\Http\\Middleware\\TransformsRequest.php(31): Illuminate\\Routing\\Pipeline->Illuminate\\Routing\\{closure}(Object(Illuminate\\Http\\Request))
#36 C:\\Users\\canam\\Dropbox\\DC\\Semester 5\\DBAS\\Hot Rides Software\\hotridesapp\\vendor\\laravel\\framework\\src\\Illuminate\\Pipeline\\Pipeline.php(151): Illuminate\\Foundation\\Http\\Middleware\\TransformsRequest->handle(Object(Illuminate\\Http\\Request), Object(Closure))
#37 C:\\Users\\canam\\Dropbox\\DC\\Semester 5\\DBAS\\Hot Rides Software\\hotridesapp\\vendor\\laravel\\framework\\src\\Illuminate\\Routing\\Pipeline.php(53): Illuminate\\Pipeline\\Pipeline->Illuminate\\Pipeline\\{closure}(Object(Illuminate\\Http\\Request))
#38 C:\\Users\\canam\\Dropbox\\DC\\Semester 5\\DBAS\\Hot Rides Software\\hotridesapp\\vendor\\laravel\\framework\\src\\Illuminate\\Foundation\\Http\\Middleware\\ValidatePostSize.php(27): Illuminate\\Routing\\Pipeline->Illuminate\\Routing\\{closure}(Object(Illuminate\\Http\\Request))
#39 C:\\Users\\canam\\Dropbox\\DC\\Semester 5\\DBAS\\Hot Rides Software\\hotridesapp\\vendor\\laravel\\framework\\src\\Illuminate\\Pipeline\\Pipeline.php(151): Illuminate\\Foundation\\Http\\Middleware\\ValidatePostSize->handle(Object(Illuminate\\Http\\Request), Object(Closure))
#40 C:\\Users\\canam\\Dropbox\\DC\\Semester 5\\DBAS\\Hot Rides Software\\hotridesapp\\vendor\\laravel\\framework\\src\\Illuminate\\Routing\\Pipeline.php(53): Illuminate\\Pipeline\\Pipeline->Illuminate\\Pipeline\\{closure}(Object(Illuminate\\Http\\Request))
#41 C:\\Users\\canam\\Dropbox\\DC\\Semester 5\\DBAS\\Hot Rides Software\\hotridesapp\\vendor\\laravel\\framework\\src\\Illuminate\\Foundation\\Http\\Middleware\\CheckForMaintenanceMode.php(62): Illuminate\\Routing\\Pipeline->Illuminate\\Routing\\{closure}(Object(Illuminate\\Http\\Request))
#42 C:\\Users\\canam\\Dropbox\\DC\\Semester 5\\DBAS\\Hot Rides Software\\hotridesapp\\vendor\\laravel\\framework\\src\\Illuminate\\Pipeline\\Pipeline.php(151): Illuminate\\Foundation\\Http\\Middleware\\CheckForMaintenanceMode->handle(Object(Illuminate\\Http\\Request), Object(Closure))
#43 C:\\Users\\canam\\Dropbox\\DC\\Semester 5\\DBAS\\Hot Rides Software\\hotridesapp\\vendor\\laravel\\framework\\src\\Illuminate\\Routing\\Pipeline.php(53): Illuminate\\Pipeline\\Pipeline->Illuminate\\Pipeline\\{closure}(Object(Illuminate\\Http\\Request))
#44 C:\\Users\\canam\\Dropbox\\DC\\Semester 5\\DBAS\\Hot Rides Software\\hotridesapp\\vendor\\laravel\\framework\\src\\Illuminate\\Pipeline\\Pipeline.php(104): Illuminate\\Routing\\Pipeline->Illuminate\\Routing\\{closure}(Object(Illuminate\\Http\\Request))
#45 C:\\Users\\canam\\Dropbox\\DC\\Semester 5\\DBAS\\Hot Rides Software\\hotridesapp\\vendor\\laravel\\framework\\src\\Illuminate\\Foundation\\Http\\Kernel.php(151): Illuminate\\Pipeline\\Pipeline->then(Object(Closure))
#46 C:\\Users\\canam\\Dropbox\\DC\\Semester 5\\DBAS\\Hot Rides Software\\hotridesapp\\vendor\\laravel\\framework\\src\\Illuminate\\Foundation\\Http\\Kernel.php(116): Illuminate\\Foundation\\Http\\Kernel->sendRequestThroughRouter(Object(Illuminate\\Http\\Request))
#47 C:\\Users\\canam\\Dropbox\\DC\\Semester 5\\DBAS\\Hot Rides Software\\hotridesapp\\public\\index.php(55): Illuminate\\Foundation\\Http\\Kernel->handle(Object(Illuminate\\Http\\Request))
#48 C:\\Users\\canam\\Dropbox\\DC\\Semester 5\\DBAS\\Hot Rides Software\\hotridesapp\\server.php(21): require_once('C:\\\\Users\\\\canam\\\\...')
#49 {main}
"} 
[2018-12-08 21:50:18] local.ERROR: Undefined variable: donations (View: C:\Users\canam\Dropbox\DC\Semester 5\DBAS\Hot Rides Software\hotridesapp\resources\views\Financial\show.blade.php) {"userId":1,"email":"canamavrick@gmail.com","exception":"[object] (ErrorException(code: 0): Undefined variable: donations (View: C:\\Users\\canam\\Dropbox\\DC\\Semester 5\\DBAS\\Hot Rides Software\\hotridesapp\esources\\views\\Financial\\show.blade.php) at C:\\Users\\canam\\Dropbox\\DC\\Semester 5\\DBAS\\Hot Rides Software\\hotridesapp\\storage\\framework\\views\\509c39181cd8591009de3114150c3ca019fe81f6.php:20, ErrorException(code: 0): Undefined variable: donations at C:\\Users\\canam\\Dropbox\\DC\\Semester 5\\DBAS\\Hot Rides Software\\hotridesapp\\storage\\framework\\views\\509c39181cd8591009de3114150c3ca019fe81f6.php:20)
[stacktrace]
#0 C:\\Users\\canam\\Dropbox\\DC\\Semester 5\\DBAS\\Hot Rides Software\\hotridesapp\\vendor\\laravel\\framework\\src\\Illuminate\\View\\Engines\\PhpEngine.php(45): Illuminate\\View\\Engines\\CompilerEngine->handleViewException(Object(ErrorException), 1)
#1 C:\\Users\\canam\\Dropbox\\DC\\Semester 5\\DBAS\\Hot Rides Software\\hotridesapp\\vendor\\laravel\\framework\\src\\Illuminate\\View\\Engines\\CompilerEngine.php(59): Illuminate\\View\\Engines\\PhpEngine->evaluatePath('C:\\\\Users\\\\canam\\\\...', Array)
#2 C:\\Users\\canam\\Dropbox\\DC\\Semester 5\\DBAS\\Hot Rides Software\\hotridesapp\\vendor\\laravel\\framework\\src\\Illuminate\\View\\View.php(142): Illuminate\\View\\Engines\\CompilerEngine->get('C:\\\\Users\\\\canam\\\\...', Array)
#3 C:\\Users\\canam\\Dropbox\\DC\\Semester 5\\DBAS\\Hot Rides Software\\hotridesapp\\vendor\\laravel\\framework\\src\\Illuminate\\View\\View.php(125): Illuminate\\View\\View->getContents()
#4 C:\\Users\\canam\\Dropbox\\DC\\Semester 5\\DBAS\\Hot Rides Software\\hotridesapp\\vendor\\laravel\\framework\\src\\Illuminate\\View\\View.php(90): Illuminate\\View\\View->renderContents()
#5 C:\\Users\\canam\\Dropbox\\DC\\Semester 5\\DBAS\\Hot Rides Software\\hotridesapp\\vendor\\laravel\\framework\\src\\Illuminate\\Http\\Response.php(42): Illuminate\\View\\View->render()
#6 C:\\Users\\canam\\Dropbox\\DC\\Semester 5\\DBAS\\Hot Rides Software\\hotridesapp\\vendor\\symfony\\http-foundation\\Response.php(202): Illuminate\\Http\\Response->setContent(Object(Illuminate\\View\\View))
#7 C:\\Users\\canam\\Dropbox\\DC\\Semester 5\\DBAS\\Hot Rides Software\\hotridesapp\\vendor\\laravel\\framework\\src\\Illuminate\\Routing\\Router.php(747): Symfony\\Component\\HttpFoundation\\Response->__construct(Object(Illuminate\\View\\View))
#8 C:\\Users\\canam\\Dropbox\\DC\\Semester 5\\DBAS\\Hot Rides Software\\hotridesapp\\vendor\\laravel\\framework\\src\\Illuminate\\Routing\\Router.php(719): Illuminate\\Routing\\Router::toResponse(Object(Illuminate\\Http\\Request), Object(Illuminate\\View\\View))
#9 C:\\Users\\canam\\Dropbox\\DC\\Semester 5\\DBAS\\Hot Rides Software\\hotridesapp\\vendor\\laravel\\framework\\src\\Illuminate\\Routing\\Router.php(679): Illuminate\\Routing\\Router->prepareResponse(Object(Illuminate\\Http\\Request), Object(Illuminate\\View\\View))
#10 C:\\Users\\canam\\Dropbox\\DC\\Semester 5\\DBAS\\Hot Rides Software\\hotridesapp\\vendor\\laravel\\framework\\src\\Illuminate\\Routing\\Pipeline.php(30): Illuminate\\Routing\\Router->Illuminate\\Routing\\{closure}(Object(Illuminate\\Http\\Request))
#11 C:\\Users\\canam\\Dropbox\\DC\\Semester 5\\DBAS\\Hot Rides Software\\hotridesapp\\vendor\\laravel\\framework\\src\\Illuminate\\Routing\\Middleware\\SubstituteBindings.php(41): Illuminate\\Routing\\Pipeline->Illuminate\\Routing\\{closure}(Object(Illuminate\\Http\\Request))
#12 C:\\Users\\canam\\Dropbox\\DC\\Semester 5\\DBAS\\Hot Rides Software\\hotridesapp\\vendor\\laravel\\framework\\src\\Illuminate\\Pipeline\\Pipeline.php(151): Illuminate\\Routing\\Middleware\\SubstituteBindings->handle(Object(Illuminate\\Http\\Request), Object(Closure))
#13 C:\\Users\\canam\\Dropbox\\DC\\Semester 5\\DBAS\\Hot Rides Software\\hotridesapp\\vendor\\laravel\\framework\\src\\Illuminate\\Routing\\Pipeline.php(53): Illuminate\\Pipeline\\Pipeline->Illuminate\\Pipeline\\{closure}(Object(Illuminate\\Http\\Request))
#14 C:\\Users\\canam\\Dropbox\\DC\\Semester 5\\DBAS\\Hot Rides Software\\hotridesapp\\vendor\\laravel\\framework\\src\\Illuminate\\Foundation\\Http\\Middleware\\VerifyCsrfToken.php(75): Illuminate\\Routing\\Pipeline->Illuminate\\Routing\\{closure}(Object(Illuminate\\Http\\Request))
#15 C:\\Users\\canam\\Dropbox\\DC\\Semester 5\\DBAS\\Hot Rides Software\\hotridesapp\\vendor\\laravel\\framework\\src\\Illuminate\\Pipeline\\Pipeline.php(151): Illuminate\\Foundation\\Http\\Middleware\\VerifyCsrfToken->handle(Object(Illuminate\\Http\\Request), Object(Closure))
#16 C:\\Users\\canam\\Dropbox\\DC\\Semester 5\\DBAS\\Hot Rides Software\\hotridesapp\\vendor\\laravel\\framework\\src\\Illuminate\\Routing\\Pipeline.php(53): Illuminate\\Pipeline\\Pipeline->Illuminate\\Pipeline\\{closure}(Object(Illuminate\\Http\\Request))
#17 C:\\Users\\canam\\Dropbox\\DC\\Semester 5\\DBAS\\Hot Rides Software\\hotridesapp\\vendor\\laravel\\framework\\src\\Illuminate\\View\\Middleware\\ShareErrorsFromSession.php(49): Illuminate\\Routing\\Pipeline->Illuminate\\Routing\\{closure}(Object(Illuminate\\Http\\Request))
#18 C:\\Users\\canam\\Dropbox\\DC\\Semester 5\\DBAS\\Hot Rides Software\\hotridesapp\\vendor\\laravel\\framework\\src\\Illuminate\\Pipeline\\Pipeline.php(151): Illuminate\\View\\Middleware\\ShareErrorsFromSession->handle(Object(Illuminate\\Http\\Request), Object(Closure))
#19 C:\\Users\\canam\\Dropbox\\DC\\Semester 5\\DBAS\\Hot Rides Software\\hotridesapp\\vendor\\laravel\\framework\\src\\Illuminate\\Routing\\Pipeline.php(53): Illuminate\\Pipeline\\Pipeline->Illuminate\\Pipeline\\{closure}(Object(Illuminate\\Http\\Request))
#20 C:\\Users\\canam\\Dropbox\\DC\\Semester 5\\DBAS\\Hot Rides Software\\hotridesapp\\vendor\\laravel\\framework\\src\\Illuminate\\Session\\Middleware\\StartSession.php(63): Illuminate\\Routing\\Pipeline->Illuminate\\Routing\\{closure}(Object(Illuminate\\Http\\Request))
#21 C:\\Users\\canam\\Dropbox\\DC\\Semester 5\\DBAS\\Hot Rides Software\\hotridesapp\\vendor\\laravel\\framework\\src\\Illuminate\\Pipeline\\Pipeline.php(151): Illuminate\\Session\\Middleware\\StartSession->handle(Object(Illuminate\\Http\\Request), Object(Closure))
#22 C:\\Users\\canam\\Dropbox\\DC\\Semester 5\\DBAS\\Hot Rides Software\\hotridesapp\\vendor\\laravel\\framework\\src\\Illuminate\\Routing\\Pipeline.php(53): Illuminate\\Pipeline\\Pipeline->Illuminate\\Pipeline\\{closure}(Object(Illuminate\\Http\\Request))
#23 C:\\Users\\canam\\Dropbox\\DC\\Semester 5\\DBAS\\Hot Rides Software\\hotridesapp\\vendor\\laravel\\framework\\src\\Illuminate\\Cookie\\Middleware\\AddQueuedCookiesToResponse.php(37): Illuminate\\Routing\\Pipeline->Illuminate\\Routing\\{closure}(Object(Illuminate\\Http\\Request))
#24 C:\\Users\\canam\\Dropbox\\DC\\Semester 5\\DBAS\\Hot Rides Software\\hotridesapp\\vendor\\laravel\\framework\\src\\Illuminate\\Pipeline\\Pipeline.php(151): Illuminate\\Cookie\\Middleware\\AddQueuedCookiesToResponse->handle(Object(Illuminate\\Http\\Request), Object(Closure))
#25 C:\\Users\\canam\\Dropbox\\DC\\Semester 5\\DBAS\\Hot Rides Software\\hotridesapp\\vendor\\laravel\\framework\\src\\Illuminate\\Routing\\Pipeline.php(53): Illuminate\\Pipeline\\Pipeline->Illuminate\\Pipeline\\{closure}(Object(Illuminate\\Http\\Request))
#26 C:\\Users\\canam\\Dropbox\\DC\\Semester 5\\DBAS\\Hot Rides Software\\hotridesapp\\vendor\\laravel\\framework\\src\\Illuminate\\Cookie\\Middleware\\EncryptCookies.php(66): Illuminate\\Routing\\Pipeline->Illuminate\\Routing\\{closure}(Object(Illuminate\\Http\\Request))
#27 C:\\Users\\canam\\Dropbox\\DC\\Semester 5\\DBAS\\Hot Rides Software\\hotridesapp\\vendor\\laravel\\framework\\src\\Illuminate\\Pipeline\\Pipeline.php(151): Illuminate\\Cookie\\Middleware\\EncryptCookies->handle(Object(Illuminate\\Http\\Request), Object(Closure))
#28 C:\\Users\\canam\\Dropbox\\DC\\Semester 5\\DBAS\\Hot Rides Software\\hotridesapp\\vendor\\laravel\\framework\\src\\Illuminate\\Routing\\Pipeline.php(53): Illuminate\\Pipeline\\Pipeline->Illuminate\\Pipeline\\{closure}(Object(Illuminate\\Http\\Request))
#29 C:\\Users\\canam\\Dropbox\\DC\\Semester 5\\DBAS\\Hot Rides Software\\hotridesapp\\vendor\\laravel\\framework\\src\\Illuminate\\Pipeline\\Pipeline.php(104): Illuminate\\Routing\\Pipeline->Illuminate\\Routing\\{closure}(Object(Illuminate\\Http\\Request))
#30 C:\\Users\\canam\\Dropbox\\DC\\Semester 5\\DBAS\\Hot Rides Software\\hotridesapp\\vendor\\laravel\\framework\\src\\Illuminate\\Routing\\Router.php(681): Illuminate\\Pipeline\\Pipeline->then(Object(Closure))
#31 C:\\Users\\canam\\Dropbox\\DC\\Semester 5\\DBAS\\Hot Rides Software\\hotridesapp\\vendor\\laravel\\framework\\src\\Illuminate\\Routing\\Router.php(656): Illuminate\\Routing\\Router->runRouteWithinStack(Object(Illuminate\\Routing\\Route), Object(Illuminate\\Http\\Request))
#32 C:\\Users\\canam\\Dropbox\\DC\\Semester 5\\DBAS\\Hot Rides Software\\hotridesapp\\vendor\\laravel\\framework\\src\\Illuminate\\Routing\\Router.php(622): Illuminate\\Routing\\Router->runRoute(Object(Illuminate\\Http\\Request), Object(Illuminate\\Routing\\Route))
#33 C:\\Users\\canam\\Dropbox\\DC\\Semester 5\\DBAS\\Hot Rides Software\\hotridesapp\\vendor\\laravel\\framework\\src\\Illuminate\\Routing\\Router.php(611): Illuminate\\Routing\\Router->dispatchToRoute(Object(Illuminate\\Http\\Request))
#34 C:\\Users\\canam\\Dropbox\\DC\\Semester 5\\DBAS\\Hot Rides Software\\hotridesapp\\vendor\\laravel\\framework\\src\\Illuminate\\Foundation\\Http\\Kernel.php(176): Illuminate\\Routing\\Router->dispatch(Object(Illuminate\\Http\\Request))
#35 C:\\Users\\canam\\Dropbox\\DC\\Semester 5\\DBAS\\Hot Rides Software\\hotridesapp\\vendor\\laravel\\framework\\src\\Illuminate\\Routing\\Pipeline.php(30): Illuminate\\Foundation\\Http\\Kernel->Illuminate\\Foundation\\Http\\{closure}(Object(Illuminate\\Http\\Request))
#36 C:\\Users\\canam\\Dropbox\\DC\\Semester 5\\DBAS\\Hot Rides Software\\hotridesapp\\vendor\\fideloper\\proxy\\src\\TrustProxies.php(57): Illuminate\\Routing\\Pipeline->Illuminate\\Routing\\{closure}(Object(Illuminate\\Http\\Request))
#37 C:\\Users\\canam\\Dropbox\\DC\\Semester 5\\DBAS\\Hot Rides Software\\hotridesapp\\vendor\\laravel\\framework\\src\\Illuminate\\Pipeline\\Pipeline.php(151): Fideloper\\Proxy\\TrustProxies->handle(Object(Illuminate\\Http\\Request), Object(Closure))
#38 C:\\Users\\canam\\Dropbox\\DC\\Semester 5\\DBAS\\Hot Rides Software\\hotridesapp\\vendor\\laravel\\framework\\src\\Illuminate\\Routing\\Pipeline.php(53): Illuminate\\Pipeline\\Pipeline->Illuminate\\Pipeline\\{closure}(Object(Illuminate\\Http\\Request))
#39 C:\\Users\\canam\\Dropbox\\DC\\Semester 5\\DBAS\\Hot Rides Software\\hotridesapp\\vendor\\laravel\\framework\\src\\Illuminate\\Foundation\\Http\\Middleware\\TransformsRequest.php(31): Illuminate\\Routing\\Pipeline->Illuminate\\Routing\\{closure}(Object(Illuminate\\Http\\Request))
#40 C:\\Users\\canam\\Dropbox\\DC\\Semester 5\\DBAS\\Hot Rides Software\\hotridesapp\\vendor\\laravel\\framework\\src\\Illuminate\\Pipeline\\Pipeline.php(151): Illuminate\\Foundation\\Http\\Middleware\\TransformsRequest->handle(Object(Illuminate\\Http\\Request), Object(Closure))
#41 C:\\Users\\canam\\Dropbox\\DC\\Semester 5\\DBAS\\Hot Rides Software\\hotridesapp\\vendor\\laravel\\framework\\src\\Illuminate\\Routing\\Pipeline.php(53): Illuminate\\Pipeline\\Pipeline->Illuminate\\Pipeline\\{closure}(Object(Illuminate\\Http\\Request))
#42 C:\\Users\\canam\\Dropbox\\DC\\Semester 5\\DBAS\\Hot Rides Software\\hotridesapp\\vendor\\laravel\\framework\\src\\Illuminate\\Foundation\\Http\\Middleware\\TransformsRequest.php(31): Illuminate\\Routing\\Pipeline->Illuminate\\Routing\\{closure}(Object(Illuminate\\Http\\Request))
#43 C:\\Users\\canam\\Dropbox\\DC\\Semester 5\\DBAS\\Hot Rides Software\\hotridesapp\\vendor\\laravel\\framework\\src\\Illuminate\\Pipeline\\Pipeline.php(151): Illuminate\\Foundation\\Http\\Middleware\\TransformsRequest->handle(Object(Illuminate\\Http\\Request), Object(Closure))
#44 C:\\Users\\canam\\Dropbox\\DC\\Semester 5\\DBAS\\Hot Rides Software\\hotridesapp\\vendor\\laravel\\framework\\src\\Illuminate\\Routing\\Pipeline.php(53): Illuminate\\Pipeline\\Pipeline->Illuminate\\Pipeline\\{closure}(Object(Illuminate\\Http\\Request))
#45 C:\\Users\\canam\\Dropbox\\DC\\Semester 5\\DBAS\\Hot Rides Software\\hotridesapp\\vendor\\laravel\\framework\\src\\Illuminate\\Foundation\\Http\\Middleware\\ValidatePostSize.php(27): Illuminate\\Routing\\Pipeline->Illuminate\\Routing\\{closure}(Object(Illuminate\\Http\\Request))
#46 C:\\Users\\canam\\Dropbox\\DC\\Semester 5\\DBAS\\Hot Rides Software\\hotridesapp\\vendor\\laravel\\framework\\src\\Illuminate\\Pipeline\\Pipeline.php(151): Illuminate\\Foundation\\Http\\Middleware\\ValidatePostSize->handle(Object(Illuminate\\Http\\Request), Object(Closure))
#47 C:\\Users\\canam\\Dropbox\\DC\\Semester 5\\DBAS\\Hot Rides Software\\hotridesapp\\vendor\\laravel\\framework\\src\\Illuminate\\Routing\\Pipeline.php(53): Illuminate\\Pipeline\\Pipeline->Illuminate\\Pipeline\\{closure}(Object(Illuminate\\Http\\Request))
#48 C:\\Users\\canam\\Dropbox\\DC\\Semester 5\\DBAS\\Hot Rides Software\\hotridesapp\\vendor\\laravel\\framework\\src\\Illuminate\\Foundation\\Http\\Middleware\\CheckForMaintenanceMode.php(62): Illuminate\\Routing\\Pipeline->Illuminate\\Routing\\{closure}(Object(Illuminate\\Http\\Request))
#49 C:\\Users\\canam\\Dropbox\\DC\\Semester 5\\DBAS\\Hot Rides Software\\hotridesapp\\vendor\\laravel\\framework\\src\\Illuminate\\Pipeline\\Pipeline.php(151): Illuminate\\Foundation\\Http\\Middleware\\CheckForMaintenanceMode->handle(Object(Illuminate\\Http\\Request), Object(Closure))
#50 C:\\Users\\canam\\Dropbox\\DC\\Semester 5\\DBAS\\Hot Rides Software\\hotridesapp\\vendor\\laravel\\framework\\src\\Illuminate\\Routing\\Pipeline.php(53): Illuminate\\Pipeline\\Pipeline->Illuminate\\Pipeline\\{closure}(Object(Illuminate\\Http\\Request))
#51 C:\\Users\\canam\\Dropbox\\DC\\Semester 5\\DBAS\\Hot Rides Software\\hotridesapp\\vendor\\laravel\\framework\\src\\Illuminate\\Pipeline\\Pipeline.php(104): Illuminate\\Routing\\Pipeline->Illuminate\\Routing\\{closure}(Object(Illuminate\\Http\\Request))
#52 C:\\Users\\canam\\Dropbox\\DC\\Semester 5\\DBAS\\Hot Rides Software\\hotridesapp\\vendor\\laravel\\framework\\src\\Illuminate\\Foundation\\Http\\Kernel.php(151): Illuminate\\Pipeline\\Pipeline->then(Object(Closure))
#53 C:\\Users\\canam\\Dropbox\\DC\\Semester 5\\DBAS\\Hot Rides Software\\hotridesapp\\vendor\\laravel\\framework\\src\\Illuminate\\Foundation\\Http\\Kernel.php(116): Illuminate\\Foundation\\Http\\Kernel->sendRequestThroughRouter(Object(Illuminate\\Http\\Request))
#54 C:\\Users\\canam\\Dropbox\\DC\\Semester 5\\DBAS\\Hot Rides Software\\hotridesapp\\public\\index.php(55): Illuminate\\Foundation\\Http\\Kernel->handle(Object(Illuminate\\Http\\Request))
#55 C:\\Users\\canam\\Dropbox\\DC\\Semester 5\\DBAS\\Hot Rides Software\\hotridesapp\\server.php(21): require_once('C:\\\\Users\\\\canam\\\\...')
#56 {main}
"} 
[2018-12-08 21:50:37] local.ERROR: Undefined variable: donations (View: C:\Users\canam\Dropbox\DC\Semester 5\DBAS\Hot Rides Software\hotridesapp\resources\views\Financial\show.blade.php) {"userId":1,"email":"canamavrick@gmail.com","exception":"[object] (ErrorException(code: 0): Undefined variable: donations (View: C:\\Users\\canam\\Dropbox\\DC\\Semester 5\\DBAS\\Hot Rides Software\\hotridesapp\esources\\views\\Financial\\show.blade.php) at C:\\Users\\canam\\Dropbox\\DC\\Semester 5\\DBAS\\Hot Rides Software\\hotridesapp\\storage\\framework\\views\\509c39181cd8591009de3114150c3ca019fe81f6.php:20, ErrorException(code: 0): Undefined variable: donations at C:\\Users\\canam\\Dropbox\\DC\\Semester 5\\DBAS\\Hot Rides Software\\hotridesapp\\storage\\framework\\views\\509c39181cd8591009de3114150c3ca019fe81f6.php:20)
[stacktrace]
#0 C:\\Users\\canam\\Dropbox\\DC\\Semester 5\\DBAS\\Hot Rides Software\\hotridesapp\\vendor\\laravel\\framework\\src\\Illuminate\\View\\Engines\\PhpEngine.php(45): Illuminate\\View\\Engines\\CompilerEngine->handleViewException(Object(ErrorException), 1)
#1 C:\\Users\\canam\\Dropbox\\DC\\Semester 5\\DBAS\\Hot Rides Software\\hotridesapp\\vendor\\laravel\\framework\\src\\Illuminate\\View\\Engines\\CompilerEngine.php(59): Illuminate\\View\\Engines\\PhpEngine->evaluatePath('C:\\\\Users\\\\canam\\\\...', Array)
#2 C:\\Users\\canam\\Dropbox\\DC\\Semester 5\\DBAS\\Hot Rides Software\\hotridesapp\\vendor\\laravel\\framework\\src\\Illuminate\\View\\View.php(142): Illuminate\\View\\Engines\\CompilerEngine->get('C:\\\\Users\\\\canam\\\\...', Array)
#3 C:\\Users\\canam\\Dropbox\\DC\\Semester 5\\DBAS\\Hot Rides Software\\hotridesapp\\vendor\\laravel\\framework\\src\\Illuminate\\View\\View.php(125): Illuminate\\View\\View->getContents()
#4 C:\\Users\\canam\\Dropbox\\DC\\Semester 5\\DBAS\\Hot Rides Software\\hotridesapp\\vendor\\laravel\\framework\\src\\Illuminate\\View\\View.php(90): Illuminate\\View\\View->renderContents()
#5 C:\\Users\\canam\\Dropbox\\DC\\Semester 5\\DBAS\\Hot Rides Software\\hotridesapp\\vendor\\laravel\\framework\\src\\Illuminate\\Http\\Response.php(42): Illuminate\\View\\View->render()
#6 C:\\Users\\canam\\Dropbox\\DC\\Semester 5\\DBAS\\Hot Rides Software\\hotridesapp\\vendor\\symfony\\http-foundation\\Response.php(202): Illuminate\\Http\\Response->setContent(Object(Illuminate\\View\\View))
#7 C:\\Users\\canam\\Dropbox\\DC\\Semester 5\\DBAS\\Hot Rides Software\\hotridesapp\\vendor\\laravel\\framework\\src\\Illuminate\\Routing\\Router.php(747): Symfony\\Component\\HttpFoundation\\Response->__construct(Object(Illuminate\\View\\View))
#8 C:\\Users\\canam\\Dropbox\\DC\\Semester 5\\DBAS\\Hot Rides Software\\hotridesapp\\vendor\\laravel\\framework\\src\\Illuminate\\Routing\\Router.php(719): Illuminate\\Routing\\Router::toResponse(Object(Illuminate\\Http\\Request), Object(Illuminate\\View\\View))
#9 C:\\Users\\canam\\Dropbox\\DC\\Semester 5\\DBAS\\Hot Rides Software\\hotridesapp\\vendor\\laravel\\framework\\src\\Illuminate\\Routing\\Router.php(679): Illuminate\\Routing\\Router->prepareResponse(Object(Illuminate\\Http\\Request), Object(Illuminate\\View\\View))
#10 C:\\Users\\canam\\Dropbox\\DC\\Semester 5\\DBAS\\Hot Rides Software\\hotridesapp\\vendor\\laravel\\framework\\src\\Illuminate\\Routing\\Pipeline.php(30): Illuminate\\Routing\\Router->Illuminate\\Routing\\{closure}(Object(Illuminate\\Http\\Request))
#11 C:\\Users\\canam\\Dropbox\\DC\\Semester 5\\DBAS\\Hot Rides Software\\hotridesapp\\vendor\\laravel\\framework\\src\\Illuminate\\Routing\\Middleware\\SubstituteBindings.php(41): Illuminate\\Routing\\Pipeline->Illuminate\\Routing\\{closure}(Object(Illuminate\\Http\\Request))
#12 C:\\Users\\canam\\Dropbox\\DC\\Semester 5\\DBAS\\Hot Rides Software\\hotridesapp\\vendor\\laravel\\framework\\src\\Illuminate\\Pipeline\\Pipeline.php(151): Illuminate\\Routing\\Middleware\\SubstituteBindings->handle(Object(Illuminate\\Http\\Request), Object(Closure))
#13 C:\\Users\\canam\\Dropbox\\DC\\Semester 5\\DBAS\\Hot Rides Software\\hotridesapp\\vendor\\laravel\\framework\\src\\Illuminate\\Routing\\Pipeline.php(53): Illuminate\\Pipeline\\Pipeline->Illuminate\\Pipeline\\{closure}(Object(Illuminate\\Http\\Request))
#14 C:\\Users\\canam\\Dropbox\\DC\\Semester 5\\DBAS\\Hot Rides Software\\hotridesapp\\vendor\\laravel\\framework\\src\\Illuminate\\Foundation\\Http\\Middleware\\VerifyCsrfToken.php(75): Illuminate\\Routing\\Pipeline->Illuminate\\Routing\\{closure}(Object(Illuminate\\Http\\Request))
#15 C:\\Users\\canam\\Dropbox\\DC\\Semester 5\\DBAS\\Hot Rides Software\\hotridesapp\\vendor\\laravel\\framework\\src\\Illuminate\\Pipeline\\Pipeline.php(151): Illuminate\\Foundation\\Http\\Middleware\\VerifyCsrfToken->handle(Object(Illuminate\\Http\\Request), Object(Closure))
#16 C:\\Users\\canam\\Dropbox\\DC\\Semester 5\\DBAS\\Hot Rides Software\\hotridesapp\\vendor\\laravel\\framework\\src\\Illuminate\\Routing\\Pipeline.php(53): Illuminate\\Pipeline\\Pipeline->Illuminate\\Pipeline\\{closure}(Object(Illuminate\\Http\\Request))
#17 C:\\Users\\canam\\Dropbox\\DC\\Semester 5\\DBAS\\Hot Rides Software\\hotridesapp\\vendor\\laravel\\framework\\src\\Illuminate\\View\\Middleware\\ShareErrorsFromSession.php(49): Illuminate\\Routing\\Pipeline->Illuminate\\Routing\\{closure}(Object(Illuminate\\Http\\Request))
#18 C:\\Users\\canam\\Dropbox\\DC\\Semester 5\\DBAS\\Hot Rides Software\\hotridesapp\\vendor\\laravel\\framework\\src\\Illuminate\\Pipeline\\Pipeline.php(151): Illuminate\\View\\Middleware\\ShareErrorsFromSession->handle(Object(Illuminate\\Http\\Request), Object(Closure))
#19 C:\\Users\\canam\\Dropbox\\DC\\Semester 5\\DBAS\\Hot Rides Software\\hotridesapp\\vendor\\laravel\\framework\\src\\Illuminate\\Routing\\Pipeline.php(53): Illuminate\\Pipeline\\Pipeline->Illuminate\\Pipeline\\{closure}(Object(Illuminate\\Http\\Request))
#20 C:\\Users\\canam\\Dropbox\\DC\\Semester 5\\DBAS\\Hot Rides Software\\hotridesapp\\vendor\\laravel\\framework\\src\\Illuminate\\Session\\Middleware\\StartSession.php(63): Illuminate\\Routing\\Pipeline->Illuminate\\Routing\\{closure}(Object(Illuminate\\Http\\Request))
#21 C:\\Users\\canam\\Dropbox\\DC\\Semester 5\\DBAS\\Hot Rides Software\\hotridesapp\\vendor\\laravel\\framework\\src\\Illuminate\\Pipeline\\Pipeline.php(151): Illuminate\\Session\\Middleware\\StartSession->handle(Object(Illuminate\\Http\\Request), Object(Closure))
#22 C:\\Users\\canam\\Dropbox\\DC\\Semester 5\\DBAS\\Hot Rides Software\\hotridesapp\\vendor\\laravel\\framework\\src\\Illuminate\\Routing\\Pipeline.php(53): Illuminate\\Pipeline\\Pipeline->Illuminate\\Pipeline\\{closure}(Object(Illuminate\\Http\\Request))
#23 C:\\Users\\canam\\Dropbox\\DC\\Semester 5\\DBAS\\Hot Rides Software\\hotridesapp\\vendor\\laravel\\framework\\src\\Illuminate\\Cookie\\Middleware\\AddQueuedCookiesToResponse.php(37): Illuminate\\Routing\\Pipeline->Illuminate\\Routing\\{closure}(Object(Illuminate\\Http\\Request))
#24 C:\\Users\\canam\\Dropbox\\DC\\Semester 5\\DBAS\\Hot Rides Software\\hotridesapp\\vendor\\laravel\\framework\\src\\Illuminate\\Pipeline\\Pipeline.php(151): Illuminate\\Cookie\\Middleware\\AddQueuedCookiesToResponse->handle(Object(Illuminate\\Http\\Request), Object(Closure))
#25 C:\\Users\\canam\\Dropbox\\DC\\Semester 5\\DBAS\\Hot Rides Software\\hotridesapp\\vendor\\laravel\\framework\\src\\Illuminate\\Routing\\Pipeline.php(53): Illuminate\\Pipeline\\Pipeline->Illuminate\\Pipeline\\{closure}(Object(Illuminate\\Http\\Request))
#26 C:\\Users\\canam\\Dropbox\\DC\\Semester 5\\DBAS\\Hot Rides Software\\hotridesapp\\vendor\\laravel\\framework\\src\\Illuminate\\Cookie\\Middleware\\EncryptCookies.php(66): Illuminate\\Routing\\Pipeline->Illuminate\\Routing\\{closure}(Object(Illuminate\\Http\\Request))
#27 C:\\Users\\canam\\Dropbox\\DC\\Semester 5\\DBAS\\Hot Rides Software\\hotridesapp\\vendor\\laravel\\framework\\src\\Illuminate\\Pipeline\\Pipeline.php(151): Illuminate\\Cookie\\Middleware\\EncryptCookies->handle(Object(Illuminate\\Http\\Request), Object(Closure))
#28 C:\\Users\\canam\\Dropbox\\DC\\Semester 5\\DBAS\\Hot Rides Software\\hotridesapp\\vendor\\laravel\\framework\\src\\Illuminate\\Routing\\Pipeline.php(53): Illuminate\\Pipeline\\Pipeline->Illuminate\\Pipeline\\{closure}(Object(Illuminate\\Http\\Request))
#29 C:\\Users\\canam\\Dropbox\\DC\\Semester 5\\DBAS\\Hot Rides Software\\hotridesapp\\vendor\\laravel\\framework\\src\\Illuminate\\Pipeline\\Pipeline.php(104): Illuminate\\Routing\\Pipeline->Illuminate\\Routing\\{closure}(Object(Illuminate\\Http\\Request))
#30 C:\\Users\\canam\\Dropbox\\DC\\Semester 5\\DBAS\\Hot Rides Software\\hotridesapp\\vendor\\laravel\\framework\\src\\Illuminate\\Routing\\Router.php(681): Illuminate\\Pipeline\\Pipeline->then(Object(Closure))
#31 C:\\Users\\canam\\Dropbox\\DC\\Semester 5\\DBAS\\Hot Rides Software\\hotridesapp\\vendor\\laravel\\framework\\src\\Illuminate\\Routing\\Router.php(656): Illuminate\\Routing\\Router->runRouteWithinStack(Object(Illuminate\\Routing\\Route), Object(Illuminate\\Http\\Request))
#32 C:\\Users\\canam\\Dropbox\\DC\\Semester 5\\DBAS\\Hot Rides Software\\hotridesapp\\vendor\\laravel\\framework\\src\\Illuminate\\Routing\\Router.php(622): Illuminate\\Routing\\Router->runRoute(Object(Illuminate\\Http\\Request), Object(Illuminate\\Routing\\Route))
#33 C:\\Users\\canam\\Dropbox\\DC\\Semester 5\\DBAS\\Hot Rides Software\\hotridesapp\\vendor\\laravel\\framework\\src\\Illuminate\\Routing\\Router.php(611): Illuminate\\Routing\\Router->dispatchToRoute(Object(Illuminate\\Http\\Request))
#34 C:\\Users\\canam\\Dropbox\\DC\\Semester 5\\DBAS\\Hot Rides Software\\hotridesapp\\vendor\\laravel\\framework\\src\\Illuminate\\Foundation\\Http\\Kernel.php(176): Illuminate\\Routing\\Router->dispatch(Object(Illuminate\\Http\\Request))
#35 C:\\Users\\canam\\Dropbox\\DC\\Semester 5\\DBAS\\Hot Rides Software\\hotridesapp\\vendor\\laravel\\framework\\src\\Illuminate\\Routing\\Pipeline.php(30): Illuminate\\Foundation\\Http\\Kernel->Illuminate\\Foundation\\Http\\{closure}(Object(Illuminate\\Http\\Request))
#36 C:\\Users\\canam\\Dropbox\\DC\\Semester 5\\DBAS\\Hot Rides Software\\hotridesapp\\vendor\\fideloper\\proxy\\src\\TrustProxies.php(57): Illuminate\\Routing\\Pipeline->Illuminate\\Routing\\{closure}(Object(Illuminate\\Http\\Request))
#37 C:\\Users\\canam\\Dropbox\\DC\\Semester 5\\DBAS\\Hot Rides Software\\hotridesapp\\vendor\\laravel\\framework\\src\\Illuminate\\Pipeline\\Pipeline.php(151): Fideloper\\Proxy\\TrustProxies->handle(Object(Illuminate\\Http\\Request), Object(Closure))
#38 C:\\Users\\canam\\Dropbox\\DC\\Semester 5\\DBAS\\Hot Rides Software\\hotridesapp\\vendor\\laravel\\framework\\src\\Illuminate\\Routing\\Pipeline.php(53): Illuminate\\Pipeline\\Pipeline->Illuminate\\Pipeline\\{closure}(Object(Illuminate\\Http\\Request))
#39 C:\\Users\\canam\\Dropbox\\DC\\Semester 5\\DBAS\\Hot Rides Software\\hotridesapp\\vendor\\laravel\\framework\\src\\Illuminate\\Foundation\\Http\\Middleware\\TransformsRequest.php(31): Illuminate\\Routing\\Pipeline->Illuminate\\Routing\\{closure}(Object(Illuminate\\Http\\Request))
#40 C:\\Users\\canam\\Dropbox\\DC\\Semester 5\\DBAS\\Hot Rides Software\\hotridesapp\\vendor\\laravel\\framework\\src\\Illuminate\\Pipeline\\Pipeline.php(151): Illuminate\\Foundation\\Http\\Middleware\\TransformsRequest->handle(Object(Illuminate\\Http\\Request), Object(Closure))
#41 C:\\Users\\canam\\Dropbox\\DC\\Semester 5\\DBAS\\Hot Rides Software\\hotridesapp\\vendor\\laravel\\framework\\src\\Illuminate\\Routing\\Pipeline.php(53): Illuminate\\Pipeline\\Pipeline->Illuminate\\Pipeline\\{closure}(Object(Illuminate\\Http\\Request))
#42 C:\\Users\\canam\\Dropbox\\DC\\Semester 5\\DBAS\\Hot Rides Software\\hotridesapp\\vendor\\laravel\\framework\\src\\Illuminate\\Foundation\\Http\\Middleware\\TransformsRequest.php(31): Illuminate\\Routing\\Pipeline->Illuminate\\Routing\\{closure}(Object(Illuminate\\Http\\Request))
#43 C:\\Users\\canam\\Dropbox\\DC\\Semester 5\\DBAS\\Hot Rides Software\\hotridesapp\\vendor\\laravel\\framework\\src\\Illuminate\\Pipeline\\Pipeline.php(151): Illuminate\\Foundation\\Http\\Middleware\\TransformsRequest->handle(Object(Illuminate\\Http\\Request), Object(Closure))
#44 C:\\Users\\canam\\Dropbox\\DC\\Semester 5\\DBAS\\Hot Rides Software\\hotridesapp\\vendor\\laravel\\framework\\src\\Illuminate\\Routing\\Pipeline.php(53): Illuminate\\Pipeline\\Pipeline->Illuminate\\Pipeline\\{closure}(Object(Illuminate\\Http\\Request))
#45 C:\\Users\\canam\\Dropbox\\DC\\Semester 5\\DBAS\\Hot Rides Software\\hotridesapp\\vendor\\laravel\\framework\\src\\Illuminate\\Foundation\\Http\\Middleware\\ValidatePostSize.php(27): Illuminate\\Routing\\Pipeline->Illuminate\\Routing\\{closure}(Object(Illuminate\\Http\\Request))
#46 C:\\Users\\canam\\Dropbox\\DC\\Semester 5\\DBAS\\Hot Rides Software\\hotridesapp\\vendor\\laravel\\framework\\src\\Illuminate\\Pipeline\\Pipeline.php(151): Illuminate\\Foundation\\Http\\Middleware\\ValidatePostSize->handle(Object(Illuminate\\Http\\Request), Object(Closure))
#47 C:\\Users\\canam\\Dropbox\\DC\\Semester 5\\DBAS\\Hot Rides Software\\hotridesapp\\vendor\\laravel\\framework\\src\\Illuminate\\Routing\\Pipeline.php(53): Illuminate\\Pipeline\\Pipeline->Illuminate\\Pipeline\\{closure}(Object(Illuminate\\Http\\Request))
#48 C:\\Users\\canam\\Dropbox\\DC\\Semester 5\\DBAS\\Hot Rides Software\\hotridesapp\\vendor\\laravel\\framework\\src\\Illuminate\\Foundation\\Http\\Middleware\\CheckForMaintenanceMode.php(62): Illuminate\\Routing\\Pipeline->Illuminate\\Routing\\{closure}(Object(Illuminate\\Http\\Request))
#49 C:\\Users\\canam\\Dropbox\\DC\\Semester 5\\DBAS\\Hot Rides Software\\hotridesapp\\vendor\\laravel\\framework\\src\\Illuminate\\Pipeline\\Pipeline.php(151): Illuminate\\Foundation\\Http\\Middleware\\CheckForMaintenanceMode->handle(Object(Illuminate\\Http\\Request), Object(Closure))
#50 C:\\Users\\canam\\Dropbox\\DC\\Semester 5\\DBAS\\Hot Rides Software\\hotridesapp\\vendor\\laravel\\framework\\src\\Illuminate\\Routing\\Pipeline.php(53): Illuminate\\Pipeline\\Pipeline->Illuminate\\Pipeline\\{closure}(Object(Illuminate\\Http\\Request))
#51 C:\\Users\\canam\\Dropbox\\DC\\Semester 5\\DBAS\\Hot Rides Software\\hotridesapp\\vendor\\laravel\\framework\\src\\Illuminate\\Pipeline\\Pipeline.php(104): Illuminate\\Routing\\Pipeline->Illuminate\\Routing\\{closure}(Object(Illuminate\\Http\\Request))
#52 C:\\Users\\canam\\Dropbox\\DC\\Semester 5\\DBAS\\Hot Rides Software\\hotridesapp\\vendor\\laravel\\framework\\src\\Illuminate\\Foundation\\Http\\Kernel.php(151): Illuminate\\Pipeline\\Pipeline->then(Object(Closure))
#53 C:\\Users\\canam\\Dropbox\\DC\\Semester 5\\DBAS\\Hot Rides Software\\hotridesapp\\vendor\\laravel\\framework\\src\\Illuminate\\Foundation\\Http\\Kernel.php(116): Illuminate\\Foundation\\Http\\Kernel->sendRequestThroughRouter(Object(Illuminate\\Http\\Request))
#54 C:\\Users\\canam\\Dropbox\\DC\\Semester 5\\DBAS\\Hot Rides Software\\hotridesapp\\public\\index.php(55): Illuminate\\Foundation\\Http\\Kernel->handle(Object(Illuminate\\Http\\Request))
#55 C:\\Users\\canam\\Dropbox\\DC\\Semester 5\\DBAS\\Hot Rides Software\\hotridesapp\\server.php(21): require_once('C:\\\\Users\\\\canam\\\\...')
#56 {main}
"} 
[2018-12-08 22:36:55] local.ERROR: syntax error, unexpected '}', expecting end of file {"exception":"[object] (Symfony\\Component\\Debug\\Exception\\FatalThrowableError(code: 0): syntax error, unexpected '}', expecting end of file at C:\\Users\\canam\\Dropbox\\DC\\Semester 5\\DBAS\\Hot Rides Software\\hotridesapp\\app\\Http\\Controllers\\FinancialController.php:19)
[stacktrace]
#0 C:\\Users\\canam\\Dropbox\\DC\\Semester 5\\DBAS\\Hot Rides Software\\hotridesapp\\vendor\\composer\\ClassLoader.php(322): Composer\\Autoload\\includeFile('C:\\\\Users\\\\canam\\\\...')
#1 [internal function]: Composer\\Autoload\\ClassLoader->loadClass('App\\\\Http\\\\Contro...')
#2 [internal function]: spl_autoload_call('App\\\\Http\\\\Contro...')
#3 C:\\Users\\canam\\Dropbox\\DC\\Semester 5\\DBAS\\Hot Rides Software\\hotridesapp\\vendor\\laravel\\framework\\src\\Illuminate\\Container\\Container.php(779): ReflectionClass->__construct('App\\\\Http\\\\Contro...')
#4 C:\\Users\\canam\\Dropbox\\DC\\Semester 5\\DBAS\\Hot Rides Software\\hotridesapp\\vendor\\laravel\\framework\\src\\Illuminate\\Container\\Container.php(658): Illuminate\\Container\\Container->build('App\\\\Http\\\\Contro...')
#5 C:\\Users\\canam\\Dropbox\\DC\\Semester 5\\DBAS\\Hot Rides Software\\hotridesapp\\vendor\\laravel\\framework\\src\\Illuminate\\Container\\Container.php(609): Illuminate\\Container\\Container->resolve('App\\\\Http\\\\Contro...', Array)
#6 C:\\Users\\canam\\Dropbox\\DC\\Semester 5\\DBAS\\Hot Rides Software\\hotridesapp\\vendor\\laravel\\framework\\src\\Illuminate\\Foundation\\Application.php(733): Illuminate\\Container\\Container->make('App\\\\Http\\\\Contro...', Array)
#7 C:\\Users\\canam\\Dropbox\\DC\\Semester 5\\DBAS\\Hot Rides Software\\hotridesapp\\vendor\\laravel\\framework\\src\\Illuminate\\Routing\\Route.php(226): Illuminate\\Foundation\\Application->make('App\\\\Http\\\\Contro...')
#8 C:\\Users\\canam\\Dropbox\\DC\\Semester 5\\DBAS\\Hot Rides Software\\hotridesapp\\vendor\\laravel\\framework\\src\\Illuminate\\Routing\\Route.php(796): Illuminate\\Routing\\Route->getController()
#9 C:\\Users\\canam\\Dropbox\\DC\\Semester 5\\DBAS\\Hot Rides Software\\hotridesapp\\vendor\\laravel\\framework\\src\\Illuminate\\Routing\\Route.php(757): Illuminate\\Routing\\Route->controllerMiddleware()
#10 C:\\Users\\canam\\Dropbox\\DC\\Semester 5\\DBAS\\Hot Rides Software\\hotridesapp\\vendor\\laravel\\framework\\src\\Illuminate\\Routing\\Router.php(692): Illuminate\\Routing\\Route->gatherMiddleware()
#11 C:\\Users\\canam\\Dropbox\\DC\\Semester 5\\DBAS\\Hot Rides Software\\hotridesapp\\vendor\\laravel\\framework\\src\\Illuminate\\Routing\\Router.php(672): Illuminate\\Routing\\Router->gatherRouteMiddleware(Object(Illuminate\\Routing\\Route))
#12 C:\\Users\\canam\\Dropbox\\DC\\Semester 5\\DBAS\\Hot Rides Software\\hotridesapp\\vendor\\laravel\\framework\\src\\Illuminate\\Routing\\Router.php(656): Illuminate\\Routing\\Router->runRouteWithinStack(Object(Illuminate\\Routing\\Route), Object(Illuminate\\Http\\Request))
#13 C:\\Users\\canam\\Dropbox\\DC\\Semester 5\\DBAS\\Hot Rides Software\\hotridesapp\\vendor\\laravel\\framework\\src\\Illuminate\\Routing\\Router.php(622): Illuminate\\Routing\\Router->runRoute(Object(Illuminate\\Http\\Request), Object(Illuminate\\Routing\\Route))
#14 C:\\Users\\canam\\Dropbox\\DC\\Semester 5\\DBAS\\Hot Rides Software\\hotridesapp\\vendor\\laravel\\framework\\src\\Illuminate\\Routing\\Router.php(611): Illuminate\\Routing\\Router->dispatchToRoute(Object(Illuminate\\Http\\Request))
#15 C:\\Users\\canam\\Dropbox\\DC\\Semester 5\\DBAS\\Hot Rides Software\\hotridesapp\\vendor\\laravel\\framework\\src\\Illuminate\\Foundation\\Http\\Kernel.php(176): Illuminate\\Routing\\Router->dispatch(Object(Illuminate\\Http\\Request))
#16 C:\\Users\\canam\\Dropbox\\DC\\Semester 5\\DBAS\\Hot Rides Software\\hotridesapp\\vendor\\laravel\\framework\\src\\Illuminate\\Routing\\Pipeline.php(30): Illuminate\\Foundation\\Http\\Kernel->Illuminate\\Foundation\\Http\\{closure}(Object(Illuminate\\Http\\Request))
#17 C:\\Users\\canam\\Dropbox\\DC\\Semester 5\\DBAS\\Hot Rides Software\\hotridesapp\\vendor\\fideloper\\proxy\\src\\TrustProxies.php(57): Illuminate\\Routing\\Pipeline->Illuminate\\Routing\\{closure}(Object(Illuminate\\Http\\Request))
#18 C:\\Users\\canam\\Dropbox\\DC\\Semester 5\\DBAS\\Hot Rides Software\\hotridesapp\\vendor\\laravel\\framework\\src\\Illuminate\\Pipeline\\Pipeline.php(151): Fideloper\\Proxy\\TrustProxies->handle(Object(Illuminate\\Http\\Request), Object(Closure))
#19 C:\\Users\\canam\\Dropbox\\DC\\Semester 5\\DBAS\\Hot Rides Software\\hotridesapp\\vendor\\laravel\\framework\\src\\Illuminate\\Routing\\Pipeline.php(53): Illuminate\\Pipeline\\Pipeline->Illuminate\\Pipeline\\{closure}(Object(Illuminate\\Http\\Request))
#20 C:\\Users\\canam\\Dropbox\\DC\\Semester 5\\DBAS\\Hot Rides Software\\hotridesapp\\vendor\\laravel\\framework\\src\\Illuminate\\Foundation\\Http\\Middleware\\TransformsRequest.php(31): Illuminate\\Routing\\Pipeline->Illuminate\\Routing\\{closure}(Object(Illuminate\\Http\\Request))
#21 C:\\Users\\canam\\Dropbox\\DC\\Semester 5\\DBAS\\Hot Rides Software\\hotridesapp\\vendor\\laravel\\framework\\src\\Illuminate\\Pipeline\\Pipeline.php(151): Illuminate\\Foundation\\Http\\Middleware\\TransformsRequest->handle(Object(Illuminate\\Http\\Request), Object(Closure))
#22 C:\\Users\\canam\\Dropbox\\DC\\Semester 5\\DBAS\\Hot Rides Software\\hotridesapp\\vendor\\laravel\\framework\\src\\Illuminate\\Routing\\Pipeline.php(53): Illuminate\\Pipeline\\Pipeline->Illuminate\\Pipeline\\{closure}(Object(Illuminate\\Http\\Request))
#23 C:\\Users\\canam\\Dropbox\\DC\\Semester 5\\DBAS\\Hot Rides Software\\hotridesapp\\vendor\\laravel\\framework\\src\\Illuminate\\Foundation\\Http\\Middleware\\TransformsRequest.php(31): Illuminate\\Routing\\Pipeline->Illuminate\\Routing\\{closure}(Object(Illuminate\\Http\\Request))
#24 C:\\Users\\canam\\Dropbox\\DC\\Semester 5\\DBAS\\Hot Rides Software\\hotridesapp\\vendor\\laravel\\framework\\src\\Illuminate\\Pipeline\\Pipeline.php(151): Illuminate\\Foundation\\Http\\Middleware\\TransformsRequest->handle(Object(Illuminate\\Http\\Request), Object(Closure))
#25 C:\\Users\\canam\\Dropbox\\DC\\Semester 5\\DBAS\\Hot Rides Software\\hotridesapp\\vendor\\laravel\\framework\\src\\Illuminate\\Routing\\Pipeline.php(53): Illuminate\\Pipeline\\Pipeline->Illuminate\\Pipeline\\{closure}(Object(Illuminate\\Http\\Request))
#26 C:\\Users\\canam\\Dropbox\\DC\\Semester 5\\DBAS\\Hot Rides Software\\hotridesapp\\vendor\\laravel\\framework\\src\\Illuminate\\Foundation\\Http\\Middleware\\ValidatePostSize.php(27): Illuminate\\Routing\\Pipeline->Illuminate\\Routing\\{closure}(Object(Illuminate\\Http\\Request))
#27 C:\\Users\\canam\\Dropbox\\DC\\Semester 5\\DBAS\\Hot Rides Software\\hotridesapp\\vendor\\laravel\\framework\\src\\Illuminate\\Pipeline\\Pipeline.php(151): Illuminate\\Foundation\\Http\\Middleware\\ValidatePostSize->handle(Object(Illuminate\\Http\\Request), Object(Closure))
#28 C:\\Users\\canam\\Dropbox\\DC\\Semester 5\\DBAS\\Hot Rides Software\\hotridesapp\\vendor\\laravel\\framework\\src\\Illuminate\\Routing\\Pipeline.php(53): Illuminate\\Pipeline\\Pipeline->Illuminate\\Pipeline\\{closure}(Object(Illuminate\\Http\\Request))
#29 C:\\Users\\canam\\Dropbox\\DC\\Semester 5\\DBAS\\Hot Rides Software\\hotridesapp\\vendor\\laravel\\framework\\src\\Illuminate\\Foundation\\Http\\Middleware\\CheckForMaintenanceMode.php(62): Illuminate\\Routing\\Pipeline->Illuminate\\Routing\\{closure}(Object(Illuminate\\Http\\Request))
#30 C:\\Users\\canam\\Dropbox\\DC\\Semester 5\\DBAS\\Hot Rides Software\\hotridesapp\\vendor\\laravel\\framework\\src\\Illuminate\\Pipeline\\Pipeline.php(151): Illuminate\\Foundation\\Http\\Middleware\\CheckForMaintenanceMode->handle(Object(Illuminate\\Http\\Request), Object(Closure))
#31 C:\\Users\\canam\\Dropbox\\DC\\Semester 5\\DBAS\\Hot Rides Software\\hotridesapp\\vendor\\laravel\\framework\\src\\Illuminate\\Routing\\Pipeline.php(53): Illuminate\\Pipeline\\Pipeline->Illuminate\\Pipeline\\{closure}(Object(Illuminate\\Http\\Request))
#32 C:\\Users\\canam\\Dropbox\\DC\\Semester 5\\DBAS\\Hot Rides Software\\hotridesapp\\vendor\\laravel\\framework\\src\\Illuminate\\Pipeline\\Pipeline.php(104): Illuminate\\Routing\\Pipeline->Illuminate\\Routing\\{closure}(Object(Illuminate\\Http\\Request))
#33 C:\\Users\\canam\\Dropbox\\DC\\Semester 5\\DBAS\\Hot Rides Software\\hotridesapp\\vendor\\laravel\\framework\\src\\Illuminate\\Foundation\\Http\\Kernel.php(151): Illuminate\\Pipeline\\Pipeline->then(Object(Closure))
#34 C:\\Users\\canam\\Dropbox\\DC\\Semester 5\\DBAS\\Hot Rides Software\\hotridesapp\\vendor\\laravel\\framework\\src\\Illuminate\\Foundation\\Http\\Kernel.php(116): Illuminate\\Foundation\\Http\\Kernel->sendRequestThroughRouter(Object(Illuminate\\Http\\Request))
#35 C:\\Users\\canam\\Dropbox\\DC\\Semester 5\\DBAS\\Hot Rides Software\\hotridesapp\\public\\index.php(55): Illuminate\\Foundation\\Http\\Kernel->handle(Object(Illuminate\\Http\\Request))
#36 C:\\Users\\canam\\Dropbox\\DC\\Semester 5\\DBAS\\Hot Rides Software\\hotridesapp\\server.php(21): require_once('C:\\\\Users\\\\canam\\\\...')
#37 {main}
"} 
